ARM GAS  /tmp/ccgoFppc.s 			page 1


   1              		.cpu cortex-m4
   2              		.eabi_attribute 20, 1
   3              		.eabi_attribute 21, 1
   4              		.eabi_attribute 23, 3
   5              		.eabi_attribute 24, 1
   6              		.eabi_attribute 25, 1
   7              		.eabi_attribute 26, 1
   8              		.eabi_attribute 30, 2
   9              		.eabi_attribute 34, 1
  10              		.eabi_attribute 18, 4
  11              		.file	"board.c"
  12              		.text
  13              	.Ltext0:
  14              		.section	.gnu.lto_.profile.6553f2b4eea045da,"",%progbits
  15 0000 789C6365 		.ascii	"x\234ce`b`a```d\340c\006\000\000\237\000\036"
  15      60626061 
  15      60606064 
  15      E0630600 
  15      009F001E 
  16              		.text
  17              		.section	.gnu.lto_.icf.6553f2b4eea045da,"",%progbits
  18 0000 789C6365 		.ascii	"x\234ce`b\020a@\000f\206\205??\354\345a\354m}r\233\213"
  18      60621061 
  18      40006686 
  18      853F3FEC 
  18      E561EC6D 
  19 0018 69DAC423 		.ascii	"i\332\304#\013\270\031\000c&\010\346"
  19      0BB81900 
  19      632608E6 
  20              		.text
  21              		.section	.gnu.lto_.jmpfuncs.6553f2b4eea045da,"",%progbits
  22 0000 789C6365 		.ascii	"x\234ce`b\340d@\000&\020\301\010\304\000\001\227\000"
  22      6062E064 
  22      40002610 
  22      C108C400 
  22      019700
  23 0013 14       		.ascii	"\024"
  24              		.text
  25              		.section	.gnu.lto_.inline.6553f2b4eea045da,"",%progbits
  26 0000 789C6365 		.ascii	"x\234ce`b\320f@\000&\006\006\026\036F\020\305\300\266"
  26      6062D066 
  26      40002606 
  26      06161E46 
  26      10C5C0B6 
  27 0014 401E4431 		.ascii	"@\036D10r\201\010\006f&Ta\006\000-\355\001\352"
  27      30728108 
  27      06662654 
  27      6106002D 
  27      ED01EA
  28              		.text
  29              		.section	.gnu.lto_.pureconst.6553f2b4eea045da,"",%progbits
  30 0000 789C6365 		.ascii	"x\234ce`b`e`\000\222\022\214\014\000\000\345\000("
  30      60626065 
  30      60009212 
  30      8C0C0000 
  30      E50028
  31              		.text
ARM GAS  /tmp/ccgoFppc.s 			page 2


  32              		.section	.gnu.lto___early_init.6553f2b4eea045da,"",%progbits
  33 0000 789C6365 		.ascii	"x\234ce`bX\312\300\300\340\017\304\322@\314\310\314"
  33      606258CA 
  33      C0C0E00F 
  33      C4D240CC 
  33      C8CC
  34 0012 C0C834E1 		.ascii	"\300\3104\341\034\003C#\007\023##\210\321\300\301\310"
  34      1C034323 
  34      07132323 
  34      88D1C0C1 
  34      C8
  35 0023 50CFC458 		.ascii	"P\317\304X\317\330\317<\235\231\361P\373\263\235L\232"
  35      CFD8CF3C 
  35      9D99F150 
  35      FBB39D4C 
  35      9A
  36 0034 CB1B80E0 		.ascii	"\313\033\200\340\300\364mlm\015\255\022\363\231\031"
  36      C0F46D6C 
  36      6D0DAD12 
  36      F39919
  37 0043 18660231 		.ascii	"\030f\0021\0100.g\324d\000*{\264\361\337T^6\026\210"
  37      08302E67 
  37      D464002A 
  37      7BB4F1DF 
  37      545E3616 
  38 0058 38E30A46 		.ascii	"8\343\012F6F \275\376\022\343\201\206\177\377\333\033"
  38      364620BD 
  38      FE12E381 
  38      867FFFDB 
  38      1B
  39 0069 0E9C59CC 		.ascii	"\016\234Y\314\270\327\015(\325\005\304 ;\272\231\231"
  39      B8D70D28 
  39      D505C420 
  39      3BBA9999 
  40 0079 4034F36B 		.ascii	"@4\363k\306\346\005\337{\230A\032@\246\354\334\371\346"
  40      C6E605DF 
  40      7B98411A 
  40      40A6ECDC 
  40      F9E6
  41 008b 367BFDDF 		.ascii	"6{\375\337\006\216\371\314\2143\231\201F0\256d\254g"
  41      068EF9CC 
  41      8C339981 
  41      4630AE64 
  41      AC67
  42 009d 980F54FC 		.ascii	"\230\017T\374\226\261i\301\357\036F\260B\020\350\002"
  42      96B169C1 
  42      EF1E46B0 
  42      4210E802 
  43 00ad CA020D60 		.ascii	"\312\002\015`b`\360\325\317\310\317M\325O12L1.\324/"
  43      6260F0D5 
  43      CFC8CF4D 
  43      D54F3132 
  43      4C312ED4 
  44 00c2 28CA4F2F 		.ascii	"(\312O/J\314\315\315\314K\327w\316\310L\312\364\017"
  44      4ACCCDCD 
  44      CC4BD777 
  44      CEC84CCA 
ARM GAS  /tmp/ccgoFppc.s 			page 3


  44      F40F
  45 00d4 D6D7CF2F 		.ascii	"\326\327\317/\326\317H\314\321O\312O,J)\326\017\016"
  45      D6CF48CC 
  45      D14FCA4F 
  45      2C4A29D6 
  45      0F0E
  46 00e6 890F0EF1 		.ascii	"\211\017\016\36156r3\211w\361\014v\366\017s\015\212"
  46      35367233 
  46      8977F10C 
  46      76F60F73 
  46      0D8A
  47 00f8 84C8E925 		.ascii	"\204\310\351%3\000\000\320oQ\336"
  47      330000D0 
  47      6F51DE
  48              		.text
  49              		.section	.gnu.lto_boardInit.6553f2b4eea045da,"",%progbits
  50 0000 789C6365 		.ascii	"x\234ce`b\250d``\360\007bi fdf`d\232p\216\201\241\221"
  50      6062A864 
  50      6060F007 
  50      62692066 
  50      64666064 
  51 001a 83899111 		.ascii	"\203\211\221\021\304h\340`d\250gb\254g\354g\236\316"
  51      C468E060 
  51      64A86762 
  51      AC67EC67 
  51      9ECE
  52 002c CC78A8FD 		.ascii	"\314x\250\375\331N&\315\345\015@p`\372\004\256\266\206"
  52      D94E26CD 
  52      E50D4070 
  52      60FA04AE 
  52      B686
  53 003e 5689F9CC 		.ascii	"V\211\371\314\014\0143\201\030\004\030\2273j2\000\225"
  53      0C0C3381 
  53      18041897 
  53      336A3200 
  53      95
  54 004f 3DDAF86F 		.ascii	"=\332\370o*/\033\013D\234q\005#\033#\220^\177\211\361"
  54      2A2F1B0B 
  54      449C7105 
  54      231B2390 
  54      5E7F89F1 
  55 0063 40C3BFFF 		.ascii	"@\303\277\377\355\015\007\276,b\234\354\305\304\300"
  55      ED0D07BE 
  55      2C629CEC 
  55      C5C4C0
  56 0072 D0059406 		.ascii	"\320\005\224\006\331\321\315\314\004\242\231\33726)"
  56      D9D1CDCC 
  56      04A299DF 
  56      323629
  57 0081 805483CD 		.ascii	"\200T\203\315\352bf\004\011\002\225\371\352g\344\347"
  57      EA626604 
  57      090295F9 
  57      EA67E4E7 
  58 0091 A6EAA718 		.ascii	"\246\352\247\030\031\246\030\027\352\027\024\345\247"
  58      19A61817 
  58      EA1714E5 
  58      A7
ARM GAS  /tmp/ccgoFppc.s 			page 4


  59 009e 1725E6E6 		.ascii	"\027%\346\346f\346\245\353;gd&e\372\007\353\353\347"
  59      66E6A5EB 
  59      3B676426 
  59      65FA07EB 
  59      EBE7
  60 00b0 17EB6724 		.ascii	"\027\353g$\346\350'\345'\026\245\024\353\007\207\304"
  60      E6E827E5 
  60      2716A514 
  60      EB0787C4 
  61 00c0 0787F81A 		.ascii	"\007\207\370\032\033\271\231\304\273x\006;\373\207\271"
  61      1BB999C4 
  61      BB78063B 
  61      FB87B9
  62 00cf 064542E4 		.ascii	"\006EB\344\364\222\031\000\320\266BV"
  62      F4921900 
  62      D0B64256 
  63              		.text
  64              		.section	.gnu.lto_pal_default_config.6553f2b4eea045da,"",%progbits
  65 0000 789CDD93 		.ascii	"x\234\335\223\313/\003Q\024\306\347\314\355\264\264"
  65      CB2F0351 
  65      14C6E7CC 
  65      EDB4B4
  66 000f 1EB1B320 		.ascii	"\036\261\263 \254%\254\373g\371\023\256j\004\221\252"
  66      AC25ACFB 
  66      67F913AE 
  66      6A0491AA 
  67 001f 50061152 		.ascii	"P\006\021R\217j\213\322\242\255g\353\025\013\217M\213"
  67      8F6A8BD2 
  67      A2AD67EB 
  67      150B8F4D 
  67      8B
  68 0030 8DA87885 		.ascii	"\215\250x\205P\302\246\365h\235\333{In\322\215\255Y"
  68      50C2A6F5 
  68      689DDB7B 
  68      496ED28D 
  68      AD59
  69 0042 CC97EF9B 		.ascii	"\314\227\357\233\231\363\375rfFST\245\326\240(\240\360"
  69      99F3FD72 
  69      66465354 
  69      A5D6A028 
  69      A0F0
  70 0054 638040E0 		.ascii	"c\200@\3401\232-w\220Q\202!\332\311\367\217\027\302"
  70      319A2D77 
  70      90518221 
  70      DAC9F78F 
  70      17C2
  71 0066 6D3E4F30 		.ascii	"m>O08\337\367\372\177\203|\276\022\243\243H\317\207"
  71      38DFF7FA 
  71      7F837CBE 
  71      12A3A348 
  71      CF87
  72 0078 665DA6ED 		.ascii	"f]\246\355c\264y\224\200\216\227<P\243\023\340\242\202"
  72      63B47994 
  72      808E973C 
  72      50A313E0 
  72      A282
  73 008a 9709E1CE 		.ascii	"\227\011\341\316\000\323L4\356\214L\224\1776#\234\366"
ARM GAS  /tmp/ccgoFppc.s 			page 5


  73      00D34C34 
  73      EE8C4C94 
  73      7F36239C 
  73      F6
  74 009b 87C50A63 		.ascii	"\207\305\012c\314;\343!\217I\2369\367\327\231\336\304"
  74      CC3BE321 
  74      8F499E39 
  74      F7D799DE 
  74      C4
  75 00ac E18359AC 		.ascii	"\341\203Y\254\275\016\375\366\327^\233\211\373\344X"
  75      BD0EFDF6 
  75      D75E9B89 
  75      FBE458
  76 00bb 52C5E4E6 		.ascii	"R\305\344\346\350\365M\334AmtZ\303\350\312\035\312Z"
  76      E8F54DDC 
  76      416D745A 
  76      C3E8CA1D 
  76      CA5A
  77 00cd E4E260B1 		.ascii	"\344\342`\261\342\005^<_\254\370:\263p`\021c\273\252"
  77      E2055E3C 
  77      5FACF83A 
  77      B3706011 
  77      63BBAA
  78 00e0 31F077A7 		.ascii	"1\360w\247:JE\200\207\021#[o\277]T'|}nV\355\273\375"
  78      3A4A4580 
  78      8711235B 
  78      6FBF5D54 
  78      277C7D6E 
  79 00f8 8C8ACFA4 		.ascii	"\214\212\317\244\205\332\2520I\005s#f\031&\\\014fY\332"
  79      85DAAA30 
  79      49057323 
  79      6619265C 
  79      0C6659DA 
  80 010c C2128759 		.ascii	"\302\022\207Y\3440\217'\201\264\361\267\273\036\223"
  80      E4308F27 
  80      81B4F1B7 
  80      BB1E93
  81 011b 9EA9E346 		.ascii	"\236\251\343F\036\270:w}\254y\357r|H\360\305\014\350"
  81      1EB83A77 
  81      7DAC79EF 
  81      727C48F0 
  81      C50CE8
  82 012e 697A876A 		.ascii	"iz\207j\342\2318{\344\302\365\3442\312 k\034dU\002Y"
  82      E299387B 
  82      E4C2F5E4 
  82      32CA206B 
  82      1C645502 
  83 0143 9140A21C 		.ascii	"\221@\242\034d\216\203d\202C\233ebh\242\001\203a\375"
  83      648E8364 
  83      82439B65 
  83      6268A201 
  83      8361FD
  84 0156 3956F143 		.ascii	"9V\361CvV\000\311zrN\021%\250\2352\226\344`&\251\212"
  84      765600C9 
  84      7A724E11 
  84      25A89D32 
  84      96E46026 
ARM GAS  /tmp/ccgoFppc.s 			page 6


  85 016c B7789A2B 		.ascii	"\267x\232+\374<\255\251]\007\374L\262\025\336\344\375"
  85      FC3CADA9 
  85      5D07FC4C 
  85      B215DEE4 
  85      FD
  86 017d 97AB49E6 		.ascii	"\227\253I\346\333\222\026\025\347|1\211o\223\363mp\276"
  86      DB921615 
  86      E77C3189 
  86      6F93F36D 
  86      70BE
  87 018f 3B77EF84 		.ascii	";w\357\204X\266\023g\253:1\3016XuR\002\353LJ!\302\304"
  87      58B61367 
  87      AB3A31C1 
  87      36587552 
  87      02EB4C4A 
  88 01a6 0C212616 		.ascii	"\014!&\026\0100)\203Y&\3450\303\244\002\374L*\301\007"
  88      08302983 
  88      5926E530 
  88      C3A402FC 
  88      4C2AC107 
  89 01ba 560576F0 		.ascii	"V\005v\360\364\015ge=\367"
  89      F40D6765 
  89      3DF7
  90              		.text
  91              		.section	.gnu.lto_.symbol_nodes.6553f2b4eea045da,"",%progbits
  92 0000 789C6365 		.ascii	"x\234ce`b\360`\000\002\246~\246z\006\206\011\347\030"
  92      6062F060 
  92      0002A67E 
  92      A67A0686 
  92      09E718
  93 0013 1880D4AE 		.ascii	"\030\200\324\256\006G\240\310\004\246zF\024\021\326"
  93      0647A0C8 
  93      04A67A46 
  93      1411D6
  94 0022 3E268646 		.ascii	">&\206F%\240b\306\211L\365L`)\006\206\206\006\007\006"
  94      25A062C6 
  94      894CF54C 
  94      60290686 
  94      86060706 
  95 0036 0666205C 		.ascii	"\006f \\\362\340\037#\003\000i\177\020\232"
  95      F2E01F23 
  95      0300697F 
  95      109A
  96              		.text
  97              		.section	.gnu.lto_.refs.6553f2b4eea045da,"",%progbits
  98 0000 789C6365 		.ascii	"x\234ce`b`d\000\002\000\000I\000\011"
  98      60626064 
  98      00020000 
  98      490009
  99              		.text
 100              		.section	.gnu.lto_.decls.6553f2b4eea045da,"",%progbits
 101 0000 789C9D56 		.ascii	"x\234\235VkL\024W\024\2363\263\254\260\200\0200\215"
 101      6B4C1457 
 101      149E33B3 
 101      ACB08010 
 101      308D
 102 0012 3F4C6ACC 		.ascii	"?Lj\314ZiR\235\212\376\350/\253\005\037\264\250\244"
ARM GAS  /tmp/ccgoFppc.s 			page 7


 102      5A69529D 
 102      8AFEE82F 
 102      AB051FB4 
 102      A8A4
 103 0024 5A93FE68 		.ascii	"Z\223\376h6+\273\302\246\260\273\335]\032M\377\214\212"
 103      362BBBC2 
 103      A6B0BBDD 
 103      5D1A4DFF 
 103      8C8A
 104 0036 EF2A5A8D 		.ascii	"\357*Z\215\015\326Z|\264\202/\020\037\365\211+*\"\202"
 104      0DD65A7C 
 104      B4822F10 
 104      1FF5892B 
 104      2A2282
 105 0049 A056145D 		.ascii	"\240V\024]\036\242\"\"o\025V\203\245\347\336;\353\014"
 105      1EA22222 
 105      6F155683 
 105      A5E7DE3B 
 105      EB0C
 106 005b 036DAC37 		.ascii	"\003m\2547|;s\356\371\356w\316=s\3560A\034\317\3554"
 106      7C3B73EE 
 106      F9EE77CE 
 106      3D73EE30 
 106      411CCFED 
 107 0070 709C91E7 		.ascii	"p\234\221\347\270>\216\343\372q\350\360z\220S\206\200"
 107      B83E8EE3 
 107      FA71E8F0 
 107      7A905386 
 107      80
 108 0081 38842840 		.ascii	"8\204(@\024\"\000\321\313\015\034\337\000\343-@\370"
 108      142200D1 
 108      CB0D1CDF 
 108      00E32D40 
 108      F8
 109 0092 55EB7979 		.ascii	"U\353yym!7x\230\201i-\220m\220chG\207\254=\016Q\203"
 109      6D213778 
 109      9881692D 
 109      906D9063 
 109      684787AC 
 110 00aa E8414422 		.ascii	"\350AD\"\252\020\267\0207\021\327\0217\020\325\210J"
 110      AA10B710 
 110      3711D711 
 110      3710D588 
 110      4A
 111 00bb C413442B 		.ascii	"\304\023D+\242\035\361\024\321Bt\020\235\210nD\333\020"
 111      A21DF114 
 111      D1427410 
 111      9D886E44 
 111      DB10
 112 00cd 71C8F859 		.ascii	"q\310\370Y\200\343\353/\236\345\353\300\007\230;D\262"
 112      80E3EB2F 
 112      9EE5EBC0 
 112      07983B44 
 112      B2
 113 00de CC80FD02 		.ascii	"\314\200\375\002\0055\373\003\003\200\316\343,\317\311"
 113      0535FB03 
 113      0380CEE3 
ARM GAS  /tmp/ccgoFppc.s 			page 8


 113      2CCFC9
 114 00ed 1B0A4C41 		.ascii	"\033\012LA`\205l\363\262\311\313\222\364O^\014*E\346"
 114      60856CF3 
 114      B2C9CB92 
 114      F44F5E0C 
 114      2A45E6
 115 0100 66910283 		.ascii	"f\221\002\203\325\207\335\320e\201\325\300+\001\000"
 115      D587DDD0 
 115      6581D5C0 
 115      2B0100
 116 010f D40B5482 		.ascii	"\324\013T\202,m\331\377&?N\331\034\004v\337\225]\336"
 116      2C6DD9FF 
 116      263F4ED9 
 116      1C0476DF 
 116      955DDE
 117 0122 64A8875A 		.ascii	"d\250\207Z2\2333\025\330\\[\326\265\010\201\007r_\377"
 117      329B3315 
 117      D85C5BD6 
 117      B5088107 
 117      725FFF
 118 0135 3277C684 		.ascii	"2w\306\204\003\022\033\301\357+e\273\324\337\353\215"
 118      03121BC1 
 118      EF2B65BB 
 118      D4DFEB8D 
 119 0145 D8204094 		.ascii	"\330 @\224\001x4ot\226\377\032\212\346\010\003D\242"
 119      0178346F 
 119      7496FF1A 
 119      8AE60803 
 119      44A2
 120 0157 E95F7AEB 		.ascii	"\351_z\353\274a\344V\272j\271\024\311\303\202\367\340"
 120      BC61E456 
 120      BA6AB914 
 120      C9C382F7 
 120      E0
 121 0168 008C82FD 		.ascii	"\000\214\202\3750\012\203\037\204\221\370\273P\307\224"
 121      300A831F 
 121      8491F8BB 
 121      50C794
 122 0177 7E6FBB96 		.ascii	"~o\273\226\037<&G\312i\220\274\227\037|p\277P\222V\340"
 122      1F3C2647 
 122      CA6990BC 
 122      971F7C70 
 122      BF509256 
 123 018c 321DA141 		.ascii	"2\035\241A\036\010\260\017&\220\224\361\026\177s\241"
 123      1E08B00F 
 123      269094F1 
 123      167F73A1 
 124 019c 1E602FD4 		.ascii	"\036`/\324\341\206\016\301\030\\^\336T\373\203\260\210"
 124      E1860EC1 
 124      185C5EDE 
 124      54FB83B0 
 124      88
 125 01ad 269B99F3 		.ascii	"&\233\231\363\360\244\036\225\012P\2518&[\362.C\035"
 125      F0A41E95 
 125      0A50A938 
 125      265BF22E 
 125      431D
ARM GAS  /tmp/ccgoFppc.s 			page 9


 126 01bf 9EEAE42B 		.ascii	"\236\352\344+:\371Z\235\002\252#5\237\366E\010N*\224"
 126      3AF95A9D 
 126      02AA2335 
 126      9FF64508 
 126      4E2A94
 127 01d2 BFBB7A4B 		.ascii	"\277\273zK8\0125H\222\2672\327\370jU\311\217\322N\240"
 127      380A3548 
 127      92B732D7 
 127      F86A55C9 
 127      8FD24EA0 
 128 01e6 89C36145 		.ascii	"\211\303aE\3510Q\"7\205T\241\364\302\241\236P\341*P"
 128      E9305122 
 128      378554A1 
 128      F4C2A19E 
 128      50E12A50 
 129 01fa 89329FFF 		.ascii	"\2112\237\377\3760V\237>@\273e}\277/\214\025\250!\002"
 129      FE30569F 
 129      3E40BB65 
 129      7DBF2F8C 
 129      15A82102 
 130 020e ED53B55D 		.ascii	"\355S\265]\336P\346o \376\023g\333b\2319J\345\035!{"
 130      DE50E66F 
 130      20FE1367 
 130      DB629939 
 130      4AE51D21 
 131 0223 BB2AB63D 		.ascii	"\273*\266=\030\316\354\321h\026\234\311l\033\316\330"
 131      18CEECD1 
 131      68169CC9 
 131      6C1BCED8 
 132 0233 5EE25EB7 		.ascii	"^\342^\267\"k\3150\241\216En\317|\324 +\217D\363zf\301"
 132      226BCD30 
 132      A18E456E 
 132      CF7CD420 
 132      2B8F44F3 
 133 024a 7681993A 		.ascii	"v\201\231:\325\203\212b\017\312\267f\345\016\275\360"
 133      D5838A62 
 133      0FCAB766 
 133      E50EBDF0 
 134 025a 88ADAC2D 		.ascii	"\210\255\254-\315\333O\250\343\014@\372\210\244\231"
 134      CDDB4FA8 
 134      E30C40FA 
 134      88A499
 135 0269 DF7AF265 		.ascii	"\337z\362e8\233\"\214\033Y\335{\206\011-\224\316g\227"
 135      389B228C 
 135      1B59DD7B 
 135      86092D94 
 135      CE6797
 136 027c DD2ED641 		.ascii	"\335.\326A\214\341\017\362\224\275\035ES\262\273%i4"
 136      8CE10FF2 
 136      94BD1D45 
 136      53B2BB25 
 136      6934
 137 028e 5C040314 		.ascii	"\\\004\003\024+E\032\207\257\033n\265$-\2236.\227Bf"
 137      2B451A87 
 137      AF1B6EB5 
 137      242D9336 
 137      2E974266 
ARM GAS  /tmp/ccgoFppc.s 			page 10


 138 02a2 717012FB 		.ascii	"qp\022\373\340,\366\001\\\200\030\242Kxp\036'\2758\211"
 138      E02CF601 
 138      5C8018A2 
 138      4B78701E 
 138      27BD3889 
 139 02b6 31F2F66C 		.ascii	"1\362\366l\332\245\027\366\321\376\343K\212\356\335"
 139      DAA517F6 
 139      D1FEE34B 
 139      8AEEDD
 140 02c5 D1812166 		.ascii	"\321\201!fH\201\313C\010\260d\352\257\215)YA\236}\011"
 140      4881CB43 
 140      08B064EA 
 140      AF8D2959 
 140      419E7D09 
 141 02d9 26734949 		.ascii	"&sII\006scM\327x\312\267\224\027jY\223o;\375\274,\210"
 141      0673634D 
 141      D778CAB7 
 141      94176A59 
 141      936F3BFD 
 142 02f0 D52418CD 		.ascii	"\325$\030\315\216\315\227*x\341>\3635\335Y\236\255\027"
 142      8ECD972A 
 142      78E13EF3 
 142      35DD599E 
 142      AD17
 143 0302 1E3363E3 		.ascii	"\0363c\343\353\032I/t0c}\207\177\247N\350aF\315\362"
 143      EB1A492F 
 143      7430637D 
 143      877FA74E 
 143      E86146CD 
 144 0317 DEEA70A1 		.ascii	"\336\352p\241\217\032!+\363O\034\015\003#\031\321Fc"
 144      8F1A212B 
 144      F34F1C0D 
 144      032319D1 
 144      4663
 145 0329 CC2E92BB 		.ascii	"\314.\222\273\267\262\371\243\322\356\207\222\364S\030"
 145      B7B2F9A3 
 145      D2EE8792 
 145      F45318
 146 0338 4DEA1A26 		.ascii	"M\352\032&\365\027D+\2339C\217\306D\374\341\330\202"
 146      F517442B 
 146      9B39438F 
 146      C644FCE1 
 146      D882
 147 034a 5753B083 		.ascii	"WS\260\2033\005\312\256\320\262E\015\271\345S\205\\"
 147      3305CAAE 
 147      D0B2450D 
 147      B9E55385 
 147      5C
 148 035b A6255FA1 		.ascii	"\246%_\241\322'A\245\255\242\227j\351E\332L\356\252"
 148      D22741A5 
 148      ADA2976A 
 148      E945DA4C 
 148      EEAA
 149 036d D8578716 		.ascii	"\330W\207\026\247\354M\244\366\033%i\252\216\203\023"
 149      A7EC4DA4 
 149      F61B2569 
 149      AA8E8313 
ARM GAS  /tmp/ccgoFppc.s 			page 11


 150 037d E8FF93BA 		.ascii	"\350\377\223\272\010\033\313\017\267\361iU\201\021n"
 150      081BCB0F 
 150      B7F16955 
 150      81116E
 151 038c 216E22AE 		.ascii	"!n\"\256#n \252\021\225`\244'\211\305+S\305+\037r\347"
 151      236E20AA 
 151      119560A4 
 151      2789C52B 
 151      53C52B1F 
 152 03a2 EABD94CD 		.ascii	"\352\275\224\315R\330\347\206\336\013\243\263\326h/"
 152      52D8E786 
 152      DE0BA3B3 
 152      D6682F
 153 03b1 8A5A2A49 		.ascii	"\212Z*I@h\234\334\026\362+\355\334\337\231Uz\241J\240"
 153      40689CDC 
 153      16F22BED 
 153      DCDF9955 
 153      7AA14AA0 
 154 03c5 8DB7676D 		.ascii	"\215\267gm\371\361`\210\216\031jOp\027\267\362\177\266"
 154      F9F16088 
 154      8E196A4F 
 154      7017B7F2 
 154      7FB6
 155 03d7 C5223795 		.ascii	"\305\"7\225\352\361\035\0125\270\360\216\322\222$\017"
 155      EAF11D0A 
 155      35B8F08E 
 155      D292240F 
 156 03e7 1AFE596E 		.ascii	"\032\376Yn\341\216`\326\205\271\344P?y]\3624Hx@\323"
 156      E18E60D6 
 156      85B9E450 
 156      3F795DF2 
 156      34487840 
 157 03fc 81031597 		.ascii	"\201\003\025\227}\362)^M\2347{\253V\031\204\026\346"
 157      7DF2295E 
 157      4D9C377B 
 157      AB561984 
 157      16E6
 158 040e EC7F52B3 		.ascii	"\354\177R\263;\2049;\211\275\366\330\346\335\021B\027"
 158      3B84393B 
 158      89BDF6D8 
 158      E6DD1142 
 158      17
 159 041f 73DE6CDA 		.ascii	"s\336l\332\231\031\306\234U\304\336\220u\344\260A\360"
 159      9919C69C 
 159      55C4DE90 
 159      75E4B041 
 159      F0
 160 0430 33676ED3 		.ascii	"3gn\323\366\015\262\363\0234\217U\234\250\013\022\372"
 160      F60DB2F3 
 160      13348F55 
 160      9CA80B12 
 160      FA
 161 0441 99CFD75D 		.ascii	"\231\317\327]\275*TX\251co\304\276-{\365\302zf\254\252"
 161      BD2A5458 
 161      A9636FC4 
 161      BE2D7BF5 
 161      C27A66AC 
ARM GAS  /tmp/ccgoFppc.s 			page 12


 162 0456 78B19717 		.ascii	"x\261\227\027\266P#\364V\375c\1778D\033\345\021cTW\354"
 162      B65023F4 
 162      56FD637F 
 162      38441BE5 
 162      11635457 
 163 046b 1856EC28 		.ascii	"\030V\354(}\004\315r\271\272\260\\O\2604\255\210v\304"
 163      7D04CD72 
 163      B9BAB05C 
 163      4FB034AD 
 163      8876C4
 164 047e 53440BA2 		.ascii	"SD\013\242\003\321\211\350F\264)\335\200e+)\213\332"
 164      03D189E8 
 164      46B429DD 
 164      80652B29 
 164      8BDA
 165 0490 2C49A51F 		.ascii	",I\245\037\323\3025a\341\210\324\233G1\340  \2738q)"
 165      D3C23561 
 165      E188D49B 
 165      4731E020 
 165      20BB3871 
 166 04a5 ED06426E 		.ascii	"\355\006Bn\320\222\353A\303n\374Ba7j\331\367\007\036"
 166      D092EB41 
 166      C36EFC42 
 166      61376AD9 
 166      F7071E
 167 04b8 1B42FF5C 		.ascii	"\033B\377\\\241?\322\322\317\014\242\027\317Q\350\217"
 167      A13FD2D2 
 167      CF0CA217 
 167      CF51E88F 
 168 04c8 B5F4E3DA 		.ascii	"\265\364\343\332\\\212U\271<\324\262\037\014\312\\\265"
 168      5C8A55B9 
 168      3CD4B21F 
 168      0CCA5CB5 
 169 04d8 CF3A2DBB 		.ascii	"\317:-\273vp*\263\025\272OK\277\247\210\313g\344\012"
 169      76702AB3 
 169      15BA4F4B 
 169      BFA788CB 
 169      67E40A
 170 04eb 3B23CD03 		.ascii	";#\315\003\317\010\223j\252P=\217\323Z\255S\252\320"
 170      CF08936A 
 170      AA503D8F 
 170      D35AAD53 
 170      AAD0
 171 04fd D82AE75F 		.ascii	"\330*\347_\266\256\210\020~\241\255\302\357_\367\264"
 171      B6AE8810 
 171      7EA1ADC2 
 171      EF5FF7B4 
 172 050d 41AF3953 		.ascii	"A\2579S\201\016\201\027\330\030\357\322$,\343\352Jz"
 172      810E8117 
 172      D818EFD2 
 172      242CE3EA 
 172      4A7A
 173 051f B69EA3C0 		.ascii	"\266\236\243\3003\345l5\007\316V\343\216\206\234\341"
 173      33E56C35 
 173      07CE56E3 
 173      8E869CE1 
 174 052f D172DCD5 		.ascii	"\321r\334\325\377\026\227{\353\240\344\277\375\353\337"
ARM GAS  /tmp/ccgoFppc.s 			page 13


 174      FF16977B 
 174      EBA0E4BF 
 174      FDEBDF
 175 053e B6868CDD 		.ascii	"\266\206\214\335-\025x\361\263\345BD\036~k\204@\017"
 175      2D1578F1 
 175      B3E54244 
 175      1E7E6B84 
 175      400F
 176 0550 0A1D61F1 		.ascii	"\012\035a\361U\275Of\346\343\347b/\214%\237T\376\333"
 176      55BD4F66 
 176      E6E3E762 
 176      2F8C259F 
 176      54FEDB
 177 0563 7561616B 		.ascii	"uaak\337\374C\243_\025\201\027\026\007~\010\013\244"
 177      DFFC43A3 
 177      5F158117 
 177      16077E08 
 177      0BA4
 178 0575 8FB75C98 		.ascii	"\217\267\\\230\311d5\273\322\226\230lv\233'x\346\234"
 178      C96435BB 
 178      D296986C 
 178      769B2778 
 178      E69C
 179 0587 AF46C74D 		.ascii	"\257F\307M\234\310\315\026S\035\351V\321\022;\3212\351"
 179      9CC8CD16 
 179      531DE956 
 179      D1123BD1 
 179      32E9
 180 0599 3BD1E972 		.ascii	";\321\351r\244\270\314\351\3516{\212\030\227j[h\233"
 180      A4B8CCE9 
 180      E9367B8A 
 180      18976A5B 
 180      689B
 181 05ab 3B4F141D 		.ascii	";O\024\035n1\325\234&.t\230]\026\2678o\276i\336\374"
 181      6E31D59C 
 181      262E7498 
 181      5D16B738 
 181      6FBE69DE 
 182 05c0 D9936267 		.ascii	"\331\223bgL6\305'\314\213\233\273`\372\227_3\337\204"
 182      4C36C527 
 182      CC8B9BBB 
 182      60FA975F 
 182      33DF84
 183 05d3 642E84DE 		.ascii	"d.\204\336$`\200H\267'}R\254)9\315\221\374-\215\230"
 183      24608048 
 183      B7277D52 
 183      AC2939CD 
 183      91FC2D8D 
 184 05e8 F0D6819C 		.ascii	"\360\326\201\234\016\227\207\304\301 \242\034j\361b"
 184      0E9787C4 
 184      C120A21C 
 184      6AF162
 185 05f7 E231A5A5 		.ascii	"\3421\245\245Y&\244rQN\274\265X\027\2313\322<\246d\207"
 185      5926A472 
 185      514EBCB5 
 185      58179933 
 185      D23CA664 
ARM GAS  /tmp/ccgoFppc.s 			page 14


 186 060c 7D912D45 		.ascii	"}\221-E\2374+\336\3541\353\314\213\\i\006\223)\303f"
 186      9F342BDE 
 186      EC31EBCC 
 186      8B5C6906 
 186      9329C366 
 187 0620 F76070CF 		.ascii	"\367`p\317d1\303\355\022\315\256\364\361v\207\335:\336"
 187      6431C3ED 
 187      12CDAEF4 
 187      F17687DD 
 187      3ADE
 188 0632 6A5E6813 		.ascii	"j^h\023m\366\344\264\014\213UL7'\247\332\354V\361\215"
 188      6DF6E4B4 
 188      0C8B554C 
 188      3727A7DA 
 188      EC56F18D 
 189 0646 926789D3 		.ascii	"\222g\211\323\352F\371\340\300\352\017\377c\265{\211"
 189      EA46F9E0 
 189      C0EA0FFF 
 189      63B57B89 
 190 0656 5B34B93D 		.ascii	"[4\271=\026\244\342\022\301aq\00593\234\026\3270\207"
 190      16A4E212 
 190      C1617105 
 190      39339C16 
 190      D73087
 191 0669 DB69B55A 		.ascii	"\333i\265Z\\z\007\221s\005\245;,V\027I+u\316;\355?1"
 191      5C7A0791 
 191      7305A53B 
 191      2C561749 
 191      2B75CE3B 
 192 0680 315E9C99 		.ascii	"1^\234\231\2240\367\373XZ\000\247R\004V\337\024\247"
 192      9430F7FB 
 192      585A00A7 
 192      520456DF 
 192      14A7
 193 0692 CD61725B 		.ascii	"\315ar[=\031N\223G\2374\223\024A\2374\203]\246\263K"
 193      3D194E93 
 193      479F3493 
 193      14419F34 
 193      835DA6B3 
 194 06a7 3CBBC4B1 		.ascii	"<\273\304\261\313g\3542\215]\022\310%$iZb\034-\343?"
 194      CB67EC32 
 194      8D5D12C8 
 194      2524695A 
 194      621C2DE3 
 195 06bc 9947CBC5 		.ascii	"\231G\313\305"
 196              		.text
 197              		.section	.gnu.lto_.symtab.6553f2b4eea045da,"",%progbits
 198 0000 5F5F6561 		.ascii	"__early_init\000"
 198      726C795F 
 198      696E6974 
 198      00
 199 000d 00       		.ascii	"\000"
 200 000e 00       		.ascii	"\000"
 201 000f 00       		.ascii	"\000"
 202 0010 00000000 		.ascii	"\000\000\000\000\000\000\000\000"
 202      00000000 
 203 0018 AE000000 		.ascii	"\256\000\000\000"
ARM GAS  /tmp/ccgoFppc.s 			page 15


 204 001c 626F6172 		.ascii	"boardInit\000"
 204      64496E69 
 204      7400
 205 0026 00       		.ascii	"\000"
 206 0027 00       		.ascii	"\000"
 207 0028 00       		.ascii	"\000"
 208 0029 00000000 		.ascii	"\000\000\000\000\000\000\000\000"
 208      00000000 
 209 0031 B0000000 		.ascii	"\260\000\000\000"
 210 0035 70616C5F 		.ascii	"pal_default_config\000"
 210      64656661 
 210      756C745F 
 210      636F6E66 
 210      696700
 211 0048 00       		.ascii	"\000"
 212 0049 00       		.ascii	"\000"
 213 004a 00       		.ascii	"\000"
 214 004b 00000000 		.ascii	"\000\000\000\000\000\000\000\000"
 214      00000000 
 215 0053 F7000000 		.ascii	"\367\000\000\000"
 216 0057 73746D33 		.ascii	"stm32_clock_init\000"
 216      325F636C 
 216      6F636B5F 
 216      696E6974 
 216      00
 217 0068 00       		.ascii	"\000"
 218 0069 02       		.ascii	"\002"
 219 006a 00       		.ascii	"\000"
 220 006b 00000000 		.ascii	"\000\000\000\000\000\000\000\000"
 220      00000000 
 221 0073 B2000000 		.ascii	"\262\000\000\000"
 222              		.text
 223              		.section	.gnu.lto_.opts,"",%progbits
 224 0000 272D666D 		.ascii	"'-fmath-errno' '-fsigned-zeros' '-ftrapping-math' '"
 224      6174682D 
 224      6572726E 
 224      6F272027 
 224      2D667369 
 225 0033 2D666E6F 		.ascii	"-fno-trapv' '-fno-openmp' '-fno-openacc' '-mcpu=cor"
 225      2D747261 
 225      70762720 
 225      272D666E 
 225      6F2D6F70 
 226 0066 7465782D 		.ascii	"tex-m4' '-mno-thumb-interwork' '-mthumb' '-ggdb' '-"
 226      6D342720 
 226      272D6D6E 
 226      6F2D7468 
 226      756D622D 
 227 0099 4F322720 		.ascii	"O2' '-fomit-frame-pointer' '-falign-functions=16' '"
 227      272D666F 
 227      6D69742D 
 227      6672616D 
 227      652D706F 
 228 00cc 2D666675 		.ascii	"-ffunction-sections' '-fdata-sections' '-fno-common"
 228      6E637469 
 228      6F6E2D73 
 228      65637469 
ARM GAS  /tmp/ccgoFppc.s 			page 16


 228      6F6E7327 
 229 00ff 2720272D 		.ascii	"' '-flto'\000"
 229      666C746F 
 229      2700
 230              		.text
 231              		.comm	__gnu_lto_v1,1,1
 232              		.comm	__gnu_lto_slim,1,1
 233              		.ident	"GCC: (GNU Tools for ARM Embedded Processors 6-2017-q2-update) 6.3.1 20170215 (release) [AR
ARM GAS  /tmp/ccgoFppc.s 			page 17


DEFINED SYMBOLS
                            *ABS*:0000000000000000 board.c
                            *COM*:0000000000000001 __gnu_lto_v1
                            *COM*:0000000000000001 __gnu_lto_slim

NO UNDEFINED SYMBOLS
