ARM GAS  /tmp/cciwTWdQ.s 			page 1


   1              		.cpu cortex-m4
   2              		.eabi_attribute 20, 1
   3              		.eabi_attribute 21, 1
   4              		.eabi_attribute 23, 3
   5              		.eabi_attribute 24, 1
   6              		.eabi_attribute 25, 1
   7              		.eabi_attribute 26, 1
   8              		.eabi_attribute 30, 2
   9              		.eabi_attribute 34, 1
  10              		.eabi_attribute 18, 4
  11              		.file	"chcore_v7m.c"
  12              		.text
  13              	.Ltext0:
  14              		.section	.gnu.lto_.profile.d9d30616e2e66516,"",%progbits
  15 0000 789C6365 		.ascii	"x\234ce`b`a```d0\224\001\000\000\376\000Z"
  15      60626061 
  15      60606064 
  15      30940100 
  15      00FE005A 
  16              		.text
  17              		.section	.gnu.lto_.icf.d9d30616e2e66516,"",%progbits
  18 0000 789C6365 		.ascii	"x\234ce`b\020a@\000f\206\345K\256\264s3\367\276\273"
  18      60621061 
  18      40006686 
  18      E54BAEB4 
  18      7333F7BE 
  19 0015 BF9687E5 		.ascii	"\277\226\207\345\363\206\025\213\330\030\000^5\010\335"
  19      F386158B 
  19      D818005E 
  19      3508DD
  20              		.text
  21              		.section	.gnu.lto_.jmpfuncs.d9d30616e2e66516,"",%progbits
  22 0000 789C6365 		.ascii	"x\234ce`b\340e@\000f(\301\002\242\001\002|\000\037"
  22      6062E065 
  22      40006628 
  22      C102A201 
  22      027C001F 
  23              		.text
  24              		.section	.gnu.lto_.inline.d9d30616e2e66516,"",%progbits
  25 0000 789C6365 		.ascii	"x\234ce`bpc@\000f\006\006~1F\006&\221\013=\214\014l"
  25      60627063 
  25      40006606 
  25      067E3146 
  25      0626910B 
  26 0018 0BE49940 		.ascii	"\013\344\231@\202L\334`\031N\016\240\004\317\203X\270"
  26      824CDC60 
  26      194E0EA0 
  26      04CF8358 
  26      B8
  27 0029 380B0317 		.ascii	"8\013\003\0277HhN$\\\210\221\013D\002\000\021\202\006"
  27      3748684E 
  27      245C8891 
  27      0B440200 
  27      118206
  28 003c D4       		.ascii	"\324"
  29              		.text
  30              		.section	.gnu.lto_.pureconst.d9d30616e2e66516,"",%progbits
ARM GAS  /tmp/cciwTWdQ.s 			page 2


  31 0000 789C6365 		.ascii	"x\234ce`b\340b```f\330\305\310\274\213\221e\027#\000"
  31      6062E062 
  31      60606066 
  31      D8C5C8BC 
  31      8B916517 
  32 0016 0C46024D 		.ascii	"\014F\002M"
  33              		.text
  34              		.section	.gnu.lto__port_irq_epilogue.part.0.d9d30616e2e66516,"",%progbits
  35 0000 789C9D54 		.ascii	"x\234\235T\337O\024W\024\276g\356\314\356\262,\220\220"
  35      DF4F1457 
  35      14BE67EE 
  35      CCEEB22C 
  35      9090
  36 0012 3EB4890F 		.ascii	">\264\211\017\313\0031&\306i\353C\373\320>4$&\232ll"
  36      CB033126 
  36      C669EB43 
  36      FBD03E34 
  36      24269A6C 
  37 0027 D83FC0D8 		.ascii	"\330?\300\330a\205M]f\273\2736\274q]X!K\245\215-+\213"
  37      61854D5D 
  37      66BBBB36 
  37      BC715D58 
  37      214BA58D 
  38 003e 6C06250D 		.ascii	"l\006%\015\325\026\021\254m\301\252+?D\245\225\250\225"
  38      D51611AC 
  38      6DC1AA2B 
  38      3F44A595 
  38      A895
  39 0050 26EA8385 		.ascii	"&\352\203\205\325\264\242M%\244iL\200\236sg(\264\265"
  39      D5B4A24D 
  39      25A4694C 
  39      809E7367 
  39      28B4B5
  40 0063 49DB49E6 		.ascii	"I\333I\346\336\271\347\236\357\234s\277\357\334\321"
  40      DEB9E79E 
  40      EF9C73BF 
  40      EFDCD1
  41 0072 98C25ED3 		.ascii	"\230\302^\323\030\273\305\030\333\206/\270\031\270>"
  41      18BBC518 
  41      DB862FB8 
  41      19B83E
  42 0081 B8861F2E 		.ascii	"\270\206\037.P\344\254(\274u#\023^\225F\037\007\215"
  42      50E4AC28 
  42      BC752313 
  42      5E95461F 
  42      078D
  43 0093 ACFB3DEA 		.ascii	"\254\373=\352\352\207\006@\037\302\003\254\321\245p"
  43      EA870640 
  43      1FC203AC 
  43      D1A570
  44 00a2 55834678 		.ascii	"U\203Fx\237\037\3460\332\362`X\331\324'\360\311\037"
  44      9F1FE630 
  44      DAF26058 
  44      D9D427F0 
  44      C91F
  45 00b4 5E741F10 		.ascii	"^t\037\020\251\347-\316X\026_z\240\01761t\233\035\\"
  45      A9E72DCE 
ARM GAS  /tmp/cciwTWdQ.s 			page 3


  45      58165F7A 
  45      A00F3631 
  45      749B1D5C 
  46 00c8 EE2871A9 		.ascii	"\356(q\251\266\035>\301\274\214\021\374z\363\251n\336"
  46      B61D3EC1 
  46      BC8C11FC 
  46      7AF3A96E 
  46      DE
  47 00d9 CE2D0EA0 		.ascii	"\316-\016\240\342\362\311\267]s\245\264T\300\217\313"
  47      E2F2C9B7 
  47      5D73A5B4 
  47      54C08FCB 
  48 00e9 076D13E7 		.ascii	"\007m\023\347\335|;P\204\374\307gf\240\262W\210\244"
  48      DD7C3B50 
  48      84FCC767 
  48      66A0B257 
  48      88A4
  49 00fb C84F76BD 		.ascii	"\310Ov\275z\342vA\210C\255`q\016\237\002\307\270p\002"
  49      7AE27641 
  49      8843AD60 
  49      710E9F02 
  49      C7B87002 
  50 010f 36C071D8 		.ascii	"6\300q\330`\347\375\014*\021\364\336\301\245\3052\002"
  50      60E7FD0C 
  50      2A11F4DE 
  50      C1A5C532 
  50      02
  51 0120 1D92D565 		.ascii	"\035\222\325e\232R\227\205\212\020\3667\377~\351\237"
  51      9A529785 
  51      8A10F637 
  51      FF7EE99F 
  52 0130 BE523856 		.ascii	"\276R8V\306\217\200\314\370\363\362\335\264\317\311"
  52      C68F80CC 
  52      F8F3F2DD 
  52      B4CFC9
  53 013f F8AB55FE 		.ascii	"\370\253U\376a\223\220`\025N>#\337\000T\016\334\000"
  53      61939060 
  53      154E3E23 
  53      DF00540E 
  53      DC00
  54 0151 2196575A 		.ascii	"!\226WZ\204\270\275\265\334\007\262\006E\356p9\252\314"
  54      84B8BDB5 
  54      DC07B206 
  54      45EE7039 
  54      AACC
  55 0163 E29A8683 		.ascii	"\342\232\206\203\213\2614\362@\204\246q\2013o\343\212"
  55      8BB134F2 
  55      4084A671 
  55      81336FE3 
  55      8A
  56 0174 9C1FC2FE 		.ascii	"\234\037\302\376\331\336\203\277\\\2055\316\010*)ck"
  56      D9DE83BF 
  56      5C8535CE 
  56      082A2963 
  56      6B
  57 0185 4436DB7C 		.ascii	"D6\333|w{w08\005\256,\207u$S^\006\203\004\200!\034\221"
  57      777B7730 
ARM GAS  /tmp/cciwTWdQ.s 			page 4


  57      3805AE2C 
  57      87752453 
  57      5E068304 
  58 019d EA1E8A97 		.ascii	"\352\036\212\227i\317Xj\305I\260D\247\337\342nB,\315"
  58      69CF586A 
  58      C549B044 
  58      A7DFE26E 
  58      422CCD
  59 01b0 A6E68A54 		.ascii	"\246\346\212T\005\035OC\205\214\177i\366\364\210\013"
  59      051D4F43 
  59      858C7F69 
  59      F6F4880B 
  60 01c0 2DF039A8 		.ascii	"-\3609\2509\014\313\340\014\250\354>$\357\311\262( "
  60      390CCBE0 
  60      0CA8EC3E 
  60      24EFC9B2 
  60      2820
  61 01d2 C5A72D32 		.ascii	"\305\247-2\266\265O\224S\0052'\373\011\222\013-\307"
  61      B6B54F94 
  61      53053227 
  61      FB09920B 
  61      2DC7
  62 01e4 3919725C 		.ascii	"9\031r\\q|\374r\177\2000\012z4u\037\350\277Yc\273p4"
  62      717CFC72 
  62      7F80300A 
  62      7A34751F 
  62      E8BF5963 
  63 01fb 61CE9B3F 		.ascii	"a\316\233?\214g4\273\011\356\255\254\254\224\301\027"
  63      8C6734BB 
  63      09EEADAC 
  63      AC94C117 
  64 020b C8EA9F91 		.ascii	"\310\352\237\221\234b/\376\230Ky\311\206\230B\337BG"
  64      9C622FFE 
  64      984B79C9 
  64      869842DF 
  64      4247
  65 021d 1161541B 		.ascii	"\021aT\033\203\246\357\246\257O\025[\220\303\236\360"
  65      83A6EFA6 
  65      AF4F155B 
  65      90C39EF0 
  66 022d 6060F892 		.ascii	"``\370\222\264A\373\243\243CG\\z?Q\326\263\307\342E"
  66      B441FBA3 
  66      A343475C 
  66      7A3F51D6 
  66      B3C7E245 
  67 0241 F01558D0 		.ascii	"\360\025X\320)\033\024\206A\247.\274\377tZ\006\363\242"
  67      291B1486 
  67      41A72EBC 
  67      FF745A06 
  67      F3A2
  68 0253 82D8E323 		.ascii	"\202\330\343#\210\224g9w\3539\273R\225JX-\011\021\223"
  68      88946739 
  68      77EB39BB 
  68      52954A58 
  68      2D091193 
  69 0267 F3859C87 		.ascii	"\363\205\234\207\017\331\2152_x2V\3544\312\214\345\313"
  69      0FD98D32 
ARM GAS  /tmp/cciwTWdQ.s 			page 5


  69      5F783256 
  69      EC34CA8C 
  69      E5CB
  70 0279 8A7CB39F 		.ascii	"\212|\263\237\372\362\3543\372\344k:\215\312\036B\022"
  70      FAF2EC33 
  70      FAE46B3A 
  70      8DCA1E42 
  70      12
  71 028a 75EE9C82 		.ascii	"u\356\234\202\277J:\343\325\310\307\221UY\177w\340\234"
  71      BF4A3AE3 
  71      D5C8C791 
  71      55597F77 
  71      E09C
  72 029c 94F43C5D 		.ascii	"\224\364<]\036`\027\011z\314\032\372\315[1\355HZL\336"
  72      1E601709 
  72      7ACC1AFA 
  72      CD5B31ED 
  72      485A4CDE 
  73 02b0 FD736785 		.ascii	"\375sg\205GJz\301\221\364n\327\310G^\2224O\222\252\270"
  73      474A7AC1 
  73      91F46ED7 
  73      C8475E92 
  73      344F92AA 
  74 02c5 73515EB6 		.ascii	"sQ^\266\336\301\3447\276\212\033\353\373\341Z{\362\250"
  74      DEC1E437 
  74      BE8A1BEB 
  74      FBE15A7B 
  74      F2A8
  75 02d7 4F824709 		.ascii	"O\202G\011\014c\266\366\266\020T\026\233\207\246\236"
  75      0C63B6F6 
  75      B6105416 
  75      9B87A69E 
  76 02e7 0B1D2FD8 		.ascii	"\013\035/\330\254h\010\031\036~t\307\335\270$<\026\367"
  76      AC680819 
  76      1E7E74C7 
  76      DDB8243C 
  76      16F7
  77 02f9 65912406 		.ascii	"e\221$\006\343\320\210M^\302\012\320|gl\034\326\\3\251"
  77      E3D0884D 
  77      5EC20AD0 
  77      7C676C1C 
  77      D65C33A9 
  78 030d D16937D1 		.ascii	"\321i7\321L\007\230p\030iCL\353F\216t?m\311}\337\003"
  78      4C079870 
  78      1869434C 
  78      EB468E74 
  78      3F6DC97D 
  79 0323 0EC1FF46 		.ascii	"\016\301\377F\314z\022\363\222\024\023\210\333I)\346"
  79      CC7A12F3 
  79      92141388 
  79      DB4929E6 
  80 0333 6A41ADE8 		.ascii	"jA\255\350\261\200\360\322\254<\363e\254\212\262\251"
  80      B180F0D2 
  80      AC3CF365 
  80      AC8AB2A9 
  81 0343 7F647BFC 		.ascii	"\177d{\374?\262]Y\313v\365\237\262\341\217\026\246\234"
  81      3FB25D59 
ARM GAS  /tmp/cciwTWdQ.s 			page 6


  81      CB76F59F 
  81      B2E18F16 
  81      A69C
  82 0355 6C9ABCD5 		.ascii	"l\232\274\325\217A\261\177\207i\204\242\001W\333\364"
  82      8F41B17F 
  82      876984A2 
  82      0157DBF4 
  83 0365 3A3312D2 		.ascii	":3\022\322k^~\251f\353;z4f\326\306vG\"\341\372Z\275"
  83      6B5E7EA9 
  83      66EB3B7A 
  83      3466D6C6 
  83      764722E1 
  84 037c AA2EFC56 		.ascii	"\252.\374VxgP\327\315\270n\230\221\210Y\257G\315X\""
  84      786750D7 
  84      CDB86E98 
  84      918859AF 
  84      47CD5822 
  85 0390 AEBF511D 		.ascii	"\256\277Q\035\250\0124\350F\235a\306B\273\336}%\262"
  85      A80A34E8 
  85      469D61C6 
  85      42BBDE7D 
  85      25B2
  86 03a2 C560AE58 		.ascii	"\305`\256X(\276oob\307\177\211\026jH\350U\201\340\366"
  86      28BE6F6F 
  86      62C77F89 
  86      166A48E8 
  86      5581E0F6 
  87 03b6 A01EAE37 		.ascii	"\240\036\2567\366\356\253\011\351F$\036\216\357\252"
  87      F6EEAB09 
  87      E946241E 
  87      8EEFAA
  88 03c5 358C2D75 		.ascii	"5\214-uL5\022\015\321\222@u\320_\371\342f\1774\036\365"
  88      4C35120D 
  88      D1924075 
  88      D05FF9E2 
  88      667F341E 
  89 03da 32FE7A8C 		.ascii	"2\376z\214\225&\314\350\316=o\306L#\230\330m\274]\022"
  89      9526CCE8 
  89      CE3D6FC6 
  89      4C2398D8 
  89      6DBC5D12 
  90 03ee 0856D3E6 		.ascii	"\010V\323\346f\364\3622%\306x<\312~\007H\014\362o"
  90      66F4F232 
  90      25C6783C 
  90      CA7E0748 
  90      0CF26F
  91              		.text
  92              		.section	.gnu.lto_SVC_Handler.d9d30616e2e66516,"",%progbits
  93 0000 789CAD93 		.ascii	"x\234\255\223\337k\024W\024\307\317\271wvv\273\331\250"
  93      DF6B1457 
  93      14C7CFB9 
  93      777676BB 
  93      D9A8
  94 0012 F4AD3494 		.ascii	"\364\2554\224]J\240\2028\375\361P\241\364\241\004J-"
  94      5D4AA082 
  94      38FDF150 
  94      A1F4A104 
ARM GAS  /tmp/cciwTWdQ.s 			page 7


  94      4A2D
  95 0024 AC96EC1F 		.ascii	"\254\226\354\037 q\262\315.\315d\326\331\215\244O\216"
  95      2071B2CD 
  95      2ECD64D6 
  95      D98DA44F 
  95      8E
  96 0035 9BD8AD49 		.ascii	"\233\330\255I\215\342\217\270\011.\243\006155\346\207"
  96      8DE28FB8 
  96      092EA306 
  96      313535E6 
  96      87
  97 0046 A99AD8ED 		.ascii	"\251\232\330\355\232\324DkU\032\254\224\"\245M\242\322"
  97      9AD4446B 
  97      551AAC94 
  97      22A54DA2 
  97      D2
  98 0057 885A7D28 		.ascii	"\210Z}(}\320\264\367\334\031%FA\012\035\330\231\275"
  98      7DD0B4F7 
  98      DC192546 
  98      410A1DD8 
  98      99BD
  99 0069 F77CCFF7 		.ascii	"\367|\317\367\236\363\271\367\372\200\301\036\005\340"
  99      9EF3B9F7 
  99      FA80C11E 
  99      05E0
 100 0077 1D047819 		.ascii	"\035\004x\031\000\220\003\262\035\227\0006\007\030\""
 100      009003B2 
 100      1D970036 
 100      071822
 101 0086 FDB10308 		.ascii	"\375\261\003\010\233\030n\302\355|/\307\261\334\215"
 101      9B186EC2 
 101      ED7C2FC7 
 101      B1DC8D
 102 0095 536CF961 		.ascii	"Sl\371a[<\245\275\017^\262{J\350p\200N\361\243\007\017"
 102      5B3CA5BD 
 102      0F5EB27B 
 102      4AE87080 
 102      4EF1A307 
 103 00aa E37210B2 		.ascii	"\343r\020\262\037[\372\367\361v\356pDE\014\357]\354"
 103      1F5BFAF7 
 103      F176EE70 
 103      44450CEF 
 103      5DEC
 104 00bc 9A594243 		.ascii	"\232YBC\206a1l=?{p)_\215\244\2743\177\2555T\331m\333"
 104      8661316C 
 104      3D3F7B70 
 104      295F8DA4 
 104      BC337FAD 
 105 00d5 59BB3491 		.ascii	"Y\2734\221\177eg\263}\316V\034\316\361\010r\341\212"
 105      7F6567B3 
 105      7DCE561C 
 105      CEF10872 
 105      E18A
 106 00e7 5F6205F6 		.ascii	"_b\005\366`\205t\027\362\351\201\371=\345\252\202\275"
 106      60857417 
 106      F2E981F9 
 106      3DE5AA82 
ARM GAS  /tmp/cciwTWdQ.s 			page 8


 106      BD
 107 00f8 58E92E8A 		.ascii	"X\351.\212_\241*jg4#\3427\332\316\026\375|\215\264."
 107      5FA12A6A 
 107      673423E2 
 107      37DACE16 
 107      FD7C8DB4 
 108 010d 1D1ABE8A 		.ascii	"\035\032\276\212\236\365\335\256UG~\231\265\355\235"
 108      9EF5DDAE 
 108      55477E99 
 108      B5ED9D
 109 011c 9F8B7A15 		.ascii	"\237\213z\025<\372\2649\366a\345\261),\331\363\377\344"
 109      3CFAB439 
 109      F661E5B1 
 109      292CD9F3 
 109      FFE4
 110 012e 446F15B9 		.ascii	"Do\025\271\311_\273\230\237\001\031s\371V\300\341>\237"
 110      C95FBB98 
 110      9F011973 
 110      F956C0E1 
 110      3E9F
 111 0140 1402B48A 		.ascii	"\024\002\264\212\305\011O\033g\364\345s\270y\372\304"
 111      C5094F1B 
 111      67F4E573 
 111      B879FAC4 
 112 0150 B63FBFC7 		.ascii	"\266?\277\307\307E\266\270\220\372\325\017d\221\235"
 112      C745B6B8 
 112      90FAD50F 
 112      64919D
 113 015f 1C173640 		.ascii	"\034\0276@&x\014U\261p\277x\213\026\366SjG{\207\243"
 113      26780C55 
 113      B170BF78 
 113      8B16F653 
 113      6A477B87 
 114 0174 44FAD0B1 		.ascii	"D\372\320\261\363a\207\253\224\361pz\313\314\013\012"
 114      F36187AB 
 114      94F1707A 
 114      CBCC0B0A 
 115 0184 13C2018C 		.ascii	"\023\302\001\214H\010\023\323C#\252\230\301AT\012\334"
 115      480813D3 
 115      4323AA98 
 115      C141540A 
 115      DC
 116 0195 272243A8 		.ascii	"'\"C\250\300u\314\376&+ C\362\247\020M\266\345\233_"
 116      C075CCFE 
 116      262B2043 
 116      F2A7104D 
 116      B6E59B5F 
 117 01a9 949864E1 		.ascii	"\224\230d\341\177`\366~n+\247\211\002g\236&,\343\275"
 117      7F60F67E 
 117      6E2BA789 
 117      02679E26 
 117      2CE3BD
 118 01bc 94C384A2 		.ascii	"\224\303\204\242y\337g\027\207*\\\011\027S\013\267\020"
 118      79DF6717 
 118      872A5C09 
 118      17530BB7 
 118      10
ARM GAS  /tmp/cciwTWdQ.s 			page 9


 119 01cd 318CC705 		.ascii	"1\214\307\005\263'\263\270\353\373p(\344f)4\365H\"\322"
 119      B327B3B8 
 119      EBFB7028 
 119      E4662934 
 119      F54822D2 
 120 01e1 276FCD16 		.ascii	"'o\315\026\002|\020%\203[\263\367\306\313\274\215\371"
 120      027C1025 
 120      835BB3F7 
 120      C6CBBC8D 
 120      F9
 121 01f2 ABAED32E 		.ascii	"\253\256\323.\265\204iS\206\237\261)_\223\271\002s\230"
 121      B5846953 
 121      869FB129 
 121      5F93B902 
 121      7398
 122 0204 1574F317 		.ascii	"\025t\363\027\026\323\335UTI\342\001f\013\000\003\236"
 122      16D3DD55 
 122      5449E201 
 122      660B0003 
 122      9E
 123 0215 90704FD2 		.ascii	"\220pO\322\361@8C\231\007\235\301\277\203\221\313\036"
 123      F1403843 
 123      99079DC1 
 123      BF8391CB 
 123      1E
 124 0226 5C3FA98F 		.ascii	"\\?\251\217\316\214\332\001\011\367\224\007\367Z\327"
 124      CE8CDA01 
 124      09F79407 
 124      F75AD7
 125 0235 C8EE20C1 		.ascii	"\310\356 \301\035!\270\342j\340\250<\303\335\003\331"
 125      1D21B8E2 
 125      6AE0A83C 
 125      C3DD03D9 
 126 0245 1F4291A9 		.ascii	"\037B\221\251\205;s\251={ $\223OS2~\343\356\202\213"
 126      853B73A9 
 126      3D7B2024 
 126      934F5332 
 126      7EE3EE82 
 127 025a 85CA1223 		.ascii	"\205\312\022#Y\323\315\323\271+\310\257\272\335\017"
 127      59D3CDD3 
 127      B92BC8AF 
 127      BADD0F
 128 0269 177FCE07 		.ascii	"\027\177\316\007\275\356o\216\276Vh\276\360\205\275"
 128      BDEE6F8E 
 128      BE5668BE 
 128      F085BD
 129 0278 3FBB8C08 		.ascii	"?\273\214\010\024\237A\340[y\256;\266\214]\366\023~"
 129      149F41E0 
 129      5B79AE3B 
 129      B68C5DF6 
 129      137E
 130 028a 45745312 		.ascii	"EtS\0221\227H\377\324SD\256\250\036\015\016\213B3\243"
 130      319748FF 
 130      D45344AE 
 130      A81E0D0E 
 130      8B4233A3 
 131 029e AB7A84FB 		.ascii	"\253z\204\373\031\012*\213\203s\005NK\001\216Q\330\367"
ARM GAS  /tmp/cciwTWdQ.s 			page 10


 131      190A2A8B 
 131      8373054E 
 131      4B018E51 
 131      D8F7
 132 02b0 04C97149 		.ascii	"\004\311qI\362;\227d7{\036\311\263\036\311y\347\367"
 132      F23B9764 
 132      377B1EC9 
 132      B31EC979 
 132      E7F7
 133 02c2 6219919C 		.ascii	"b\031\221\234@E\326\0148)Q\366\024\307\257\207\"\307"
 133      4045D60C 
 133      382951F6 
 133      14C7AF87 
 133      22C7
 134 02d4 999B1D20 		.ascii	"\231\233\035 \355\375\276\301\237\312d\3669\211\362"
 134      EDFDBEC1 
 134      9FCA64F6 
 134      3989F2
 135 02e3 BC8752F6 		.ascii	"\274\207R\366\017p\233\216q\357\253\324\230\244\322"
 135      0F709B8E 
 135      71EFABD4 
 135      98A4D2
 136 02f2 2A2E93B8 		.ascii	"*.\223\270uB\377\276\2260\215\270V\373\346\033\265o"
 136      7542FFBE 
 136      96308DB8 
 136      56FBE61B 
 136      B56F
 137 0304 6DD05296 		.ascii	"m\320R\226Yg\325\030F\262\241N\253J$\327'\327\3064\315"
 137      5967D518 
 137      46B2A14E 
 137      AB4A24D7 
 137      27D7C634 
 138 0319 4C6BBA69 		.ascii	"Lk\272i\030f\203\2262\255LZ{\257:Z\025m\322\364\204"
 138      18668396 
 138      32AD4C5A 
 138      7BAF3A5A 
 138      156DD2F4 
 139 032e 6E5AF175 		.ascii	"nZ\361u\033\3376V\352\240\350\231\246\224j\305\323\215"
 139      1BDF3656 
 139      EAA0E899 
 139      A6946AC5 
 139      D38D
 140 0340 F5990FFF 		.ascii	"\365\231\017\377\213e\274)\243UEc\253cZ\262A\257o\254"
 140      8B65BC29 
 140      A3554563 
 140      AB635AB2 
 140      41AF6FAC 
 141 0354 8D6BBA91 		.ascii	"\215k\272\221N\246\327\325\351\372\312\004\224G\253"
 141      4EA6D7D5 
 141      E9FACA04 
 141      9447AB
 142 0363 63E1CAD7 		.ascii	"c\341\312\327W\204S\351T\020\370\273\026,\311\230\251"
 142      578453E9 
 142      5410F8BB 
 142      162CC998 
 142      A9
 143 0374 B51F7F64 		.ascii	"\265\037\177d\231z,S\243\177R\036\215USp\205P\005\201"
ARM GAS  /tmp/cciwTWdQ.s 			page 11


 143      997A2C53 
 143      A37F521E 
 143      8D555370 
 143      85500581 
 144 0388 59C0D329 		.ascii	"Y\300\323)\360m\254\251o\214\377/\235%`\031\255\260"
 144      F06DACA9 
 144      6F8CFF2F 
 144      9D256019 
 144      ADB0
 145 039a BE261D4F 		.ascii	"\276&\035OYIZ\005\374F\3340\255O\341_\007\207\323p"
 145      59495A05 
 145      FC46DC30 
 145      AD4FE15F 
 145      0787D370 
 146              		.text
 147              		.section	.gnu.lto__port_irq_epilogue.d9d30616e2e66516,"",%progbits
 148 0000 789CAD53 		.ascii	"x\234\255S[KTQ\024^\353\354sf\246\361\202O\322\203\017"
 148      5B4B5451 
 148      145EEBEC 
 148      7366A6F1 
 148      824FD283 
 149 0015 E3839020 		.ascii	"\343\203\220 \235n`/=\204\020XH\240?@t\034t\300\343"
 149      9D6E602F 
 149      3D841058 
 149      48A03F40 
 149      741C74C0 
 150 002a D88C8A3D 		.ascii	"\330\214\212=\271g\274\201F\005e:\326pB\037\274\224"
 150      B967BC81 
 150      4605653A 
 150      D670421F 
 150      BC94
 151 003c D7B21A1D 		.ascii	"\327\262\032\035u\322\202\240\033\211\201\344\223\232"
 151      75D282A0 
 151      1B8981E4 
 151      939A
 152 004a 85A65052 		.ascii	"\205\246PR\240d\332\332gTd\204\"h\3039\373\354\275\276"
 152      A064DADA 
 152      67546484 
 152      2268C339 
 152      FBECBDBE 
 153 005e BDBEBDBE 		.ascii	"\275\276\275\276\365\035\005$\230g\000\233\000p\206"
 153      F51D0524 
 153      9867009B 
 153      007086
 154 006d 1E34014A 		.ascii	"\0364\001J\327\337\000x-\222\304\246\023\201[\345P:"
 154      D7DF0078 
 154      2D92C4A6 
 154      13815BE5 
 154      503A
 155 007f F058868A 		.ascii	"\360X\206\212\330F92{-\012\242\370\340\026\204*\211"
 155      D8463932 
 155      7B2D0AA2 
 155      F8E01684 
 155      2A89
 156 0091 C90A56E1 		.ascii	"\311\012V\3415\326\314p\242\376SPJ\355\3404\302\315"
 156      35D6CC70 
 156      A2FE5350 
ARM GAS  /tmp/cciwTWdQ.s 			page 12


 156      4AEDE034 
 156      C2CD
 157 00a3 DFCD75BC 		.ascii	"\337\315u\274\366\260N\004~z\304\300\016L\005\202\315"
 157      F6B04E04 
 157      7E7AC4C0 
 157      0E4C0582 
 157      CD
 158 00b4 0F6C35C5 		.ascii	"\017l5\305\231\344\310>v\242\011i\356\233\3020\337\332"
 158      99E4C83E 
 158      76A20969 
 158      EE9BC230 
 158      DFDA
 159 00c6 AEE7E1CD 		.ascii	"\256\347\341\315v\014\\\2600\320\031\312\342\005\320"
 159      760C5CB0 
 159      30D019CA 
 159      E205D0
 160 00d5 404041D8 		.ascii	"@@A\330\310$1\263E\224D\236w5\375w\330U\2463\011eZ~"
 160      C82431B3 
 160      4594449E 
 160      7735FD77 
 160      D855A633 
 161 00ed 7BDDBA10 		.ascii	"{\335\272\020/\226\014m\264\374\034\252\237F\226\211"
 161      2F960C6D 
 161      B4FC1CAA 
 161      9F469689 
 162 00fd 02393436 		.ascii	"\002946\323bMi\347\334\307\303\333\376#\255\325/\257"
 162      D3624D69 
 162      E7DCC7C3 
 162      DBFE23AD 
 162      D52FAF
 163 0110 F0BBBE04 		.ascii	"\360\273\276\004\235\311x\017\031\335\003\2731\011\273"
 163      9DC9780F 
 163      19DD03BB 
 163      3109BB
 164 011f 302972CF 		.ascii	"0)r\317\373\230B\207\352\227\370\250,\362\311h\303\036"
 164      FB984287 
 164      EA97F8A8 
 164      2CF2C968 
 164      C31E
 165 0131 8A2DA36F 		.ascii	"\212-\243o~\244\251\177\012\367j\2501J\275\261n6\312"
 165      7EA4A97F 
 165      0AF76AA8 
 165      314ABDB1 
 165      6E36CA
 166 0144 F03384A8 		.ascii	"\3603\204\250\320O\177\032)\200\275\"(E\007\247n3A\005"
 166      D04F7F1A 
 166      2980BD22 
 166      284507A7 
 166      6E334105 
 167 0158 D827C26C 		.ascii	"\330'\302l\2774\330O\335\000\034\020\332 \314\011\306"
 167      BF34D84F 
 167      DD001C10 
 167      DA20CC09 
 167      C6
 168 0169 367D70DD 		.ascii	"6}p\335\232\274\206:o\261\351L\021\350\236\205\021n"
 168      9ABC863A 
 168      6FB1E94C 
ARM GAS  /tmp/cciwTWdQ.s 			page 13


 168      11E89E85 
 168      116E
 169 017b 9125020E 		.ascii	"\221%\002\016b2\210\235\257+\323\263\022\355\340\003"
 169      6232889D 
 169      AF2BD3B3 
 169      12EDE003 
 170 018b EA96B833 		.ascii	"\352\226\2703\340CC\234\316\261\311\305\330\344\037"
 170      E043439C 
 170      CEB1C9C5 
 170      D8E41F
 171 019a 3BA74D02 		.ascii	";\247M\002\273\326;\370>\3068=$N\343#\222{\021}6\243"
 171      BBD63BF8 
 171      3EC6383D 
 171      244EE323 
 171      927B117D 
 172 01b0 7E80259C 		.ascii	"~\200%\234\030\336h\333\236AQZ\200\211\376\336\252\235"
 172      18DE68DB 
 172      9E41515A 
 172      8089FEDE 
 172      AA9D
 173 01c2 786B168A 		.ascii	"xk\026\212\230\215B\275\301\320M%\262\344\037\252y\274"
 173      988D42BD 
 173      C1D04D25 
 173      B2E41FAA 
 173      79BC
 174 01d4 68498B6F 		.ascii	"hI\213o\316\242c\300K\365\021\217\005\237\220\256\217"
 174      CEA263C0 
 174      4BF5118F 
 174      059F90AE 
 174      8F
 175 01e5 C53D28B8 		.ascii	"\305=(\270\322\364\242\333\252\366\360\032\257\210\035"
 175      D2F4A2DB 
 175      AAF6F01A 
 175      AF881D
 176 01f4 C220EAD8 		.ascii	"\302 \352\330bx\003\207Q%\302\352\315\272.%B'G\030W"
 176      62780387 
 176      5125C2EA 
 176      CDBA2E25 
 176      42274718 
 177 0209 5F2DB619 		.ascii	"_-\266\031=@\344\0118B\211>b\315\354\344\251\035\020"
 177      3D40E409 
 177      3842893E 
 177      62CDECE4 
 177      A91D10
 178 021c 21FA5682 		.ascii	"!\372V\202\033q\021\004`h\247\203\215\244\346t\"\373"
 178      1B711104 
 178      6068A783 
 178      8DA4E674 
 178      22FB
 179 022e 824C0005 		.ascii	"\202L\000\005w0\2702k\256\372\305-:\263\372\231L\224"
 179      7730B832 
 179      6BAEFAC5 
 179      2D3AB3FA 
 179      994C94
 180 0241 A35845EE 		.ascii	"\243XE\356\2121\3202\204\322w]\025\345\225\300_\274"
 180      8A31D032 
 180      84D2775D 
ARM GAS  /tmp/cciwTWdQ.s 			page 14


 180      15E595C0 
 180      5FBC
 181 0253 32667865 		.ascii	"2fxeO\031\231n1\376'\257\264\306\354xE9\350\225\323"
 181      4F19996E 
 181      31FE27AF 
 181      B4C6EC78 
 181      4539E895 
 182 0268 9D943D2C 		.ascii	"\235\224=,\202\246\350\340r\200\011*\300\247\007\275"
 182      82A6E8E0 
 182      7280092A 
 182      C0A707BD 
 183 0278 32617865 		.ascii	"2axer\237W\266\364\271\261\230]\033\214\0336xf\330 "
 183      729F57B6 
 183      F4B9B198 
 183      5D1B8C1B 
 183      367866D8 
 184 028d BAE7CFF7 		.ascii	"\272\347\317\367z.\222\033Z(\306/\266Jb\030\243\201"
 184      7A2E921B 
 184      5A28C62F 
 184      B64A6218 
 184      A381
 185 029f 4C4D1BB4 		.ascii	"LM\033\264:\247\026\2714\207Zp\342x\301\311Kj\251\333"
 185      3AA716B9 
 185      34875A70 
 185      E278C1C9 
 185      4B6AA9DB 
 186 02b3 55E8CED3 		.ascii	"U\350\316\3234gI\241\232Q\344\314w^\314QU\227G\265\273"
 186      346749A1 
 186      9A51E4CC 
 186      775ECC51 
 186      559747B5 
 187 02c8 34CD55A2 		.ascii	"4\315U\242\226\272\334e\036\365lvVFV\245j/\262\273\334"
 187      96BADC65 
 187      1EF56C76 
 187      564656A5 
 187      6A2FB2BB 
 188 02dd 8EDC8A74 		.ascii	"\216\334\212t\355\250\035\224\212\274\342r\307\177I"
 188      EDA81D94 
 188      8ABCE272 
 188      C77F49
 189 02ec 5604E7FF 		.ascii	"V\004\347\377%\215\243\262L\315\310\312\311\314Q\235"
 189      258DA3B2 
 189      4CCDC8CA 
 189      C9CC519D 
 190 02fc 25F6E2F2 		.ascii	"%\366\342\362\002\207j\327<NOn\241\335N\251\022\262"
 190      02876AD7 
 190      3C4E4F6E 
 190      A1DD4EA9 
 190      12B2
 191 030e 72B26DF9 		.ascii	"r\262m\371y\036G\251\333\231fK9\006\222\033\314\232"
 191      791E47A9 
 191      DB99664B 
 191      3906921B 
 191      CC9A
 192 0320 4373B92F 		.ascii	"Cs\271/\303o\241\357\2241"
 192      C36FA1EF 
 192      9431
ARM GAS  /tmp/cciwTWdQ.s 			page 15


 193              		.text
 194              		.section	.gnu.lto_.symbol_nodes.d9d30616e2e66516,"",%progbits
 195 0000 789C6365 		.ascii	"x\234ce`b\250a\000\002\246\037\214\365\014\014\023\316"
 195      6062A861 
 195      0002A61F 
 195      8CF50C0C 
 195      13CE
 196 0012 3130D433 		.ascii	"10\32430\356l9\330\340\300\300\300\370\211\261\236\021"
 196      30EE6C39 
 196      D8E0C0C0 
 196      C0F889B1 
 196      9E11
 197 0024 2CC6C0D0 		.ascii	",\306\300\320\260\000$\360\231\261\236\011Y\200\351"
 197      B00024F0 
 197      99B19E09 
 197      5980E9
 198 0033 3D633D33 		.ascii	"=c=3T\027\303\256\006G\240\310\007\306z\026\024\021"
 198      5417C3AE 
 198      0647A0C8 
 198      07C67A16 
 198      1411
 199 0045 C68F8CF5 		.ascii	"\306\217\214\365\2540M c\231\031X\031\226\264\277\221"
 199      AC304D20 
 199      63991958 
 199      1996B4BF 
 199      91
 200 0056 67666160 		.ascii	"gfa`x\264R\215\001\000U\361 \245"
 200      78B4528D 
 200      010055F1 
 200      20A5
 201              		.text
 202              		.section	.gnu.lto_.refs.d9d30616e2e66516,"",%progbits
 203 0000 789C6365 		.ascii	"x\234ce`b\340d`\000\222L\214\374LL\002\014\000\001\230"
 203      6062E064 
 203      6000924C 
 203      8CFC4C4C 
 203      020C0001 
 204 0015 0039     		.ascii	"\0009"
 205              		.text
 206              		.section	.gnu.lto_.decls.d9d30616e2e66516,"",%progbits
 207 0000 789CBD58 		.ascii	"x\234\275XyPTG\032\237~=0\3140\034\205\354\256\251\242"
 207      79505447 
 207      1A9F7E3D 
 207      30CC301C 
 207      85ECAEA9 
 208 0015 2A964595 		.ascii	"*\226E\225\344\2178\030\255\332l\325VJD\215l\225\033"
 208      E48F3818 
 208      ADDA6CD5 
 208      564A448D 
 208      6C951B
 209 0028 6B8856FE 		.ascii	"k\210V\376\331\235%\303D\246\302\225a\334\230\252\315"
 209      D99D25C3 
 209      44A6C295 
 209      61DC98AA 
 209      CD
 210 0039 E621A8C4 		.ascii	"\346!\250\304\023Q\271\274P<@\016\221\323[Dn\345\020"
 210      1351B9BC 
ARM GAS  /tmp/cciwTWdQ.s 			page 16


 210      503C400E 
 210      91D35B44 
 210      6EE510
 211 004c 4504390D 		.ascii	"E\0049\015\342\205\004\361\002D\331\257\273\337\360"
 211      E28504F1 
 211      0244D9AF 
 211      BBDFF0
 212 005b DE3C0793 		.ascii	"\336<\007\223\255l\355+\276\367\346\353\367\353\337"
 212      AD6CED2B 
 212      BEF7E6EB 
 212      F7EBDF
 213 006a 77F4D7DD 		.ascii	"w\364\327\335\257qRp\012\303L\205\242\011+\024\361H"
 213      AF715270 
 213      0AC34C85 
 213      A2092B14 
 213      F148
 214 007c A198844B 		.ascii	"\241\230\204K\251P(\362\024\342\345\014\222\017r\022"
 214      A95028F2 
 214      14E2E50C 
 214      920F7212 
 215 008c A408A404 		.ascii	"\244\010\244\004\244\014\344\242\342\355\353o\300\341"
 215      A40CE4A2 
 215      E2EDEB6F 
 215      C0E1
 216 009a 01CF5520 		.ascii	"\001\317U ^ \336 \265 wA\346\200\234\003\031\002\271"
 216      5E20DE20 
 216      B5207741 
 216      E6809C03 
 216      1902B9
 217 00ad 03D200B2 		.ascii	"\003\322\000\262\022d\030\344\011\310\005\220\021\020"
 217      126418E4 
 217      09C80590 
 217      1110
 218 00bb 0EE43648 		.ascii	"\016\3446H\257\304\366K\220\011\301\246\315\017\371"
 218      AFC4F64B 
 218      9009C1A6 
 218      CD0FF9
 219 00ca F535D856 		.ascii	"\3655\330V\313l\337\025\354\317\021\354\022[\010\211"
 219      CB6CDF15 
 219      ECCF11EC 
 219      125B0889 
 220 00da 719548B8 		.ascii	"q\225H\2701\264;\201\270\240\267\271\243\240M+p\317"
 220      31B43B81 
 220      B8A0B7B9 
 220      A3A04D2B 
 220      70CF
 221 00ec 91C566E3 		.ascii	"\221\305f\343\374\007\310\337A|AB\020\313!\241\372\024"
 221      FC07C8DF 
 221      417C4142 
 221      10CB21A1 
 221      FA14
 222 00fe 6E2A2167 		.ascii	"n*!gF\370m\022l\344Kl\312\257\024\214J\267V\236\347"
 222      46F86D12 
 222      6CE44B6C 
 222      CAAF148C 
 222      4AB7569E 
 223 0113 BA512782 		.ascii	"\272Q'\202| O\332\312<G\360 B\325I\333\205\020m\207"
ARM GAS  /tmp/cciwTWdQ.s 			page 17


 223      7C204FDA 
 223      CA3C47F0 
 223      2042D549 
 223      DB85106D 
 224 0128 568EDE19 		.ascii	"V\216\336\031\2206![\017A\347\004\225\023(\351\237\320"
 224      9036215B 
 224      0F41E704 
 224      951328E9 
 224      9FD0
 225 013a 194918D9 		.ascii	"\031I\030\331kf\311v\261\230\220\220C\312\316z#N4\200"
 225      6B66C976 
 225      B1989090 
 225      43CACE7A 
 225      234E3480 
 226 014e 90B48384 		.ascii	"\220\264\203\204\220\271-\274\237\362O!\006\207l\321"
 226      90B92DBC 
 226      9FF24F21 
 226      06876CD1 
 227 015e 3F49BB3A 		.ascii	"?I\273:\240\351A]\2445c!\242m\023[/\224j1\207\310\357"
 227      A0E9415D 
 227      A4356321 
 227      A26D135B 
 227      2F946A31 
 228 0175 9EB1ACA5 		.ascii	"\236\261\254\245ssyv\271\374YL[\325\344\313r\217m\030"
 228      73737976 
 228      B9FC594C 
 228      5BD5E4CB 
 228      728F6D18 
 229 0189 79691007 		.ascii	"yi\020\007j\313\360\325}\256\240zk\220'\250\243\261"
 229      6ACBF0D5 
 229      7DAEA07A 
 229      6B9027A8 
 229      A3B1
 230 019b AD973433 		.ascii	"\255\22743\223i\2578\336\223C\253~\217r\221\017\312"
 230      9369AF38 
 230      DE9343AB 
 230      7E8F7291 
 230      0FCA
 231 01ad 413E603C 		.ascii	"A>`<\017\301T@_*\031\323\372\327\2336\272\315\316\340"
 231      0FC15440 
 231      5F2A19D3 
 231      FAD79B36 
 231      BACDCEE0 
 232 01c1 CB7BF9F2 		.ascii	"\313{\371\362\237+?\351+,\347\327C7g\002C\331\010\243"
 232      9F2B3FE9 
 232      2B2CE7D7 
 232      43376702 
 232      43D908A3 
 233 01d5 E3682E71 		.ascii	"\343h.q\031~\302=\013\365 t\014uC@\371h6t\177\334PX"
 233      197EC23D 
 233      0BF52074 
 233      0C754340 
 233      F9683674 
 234 01ed E881C3A9 		.ascii	"\350\201\303\251\267\3576[`g\266\372X\373u5\230\355"
 234      B7EF365B 
 234      6067B6FA 
 234      58FB7535 
ARM GAS  /tmp/cciwTWdQ.s 			page 18


 234      98ED
 235 01ff E5F9F2B6 		.ascii	"\345\371\362\266\254\005\257\013\372\371\004\015\005"
 235      AC05AF0B 
 235      FAF9040D 
 235      05
 236 020c A113A2D1 		.ascii	"\241\023\242\321\023\304(\371q\222\032\353\353=2\342"
 236      13C428F9 
 236      71921AEB 
 236      EB3D32E2 
 237 021c 8AEB10B5 		.ascii	"\212\353\020\265\266s\377\323\273X`\030\371>\215\257"
 237      B673FFD3 
 237      BB586018 
 237      F93E8DAF 
 238 022c E068EF42 		.ascii	"\340h\357B\261w\241\255w\021\355\235U\365\354\010\306"
 238      B177A1AD 
 238      7711ED9D 
 238      55F5EC08 
 238      C6
 239 023d 5DACF7FD 		.ascii	"]\254\367\375\341M\037@\347\014\032\365\373\311q|\026"
 239      E14D1F40 
 239      E70C1AF5 
 239      FBC9717C 
 239      16
 240 024e 383D8B32 		.ascii	"8=\2132\024\213\014\305\362\240K(S\317\360\323\032W"
 240      148B0CC5 
 240      F2A04B28 
 240      53CFF0D3 
 240      1A57
 241 0260 FC803125 		.ascii	"\374\2001%\225gV\270\010T-\357\247\361\345\353x>\226"
 241      956756B8 
 241      08542DEF 
 241      A7F1E5EB 
 241      783E96
 242 0273 F9522A32 		.ascii	"\371R*2\225\312\231\312(SF\352\213\007\316x\20215T]"
 242      95CA99CA 
 242      285346EA 
 242      8B07CE78 
 242      82313554 
 243 0288 4F55E164 		.ascii	"OU\341d:\364\312\373\027G8\310\035\371S\373\245\363"
 243      3AF4CAFB 
 243      174738C8 
 243      1DF953FB 
 243      A5F3
 244 029a 2EE81C52 		.ascii	".\350\034R+\322\371\004\236\367\244?7\362\374:~x]\242"
 244      2BD2F904 
 244      9EF7A43F 
 244      37F2FC3A 
 244      7E785DA2 
 245 02ae 2770CDF7 		.ascii	"'p\315\367A\376>\012t\036\371\321W\012t\006\272\235"
 245      41FE3E0A 
 245      741EF9D1 
 245      570A7406 
 245      BA9D
 246 02c0 85AC1FB5 		.ascii	"\205\254\037\265\225\216\202\274@\247\205\204\260!\250"
 246      958E82BC 
 246      40A78584 
 246      B021A8
ARM GAS  /tmp/cciwTWdQ.s 			page 19


 247 02cf CC6E4CD2 		.ascii	"\314nL\322J\207\213@\304\361\272`7^\251\303\315]\234"
 247      4A878B40 
 247      C4F1BA60 
 247      375EA9C3 
 247      CD5D9C
 248 02e2 90ED7B57 		.ascii	"\220\355{W\374&\204\361\002\020:%Fy\312\226\361\213"
 248      FC2684F1 
 248      02103A25 
 248      4679CA96 
 248      F18B
 249 02f4 34BAAEDA 		.ascii	"4\272\256\332\354\034\014e9G\203\310\314\360\200\246"
 249      EC1C0C65 
 249      394783C8 
 249      CCF080A6 
 250 0304 1383A7C7 		.ascii	"\023\203\247\307\334X\023\241m\331>rX\205o\262j\277"
 250      DC5813A1 
 250      6DD93E72 
 250      58856FB2 
 250      6ABF
 251 0316 165FB017 		.ascii	"\026_\260\027\263\242V\222\311\321\220\376\223;+\352"
 251      B3A25692 
 251      C9D190FE 
 251      933B2BEA 
 252 0326 5929984B 		.ascii	"Y)\230K\253o\253P\"?\015\215\251\274\251\363\223\264"
 252      AB6FAB50 
 252      223F0D8D 
 252      A9BCA9F3 
 252      93B4
 253 0338 113262D5 		.ascii	"\0212b\325H\203*D\017\346h\340\236@r\223\030\307\253"
 253      48832A44 
 253      0FE668E0 
 253      9E407293 
 253      18C7AB
 254 034b 97295025 		.ascii	"\227)P%\004t\031\002BU\220\035\260Jp\350\0224\226C#"
 254      04741902 
 254      4255901D 
 254      B04A70E8 
 254      12349643 
 255 0360 58C93EBC 		.ascii	"X\311>\274\343\2203N\306\304\003\256\372\302\355[J\244"
 255      E390334E 
 255      C6C403AE 
 255      FAC2ED5B 
 255      4AA4
 256 0372 F1734850 		.ascii	"\361sHP\347\200\20093\371hv5L\032\016\325\20235\242"
 256      E7808039 
 256      33F96876 
 256      354C1A0E 
 256      D5823335 
 257 0387 33E01B79 		.ascii	"3\340\033y@+\030\032\212\277\333\353\312\242\233\011"
 257      402B181A 
 257      8ABFDBEB 
 257      CAA29B09 
 258 0397 6A6C49E6 		.ascii	"jlI\346v-\256\243v\321\201\316'y*\334\310\234\270\324"
 258      762DAEA3 
 258      76D181CE 
 258      27792ADC 
 258      C89CB8D4 
ARM GAS  /tmp/cciwTWdQ.s 			page 20


 259 03ab 7A30DB0D 		.ascii	"z0\333\015i\3756M9A&\322\224\033\215\340\306J\255`B"
 259      69FD364D 
 259      394126D2 
 259      941B8DE0 
 259      C64AAD60 
 260 03c0 B03FBE60 		.ascii	"\260?\276`\357\005\222\214\006\244EWE\373+\265l\360"
 260      EF05928C 
 260      06A44557 
 260      45FB2BB5 
 260      6CF0
 261 03d2 92538EDF 		.ascii	"\222S\216\337R\343t%K\271\260Vx\261\265\342\321\336"
 261      52E37425 
 261      4BB9B056 
 261      78B1B5E2 
 261      D1DE
 262 03e4 8E0E2DDE 		.ascii	"\216\016-\336\307\336\025\325<\251Q\343\303LI?\373\254"
 262      C7DE15D5 
 262      3CA951E3 
 262      C34C493F 
 262      FBAC
 263 03f6 DE89015D 		.ascii	"\336\211\001]@mo.\330\354\216\263\330\273\015\231\227"
 263      406D6F2E 
 263      D8EC8EB3 
 263      D8BB0D99 
 263      97
 264 0407 C7DC700E 		.ascii	"\307\334p\016S\262\036\366L`\234\317\224W\247\253x\027"
 264      53B21EF6 
 264      4C609CCF 
 264      9457A7AB 
 264      7817
 265 0419 7C9229C7 		.ascii	"|\222)\307j\332k<p1Sl\343\351E\307\023\345\337\277\270"
 265      6ADA6B3C 
 265      7031536C 
 265      E3E945C7 
 265      13E5DFBF 
 266 042e 57C38697 		.ascii	"W\303\206\227\2075L\323\331t\357\215\007\362\245\227"
 266      87354CD3 
 266      D974EF8D 
 266      07F2A597 
 267 043e DF0C5FDF 		.ascii	"\337\014_\337C$|X\033\374n\265\364\363|\222\226\006"
 267      43247C58 
 267      1BFC6EB5 
 267      F4F37C92 
 267      9606
 268 0450 770582BB 		.ascii	"w\005\202\273\203f\210\331\250\247\265ZI\356\012\326"
 268      836688D9 
 268      A8A7B55A 
 268      49EE0AD6 
 269 0460 A3E20B98 		.ascii	"\243\342\013\230\203\361\230\302\257\311\341\315o\301"
 269      83F198C2 
 269      AFC9E1CD 
 269      6FC1
 270 046e 1F7E26C2 		.ascii	"\037~&\302[\345\360\353\024>ODwH\320mr\264N\006\036"
 270      5BE5F0EB 
 270      143E4F44 
 270      7748D06D 
 270      72B44E06 
ARM GAS  /tmp/cciwTWdQ.s 			page 21


 271 0483 91806F38 		.ascii	"\221\200o8\246\226zR/q\274\311q\234\224\234\215\371"
 271      A6967A52 
 271      2F71BCC9 
 271      719C949C 
 271      8DF9
 272 0495 CD26CF58 		.ascii	"\315&\317X\236G\004\245\020\306\233\\;\310\313D\236"
 272      9E4704A5 
 272      10C69B5C 
 272      3BC8CB44 
 272      9E
 273 04a6 5FA854A0 		.ascii	"_\250T\240\016\350\334N:\337\022\330\000\206\372\240"
 273      0EE8DC4E 
 273      3ADF12D8 
 273      0086FAA0 
 274 04b6 7CBA912F 		.ascii	"|\272\221/\352\007\351\002\351\001\371\011\244\023\244"
 274      EA07E902 
 274      E901F909 
 274      A413A4
 275 04c5 17E436F2 		.ascii	"\027\3446\362\245D\314\2477M^Iq|\255?u\252\305q6%\021"
 275      A544CCA7 
 275      374D5E49 
 275      717CAD3F 
 275      75AAC571 
 276 04dc DF91447C 		.ascii	"\337\221D|\323azX\300\244\356Rz\332\260VR\343R\254\002"
 276      D3617A58 
 276      C0A4EE52 
 276      7ADAB056 
 276      52E352AC 
 277 04f1 DD455ABA 		.ascii	"\335EZ\272\220\300\023\300eO\366m\300\232\004\032\033"
 277      90C013C0 
 277      654FF66D 
 277      C09A041A 
 277      1B
 278 0502 05430D89 		.ascii	"\005C\015\211\330\0012\315\200\236.\\\200\256\030)8"
 278      D80132CD 
 278      809E2E5C 
 278      80AE1829 
 278      38
 279 0513 A6658586 		.ascii	"\246e\205\206%\023\317\233M\274\326\321\363\343Z\\N"
 279      2513CF9B 
 279      4DBCD6D1 
 279      F3E35A5C 
 279      4E
 280 0524 6B52D99B 		.ascii	"kR\331\2339\362\310\031\371\301\"\253\001\221,\227\203"
 280      39F2C819 
 280      F9C122AB 
 280      01912C97 
 280      83
 281 0535 30931F88 		.ascii	"0\223\037\210\313%]x\207\177 \315lu\031>\304\343\231"
 281      CB255D78 
 281      877F20CD 
 281      6C75193E 
 281      C4E399
 282 0548 532BEF43 		.ascii	"S+\357CH\352 \365\3421x\365\010\334 +6i\001\203\211"
 282      48EA20F5 
 282      E23178F5 
 282      08DC202B 
ARM GAS  /tmp/cciwTWdQ.s 			page 22


 282      36690183 
 283 055d A3791B9C 		.ascii	"\243y\033\234\275\022\205\201\231\205(\367}\300\335"
 283      BD128581 
 283      998528F7 
 283      7DC0DD
 284 056c A3DE0F21 		.ascii	"\243\336\017!/[\014T\201\036\233J\257w+\247\015\367"
 284      2F5B0C54 
 284      811E9B4A 
 284      AF772BA7 
 284      0DF7
 285 057e 675BB8FE 		.ascii	"g[\270\3764\332-\217\257\245j\345\364\3422>L\351\177"
 285      34DA2D8F 
 285      AFA56AE5 
 285      F4E2323E 
 285      4CE97F
 286 0591 66F4C394 		.ascii	"f\364\303\224\276wt\373\244\2074\365d\025\027\371\237"
 286      BE7774FB 
 286      A48734F5 
 286      641517F9 
 286      9F
 287 05a2 08A97F42 		.ascii	"\010\251\177BS\3373\332\326\255\225\202\013\354\300"
 287      53DF33DA 
 287      D6AD9582 
 287      0BECC0
 288 05b1 23027884 		.ascii	"#\002x\204\202ov\266\244\252q\025\233\357\307\363\366"
 288      826F76B6 
 288      A4AA7115 
 288      9BEFC7F3 
 288      F6
 289 05c2 17B8E326 		.ascii	"\027\270\343&\246l\256\270\274\327Y\011\037m\317hR\241"
 289      A66CAEB8 
 289      BCD75909 
 289      1F6DCF68 
 289      52A1
 290 05d4 E5D4B17B 		.ascii	"\345\324\261{\371n\322\355\247\326\316\357\027v\333"
 290      F96ED2ED 
 290      A7D6CEEF 
 290      1776DB
 291 05e3 CFCB9D39 		.ascii	"\317\313\2359\255\036\266\257\224=8\367H\317\026>#\226"
 291      AD1EB6AF 
 291      943D38F7 
 291      48CF163E 
 291      2396
 292 05f5 5F58CB11 		.ascii	"_X\313\021 zj[\363\320s\244$\232\375^\373\222\356F\203"
 292      207A6A5B 
 292      F3D073A4 
 292      249AFD5E 
 292      FB92EE46 
 293 060a 47DB3C71 		.ascii	"G\333<q\226\3234\356T\214\365x*9\266Z\023\263d\203,"
 293      96D334EE 
 293      548CF578 
 293      2A39B65A 
 293      13B36483 
 294 061f C879ED3E 		.ascii	"\310y\355>\355\367\314+\352\3408\022<lz|-_-xx3\327+"
 294      EDF7CC2B 
 294      EAE03812 
 294      3C6C7A7C 
ARM GAS  /tmp/cciwTWdQ.s 			page 23


 294      2D5F2D78 
 295 0637 857E5124 		.ascii	"\205~Q$\036F\004\207F\247\374\033\003\377F\345\376M"
 295      1E460487 
 295      46A7FC1B 
 295      03FF46E5 
 295      FE4D
 296 0649 50FFFA5F 		.ascii	"P\377\372_\345\235\021\326Gg\022\362\211\214F\267i\213"
 296      E59D11D6 
 296      476712F2 
 296      898C46B7 
 296      698B
 297 065b E08DAD08 		.ascii	"\340\215\255\010^\263\232\177\266i\375Ka\357T\221%y"
 297      5EB39A7F 
 297      B669FD4B 
 297      61EF5491 
 297      2579
 298 066d 60EF362D 		.ascii	"`\3576-\253\371\217A\275\335\234[\355&\257\021\236\363"
 298      ABF98F41 
 298      BDDD9C5B 
 298      ED26AF11 
 298      9EF3
 299 067f 4193942C 		.ascii	"A\223\224,\226\363\262QR\005z\324\365\347U\270\343B"
 299      96F3B251 
 299      52057AD4 
 299      F5E755B8 
 299      E342
 300 0691 96ADB48E 		.ascii	"\226\255\264\216G\251\266\330\332\262\374\263\342\256"
 300      47A9B6D8 
 300      DAB2FCB3 
 300      E2AE
 301 069f B0ECB362 		.ascii	"\260\354\263bX\307Mm8\360\323>\2628\216D\326{\340\336"
 301      58C74D6D 
 301      38F0D33E 
 301      B2388E44 
 301      D67BE0DE 
 302 06b3 4E375CC3 		.ascii	"N7\\\303\310\256\\\310lu\022\310Z\366a\366\301t\220"
 302      C8AE5CC8 
 302      6C7512C8 
 302      5AF661F6 
 302      C17490
 303 06c6 7D30C58B 		.ascii	"}0\305\213T\361r\252\365\224\252m\240\"\024_\237n\020"
 303      54F172AA 
 303      F594AA6D 
 303      A022145F 
 303      9F6E10
 304 06d9 07F62417 		.ascii	"\007\366$\027\270\212e\262-\273{\252L\3100l\260\321"
 304      B88A65B2 
 304      2DBB7BAA 
 304      4CC8306C 
 304      B0D1
 305 06eb A38D9C92 		.ascii	"\243\215\234\222h\366\026\022\250\205\334\206\232N!"
 305      68F61612 
 305      A885DC86 
 305      9A4E21
 306 06fa 930908F4 		.ascii	"\223\011\010\364\311\007\355\231j\246\017\323mlb_\231"
 306      C907ED99 
 306      6AA60FD3 
ARM GAS  /tmp/cciwTWdQ.s 			page 24


 306      6D6C625F 
 306      99
 307 070b A07B83FA 		.ascii	"\240{\203\372\272'1Q\3052\235A\340}]\3676\271\343>\346"
 307      BA273151 
 307      C5329D41 
 307      E07D5DF7 
 307      36B9E33E 
 308 0720 E1C4E6F3 		.ascii	"\341\304\346\363i\316\323\216\3416N\030\303\313l\014"
 308      69CED38E 
 308      E1364E18 
 308      C3CB6C0C 
 309 0730 C7E2CB7A 		.ascii	"\307\342\313z\2218JJZ\212[`\2246s\004\276\235\216\022"
 309      91384A4A 
 309      5A8A5B60 
 309      94367304 
 309      BE9D8E12 
 310 0744 ED44D0EB 		.ascii	"\355D\320\353\316\266\357\020\216\000\275D/ii{\241\306"
 310      CEB6EF10 
 310      8E00BD44 
 310      2F69697B 
 310      A1C6
 311 0756 8F98E18C 		.ascii	"\217\230\341\2147;\016\271\022\303q`8\341\027?c\240"
 311      373B0EB9 
 311      12C37160 
 311      38E1173F 
 311      63A0
 312 0768 C78FAD9D 		.ascii	"\307\217\255\235\205v\306\223\270w\030\277>p0^Xb\233"
 312      8576C693 
 312      B87718BF 
 312      3E70305E 
 312      58629B
 313 077b E9316EA0 		.ascii	"\3511n\240\256\332\266\231\223,\234\255n\251Cx\2309"
 313      AEDAB699 
 313      932C9CAD 
 313      6EA94378 
 313      9839
 314 078d 939036D2 		.ascii	"\223\2206\322\3541m\026RlY\270\307\034i\037\255\352"
 314      EC316D16 
 314      526C59B8 
 314      C71C691F 
 314      ADEA
 315 079f 70926761 		.ascii	"p\222ga78\302v\233T\352H\212\315\221\356\242\264\001"
 315      3738C276 
 315      9B54EA48 
 315      8ACD91EE 
 315      A2B401
 316 07b2 95DCED69 		.ascii	"\225\334\355i\321\233\253J\252\205\261\255\245\365\362"
 316      D19BAB4A 
 316      AA85B1AD 
 316      A5F5F2
 317 07c1 A6A85E85 		.ascii	"\246\250^\205\23737w&\215\326\273\3401\246"
 317      9F333777 
 317      268DD6BB 
 317      E031A6
 318 07d0 940DE594 		.ascii	"\224\015\345\224\2711d\271T\367\026\364\2479\303G\234"
 318      B93164B9 
 318      54F716F4 
ARM GAS  /tmp/cciwTWdQ.s 			page 25


 318      A739C347 
 318      9C
 319 07e1 F16B06DE 		.ascii	"\361k\006\336}~w\211\273\334\345\375\340\004\333\344"
 319      7D7E7789 
 319      BBDCE5FD 
 319      E004DBE4 
 320 07f1 33387109 		.ascii	"38q\011&\037>\317\237\236\321\310]\236\026m\233\311"
 320      261F3ECF 
 320      9F9ED1C8 
 320      5D9E166D 
 320      9BC9
 321 0803 5E6C26A7 		.ascii	"^l&\247\216\035|\350\206c\235Ybs\267]\306\266Q\376\345"
 321      8E1D7CE8 
 321      86639D59 
 321      6273B75D 
 321      C6B651FE 
 322 0818 8F55725C 		.ascii	"\217Ur\\\033\2328\341\2167\260\356g\313\316U\013\037"
 322      1B9A38E1 
 322      8E37B0EE 
 322      67CBCE55 
 322      0B1F
 323 082a 78FEA0E6 		.ascii	"x\376\240\346\344^jt\305\233\331\273\211\304\003Ej\274"
 323      E45E6A74 
 323      C59BD9BB 
 323      89C40345 
 323      6ABC
 324 083c 83297B9E 		.ascii	"\203){\236v=\020J\336\217,\225\231\373\223\3248\231"
 324      763D104A 
 324      DE8F2C95 
 324      99FB93D4 
 324      3899
 325 084e BD9B4C4C 		.ascii	"\275\233LLHS\341=L\331\325\270+\323\025g0\345\325\375"
 325      4853E13D 
 325      4CD9D5B8 
 325      2BD31567 
 325      30E5D5FD 
 326 0862 5DED88F5 		.ascii	"]\355\210\365\322J\352\325[\250\327\374\027\333R\\\361"
 326      D24AEAD5 
 326      5BA8D7FC 
 326      17DB525C 
 326      F1
 327 0873 51866D6B 		.ascii	"Q\206mk\217?-`]\311\226y\245\347\213i\013\346\244\255"
 327      8F3F2D60 
 327      5DC99679 
 327      A5E78B69 
 327      0BE6A4AD 
 328 0887 600A381A 		.ascii	"`\0128\032\323\211\365\375\331.\320\327\007N\031Hr\304"
 328      D389F5FD 
 328      D92ED0D7 
 328      074E1948 
 328      72C4
 329 0899 F061478C 		.ascii	"\360aG\214\342\362\247yJ|\234\332\341J\213\373\3235"
 329      E2F2A779 
 329      4A7C9CDA 
 329      E14A8BFB 
 329      D335
 330 08ab 9243C4DC 		.ascii	"\222C\304\334\365\033\311w{)\214@\261\270\366\370L\035"
ARM GAS  /tmp/cciwTWdQ.s 			page 26


 330      F51BC977 
 330      7B298C40 
 330      B1B8F6F8 
 330      4C1D
 331 08bd 22ECB7F9 		.ascii	"\"\354\267\371\022\316\217\260\322\244\026\301\200\025"
 331      12CE8FB0 
 331      D2A416C1 
 331      8015
 332 08cb 3207B20F 		.ascii	"2\007\262\017dU\272\341bf!m\367\245b\367)\013p2(\242"
 332      6455BAE1 
 332      6266216D 
 332      F7A562F7 
 332      290B7032 
 333 08e1 2783D360 		.ascii	"'\203\323`\241L\264P\312Mc\342\224c\023\365\265W\267"
 333      A14CB450 
 333      CA4D63E2 
 333      946313F5 
 333      B557B7
 334 08f4 2AA50B38 		.ascii	"*\245\0138\341\313\207\367ytv\236\2415s\322V\346\031"
 334      E1CB87F7 
 334      7974769E 
 334      A13573D2 
 334      56E619
 335 0907 B969832A 		.ascii	"\271i\203*V\027\277\212=3-n\334I\312~\366]\354\347["
 335      5617BF8A 
 335      3D332D6E 
 335      DC49CA7E 
 335      F65DECE7 
 336 091c 3A17E273 		.ascii	":\027\342sl\334\2367v\366!\\\316\224\370+u\307T\270"
 336      6CDC9E37 
 336      76F6215C 
 336      CE94F82B 
 336      75C754B8 
 337 0930 922983D9 		.ascii	"\222)\203\331\015\265\316\270\236)\375\003\343\2470"
 337      0DB5CEB8 
 337      9E29FD03 
 337      E3A730
 338 093f 6E62CAD1 		.ascii	"nb\312\321\301C[\325\370\206\320\247\177\250Q8\215l"
 338      C1435BD5 
 338      F886D0A7 
 338      7FA85138 
 338      8D6C
 339 0951 2183F76A 		.ascii	"!\203\367j\270\364\206\255J\310\251\343\341\363\273"
 339      B8F486AD 
 339      4AC8A9E3 
 339      E1F3BB
 340 0960 932EB883 		.ascii	"\223.\270\203\202\3770X\274\343\210V8\"\370\372\316"
 340      82FF3058 
 340      BCE38856 
 340      3822F8FA 
 340      CE
 341 0971 F09DBAFC 		.ascii	"\360\235\272\374|\311y!>\226/\207\265\273\253\251\236"
 341      7CC97921 
 341      3E962F87 
 341      B5BBABA9 
 341      9E
 342 0982 E77BCB11 		.ascii	"\347{\313\021:\307y\241\023\220\363Fn\306T4\322\017"
ARM GAS  /tmp/cciwTWdQ.s 			page 27


 342      3AC779A1 
 342      1390F346 
 342      6EC65434 
 342      D20F
 343 0994 69E81107 		.ascii	"i\350\021\007\347\205\357\3317\353a\210\371\222\200"
 343      E785EFD9 
 343      37EB6188 
 343      F99280
 344 09a3 76F4CD7A 		.ascii	"v\364\315z\210\337\005\374\025?\304Rt\032p'\013h\333"
 344      88DF05FC 
 344      153FC452 
 344      741A7027 
 344      0B68DB
 345 09b6 72837671 		.ascii	"r\203vq2\356\021\011w\256\234\273\335\356\004@\340\365"
 345      32EE1109 
 345      77AE9CBB 
 345      DDEE0440 
 345      E0F5
 346 09c8 FF16E159 		.ascii	"\377\026\341Yr\370Q)\371.B.\240\311\362\261W\216N\227"
 346      72F85129 
 346      F92E422E 
 346      A0C9F2B1 
 346      578E4E97 
 347 09dc BB322E71 		.ascii	"\2732.q%G\216\316\226\243\353%\350r9Zr*\222\0367*!\015"
 347      25478ECE 
 347      96A3EB25 
 347      E872395A 
 347      722A921E 
 348 09f4 97291141 		.ascii	"\227)\021A\223\263F;\224[\023\347\213j@\032@n\202\\"
 348      93B3463B 
 348      945B13E7 
 348      8B6A401A 
 348      406E825C 
 349 0a08 03B90552 		.ascii	"\003\271\005R\015R\007r\025\244\025\244\036\244\015"
 349      0D520772 
 349      15A415A4 
 349      1EA40D
 350 0a17 A419A413 		.ascii	"\244\031\244\023\244\003\344\012\310m\220Z\220\353 "
 350      A403E40A 
 350      C86D905A 
 350      90EB20
 351 0a26 37405A38 		.ascii	"7@Z8\333\371\204\344`\374_b\016*\034\016\236$\250\016"
 351      DBF984E4 
 351      60FC5F62 
 351      0E2A1C0E 
 351      9E24A80E 
 352 0a3a 497A8FC8 		.ascii	"Iz\217\310\301\207\344)\350\220\244\340\202\034\335"
 352      C187E429 
 352      E890A4E0 
 352      821CDD
 353 0a49 2CAFA28E 		.ascii	",\257\242\216\037Dt\225\034\375\243\335\320A\001\325"
 353      1F447495 
 353      1CFDA3DD 
 353      D04101D5 
 354 0a59 0B55B413 		.ascii	"\013U\264\023\252h\207\200\266\355\265(Q\212&\213H\213"
 354      AA688780 
 354      B6EDB528 
ARM GAS  /tmp/cciwTWdQ.s 			page 28


 354      518A268B 
 354      488B
 355 0a6b 80863D18 		.ascii	"\200\206=\030m\225\2437q\362*\252\220\204y\334\361H"
 355      6D95A337 
 355      71F22AAA 
 355      908479DC 
 355      F148
 356 0a7d 4BE12D92 		.ascii	"K\341-\2228/:\036j;\270\204\375\230\343\032\225\302"
 356      382F3A1E 
 356      6A3BB884 
 356      FD98E31A 
 356      95C2
 357 0a8f EF48D8CF 		.ascii	"\357H\330\317;\316\"\203\263\365rh\302\213\236j\001"
 357      3BCE2283 
 357      B3F57268 
 357      C28B9E6A 
 357      01
 358 0aa0 263DD5B2 		.ascii	"&=\325\262\254\015\275\361N\342\311a\364 $\342\200@"
 358      AC0DBDF1 
 358      4EE2C961 
 358      F42024E2 
 358      8040
 359 0ab2 66DB38D1 		.ascii	"f\3338\321>\371\374\030\227\314\217=\216\347\207\235"
 359      3EF9FC18 
 359      97CC8F3D 
 359      8EE7879D 
 360 0ac2 A792C032 		.ascii	"\247\222\3002\035W\307\324\341\265\261gw#\354)*\272"
 360      1D57C7D4 
 360      E1B5B167 
 360      7723EC29 
 360      2ABA
 361 0ad4 E297B515 		.ascii	"\342\227\265\025\355vG3\374\034\315\005\324\003S\340"
 361      ED764733 
 361      FC1CCD05 
 361      D40353E0 
 362 0ae4 FF311D58 		.ascii	"\3771\035X\372\006&\235\341\364\212\272\301`\227\270"
 362      FA06269D 
 362      E1F48ABA 
 362      C16097B8 
 363 0af4 D99064B2 		.ascii	"\331\220d\262\377\003]\355\214SI\317r\335\234\364\314"
 363      FF035DED 
 363      8C5349CF 
 363      72DD9CF4 
 363      CC
 364 0b05 DDCBB1B3 		.ascii	"\335\313\261\263\034<\035\035\374\362\354\016~}\002"
 364      1C3C1D1D 
 364      FCF2EC0E 
 364      7E7D02
 365 0b14 B88F822F 		.ascii	"\270\217\202/\277\270\231\247\302E*\366\317\241]\331"
 365      BFB899A7 
 365      C2452AF6 
 365      CFA15DD9 
 366 0b24 6F9CA68E 		.ascii	"o\234\246\216\013\276\007\354\217\013wD\307\356\310"
 366      0BBE07EC 
 366      8F0B7744 
 366      C7EEC8
 367 0b33 BFC07FA2 		.ascii	"\277\300\177\242_\340G_\216nv\307\325\214l\375\353\221"
ARM GAS  /tmp/cciwTWdQ.s 			page 29


 367      5FE0475F 
 367      8E6E76C7 
 367      D58C6CFD 
 367      EB91
 368 0b45 5E77DB71 		.ascii	"^w\333q!\335\376\270\320/R\365\313\251\356r\263\025"
 368      21DDFEB8 
 368      D02F52F5 
 368      CBA9EE72 
 368      B315
 369 0b57 EF19A2A3 		.ascii	"\357\031\242\243,V\203\331\362\215\301\024m\016\217"
 369      2C5683D9 
 369      F28DC114 
 369      6D0E8F
 370 0b66 5ABDC634 		.ascii	"Z\275\30647:\304b\235\353\357\362\351_W\316\012\234"
 370      373AC462 
 370      9DEBEFF2 
 370      E95F57CE 
 370      0A9C
 371 0b78 374FB154 		.ascii	"7O\261T\027\026\025a\322\205~4/t\3767\272hK\324jKHD"
 371      17161561 
 371      D2857E34 
 371      2F74FE37 
 371      BA684BD4 
 372 0b90 843972B5 		.ascii	"\2049r\265.0\314\374\245\371\263`\235.*Fg\214\212\210"
 372      2E30CCFC 
 372      A5F9B360 
 372      9D2E2A46 
 372      678C8A88 
 373 0ba4 888AD411 		.ascii	"\210\212\324\021\266\030]\200~y\340\362\265:c\2301\312"
 373      B6185D80 
 373      7E79E0F2 
 373      B53A6398 
 373      31CA
 374 0bb6 6232FCF3 		.ascii	"b2\374\363\217\021s\215\212\3371K1\337\232\255\3060"
 374      8F11738D 
 374      8ADF314B 
 374      31DF9AAD 
 374      C630
 375 0bc8 C35796A8 		.ascii	"\303W\226\250\010\2039\306\362?!\017S\314`\344\246\265"
 375      088339C6 
 375      F23F210F 
 375      53CC60E4 
 375      A6B5
 376 0bda 66EB14B5 		.ascii	"f\353\024\265k\360\252@\303\262\220\310\320p\223\305"
 376      6BF0AA40 
 376      C3B290C8 
 376      D07093C5 
 377 0bea EBED30DF 		.ascii	"\353\3550\3373\206\005\033\303\202bVXL\246\210h\253"
 377      3386051B 
 377      C3826256 
 377      584CA688 
 377      68AB
 378 0bfc 392A526F 		.ascii	"9*Ro\372f\215\331b\012u2,\212\212\012\377\323\257\362"
 378      FA668DD9 
 378      620A7532 
 378      2C8A8A0A 
 378      FFD3AFF2 
ARM GAS  /tmp/cciwTWdQ.s 			page 30


 379 0c10 CC62D599 		.ascii	"\314b\325\231#\215\341kBM\340P\2141,\024\234\321\030"
 379      238DE16B 
 379      424DE050 
 379      8C312C14 
 379      9CD118
 380 0c23 0C6BCC91 		.ascii	"\014k\314\221\326\371\037\031\254\013tkb,\272\020K\304"
 380      D6F91F19 
 380      AC0B746B 
 380      622CBA10 
 380      4BC4
 381 0c35 87915191 		.ascii	"\207\221Q\221\246\017M!_\232\247\360\021!\3060s\244"
 381      A60F4D21 
 381      5F9AA7F0 
 381      1121C630 
 381      73A4
 382 0c47 49670835 		.ascii	"Ig\0105}\025\262&\334j\260~\027m\212\201\376.\266\336"
 382      7D15B226 
 382      DC6AB07E 
 382      176D8A81 
 382      FE2EB6DE 
 383 0c5b 1FBCA377 		.ascii	"\037\274\243w\314w1:C\2145\024\240\320E\2716:\306\342"
 383      CC77313A 
 383      438C3514 
 383      A0D045B9 
 383      363AC6E2 
 384 0c6f 6231AD06 		.ascii	"b1\255\006\260\301\272\3507&\025\010\271h\243s\270\305"
 384      B0C1BAE8 
 384      37261508 
 384      B968A373 
 384      B8C5
 385 0c81 600D0BC5 		.ascii	"`\015\013\305\226y\037q\226\371\234\005\356\3638\213"
 385      96791F71 
 385      96F99C05 
 385      EEF3388B 
 386 0c91 BFAB9069 		.ascii	"\277\253\220i\253\321\272Vi\014\013\261\250\015\206"
 386      ABD1BA56 
 386      690C0BB1 
 386      A80D86
 387 0ca0 D526AB61 		.ascii	"\325&\253aE\360\012\267\220\360oC\276\2131\230#\303"
 387      45F00AB7 
 387      90F06F43 
 387      BE8B3198 
 387      23C3
 388 0cb2 21B0BFFC 		.ascii	"!\260\277\3747^\000\237.pypP\260\230\316\210\030s\214"
 388      375E009F 
 388      2E707970 
 388      50B098CE 
 388      8818738C 
 389 0cc6 61B5D108 		.ascii	"a\265\321\010\336\200\211\030f\302\233Z_\023\031\036"
 389      DE808918 
 389      66C29B5A 
 389      5F13191E 
 390 0cd6 65FC5A1C 		.ascii	"e\374Z\034iI\243\033\203.\012\010^\262B\037\244\326"
 390      6949A31B 
 390      832E0A08 
 390      5EB2421F 
 390      A4D6
ARM GAS  /tmp/cciwTWdQ.s 			page 31


 391 0ce8 2F095EA2 		.ascii	"/\011^\242_\265d\261\2772(8@\257\\\276|\251\036\007"
 391      5FB564B1 
 391      BF322838 
 391      40AF5CBE 
 391      7CA91E07 
 392 0cfc 2CD6E3C5 		.ascii	",\326\343\305\360\\\261T\257\014X\032\254W.Z\032\240"
 392      F05CB154 
 392      AF0C581A 
 392      AC572E5A 
 392      1AA0
 393 0d0e 77825700 		.ascii	"w\202W\000XL\364e\344\026\0107\247\340e\201\301z\034"
 393      584CF465 
 393      E4160837 
 393      A7E06581 
 393      C17A1C
 394 0d21 BC6C859A 		.ascii	"\274l\205\232\215\351\307\006\253Jx\342\300@x\023\250"
 394      8DE9C706 
 394      AB4A78E2 
 394      C0407813 
 394      A8
 395 0d32 770A08D2 		.ascii	"w\012\010\322\007\352\225\253>\377L\257\014\002\264"
 395      07EA95AB 
 395      3EFF4CAF 
 395      0C02B4
 396 0d41 53E08A95 		.ascii	"S\340\212\225A\213\341\036\020\250\017\372\215) \005"
 396      418BE11E 
 396      10A80FFA 
 396      8D292005 
 397 0d51 6E8C5840 		.ascii	"n\214X@j\"8p\221\341s(\020/\032\253]\370\352\251\246"
 397      6A223870 
 397      91E17328 
 397      102F1AAB 
 397      5DF8EAA9 
 398 0d66 FF00CCBE 		.ascii	"\377\000\314\276U\011"
 398      5509
 399              		.text
 400              		.section	.gnu.lto_.symtab.d9d30616e2e66516,"",%progbits
 401 0000 5356435F 		.ascii	"SVC_Handler\000"
 401      48616E64 
 401      6C657200 
 402 000c 00       		.ascii	"\000"
 403 000d 00       		.ascii	"\000"
 404 000e 00       		.ascii	"\000"
 405 000f 00000000 		.ascii	"\000\000\000\000\000\000\000\000"
 405      00000000 
 406 0017 B5000000 		.ascii	"\265\000\000\000"
 407 001b 5F706F72 		.ascii	"_port_irq_epilogue\000"
 407      745F6972 
 407      715F6570 
 407      696C6F67 
 407      756500
 408 002e 00       		.ascii	"\000"
 409 002f 00       		.ascii	"\000"
 410 0030 00       		.ascii	"\000"
 411 0031 00000000 		.ascii	"\000\000\000\000\000\000\000\000"
 411      00000000 
 412 0039 B7000000 		.ascii	"\267\000\000\000"
ARM GAS  /tmp/cciwTWdQ.s 			page 32


 413 003d 5F706F72 		.ascii	"_port_switch_from_isr\000"
 413      745F7377 
 413      69746368 
 413      5F66726F 
 413      6D5F6973 
 414 0053 00       		.ascii	"\000"
 415 0054 02       		.ascii	"\002"
 416 0055 00       		.ascii	"\000"
 417 0056 00000000 		.ascii	"\000\000\000\000\000\000\000\000"
 417      00000000 
 418 005e B1000000 		.ascii	"\261\000\000\000"
 419 0062 5F706F72 		.ascii	"_port_exit_from_isr\000"
 419      745F6578 
 419      69745F66 
 419      726F6D5F 
 419      69737200 
 420 0076 00       		.ascii	"\000"
 421 0077 02       		.ascii	"\002"
 422 0078 00       		.ascii	"\000"
 423 0079 00000000 		.ascii	"\000\000\000\000\000\000\000\000"
 423      00000000 
 424 0081 B3000000 		.ascii	"\263\000\000\000"
 425 0085 63685363 		.ascii	"chSchIsPreemptionRequired\000"
 425      68497350 
 425      7265656D 
 425      7074696F 
 425      6E526571 
 426 009f 00       		.ascii	"\000"
 427 00a0 02       		.ascii	"\002"
 428 00a1 00       		.ascii	"\000"
 429 00a2 00000000 		.ascii	"\000\000\000\000\000\000\000\000"
 429      00000000 
 430 00aa BF000000 		.ascii	"\277\000\000\000"
 431              		.text
 432              		.section	.gnu.lto_.opts,"",%progbits
 433 0000 272D666D 		.ascii	"'-fmath-errno' '-fsigned-zeros' '-ftrapping-math' '"
 433      6174682D 
 433      6572726E 
 433      6F272027 
 433      2D667369 
 434 0033 2D666E6F 		.ascii	"-fno-trapv' '-fno-openmp' '-fno-openacc' '-mcpu=cor"
 434      2D747261 
 434      70762720 
 434      272D666E 
 434      6F2D6F70 
 435 0066 7465782D 		.ascii	"tex-m4' '-mno-thumb-interwork' '-mthumb' '-ggdb' '-"
 435      6D342720 
 435      272D6D6E 
 435      6F2D7468 
 435      756D622D 
 436 0099 4F322720 		.ascii	"O2' '-fomit-frame-pointer' '-falign-functions=16' '"
 436      272D666F 
 436      6D69742D 
 436      6672616D 
 436      652D706F 
 437 00cc 2D666675 		.ascii	"-ffunction-sections' '-fdata-sections' '-fno-common"
 437      6E637469 
ARM GAS  /tmp/cciwTWdQ.s 			page 33


 437      6F6E2D73 
 437      65637469 
 437      6F6E7327 
 438 00ff 2720272D 		.ascii	"' '-flto'\000"
 438      666C746F 
 438      2700
 439              		.text
 440              		.comm	__gnu_lto_v1,1,1
 441              		.comm	__gnu_lto_slim,1,1
 442              		.ident	"GCC: (GNU Tools for ARM Embedded Processors 6-2017-q2-update) 6.3.1 20170215 (release) [AR
ARM GAS  /tmp/cciwTWdQ.s 			page 34


DEFINED SYMBOLS
                            *ABS*:0000000000000000 chcore_v7m.c
                            *COM*:0000000000000001 __gnu_lto_v1
                            *COM*:0000000000000001 __gnu_lto_slim

NO UNDEFINED SYMBOLS
