ARM GAS  /tmp/cc8qOsHu.s 			page 1


   1              		.cpu cortex-m4
   2              		.eabi_attribute 20, 1
   3              		.eabi_attribute 21, 1
   4              		.eabi_attribute 23, 3
   5              		.eabi_attribute 24, 1
   6              		.eabi_attribute 25, 1
   7              		.eabi_attribute 26, 1
   8              		.eabi_attribute 30, 2
   9              		.eabi_attribute 34, 1
  10              		.eabi_attribute 18, 4
  11              		.file	"chdynamic.c"
  12              		.text
  13              	.Ltext0:
  14              		.section	.gnu.lto_.profile.9d96270a9d31b091,"",%progbits
  15 0000 789C6365 		.ascii	"x\234ce`b`a```d\3100\000\000\001\200\000\245"
  15      60626061 
  15      60606064 
  15      C8300000 
  15      018000A5 
  16              		.text
  17              		.section	.gnu.lto_.icf.9d96270a9d31b091,"",%progbits
  18 0000 789C6365 		.ascii	"x\234ce`b\340e@\000&\206\215\273;+\030\267L\\\367\225"
  18      6062E065 
  18      40002686 
  18      8DBB3B2B 
  18      18B74C5C 
  19 0016 89010026 		.ascii	"\211\001\000&l\005o"
  19      6C056F
  20              		.text
  21              		.section	.gnu.lto_.jmpfuncs.9d96270a9d31b091,"",%progbits
  22 0000 789C6365 		.ascii	"x\234ce`bX\312\200\000L\014l\214``\317X\017\002,\014"
  22      606258CA 
  22      80004C0C 
  22      6C8C6060 
  22      CF580F02 
  23 0016 8C8C1D4C 		.ascii	"\214\214\035L\323\231\031\267\0349\336\306\321\307<"
  23      D39919B7 
  23      1C39DEC6 
  23      D1C73C
  24 0025 9F1928C0 		.ascii	"\237\031(\300\270\234Q\206\201\021(\270\376\315\316"
  24      B89C5186 
  24      811128B8 
  24      FECDCE
  25 0034 9FBC2041 		.ascii	"\237\274 AFF\006\306\025@A\240~\006F\026\0066\246J\006"
  25      464606C6 
  25      154041A0 
  25      7E064616 
  25      0636A64A 
  26 0049 4620A712 		.ascii	"F \247\022H\200\025\316\332\375\345\024+H!\023#\007"
  26      488015CE 
  26      DAFDE514 
  26      2B482113 
  26      2307
  27 005b E34A9042 		.ascii	"\343J\220BFV\2605\362\250\266\034\375\377\375\000?\304"
  27      4656B035 
  27      F2A8B61C 
  27      FDFFFD00 
ARM GAS  /tmp/cc8qOsHu.s 			page 2


  27      3FC4
  28 006d 1626C655 		.ascii	"\026&\306U [\220\215e\202\030\313\000\000\206S \273"
  28      205B908D 
  28      658218CB 
  28      00008653 
  28      20BB
  29              		.text
  30              		.section	.gnu.lto_.inline.9d96270a9d31b091,"",%progbits
  31 0000 789C6365 		.ascii	"x\234ce`b\010g@\000&\006\011)#F\006&\211\025[\030\031"
  31      60620867 
  31      40002606 
  31      09292346 
  31      06268915 
  32 0017 D816C833 		.ascii	"\330\026\3103\201\004\231y\200\022\023\374\3004#\003"
  32      81049979 
  32      801213FC 
  32      C0342303 
  33 0027 2B1F5064 		.ascii	"+\037Pd\202\037\220\317\010Q+}\355\024#\003\373-5,j"
  33      821F90CF 
  33      08512B7D 
  33      ED142303 
  33      FB2D352C 
  34 003c C1249007 		.ascii	"\301$\220\007\000\374\215\012\357"
  34      00FC8D0A 
  34      EF
  35              		.text
  36              		.section	.gnu.lto_.pureconst.9d96270a9d31b091,"",%progbits
  37 0000 789C6365 		.ascii	"x\234ce`b`g`\000\222\273\030\031w1\002\000\005\355\001"
  37      60626067 
  37      600092BB 
  37      18197731 
  37      020005ED 
  38 0015 88       		.ascii	"\210"
  39              		.text
  40              		.section	.gnu.lto_chThdCreateFromHeap.9d96270a9d31b091,"",%progbits
  41 0000 789C9595 		.ascii	"x\234\225\225{LSw\024\307\177\347\376n{\013\005\024"
  41      7B4C5377 
  41      14C77FE7 
  41      FE6E7B0B 
  41      0514
  42 0012 C79C23C6 		.ascii	"\307\234#\306\324dDM6\357\236\031\311\366\21711s\013"
  42      D464444D 
  42      36EF9E19 
  42      C9F68F31 
  42      31730B
  43 0025 D9224B4C 		.ascii	"\331\"KL\366\307\014\226\016\232X\332\265\370\332?\\"
  43      F6C70C96 
  43      0E9A58DA 
  43      B5F8DA3F 
  43      5C
  44 0036 1EBEC67C 		.ascii	"\036\276\306|n\"\264t\267\2311\352\030\212L\235\214"
  44      6E22B474 
  44      B79931EA 
  44      188A4C9D 
  44      8C
  45 0047 879DF804 		.ascii	"\207\235\370\004\037\310\300\251 C\013:D\3114\3506\235"
  45      1FC8C0A9 
ARM GAS  /tmp/cc8qOsHu.s 			page 3


  45      20430B3A 
  45      44C934E8 
  45      369D
  46 0059 B2737E2D 		.ascii	"\262s~-\004\212\331\\\023B\357\375}\277\347\234\337"
  46      048AD95C 
  46      1342EFFD 
  46      7DBFE79C 
  46      DF
  47 006a 399FDFAF 		.ascii	"9\237\337\257\006&\261\371&\306\322\200\2617\030c``"
  47      0626B1F9 
  47      26C6D280 
  47      B1371863 
  47      6060
  48 007c 206D3ACB 		.ascii	" m:\313X\276I\222\344&\316\264X~\274\2111-\216\203\034"
  48      58BE4992 
  48      E426CEB4 
  48      587EBC89 
  48      312D8E83 
  49 0091 7E2F03D0 		.ascii	"~/\003\320\027\315\004,O\3422\344\301F\276\215\303\371"
  49      17CD042C 
  49      4FE232E4 
  49      C146BE8D 
  49      C3F9
  50 00a3 A2AA72BE 		.ascii	"\242\252r\276\201\353\234\201\214\217w\316xC\011\364"
  50      81EB9C81 
  50      8C8F77CE 
  50      784309F4 
  51 00b3 0860C147 		.ascii	"\010`\301G\237\326\272N\231\265S\323\012\264\340\266"
  51      9FD6BA4E 
  51      99B553D3 
  51      0AB4E0B6 
  52 00c3 36A3AFBA 		.ascii	"6\243\257\272E\213\321\271\304\312P\276\013\246\302"
  52      458BD1B9 
  52      C4CA50BE 
  52      0BA6C2
  53 00d2 4E984AD9 		.ascii	"N\230J\331w\303,\024\357\037(\275\033\303\337\002\206"
  53      77C32C14 
  53      EF1F28BD 
  53      1BC3DF02 
  53      86
  54 00e3 DFBD1B7B 		.ascii	"\337\275\033{u\303\214\035\3028\270\225k/\350\234\303"
  54      75C38C1D 
  54      C238B895 
  54      6B2FE89C 
  54      C3
  55 00f4 B7C0471B 		.ascii	"\267\300G\033\361\025\203\012\230\201\362o\362\333\233"
  55      F115830A 
  55      9881F26F 
  55      F2DB9B
  56 0103 E3F91C61 		.ascii	"\343\371\034a]SY\337\227\020\261\366l\023V\031\276\213"
  56      5D5359DF 
  56      9710B1F6 
  56      6C135619 
  56      BE8B
  57 0115 B6CA0C2A 		.ascii	"\266\312\014*\205\265\340\332\301\013\300\347\011k\240"
  57      85B5E0DA 
  57      C10BC0E7 
ARM GAS  /tmp/cc8qOsHu.s 			page 4


  57      096BA0
  58 0124 3DB03CE2 		.ascii	"=\260<\342\354\362N\336Z\250\275\243s\003\354\211\366"
  58      ECF24EDE 
  58      5AA8BDA3 
  58      7303EC89 
  58      F6
  59 0135 62B3F60A 		.ascii	"b\263\366\012oE\301\215\333\234\277'\274\353N=\012)"
  59      6F45C18D 
  59      DB9CBF27 
  59      BCEB4E3D 
  59      0A29
  60 0147 11F3E970 		.ascii	"\021\363\351pZ#TE[\215\014\366\011\353\351\233\265\007"
  60      5A235445 
  60      5B8D0CF6 
  60      09EBE99B 
  60      B507
  61 0159 4CFC0361 		.ascii	"L\374\003a\035:\264\343\2769b\275\356\235\366\225\310"
  61      1D3AB4E3 
  61      BE3962BD 
  61      EE9DF695 
  61      C8
  62 016a AB4075B4 		.ascii	"\253@u\264Ya\360\2750\367k\305\365\300\323\205\271\375"
  62      5961F0BD 
  62      30F76BC5 
  62      F5C0D385 
  62      B9FD
  63 017c C2EE0F87 		.ascii	"\302\356\017\207\323\226\210\264&\330\037\355418\000"
  63      D39688B4 
  63      26D81FED 
  63      34313800 
  64 018c 33483E50 		.ascii	"3H>P\324\333m\016\317k\012>V\325\025\335\216\314+\010"
  64      D4DB6D0E 
  64      CF6B0A3E 
  64      56D515DD 
  64      8ECC2B08 
  65 01a0 F87CE96A 		.ascii	"\370|\351j\335@,_(\"W\366t.M\331\256\0055-8\340\233"
  65      DD402C5F 
  65      282257F6 
  65      742E4DD9 
  65      AE05352D 
  66 01b7 B645D34E 		.ascii	"\266E\323Nj\262\316c\340P8\372\017\030\375\240\230\037"
  66      6AB2CE63 
  66      E05038FA 
  66      0F18FDA0 
  66      981F
  67 01c9 2375B03F 		.ascii	"#u\260?T!\363\217\2043\264\376\330F\031\255T\324}\357"
  67      5421F38F 
  67      8433B4FE 
  67      D84619AD 
  67      54D47DEF 
  68 01dd A4CD8561 		.ascii	"\244\315\205a\253\011~\034[X\304z\264\367\357V3\377"
  68      AB097E1C 
  68      5B58C47A 
  68      B4F7EF56 
  68      33FF
  69 01ef 5858F32B 		.ascii	"XX\363+|\345q\021\353\2007y\330*A\335\023\255\327\366"
  69      7CE57111 
ARM GAS  /tmp/cc8qOsHu.s 			page 5


  69      EB803779 
  69      D82A41DD 
  69      13ADD7F6 
  70 0203 3DDE1A6F 		.ascii	"=\336\032o\224\241\036R\240\026\377j \205\340B\246\032"
  70      94A11E52 
  70      A016FF6A 
  70      2085E042 
  70      A61A
  71 0215 C08870F3 		.ascii	"\300\210p\363\321+{[!\250=\036Z\203]N\036\030\274\227"
  71      D12B7B5B 
  71      21A83D1E 
  71      5A835D4E 
  71      1E18BC97 
  72 0229 980CD81A 		.ascii	"\230\014\330\032\011\301F\210\014@<`\207Qk\002\232\257"
  72      09C14688 
  72      0C403C60 
  72      87516B02 
  72      9AAF
  73 023b 191763E3 		.ascii	"\031\027c\343\201\3465\001\250\361\211@MLb\024\222\261"
  73      81E63501 
  73      A8F18940 
  73      4D4C6214 
  73      92B1
  74 024d CF310B1D 		.ascii	"\3171\013\035\210b\304\031\377\363~X\035\010\255W(\257"
  74      8862C419 
  74      FFF37E58 
  74      1D08AD57 
  74      28AF
  75 025f 9F2B585A 		.ascii	"\237+XZM\315\255\016%\357\221f\322\271\271\214c-p\030"
  75      4DCDAD0E 
  75      25EF9166 
  75      D2B9B98C 
  75      632D7018 
  76 0273 F2989FCB 		.ascii	"\362\230\237\313~n \302k\007\233\014\324\37180a\357"
  76      7E6E20C2 
  76      6B079B0C 
  76      D4F93830 
  76      61EF
  77 0285 A7EA3C9E 		.ascii	"\247\352<\236\365B\201E\024\216E`\020\326\003E\227\033"
  77      F5428145 
  77      148E4560 
  77      10D60345 
  77      971B
  78 0297 CFFAE222 		.ascii	"\317\372\342\"Aavx\337\305\010>\236N\336\007\005\336"
  78      41617678 
  78      DFC5083E 
  78      9E4EDE07 
  78      05DE
  79 02a9 BEFA9099 		.ascii	"\276\372\220\231\2261\342\246\222\257\213\025\365%B"
  79      9631E2A6 
  79      92AF8B15 
  79      F52542
  80 02b8 16375B4A 		.ascii	"\0267[J]`\360\023\250~\034?JKb\242u\261a\035\220\356"
  80      5D60F013 
  80      A87E1C3F 
  80      4A4B62A2 
  80      75B1611D 
ARM GAS  /tmp/cc8qOsHu.s 			page 6


  81 02ce 08E914D4 		.ascii	"\010\351\024\324\025\226\257^_\223\024\316h\306WX\255"
  81      1596AF5E 
  81      5F9314CE 
  81      68C65758 
  81      AD
  82 02df 703F2951 		.ascii	"p?)Q$\200D\001\032)\200\231\244\336q\211\214a\235\230"
  82      24804401 
  82      1A298099 
  82      A4DE7189 
  82      8C619D98 
  83 02f3 CB51D2C5 		.ascii	"\313Q\322\305?Y\247\204u2\351\216\221n\302\030\335\340"
  83      3F59A784 
  83      7532E98E 
  83      916EC218 
  83      DDE0
  84 0305 AE3B1D40 		.ascii	"\256;\035@:SXg \335q\322%b\353$\342\341F\335\2326\340"
  84      3A535867 
  84      20DD71D2 
  84      2562EB24 
  84      E2E146DD 
  85 031c 1902A503 		.ascii	"\031\002\245\003\015\027Kc#(\015\225\317\364\0266\177"
  85      0D174B63 
  85      23280D95 
  85      CFF41636 
  85      7F
  86 032d A1050A26 		.ascii	"\241\005\012&\352<\001N\214\207\011NB\012\335\036}Z"
  86      EA3C014E 
  86      8C87094E 
  86      420ADD1E 
  86      7D5A
  87 033f BD4C6349 		.ascii	"\275LcI\000\013\234\302\265\233xC<,\251j\205\021\332"
  87      000B9CC2 
  87      B59B7843 
  87      3C2CA96A 
  87      8511DA
  88 0352 8A34FC04 		.ascii	"\2124\374\004\277<\244\010\310\312\270\304\242\226\232"
  88      BF3CA408 
  88      C8CAB8C4 
  88      A2969A
  89 0361 0F5B1631 		.ascii	"\017[\0261h\2425\036\275\366\260|\246\217S.\006\315"
  89      68A2351E 
  89      BDF6B07C 
  89      A68F532E 
  89      06CD
  90 0373 24904751 		.ascii	"$\220GQ\314\3404\030\261\2223\204.\260j\211n6\275\372"
  90      CCE03418 
  90      B1923384 
  90      2EB06A89 
  90      6E36BDFA 
  91 0387 CFD8E98D 		.ascii	"\317\330\351\215\222\256\225Zt\354\007\235\313P\255"
  91      92AE955A 
  91      74EC079D 
  91      CB50AD
  92 0396 6692B1E9 		.ascii	"f\222\261\351p\026\246\213S\360\373\255\266\016\011"
  92      7016A68B 
  92      53F0FBAD 
  92      B60E09
ARM GAS  /tmp/cc8qOsHu.s 			page 7


  93 03a5 DFC03990 		.ascii	"\337\3009\220E\321\014Z\304u\274\253\241\2617n\372\361"
  93      45D10C5A 
  93      C475BCAB 
  93      A1B1376E 
  93      FAF1
  94 03b7 887B2269 		.ascii	"\210{\"i\357\356\251n7\013\367yrC+\310\202;\321\000"
  94      EFEEA96E 
  94      370BF779 
  94      72432BC8 
  94      823BD100 
  95 03cb C6FAA1A8 		.ascii	"\306\372\241\250\273\370J#\204\001H\032\313qb\031\365"
  95      BBF84A23 
  95      8401481A 
  95      CB716219 
  95      F5
  96 03dc 1C7E468E 		.ascii	"\034~F\216q\341\372\346\315\3538.\340'\360\000t>\211"
  96      71E1FAE6 
  96      CDEB382E 
  96      E027F000 
  96      743E89
  97 03ef A6423E06 		.ascii	"\246B>\006m\220\247\363g(n Y\000]O@'\3214\007\177\353"
  97      6D90A7F3 
  97      67286E20 
  97      59005D4F 
  97      4027D134 
  98 0406 DAAE4406 		.ascii	"\332\256D\006Z\262\352\3109\205\232-\211\201\375q\242"
  98      5AB2EAC8 
  98      39859A2D 
  98      8981FD71 
  98      A2
  99 0417 696D9C0E 		.ascii	"im\234\016\376|\2128Y\347Ih\201v\332\016.\356\350)\330"
  99      FE7C8A38 
  99      59E74968 
  99      8176DA0E 
  99      2EEEE829 
 100 042c A3A89594 		.ascii	"\243\250\225\224\015\267\362,\\\000\035J\361>\305z~"
 100      0DB7F22C 
 100      5C001D4A 
 100      F13EC57A 
 100      7E
 101 043d 01957E3E 		.ascii	"\001\225~>\216\236Xm\242`\223\001\340\"\272\372aU`h"
 101      8E9E586D 
 101      A2609301 
 101      E022BAFA 
 101      61556068 
 102 0451 0317158D 		.ascii	"\003\027\025\215\335\307sed\204K\342<\322\036\367\336"
 102      DDC77365 
 102      64844BE2 
 102      3CD21EF7 
 102      DE
 103 0462 AAF92B9E 		.ascii	"\252\371+\236\274S\260\361\227\3510>?LT\024E\376\377"
 103      BC53B0F1 
 103      97E9303E 
 103      3F4C5414 
 103      45FEFF
 104 0475 A0A84350 		.ascii	"\240\250CP4\262\261\004\214\327\371o\024\265\014S\244"
 104      34B2B104 
ARM GAS  /tmp/cc8qOsHu.s 			page 8


 104      8CD7F96F 
 104      14B50C53 
 104      A4
 105 0486 8C01E10A 		.ascii	"\214\001\341\012\2010\016\253\267\355\014\272Hl\032"
 105      81300EAB 
 105      B7ED0CBA 
 105      486C1A
 106 0495 8FD5EB7E 		.ascii	"\217\325\353~N\311\031\374:\036\253n\201\325\325QX="
 106      4EC919FC 
 106      3A1EAB6E 
 106      81D5D551 
 106      583D
 107 04a7 D6AF3698 		.ascii	"\326\2576\230\207\211\351\024\304\\\023\304D\343\021"
 107      8789E914 
 107      C45C13C4 
 107      44E311
 108 04b6 1AC18382 		.ascii	"\032\301\203\202\213\313G\026\367]\037\034\351\024\224"
 108      8BCB4716 
 108      F75D1F1C 
 108      E91494
 109 04c5 D0D4D158 		.ascii	"\320\324\321X\326\035\334bH=\250\255E\022b\030\364@"
 109      D61DDC62 
 109      483DA8AD 
 109      45126218 
 109      F440
 110 04d7 2ABB8D1D 		.ascii	"*\273\215\035\364\213\353\345\036\216\004\007)u\265"
 110      F48BEBE5 
 110      1E8E0407 
 110      2975B5
 111 04e6 F852B1E3 		.ascii	"\370R\261\343\374\362\203\026\300\033\024(\022\346J"
 111      FCF28316 
 111      C01B1428 
 111      12E64A
 112 04f5 55B39D0E 		.ascii	"U\263\235\016\233\232\371\352+\231\257}\252\272\334"
 112      9B9AF9EA 
 112      2B99AF7D 
 112      AABADC
 113 0504 CE2C7786 		.ascii	"\316,w\206\303a\317\311R\347f\333\027\333\337OWU\247"
 113      C361CFC9 
 113      52E766DB 
 113      17DBDF4F 
 113      5755A7
 114 0517 4775E7AA 		.ascii	"Gu\347\252\036\267U\265fg\256\314\311p\330\255\263\255"
 114      1EB755B5 
 114      6667AECC 
 114      C970D8AD 
 114      B3AD
 115 0529 CC906DCB 		.ascii	"\314\220m\313p\271d\217\3753\233\214\357l\262\313mw"
 115      70B9648F 
 115      FD339B8C 
 115      EF6CB2CB 
 115      6D77
 116 053b 4AAE4F78 		.ascii	"J\256Ox\206;K\312\315\344\313=.)\327eX\226\261d\251"
 116      863B4BCA 
 116      CDE4CB3D 
 116      2E29D765 
 116      5896B164 
ARM GAS  /tmp/cc8qOsHu.s 			page 9


 117 0550 6DDE5325 		.ascii	"m\336S%\261:\035\016g\216\352r\272s=\352\234\005is\323"
 117      B13A1D0E 
 117      678EEA72 
 117      BA733DEA 
 117      9C056973 
 118 0565 566046AB 		.ascii	"V`F\253\323m[\264\354M\307\354l\366\356\377\011c[\221"
 118      D36D5BB4 
 118      EC4DC7EC 
 118      6CF6EEFF 
 118      09635B91 
 119 0579 ABCE4D4B 		.ascii	"\253\316MK\237\237\256\332s\254K\226f\332T\253\303c"
 119      9F9FAEDA 
 119      73AC4B96 
 119      66DA54AB 
 119      C363
 120 058b F72CCAB2 		.ascii	"\367,\312\262Z1\324So{\304\234\355Y\351A\343\304\264"
 120      5A31D453 
 120      6F7BC49C 
 120      ED59E941 
 120      E3C4B4
 121 059e F40596C5 		.ascii	"\364\005\226\305\031\036\033n\367EK\312\313Lr3\305a"
 121      191E1B6E 
 121      F7454BCA 
 121      CB4C7233 
 121      C561
 122 05b0 7338DD2B 		.ascii	"s8\335+\331?\231\021\006K"
 122      D93F9911 
 122      064B
 123              		.text
 124              		.section	.gnu.lto_chThdCreateFromMemoryPool.9d96270a9d31b091,"",%progbits
 125 0000 789C9594 		.ascii	"x\234\225\224kLTW\020\307\317\334s\331\273\356\202\370"
 125      6B4C5457 
 125      10C7CFDC 
 125      73D9BBEE 
 125      82F8
 126 0012 A0D652DA 		.ascii	"\240\326R\332\254I\211\332\264\336>S\2226M\032\322\306"
 126      AC4989DA 
 126      B4DE3E53 
 126      92364D1A 
 126      D2C6
 127 0024 B62126D2 		.ascii	"\266!&\3224\361\223\301e\013\233\270,\335\305\327'\216"
 127      34F193C1 
 127      650B9BB8 
 127      2CDDC5D7 
 127      278E
 128 0036 80554B5B 		.ascii	"\200UK[\037\215\310Cz7\032\242BE\244\225\202<\272\025"
 128      1F8DC843 
 128      7A371AA2 
 128      4245A495 
 128      823CBA15 
 129 004a F1816F2A 		.ascii	"\361\201o*T\005\021\\@Q4\265\261\265\265U:sv!\262\020"
 129      5405115C 
 129      405134B5 
 129      B1B5B555 
 129      3A737621 
 130 0060 6BF9B0DC 		.ascii	"k\371\260\334{\317\377?3g\346wN\004S\330v3c\357\002"
 130      7BCFFF3F 
ARM GAS  /tmp/cc8qOsHu.s 			page 10


 130      3367E677 
 130      4E0453D8 
 130      763363EF 
 131 0075 63AF33C6 		.ascii	"c\2573\306 \202\201\262\361\024c\253\315\212\242\266"
 131      208281B2 
 131      F11463AB 
 131      CD8AA2B6 
 132 0085 72262CFC 		.ascii	"r&,\374p+c\"\222\203\032\374\256\002\320\2030\003\313"
 132      702B6322 
 132      92831AFC 
 132      AE02D083 
 132      3003CB
 133 0098 56B80AD9 		.ascii	"V\270\012\331\260\201o\345p6\257j\033\377\212\033\234"
 133      B0816FE5 
 133      7036AF6A 
 133      1BFF8A1B 
 133      9C
 134 00a9 818AAFB7 		.ascii	"\201\212\257\267O\026\007&\323+\200\015_KD\333zm\356"
 134      4F160726 
 134      D32B800D 
 134      5F4B44DB 
 134      7A6DEE
 135 00bc 4E217284 		.ascii	"N!r\204\177k\233\245\244\372\214\230dp\205\025\241|"
 135      7F6B9BA5 
 135      A4FA8C98 
 135      64708515 
 135      A17C
 136 00ce 17C4C14E 		.ascii	"\027\304\301N\210\243\354\273a.\212\257\325\036^g\346"
 136      88A3ECBB 
 136      612E8AAF 
 136      D51E5E67 
 136      E6
 137 00df 6F02C3E7 		.ascii	"o\002\303\347\336\236\333\317\314.\223\276\276\002."
 137      DE9EDBCF 
 137      CC2E93BE 
 137      BE022E
 138 00ee 9E333887 		.ascii	"\23638\207r\340\017\373\360\023\203\012\230\215\352"
 138      72E00FFB 
 138      F013830A 
 138      988DEA
 139 00fd 9C2B351D 		.ascii	"\234+5\035\300\337\226N_\273o\305\210sf\221\360\253"
 139      C0DF964E 
 139      5FBB6FC5 
 139      88736691 
 139      F0AB
 140 010f 0616FB6D 		.ascii	"\006\026\373m\270Ue\260GZ+r\256\336\344<QZ\327\037\273"
 140      B85565B0 
 140      475A2B72 
 140      AEDEE43C 
 140      515AD71F 
 141 0124 1FD042DE 		.ascii	"\037\320B\336\216\362\330-\271b\276\301#\2402\334\214"
 141      8EF2D82D 
 141      B962BEC1 
 141      23A032DC 
 141      8C
 142 0135 CDDA2BCD 		.ascii	"\315\332+\315'\256\327\3577\363\371\322<\\[\366\207"
 142      27AED7EF 
ARM GAS  /tmp/cc8qOsHu.s 			page 11


 142      37F3F9D2 
 142      3C5C5BF6 
 142      87
 143 0146 3564EEDA 		.ascii	"5d\356\332*K6AU\270\325\304`\237\264\336\020\371\215"
 143      2A4B3641 
 143      55B8D5C4 
 143      609FB4DE 
 143      10F98D
 144 0159 C03F94D6 		.ascii	"\300?\224\326\366\216\335\037\205\234C\241\2225\250"
 144      F68EDD1F 
 144      859C43A1 
 144      9235A8
 145 0168 0EB76A0C 		.ascii	"\016\267j\014\276\203\331\244\277\225\327\337c\015\366"
 145      BE83D9A4 
 145      BF95D7DF 
 145      630DF6
 146 0177 7C26BE56 		.ascii	"|&\276V5\344\335\014\365\334\017\370~\241\267\341\226"
 146      35E4DD0C 
 146      F5DC0FF8 
 146      7EA1B7E1 
 146      96
 147 0188 852F90A1 		.ascii	"\205/\220\241\367\364u-\213\337!\374B\370oU<\273Y\210"
 147      F7F4752D 
 147      8BDF21FC 
 147      42F86F55 
 147      3CBB5988 
 148 019c A302A39B 		.ascii	"\243\002\243\233\241&\030}?F\377^\316\200\221\332\177"
 148      A126187D 
 148      3F46FF5E 
 148      CE8091DA 
 148      7F
 149 01ad 2350A1F2 		.ascii	"#P\241\362\205\322\031\370\262e\203\212V\252j\240|\332"
 149      85D219F8 
 149      B265838A 
 149      56AA6AA0 
 149      7CDA
 150 01bf A6DCA055 		.ascii	"\246\334\240U\203\332\261\205\205\254\207\372\377i\263"
 150      83DAB185 
 150      85AC87FA 
 150      FF69B3
 151 01ce F28FA575 		.ascii	"\362\217\245uuE\311\266\310\220\265\273<v\304\252\300"
 151      7545C9B6 
 151      C890B5BB 
 151      3C76C4AA 
 151      C0
 152 01df 8109AD57 		.ascii	"\201\011\255W\366=\330\022eR\241\036\342\241\016\342"
 152      F63DD812 
 152      6552A11E 
 152      E2A10EE2 
 153 01ef 77A0E207 		.ascii	"w\240\342\007\210'F\020\215\0060!\243|d\221V\366\266"
 153      88274610 
 153      8D063021 
 153      A37C6491 
 153      56F6B6
 154 0202 815F3C18 		.ascii	"\201_<\030^\213Cz\276\270y\240Ry\032\260=\012\002\212"
 154      5E8B437A 
 154      BEB879A0 
ARM GAS  /tmp/cc8qOsHu.s 			page 12


 154      52791AB0 
 154      3D0A028A 
 155 0216 34608351 		.ascii	"4`\203Q\246\001\215\327\202\237'Y\361\307\022\0054\261"
 155      A6018DD7 
 155      829F2759 
 155      F1C71205 
 155      34B1
 156 0228 68A0E64F 		.ascii	"h\240\346O\005\352c\014\243\220\214}\216Y\210\353|\244"
 156      05EA630C 
 156      A3908C7D 
 156      8E5988EB 
 156      7CA4
 157 023a 12FFF31B 		.ascii	"\022\377\363\033\220\347\013l\321(o)7auuuC\235Z\366"
 157      90E70B6C 
 157      D1286F29 
 157      37617575 
 157      75439D5A 
 158 024f 7D6136B8 		.ascii	"}a6\270\265\210c-\320\010\331\254\224\343\206\"Y?\344"
 158      B588632D 
 158      D008D9AC 
 158      94E38622 
 158      593FE4
 159 0262 D8648998 		.ascii	"\330d\211\230\023\345\254\017\362.6\237\252\210\014"
 159      13E5AC0F 
 159      F22E369F 
 159      AA880C
 160 0271 D9615E70 		.ascii	"\331a^p\223\371\210*\036'>\0109\305\203\215\375VZ\306"
 160      93F9882A 
 160      1E273E08 
 160      39C5838D 
 160      FD565AC6 
 161 0285 D01B0BBE 		.ascii	"\320\033\013\276\311\327\364\027\011P\334V!\355\227"
 161      C9D7F417 
 161      0950DC56 
 161      21ED97
 162 0294 4113E8A5 		.ascii	"A\023\350\2458k\224\026L\012\327Y\202: \335\217\244"
 162      386B9416 
 162      4C0AD759 
 162      823A20DD 
 162      8FA4
 163 02a6 3391EEC0 		.ascii	"3\221\356\300\340\321\376\351\301\214\026T\027\2549"
 163      E0D1FEE9 
 163      C18C1654 
 163      17AC39
 164 02b5 785A231C 		.ascii	"xZ#\034\270\034\306\335#\255\353\"\015(]-\204\260\031"
 164      B81CC6DD 
 164      23ADEB22 
 164      0D285D2D 
 164      84B019
 165 02c8 3C0A2B47 		.ascii	"<\012+GL\342d\347\313\372r*5}\217\010.M\206\237\300"
 165      4CE264E7 
 165      CBFA722A 
 165      357D8F08 
 165      2E4D869F 
 166 02dd 80426C04 		.ascii	"\200Bl\004\206?\010:\306\316\335\366\331\242`d+&\303"
 166      863F083A 
 166      C6CEDDF6 
ARM GAS  /tmp/cc8qOsHu.s 			page 13


 166      D9A26064 
 166      2B26C3
 167 02f0 F8B2AE89 		.ascii	"\370\262\256\211\266\020*M\316\254\231J\263\222\264"
 167      B6102A4D 
 167      CEAC994A 
 167      B392B4
 168 02ff 78DC1622 		.ascii	"x\334\026\"\202:\225t\207H\0275\261\316\024\324E\220"
 168      823A9574 
 168      87481735 
 168      B1CE14D4 
 168      4590
 169 0311 AE8574D1 		.ascii	"\256\205t\321ctwv\335\356\004\322iA\235\211t\207I7\025"
 169      63747776 
 169      DDEE04D2 
 169      69419D89 
 169      74874937 
 170 0326 87A2D0E6 		.ascii	"\207\242\320\346\2566\254=\007|\221l\302\376\246\363"
 170      AE36AC3D 
 170      077C916C 
 170      C2FEA6F3 
 171 0336 85961091 		.ascii	"\205\226\020\221\303%s\212s\217\177!|9S\014\036\015"
 171      C325738A 
 171      738F7F21 
 171      7C39530C 
 171      1E0D
 172 0348 47C63309 		.ascii	"G\3063\011G!\036Mk\007E\243J\215\214\006\033\034\303"
 172      47211E4D 
 172      6B0745A3 
 172      4A8D8C06 
 172      1B1CC3
 173 035b B5EB78D1 		.ascii	"\265\353x\321\324\027T\265\301(\264y\324:\377\327\265"
 173      D41754B5 
 173      C128B479 
 173      D43AFFD7 
 173      B5
 174 036c 56096A11 		.ascii	"V\011j\021WX\330\322\361&\333b\006\255\264\306\303\327"
 174      5758D8D2 
 174      F126DB62 
 174      06ADB4C6 
 174      C3D7
 175 037e FE2E9953 		.ascii	"\376.\231S\302)\027\203\343$P\037:\014\014N\000\356"
 175      C2291783 
 175      E324501F 
 175      3A0C0C4E 
 175      00EE
 176 0390 094E12FE 		.ascii	"\011N\022\376\300\312\025\\\332nT\377i\231U\257\030"
 176      C0CA155C 
 176      DA6E54FF 
 176      699955AF 
 176      18
 177 03a1 A210A735 		.ascii	"\242\020\2475E\036\357@\2750\253808\005\263\344H\177"
 177      451EEF40 
 177      BD30AB38 
 177      303805B3 
 177      E4487F
 178 03b4 1D3AD7A9 		.ascii	"\035:\327\251\340\0278\015\252,\232\301\031y3\357jj"
 178      E017380D 
ARM GAS  /tmp/cc8qOsHu.s 			page 14


 178      AA2C9AC1 
 178      197933EF 
 178      6A6A
 179 03c6 EE8F9CD5 		.ascii	"\356\217\234\325\024rO%\355o\225\325\355V\351>Knh\003"
 179      14724F25 
 179      ED6F95D5 
 179      ED56E93E 
 179      4B6E6803 
 180 03da 55122D1B 		.ascii	"U\022-\033\300\030\036\205\236\374K-\020\004 f\354Y"
 180      C0181E85 
 180      9EFC4B2D 
 180      10042066 
 180      EC59
 181 03ec 985644B3 		.ascii	"\230VD\263\201\237\361,\340\302\300\246M\3539.\340\237"
 181      819FF12C 
 181      E0C2C0A6 
 181      4DEB392E 
 181      E09F
 182 03fe EF1E187C 		.ascii	"\357\036\030|:M\205|\014\316A\266\301c(\256/V\036\225"
 182      3A4D857C 
 182      0CCE41B6 
 182      C16328AE 
 182      2F561E95 
 183 0412 7A3A2A31 		.ascii	"z:*14\315;\327\272\313\264\320@G\251U\306Q\353\233a"
 183      34CD3BD7 
 183      BACBB4D0 
 183      4047A955 
 183      C651EB9B 
 184 0427 F027D002 		.ascii	"\360'\320\002\355\023b;\003:$\266\032M\356\027\320Q"
 184      ED13623B 
 184      033A24B6 
 184      1A4DEE17 
 184      D051
 185 0439 D0327CD7 		.ascii	"\3202|\327\037M\301\236\004\005\316\243K\036\274\313"
 185      1F4DC19E 
 185      0405CEA3 
 185      4B1EBCCB 
 186 0449 A3C91E19 		.ascii	"\243\311\036\031\375Rc\240\206\217F\327\340\202\214"
 186      FD5263A0 
 186      868F46D7 
 186      E0828C
 187 0458 6EA6E817 		.ascii	"n\246\350\027\0110\025\033\263\306\267\003\225\264\277"
 187      0930151B 
 187      B3C6B703 
 187      95B4BF
 188 0467 B15D9959 		.ascii	"\261]\231YD$B\247\274!\250c{\207\352\376\212\242J\236"
 188      442442A7 
 188      BC21A863 
 188      7B87EAFE 
 188      8AA24A9E 
 189 047b C2317641 		.ascii	"\3021vA\234\301cG\370\014c\262\364?\230\274$\231\034"
 189      9CC16347 
 189      F80C63B2 
 189      F43F98BC 
 189      24991C
 190 048e 6D5334C6 		.ascii	"mS4\306\353~\024\223m#Ljc\260\272LX\215\203\364-'\203"
 190      EB7E1493 
ARM GAS  /tmp/cc8qOsHu.s 			page 15


 190      6D234C6A 
 190      63B0BA4C 
 190      588D83F4 
 191 04a5 1E129BC7 		.ascii	"\036\022\233\307C\372Z)\247\344\014z\307CzEB\032x\010"
 191      43FA5A29 
 191      A7E40C7A 
 191      C7437A45 
 191      421A7808 
 192 04b9 D207466F 		.ascii	"\322\007Fo\223u\204\277n\311_\237\344/\034\266\376Q"
 192      937584BF 
 192      6EC95F9F 
 192      E42F1CB6 
 192      FE51
 193 04cb D828B8BC 		.ascii	"\330(\270\274$Uy\003\017\302\301.\311\0341\204\306\242"
 193      24557903 
 193      0FC2C12E 
 193      C91C3184 
 193      C6A2
 194 04dd 1EFFE688 		.ascii	"\036\377\346\210\204\032\261\016\27123\030\200\004v"
 194      841AB10E 
 194      B9323318 
 194      800476
 195 04ec 133B582A 		.ascii	"\023;X*\257\301\337\001hpJ\367\231\212\004\3548\277"
 195      AFC1DF01 
 195      68704AF7 
 195      998A04EC 
 195      38BF
 196 04fe 77E02CE0 		.ascii	"w\340,\340\235\016\024\011s%\350\351n\227CO}\345\345"
 196      9D0E1409 
 196      7325E8E9 
 196      6E97434F 
 196      7DE5E5
 197 0511 D4573FD5 		.ascii	"\324W?\3253=\3564O\212\313\345\314H\323\023\323\235"
 197      333DEE34 
 197      4F8ACBE5 
 197      CC48D313 
 197      D39D
 198 0523 4B9C0B92 		.ascii	"K\234\013\222u\335\355\325=Y\272\327c\327\355\351\251"
 198      75DDEDD5 
 198      3D59BAD7 
 198      63D7EDE9 
 198      A9
 199 0534 AB32525C 		.ascii	"\2532R\\N\373<;S\\\231*>;\324L\217\323\255d~\302S<i"
 199      4EFB3C3B 
 199      535C992A 
 199      3E3BD44C 
 199      8FD3AD64 
 200 054d 4A562A5F 		.ascii	"JV*_\341\315T\2622#\226\247,]\346x\357\261\202\333\335"
 200      E1CD54B2 
 200      322396A7 
 200      2C5DE678 
 200      EFB182DB 
 201 0562 2E973B43 		.ascii	".\227;C\317t{\262\274\372;\013\223\022\223Vb&\273\333"
 201      CF747BB2 
 201      BCFA3B0B 
 201      93129356 
 201      6226BBDB 
ARM GAS  /tmp/cc8qOsHu.s 			page 16


 202 0576 E358BCFC 		.ascii	"\343X\274\374\015\327\274t\366\301\377\011\343X\231"
 202      0DD7BC74 
 202      F6C1FF09 
 202      E35899
 203 0585 A5272625 		.ascii	"\245'&%\277\237\254;3\354K\227\245:t\273\313\353\364"
 203      BF9FAC3B 
 203      33EC4B97 
 203      A53A74BB 
 203      CBEBF4
 204 0598 2E4EB3DB 		.ascii	".N\263\3331\324cow\324\234\356]\345E\343\224\244\344"
 204      31D4636F 
 204      77D49CEE 
 204      5DE545E3 
 204      94A4E4
 205 05ab 85B62529 		.ascii	"\205\266%)^\007n\367\005[\374KL\3610\315\345p\271=\253"
 205      5E076EF7 
 205      055BFC4B 
 205      4CF130CD 
 205      E570B93D 
 206 05c0 D8BF8314 		.ascii	"\330\277\203\024\"\336"
 206      22DE
 207              		.text
 208              		.section	.gnu.lto_.symbol_nodes.9d96270a9d31b091,"",%progbits
 209 0000 789C55CE 		.ascii	"x\234U\316!\022\2040\024\003\320\244\245\327\340,p\262"
 209      21128430 
 209      1403D0A4 
 209      A5D7E02C 
 209      70B2
 210 0012 5FB73328 		.ascii	"_\2673(4\232S\240\321\234\001Q\017,\203\334\035\002"
 210      349A53A0 
 210      D19C0151 
 210      0F2C83DC 
 210      1D02
 211 0024 18FA4D32 		.ascii	"\030\372M2/\346\0078t\320\271\205\006\264\023\240\030"
 211      2FE60738 
 211      74D0B985 
 211      06B413A0 
 211      18
 212 0035 622D5969 		.ascii	"b-Yi\314\204;\315\335\002\304X\011\2764\237\301F+28"
 212      CC843BCD 
 212      DD02C458 
 212      09BE349F 
 212      C1462B32 
 213 004a 68E10D1E 		.ascii	"h\341\015\036\005\372\371O\2576~~\245\327\003}\243d"
 213      05FAF94F 
 213      AF367E7E 
 213      A5D7037D 
 213      A364
 214 005c 785C4BBA 		.ascii	"x\\K\272\234\016I\216\023G\355)w"
 214      9C0E498E 
 214      1347ED29 
 214      77
 215              		.text
 216              		.section	.gnu.lto_.refs.9d96270a9d31b091,"",%progbits
 217 0000 789C6365 		.ascii	"x\234ce`b`d\000\002\000\000I\000\011"
 217      60626064 
 217      00020000 
ARM GAS  /tmp/cc8qOsHu.s 			page 17


 217      490009
 218              		.text
 219              		.section	.gnu.lto_.decls.9d96270a9d31b091,"",%progbits
 220 0000 789CB53A 		.ascii	"x\234\265:iTTg\226\365\325\367\252\012\212\002\322h"
 220      69545467 
 220      96F5D5F7 
 220      AA0A8A02 
 220      D268
 221 0012 F7B1339C 		.ascii	"\367\2613\234\32399\3664\323\213\304\304I\247O\367\314"
 221      D33939F6 
 221      34D38BC4 
 221      C449A74F 
 221      F7CC
 222 0024 24ED9974 		.ascii	"$\355\231tgf\322\351i;3\277f\352`Q\021:l]U\3068\177"
 222      6766D2E9 
 222      693B33BF 
 222      66EA6051 
 222      113A6C5D 
 223 003c FAB12A8B 		.ascii	"\372\261*\213\242\200\312\252\210\202\254\202{\004T"
 223      A280CAAA 
 223      8882AC82 
 223      7B0454
 224 004b 44055C58 		.ascii	"D\005\\X\004\005\025d\025pc\021\014\253\302\334o\251"
 224      04051564 
 224      15706311 
 224      0CABC2DC 
 224      6FA9
 225 005d 7AAF8A2A 		.ascii	"z\257\212*\243\351\323\034n\275w\277w\367\357\336\373"
 225      A3E9D31C 
 225      6EBD77BF 
 225      77F7EFDE 
 225      FB
 226 006e 7D6F5129 		.ascii	"}oQ)\224\212\213\376\012\305\240F\241\270\217\024\212"
 226      948A8BFE 
 226      0AC5A046 
 226      A1B88F14 
 226      8A
 227 007f 45F8C30A 		.ascii	"E\370\303\012\205\242\014\200\034}\001\324\000\237("
 227      85A20C80 
 227      1C7D01D4 
 227      009F28
 228 008e D81F393F 		.ascii	"\330\0379?\007t\355\000\235\000O\000\246\001\346\221"
 228      0774ED00 
 228      9D004F00 
 228      A601E691 
 229 009e 62C9DF5F 		.ascii	"b\311\337_@\300\353p\364\001X\016`\006\232\022\200f"
 229      40C0EB70 
 229      F401580E 
 229      60069A12 
 229      8066
 230 00b0 38BF0C50 		.ascii	"8\277\014P\003p\034\340S\200G0\376K\200g\210\351\232"
 230      03701CE0 
 230      53804730 
 230      FE4B8067 
 230      88E99A
 231 00c3 82E31938 		.ascii	"\202\343\0318.\300\021+\025\012\001@\0050\016\270\005"
 231      2EC0112B 
ARM GAS  /tmp/cc8qOsHu.s 			page 18


 231      150A0140 
 231      05300EB8 
 231      05
 232 00d4 600DE2B6 		.ascii	"`\015\342\266)\231Mw\000\007\027\024\017\3408\000\320"
 232      29994D77 
 232      00071714 
 232      0FE03800 
 232      D0
 233 00e5 0F700F60 		.ascii	"\017p\017`\030`\010`\017\200;\267\235\330\353\016|\036"
 233      18600860 
 233      0F803BB7 
 233      9DD8EB0E 
 233      7C1E
 234 00f7 00DF5132 		.ascii	"\000\337Q2\037\210/\313\340\374\273\312\245~\224\201"
 234      1F882FCB 
 234      E0FCBBCA 
 234      A57E9481 
 235 0107 1F7FE7E0 		.ascii	"\037\177\347\340G\033r\356\003\261\235\370\361=\220"
 235      471B72EE 
 235      03B19DF8 
 235      F13D90
 236 0116 3307C7EB 		.ascii	"3\007\307\353\334\337W\365\305]\346K\263\013\177\376"
 236      DCDF57F5 
 236      C55DE64B 
 236      B30B7FFE 
 237 0126 C4E9DA79 		.ascii	"\304\351\332y\374_\344\023\231\236\0378\370\266\007"
 237      FC5FE413 
 237      999E1F38 
 237      F8B607
 238 0135 A393DB2E 		.ascii	"\243\223\333.\236Qv\243.DH^\243\243\010\261_D\201\242"
 238      9E5176A3 
 238      2E44485E 
 238      A3A308B1 
 238      5F4481A2 
 239 0149 8BD63F84 		.ascii	"\213\326?\204\3508\214*\351/#\244C\310\312\301q%G\225"
 239      E8388C2A 
 239      E92F23A4 
 239      43C8CAC1 
 239      71254795 
 240 015d 5C24FDE7 		.ascii	"\\$\375\347\314H&\221]f\232\254\177\012F\316,QP\351"
 240      CC482691 
 240      5D669AAC 
 240      7F0A46CE 
 240      2C5150E9 
 241 0171 8C1B2925 		.ascii	"\214\033)%\005\010\311\031d\002\231\331\374\272\315"
 241      0508C919 
 241      640299D9 
 241      FCBACD
 242 0180 3E85E41C 		.ascii	">\205\344\034\262z\377$\343\332\220\266\007\335%\243"
 242      B27AFF24 
 242      E3DA90B6 
 242      07DD25A3 
 243 0190 B9EF233A 		.ascii	"\271\357#:\266o\272p^\203\225\210\234\367\314\026~\270"
 243      B66FBA70 
 243      5E839588 
 243      9CF7CC16 
 243      7EB8
ARM GAS  /tmp/cc8qOsHu.s 			page 19


 244 01a2 AA54647F 		.ascii	"\252Td\177n\253\244\260\035.\235\257\320\222iD\237\352"
 244      6EABA4B0 
 244      1D2E9DAF 
 244      D0926944 
 244      9FEA
 245 01b4 D07A810C 		.ascii	"\320z\201\014]\217\251\310\306\3331\362\321\"\201\210"
 245      5D8FA9C8 
 245      C6DB31F2 
 245      D1228188 
 246 01c4 6ECC1CF0 		.ascii	"n\314\034\360\002t\271\026\275\341\234\341\322\342t"
 246      0274B916 
 246      BDE19CE1 
 246      D2E274
 247 01d3 8D376350 		.ascii	"\2157cP\002\332:~-\307\2031\274\006\350\343c\327\362"
 247      02DA3A7E 
 247      2DC78331 
 247      BC06E8E3 
 247      63D7F2
 248 01e6 F18ADD54 		.ascii	"\361\212\335Ts\264\370\232\022\375\327\367P\005\362"
 248      73B4F89A 
 248      12FDD7F7 
 248      5005F2
 249 01f5 45E50832 		.ascii	"E\345\0102\005\035A+\340\3670\022\2309\307\313\257\345"
 249      051D412B 
 249      E0F73012 
 249      9839C7CB 
 249      AFE5
 250 0207 687509A2 		.ascii	"hu\011\242\030%\356\210\026\335\177K\256\2432\240.\245"
 250      1825EE88 
 250      16DD7F4B 
 250      AEA332A0 
 250      2EA5
 251 0219 D447910E 		.ascii	"\324G\221\016\025\243U\214\266\274\366\340c7\374\003"
 251      15A3558C 
 251      B6BCF6E0 
 251      6337FC03 
 252 0229 E29FF242 		.ascii	"\342\237\362B\313\225f\017\244\363s\301\211N ?\031s"
 252      CB95660F 
 252      A4F373C1 
 252      894E203F 
 252      1973
 253 023b 01B1A566 		.ascii	"\001\261\245f1\346\315\310XQT\242\343p\341\030\302\374"
 253      31E6CDC8 
 253      585154A2 
 253      E370E118 
 253      C2FC
 254 024d 22A1E30A 		.ascii	"\"\241\343\012&s&\005\352*\241(A\324\331\273\015E%$"
 254      26732605 
 254      EA2AA128 
 254      41D4D9BB 
 254      0D452524 
 255 0261 3A3FD222 		.ascii	":?\322\"2I\336\204\356\361\351YO6D(Z\223'\016jp \265"
 255      3249DE84 
 255      EEF1E959 
 255      4F364428 
 255      5A93270E 
 256 0279 2BE34A47 		.ascii	"+\343JG\255\200\374\264\\c\316?gL\210\342\033\250\012"
ARM GAS  /tmp/cc8qOsHu.s 			page 20


 256      AD80FCB4 
 256      5C63CE3F 
 256      674C88E2 
 256      1BA80A
 257 028c 69D16949 		.ascii	"i\321iI\343\217\264\360\273\325f\272B\262\273\022\354"
 257      E38FB4F0 
 257      BBD566BA 
 257      42B2BB12 
 257      EC
 258 029d 06B1840E 		.ascii	"\006\261\204\016}\005\203\247`\020T\024\035\334\231"
 258      7D0583A7 
 258      60105414 
 258      1DDC99
 259 02ac A7C60711 		.ascii	"\247\306\007\021\325Qw\266\363\226\200\264~N\005\234"
 259      D55177B6 
 259      F39680B4 
 259      7E4E059C 
 260 02bc 75228019 		.ascii	"u\"\200\0313V\366f\035u\377\014\030S-\031\003\2661\367"
 260      3356F666 
 260      1D75FF0C 
 260      18532D19 
 260      03B631F7 
 261 02d0 C5B4F97D 		.ascii	"\305\264\371}\236\270\203)\021\007/\015*])9\357R\311"
 261      9EB88329 
 261      11072F0D 
 261      2A5D2939 
 261      EF52C9
 262 02e3 62D51BE9 		.ascii	"b\325\033\351s\304\343\032PrNRr\306\252\244\346\\}\222"
 262      73C4E31A 
 262      50724E52 
 262      72C6AAA4 
 262      E65C7D92 
 263 02f7 8EC69850 		.ascii	"\216\306\230P\234d1\2769sfN\207\217\320\324\025z\017"
 263      9C6431BE 
 263      3973664E 
 263      878FD0D4 
 263      157A0F
 264 030a 4C3C5223 		.ascii	"L<R#?_\204\264\000\005\326\034V\240:`\270\200\260\265"
 264      3F5F84B4 
 264      0005D61C 
 264      56A03A60 
 264      B880B0B5 
 265 031e 07648A60 		.ascii	"\007d\212`\333\370_\3100\213\345x\236\210W(\320;\276"
 265      DBF85FC8 
 265      308BE578 
 265      9E885728 
 265      D03BBE
 266 0331 E82DB0F1 		.ascii	"\350-\260\361\"\330H.)P=Xx\011,\314\024\335\350\010"
 266      22D8482E 
 266      29503D58 
 266      78092CCC 
 266      14DDE808 
 267 0345 28DCD1B8 		.ascii	"(\334\321\270?\313]\313\271\266\276\220\013\250\307"
 267      3FCB5DCB 
 267      B9B6BE90 
 267      0BA8C7
 268 0354 27BB6E28 		.ascii	"'\273n(\345I\332\000\226HIz\231\346\017!\354K\350\177"
ARM GAS  /tmp/cc8qOsHu.s 			page 21


 268      E549DA00 
 268      9648497A 
 268      99E60F21 
 268      EC4BE87F 
 269 0368 A0A2CEC1 		.ascii	"\240\242\316\301\030\252\265O\240O\226&\320',\201\016"
 269      18AAB54F 
 269      A04F9626 
 269      D0272C81 
 269      0E
 270 0379 CE8E9DD2 		.ascii	"\316\216\235\322\341\223\324}\345\3653#}n\266\014\032"
 270      E193D47D 
 270      E5F53323 
 270      7D6EB60C 
 270      1A
 271 038a 6B7EB3AA 		.ascii	"k~\263\252\233\304\263\031T6J\361\374\304e\0065\201"
 271      9BC4B319 
 271      54364AF1 
 271      FCC46506 
 271      3581
 272 039c 079FF0B9 		.ascii	"\007\237\360\271\271\006\203W\231\017\365G\242\233Y"
 272      B9068357 
 272      990FF547 
 272      A29B59
 273 03ab 19134957 		.ascii	"\031\023IW\230i\326\312\365a\225{r\350r\235\226\025"
 273      9869D6CA 
 273      F561957B 
 273      72E8729D 
 273      9615
 274 03bd B28800CF 		.ascii	"\262\210\000\317\254zzE\305.\273\001zj\264\344\224'"
 274      AC7A7A45 
 274      C52EBB01 
 274      7A6AB4E4 
 274      9427
 275 03cf BB5C43B8 		.ascii	"\273\\C\270OO\212\307=\3618k8\027\237\366\024\350\360"
 275      4F4F8AC7 
 275      3DF1386B 
 275      38179FF6 
 275      14E8F0
 276 03e2 344326BA 		.ascii	"4C&\272\013\213\335\3613\206\354\350\232\255\366\300"
 276      0B8BDDF1 
 276      3386ECE8 
 276      9AADF6C0 
 277 03f2 519821F3 		.ascii	"Q\230!\363\317{5x\013CF\362\233\216\272\203@?-\372\213"
 277      CF7B3578 
 277      0B4346F2 
 277      9B8EBA83 
 277      403F2DFA 
 278 0407 2C2A7E2C 		.ascii	",*~,*\331;\373\367\270\343m\224T\271\367\361\255hOY"
 278      2AD93BFB 
 278      F7B8E36D 
 278      9454B9F7 
 278      F1AD684F 
 279 041c 5DFD7D0E 		.ascii	"]\375}\016\255\253n\360\245K\212\212\237-*\271\321\342"
 279      ADAB6EF0 
 279      A54B8A8A 
 279      9F2D2AB9 
 279      D1E2
ARM GAS  /tmp/cc8qOsHu.s 			page 22


 280 042e 7722572B 		.ascii	"w\"W+\320\015\210@\033\011\313]\010\213\037\017K'\014"
 280      D00D8840 
 280      1B09CB5D 
 280      088B1F0F 
 280      4B270C
 281 0441 DE6161D9 		.ascii	"\336aa\331\022S\230\354\201\323\231\222K\235q_H\221"
 281      125398EC 
 281      81D39992 
 281      4B9D715F 
 281      4891
 282 0453 2F7BBB9E 		.ascii	"/{\273\236\226K\037\350\350\221tt#\327Jz\235+\351.\357"
 282      964B1FE8 
 282      E8917474 
 282      23D74A7A 
 282      9D2BE92E 
 283 0468 BC28E0FD 		.ascii	"\274(\340\375LI\353\236\2701\225M\313\360\310\232\234"
 283      4C49EB9E 
 283      B831954D 
 283      CBF0C89A 
 283      9C
 284 0479 1BC4937B 		.ascii	"\033\304\223{\240\245_\322\322\367\002-\003\316\265"
 284      A0A55FD2 
 284      D2F7022D 
 284      03CEB5
 285 0488 E4C7DD1C 		.ascii	"\344\307\335\034\366\302c,\264\245\265\031W<\360<C\362"
 285      F6C2632C 
 285      B4A5B519 
 285      573CF03C 
 285      43F2
 286 049a 226F5EF5 		.ascii	"\"o^\365\304\242\300V\206\371\356\023\030\3072\244x"
 286      C4A2C056 
 286      86F9EE13 
 286      18C732A4 
 286      78
 287 04ab E1E9156F 		.ascii	"\341\351\025o\234\300\220\316\275u\017t8\235!R\333\207"
 287      9CC090CE 
 287      BD750F74 
 287      389D2152 
 287      DB87
 288 04bd 64626DFF 		.ascii	"dbm\377\336x\372#O[\012=b)t\243\354R\201J\336\355a\225"
 288      DE78FA23 
 288      4F5B0A3D 
 288      622974A3 
 288      EC52814A 
 289 04d5 90BAFD08 		.ascii	"\220\272\375\010\355\366\217\255\335\376\304\265}Y*"
 289      EDF68FAD 
 289      DDFEC4B5 
 289      7D592A
 290 04e4 79218DD8 		.ascii	"y!\215\330u\373Qy\267?\326\275\375\202'\336O\255Q\306"
 290      75FB5179 
 290      B73FD6BD 
 290      FD8227DE 
 290      4FAD51C6 
 291 04f8 DFEF1F44 		.ascii	"\337\357\037D\366\355^\316\212\236@HF\035\332\375\364"
 291      F6ED5ECE 
 291      8A9E4048 
 291      461DDAFD 
ARM GAS  /tmp/cc8qOsHu.s 			page 23


 291      F4
 292 0509 369C7C00 		.ascii	"6\234|\000\030\0044\016W\306\244\330\216Z\373}\332\356"
 292      1804340E 
 292      57C6A4D8 
 292      8E5AFB7D 
 292      DAEE
 293 051b 5BC5DEF8 		.ascii	"[\305\336\370k\346\260u\331\363\341\313\336\375s\331"
 293      6BE6B075 
 293      D9F3E1CB 
 293      DEFD73D9 
 294 052b D65A208B 		.ascii	"\326Z \213\\a\371\341\016\017\034\251\242\264%\3231"
 294      5C61F9E1 
 294      0E0F1CA9 
 294      A2B425D3 
 294      31
 295 053c 27BC712C 		.ascii	"'\274q,C\254e\341\303\313\242p({\273\216\341\357\221"
 295      43AC65E1 
 295      C3CBA270 
 295      287BBB8E 
 295      E1EF91
 296 054f 00B574E7 		.ascii	"\000\265t\347c\234\310h\273\216m\273\340\206\323\030"
 296      639CC868 
 296      BB8E6DBB 
 296      E086D318 
 297 055f 5275AABA 		.ascii	"Ru\252\272\216\227\327[\200F\337\313\351\363\302\331"
 297      8E97D75B 
 297      8046DFCB 
 297      E9F3C2D9 
 298 056f EC5A5D72 		.ascii	"\354Z]rL\222\026\347SDY\262m\353c\227\015\177\361\005"
 298      4C9216E7 
 298      534459B2 
 298      6DEB6397 
 298      0D7FF105 
 299 0583 BDF8A7AC 		.ascii	"\275\370\247\254\027/\300t=w\322\213\263&\357>pg\006"
 299      172FC074 
 299      3D77D28B 
 299      B326EF3E 
 299      706706
 300 0596 F89145A6 		.ascii	"\370\221E\246r2_\215\2170\003.\016\2645\250p%Crk\373"
 300      72325F8D 
 300      8F30032E 
 300      0EB435A8 
 300      70254372 
 301 05ac 7E86AFB2 		.ascii	"~\206\257\262\363\312]\325#n\270\205!\375\213\013\177"
 301      F3CA5DD5 
 301      236EB885 
 301      21FD8B0B 
 301      7F
 302 05bd C2BDEC3C 		.ascii	"\302\275\354<\2764\276\316\013\337gH\336\271\252\307"
 302      BE34BECE 
 302      0BDF6748 
 302      DEB9AAC7 
 303 05cd 1A3CC390 		.ascii	"\032<\303\220\302\207=\3170\336\242\246H_W}\205\027"
 303      C2873DCF 
 303      30DEA2A6 
 303      485F577D 
 303      8517
ARM GAS  /tmp/cc8qOsHu.s 			page 24


 304 05df 8E6748D5 		.ascii	"\216gH\325tV\2257\336\301\220\306\201\305\011-\336\303"
 304      74569537 
 304      DEC190C6 
 304      81C5092D 
 304      DEC3
 305 05f1 9053990B 		.ascii	"\220S\231\0135\002\336\313\220\330me{\310d\250Y\013"
 305      3502DECB 
 305      90D86D65 
 305      7BC864A8 
 305      590B
 306 0603 D5D0649C 		.ascii	"\325\320d\234;)\260!\342\354\2270\224\223\321u\304\013"
 306      3B29B021 
 306      E2EC9730 
 306      9493D175 
 306      C40B
 307 0615 E75116E5 		.ascii	"\347Q\026\345\343\276\370\0047Y\303x7c\234\204b\247"
 307      E3BEF804 
 307      3759C378 
 307      37639C84 
 307      62A7
 308 0627 528B9295 		.ascii	"R\213\222\225\266P\250y\225\211K\302\272C\351Gd\323"
 308      B650A879 
 308      95894BC2 
 308      BA43E947 
 308      64D3
 309 0639 B06E57FA 		.ascii	"\260nW\372\242mJZd\023\263\343\307\005\\\312t$\364M"
 309      A26D4A5A 
 309      6413B3E3 
 309      C7055CCA 
 309      7424F44D 
 310 064d 3CF766F3 		.ascii	"<\367f\363\262T@\232\023\001\266\316r\202v\226T0&E2"
 310      B254409A 
 310      1301B6CE 
 310      72827696 
 310      54302645 
 311 0662 066CE3CB 		.ascii	"\006l\343\313\2108\237\241\303\307\231\222\252\262\003"
 311      88389FA1 
 311      C3C79992 
 311      AAB203
 312 0671 5BB59223 		.ascii	"[\265\222#Uk\330\234\356\001\336]\022o\252\322\245'"
 312      556BD89C 
 312      EE01DE5D 
 312      126FAAD2 
 312      A527
 313 0683 BB9D7B32 		.ascii	"\273\235{2\227z\372\204\007\256d\001N\3345R\340\205"
 313      977AFA84 
 313      07AE6401 
 313      4EDC3552 
 313      E085
 314 0695 6B18327F 		.ascii	"k\0302\177?\3556bi\241\0034\252\352\366NoV\011\275t"
 314      3FED3662 
 314      69A10334 
 314      AAEAF64E 
 314      6F5609BD 
 315 06aa D198DBBA 		.ascii	"\321\230\333\272 \340FF\333\221\324\326\251\3067\231"
 315      20E04646 
 315      DB91D4D6 
ARM GAS  /tmp/cc8qOsHu.s 			page 25


 315      A9C63799 
 316 06ba A9B30F1B 		.ascii	"\251\263\017\033\312<l\246^Y\001\2536\332\007v\346\274"
 316      CA3C6CA6 
 316      5E5901AB 
 316      36DA0776 
 316      E6BC
 317 06cc 949D7B9D 		.ascii	"\224\235{\235\333Y\327\234;\351\206;\231\272\323;S "
 317      DB59D79C 
 317      3BE9863B 
 317      99BAD33B 
 317      5320
 318 06de F9FA18D2 		.ascii	"\371\372\030\322\235\236X\345\201\2372\344l\362\304"
 318      9D9E58E5 
 318      819F32E4 
 318      6CF2C4
 319 06ed 57EE789E 		.ascii	"W\356x\236![f\372+\274q\214\206\"\017\243k\372\004\234"
 319      215B66FA 
 319      2BBC718C 
 319      86220FA3 
 319      6BFA049C 
 320 0701 C890F2D8 		.ascii	"\310\220\362\330{En\340\214/d\022\222\2559\276l\315"
 320      7B456EE0 
 320      8C2F6412 
 320      92AD39BE 
 320      6CCD
 321 0713 395E3359 		.ascii	"9^3Y&\340\035\224Vy\362\370\275LY\344sV\305n!\263V\014"
 321      26E01D94 
 321      5679F2F8 
 321      BD4C59E4 
 321      7356C56E 
 322 072b 1E154A1E 		.ascii	"\036\025J\036\371\332\032\265\375\376\243\010\334\361"
 322      F9DA1AB5 
 322      FDFEA308 
 322      DCF1
 323 0739 E5EE1C02 		.ascii	"\345\356\034\002w\012\230;E\373\012/z\342L\246!c\327"
 323      770A983B 
 323      45FB0A2F 
 323      7AE24CA6 
 323      2163D7
 324 074c F9E35EB2 		.ascii	"\371\343^\262\025\347\315c4/\312@C\211\244\241X\351"
 324      15E7CD63 
 324      342FCA40 
 324      4389A4A1 
 324      58E9
 325 075e 4245A973 		.ascii	"BE\251s\025Q\251m\245\3568\217\251\350\253\271\220\202"
 325      1551A96D 
 325      A5EE388F 
 325      A9E8ABB9 
 325      9082
 326 0770 65E9F35E 		.ascii	"e\351\363^\007u\242\002T\034\226T\224\271RQ\356\\\305"
 326      0775A202 
 326      541C9654 
 326      94B95251 
 326      EE5CC5
 327 0783 AECCA115 		.ascii	"\256\314\241\025\270\230\20541i\241\034\343\012\246"
 327      B8988534 
 327      3169A11C 
ARM GAS  /tmp/cc8qOsHu.s 			page 26


 327      E30AA6
 328 0792 2EE7EC5C 		.ascii	".\347\354\\\262\344Q\277\346}t\0344\035}\011M\307\234"
 328      B2E451BF 
 328      E67D741C 
 328      341D7D09 
 328      4DC79C
 329 07a5 6BBA9B33 		.ascii	"k\272\23336)\340\257\230\252\203\027\312\257k\360Y\246"
 329      3629E0AF 
 329      98AA8317 
 329      CAAF6BF0 
 329      59A6
 330 07b7 6AE0C1D1 		.ascii	"j\340\301\321\031iK\360\020T}\005\252N\276\204\252S"
 330      19694BF0 
 330      10547D05 
 330      AA4EBE84 
 330      AA53
 331 07c9 CE558DC6 		.ascii	"\316U\215\306\014\366\362"
 331      0CF6F2
 332 07d0 DDD00A52 		.ascii	"\335\320\012R i\351\357\340z\246\270p\354\301e/\371"
 332      2069E9EF 
 332      E07AA6B8 
 332      70ECC165 
 332      2FF9
 333 07e2 C275CF6E 		.ascii	"\302u\317n\007X\245\264\356\000\243\372O\266#\334\304"
 333      0758A5B4 
 333      EE00A3FA 
 333      4FB623DC 
 333      C4
 334 07f3 B8CE3746 		.ascii	"\270\3167F\027y\3406\206\364?\337\177O\203o3d&\375\362"
 334      1779E036 
 334      86F43FDF 
 334      7F4F836F 
 334      336426FD 
 335 0808 414FDCC3 		.ascii	"AO\334\303\220\224\322\226\0165\036`H\367\341\205j5"
 335      9094D296 
 335      0E351E60 
 335      48F7E185 
 335      6A35
 336 081a 1E62C8BE 		.ascii	"\036b\310\276\256'e\032\374\200\371{\376\346\376\"O"
 336      AE27651A 
 336      FC80F97B 
 336      FEE6FE22 
 336      4F
 337 082b FB3510EE 		.ascii	"\3735\020\356\254l\345s\021\234\372\324~\005\204\315"
 337      AC6CE573 
 337      119CFAD4 
 337      7E0584CD 
 338 083b 45F659D2 		.ascii	"E\366Y\322,.(a7*\005\346S\276\376\365F\325\265\271\341"
 338      2C2E2861 
 338      372A05E6 
 338      53BEFEF5 
 338      46D5B5B9 
 339 0850 09A6EBC9 		.ascii	"\011\246\353\311\350\215g\236x\212!\342\354\331;j<\307"
 339      E88D679E 
 339      788A21E2 
 339      ECD93B6A 
 339      3CC7
ARM GAS  /tmp/cc8qOsHu.s 			page 27


 340 0862 90CE5D33 		.ascii	"\220\316]3\275\356\3709C\032n&\236\0230\0246A\016]\355"
 340      BDEEF839 
 340      431A6E26 
 340      9E133014 
 340      36410E5D 
 341 0877 1555389A 		.ascii	"\025U8\232!\325\011W\237\271\3418\206dVn\211\322\342"
 341      21D50957 
 341      9FB9E138 
 341      8664566E 
 341      89D2E2
 342 088a 7886942C 		.ascii	"x\206\224,N&\353p\022Cf\252\257\347)Y\224W\222\035H"
 342      4E26EB70 
 342      124366AA 
 342      AFE72959 
 342      9457921D 
 343 089f 4D620366 		.ascii	"Mb\003f\335%\027\326Y\217]y'.z\241\225\354o\331J\277"
 343      DD2517D6 
 343      598F5D79 
 343      272E7AA1 
 343      95EC6FD9 
 344 08b5 9579C4DD 		.ascii	"\225y\304\335\232\372D\325\203\222+Ibn-\242\336\324"
 344      9AFA44D5 
 344      83922B49 
 344      626E2DA2 
 344      DED4
 345 08c7 83371DCA 		.ascii	"\2037\035\312e\222\373\327\351D\224\221_\005ci\375\337"
 345      6592FBD7 
 345      E9449491 
 345      5F056369 
 345      FDDF
 346 08d9 0CB12606 		.ascii	"\014\261&\006S\362:G\362\323JB\276Z\242\256\225Q78\027"
 346      53F23A47 
 346      F2D34A42 
 346      BE5AA2AE 
 346      95513738 
 347 08ee 2EA3EE97 		.ascii	".\243\356\227Q\237w\244\236\\B\375?\022\3655Gj\177\007"
 347      519F77A4 
 347      9E5C42FD 
 347      3F12F535 
 347      476A7F07 
 348 0902 E28732E2 		.ascii	"\342\2072\342\253N\211\345N\316\311\250/;R\267\311b"
 348      AB4E89E5 
 348      4ECEC9A8 
 348      2F3B52B7 
 348      C962
 349 0914 B293B65C 		.ascii	"\262\223\266\\Q|_\200\355\033\344|\023\004\0005r\016"
 349      517C5F80 
 349      ED1BE47C 
 349      13040035 
 349      720E
 350 0926 C80B741B 		.ascii	"\310\013t\033\362\347\206r%\272\011p\013\240\035\240"
 350      F2E78672 
 350      25BA0970 
 350      0BA01DA0 
 351 0936 15A005E0 		.ascii	"\025\240\005\340:\300\035\2006\345Jz\353\305tO\310t"
 351      3AC01D80 
 351      36E54A7A 
ARM GAS  /tmp/cc8qOsHu.s 			page 28


 351      EBC5744F 
 351      C874
 352 0948 5F71AE9B 		.ascii	"_q\256\233\372\305\222\261\251\363\265HQD\204J\301\023"
 352      FAC592B1 
 352      A9F3B548 
 352      5144844A 
 352      C113
 353 095a 5112D5DD 		.ascii	"Q\022\325\335\355\223\022-6\274Ee]r>Y\314\017H\231\324"
 353      ED93122D 
 353      36BC4565 
 353      5D723E59 
 353      CC0F4899 
 354 096f 2BA9DB05 		.ascii	"+\251\333\005y1\312\211aKl+\306\356\352\274i\2502\232"
 354      7931CA89 
 354      614B6C2B 
 354      C6EEEABC 
 354      69A8329A 
 355 0983 77B8792C 		.ascii	"w\270y,\273Z\207V.\363c\032\207G\374\212\272\357\211"
 355      BB5A8756 
 355      2EF3631A 
 355      8747FC8A 
 355      BAEF89
 356 0996 628A8E30 		.ascii	"b\212\2160\240\032\320\331\355|Zv\362\305\212D\316v"
 356      A01AD0D9 
 356      ED7C5A76 
 356      F2C58A44 
 356      CE76
 357 09a8 B98BD393 		.ascii	"\271\213\323\223\310\365@\344\356\362\310p_\213\230"
 357      C8F540E4 
 357      EEF2C870 
 357      5F8B98
 358 09b7 AFDDF6BE 		.ascii	"\257\335\366\276\222R\210\032\036\301\3701+\205GC%\355"
 358      9252881A 
 358      1EC1F831 
 358      2B854743 
 358      25ED
 359 09c9 4AFC8421 		.ascii	"J\374\204!\331=\265\335|3v\221\340'{\322\342u\2740\310"
 359      D93DB5DD 
 359      7C337691 
 359      E0277BD2 
 359      E275BC30 
 360 09de 6399E1A9 		.ascii	"c\231\341\251\251v5\236g\304\307\026\213\3420\216t\247"
 360      A976359E 
 360      67C4C716 
 360      8BE2308E 
 360      74A7
 361 09f0 C8B3FCE6 		.ascii	"\310\263\374\346[n8\201!\347\237\337\316\326\342T\212"
 361      5B6E3881 
 361      21E79FDF 
 361      CED6E254 
 361      8A
 362 0a01 FCAA2FE1 		.ascii	"\374\252/\341P\246\032|\206R\322-\343\377\200AY\371"
 362      50A61A7C 
 362      8652D22D 
 362      E3FF8041 
 362      59F9
 363 0a13 9103FC2E 		.ascii	"\221\003\374.g\227\240\316V\352t\360CN\370\037\\\365"
ARM GAS  /tmp/cc8qOsHu.s 			page 29


 363      6797A0CE 
 363      56EA74F0 
 363      434EF81F 
 363      5CF5
 364 0a25 E3C1EA29 		.ascii	"\343\301\352)Q\335\277\324\304\252\017z\035\252\004"
 364      51DDBFD4 
 364      C4AA0F7A 
 364      1DAA04
 365 0a34 EF1FB89A 		.ascii	"\357\037\270\232!y\246\015@\246\365\223L\353\343\034"
 365      2179A60D 
 365      40A6F593 
 365      4CEBE31C 
 366 0a44 245EFBB0 		.ascii	"$^\373\260\037\332\213W\242\034\200l\200,\200L\200\014"
 366      1FDA8B57 
 366      A21C806C 
 366      802C804C 
 366      800C
 367 0a56 80FB9065 		.ascii	"\200\373\220e\351p\334\003\260\033 \032\3409\214M\001"
 367      E970DC03 
 367      B01B201A 
 367      E0398C4D 
 367      01
 368 0a67 7C0DF018 		.ascii	"|\015\360\030\340\021\300C\273Ll\375\035\313D\350\177"
 368      E011C043 
 368      BB4C6CFD 
 368      1DCB44E8 
 368      7F
 369 0a78 F71C4D9B 		.ascii	"\367\034M\233v\254\306\356F\237T\232k\344\001\304,r"
 369      76ACC6EE 
 369      469F549A 
 369      6BE401C4 
 369      2C72
 370 0a8a 209F59D2 		.ascii	" \237Y\322G\026\256-g\364#\340\371\234sz*^\226\221\243"
 370      4716AE2D 
 370      67F423E0 
 370      F99C737A 
 370      2A5E9691 
 371 0a9f 761939C2 		.ascii	"v\0319\3022R\036\230V\270H\272\012\032\002{Gy`\362 "
 371      32521E98 
 371      56B848BA 
 371      0A1A027B 
 371      477960F2 
 372 0ab4 30FBC1E1 		.ascii	"0\373\301\341\011pp\314\316\301G\225\252\205\243\242"
 372      097070CC 
 372      CEC14795 
 372      AA85A3A2 
 373 0ac4 08BBE671 		.ascii	"\010\273\346q0\342\026\302v\032\354\012]f\305\023;+"
 373      30E216C2 
 373      761AEC0A 
 373      5D66C513 
 373      3B2B
 374 0ad6 C65F60C5 		.ascii	"\306_`\305\001\320\374\315V\364\357\301\342\301\025"
 374      01D0FCCD 
 374      56F4EFC1 
 374      E2C115
 375 0ae5 68124C98 		.ascii	"h\022L\230rn\202c\034\236\332Y@\030Y58\315\221\\P\374"
 375      726E8263 
ARM GAS  /tmp/cc8qOsHu.s 			page 30


 375      1C9EDA59 
 375      40185935 
 375      38CD915C 
 376 0afb B7CB11C8 		.ascii	"\267\313\021\310\341\206\"\236\303\344\206\350\231\343"
 376      E186229E 
 376      C3E486E8 
 376      99E3
 377 0b09 4CCEDBCF 		.ascii	"L\316\333\317<\224q\353\277G\322\264\232\006\262H\236"
 377      3C9471EB 
 377      BF47D2B4 
 377      9A06B248 
 377      9E
 378 0b1a 57B6BB70 		.ascii	"W\266\273p\321E\312\333\010\236A[\230\345\356\314\303"
 378      D145CADB 
 378      089E415B 
 378      98E5EECC 
 378      C3
 379 0b2b F91C9834 		.ascii	"\371\034\2304cgRS1\317,\022\230hP0\353\242\327;\225"
 379      63675253 
 379      31CF2C12 
 379      98685030 
 379      EBA2D73B 
 380 0b40 1FC5195C 		.ascii	"\037\305\031\\\313\257\3751+\213I\2363K\305\313\372"
 380      CBAFFD31 
 380      2B8B499E 
 380      334BC5CB 
 380      FA
 381 0b51 F302EF59 		.ascii	"\363\002\357Y\263\366=\213\337K_V\025\036H!\367\322"
 381      B3F63D8B 
 381      DF4B5F56 
 381      151E4821 
 381      F7D2
 382 0b63 241631D2 		.ascii	"$\0261\322V\202P[\303\005\021.\265E\030\310b\035KQT"
 382      5682505B 
 382      C305112E 
 382      B54518C8 
 382      621D4B51 
 383 0b78 BEB8A946 		.ascii	"\276\270\251F\301\244\213\230y\024\011\347\213\366\321"
 383      C1A48B98 
 383      791409E7 
 383      8BF6D1
 384 0b87 2A92458B 		.ascii	"*\222E\213\270CH_\266_\307)\261S\321\314\275:\356;P"
 384      B843485F 
 384      B65FC729 
 384      B153D1CC 
 384      BD3AEE3B 
 385 0b9c 38F53D23 		.ascii	"8\365=#\232\372N\234\332\"\371N\250e\276\357\263\372"
 385      9AFA4E9C 
 385      DA22F94E 
 385      A865BEEF 
 385      B3FA
 386 0bae 1E8397A3 		.ascii	"\036\203\227\243\255\216\276O\312\262+\305\211\205\012"
 386      AD8EBE4F 
 386      CAB22BC5 
 386      89850A
 387 0bbd CA46CCDB 		.ascii	"\312F\314\333\005\346\245AJ\247\002\244\000l\007\330"
 387      05E6A541 
ARM GAS  /tmp/cc8qOsHu.s 			page 31


 387      4AA702A4 
 387      006C07D8 
 388 0bcd 06B00520 		.ascii	"\006\260\005 \016 \026\313\243\362\360#6\307$\245\343"
 388      0E2016CB 
 388      A3F2F023 
 388      36C724A5 
 388      E3
 389 0bde 412991E2 		.ascii	"A)\221\342ro1\332 ke\011\337D\335\377/L\364V\254C\211"
 389      726F31DA 
 389      206B6509 
 389      DF44DDFF 
 389      2F4CF456 
 390 0bf5 AE8965E5 		.ascii	"\256\211e\345\036\217\345\345\016|\216\015'\013j=\223"
 390      1E8FE5E5 
 390      0E7C8E0D 
 390      270B6A3D 
 390      93
 391 0c06 D47A06C8 		.ascii	"\324z\006\310\213\347\363\221\004\016'\202c\011\222"
 391      8BE7F391 
 391      040E2782 
 391      630992
 392 0c15 6364F37A 		.ascii	"cd\363z[56\301\026hr\257\233\304\031\2345\034\306\360"
 392      5B3536C1 
 392      166872AF 
 392      9BC4199C 
 392      351CC6F0 
 393 0c29 F07BA439 		.ascii	"\360{\2449\221\374L\347\264\266Rq\314\365\2418\025\271"
 393      91FC4CE7 
 393      B4B65271 
 393      CCF5A138 
 393      15B9
 394 0c3b 378DC78E 		.ascii	"7\215\307\216[\0216\223\217\016\361\231$7\257\331\337"
 394      5B113693 
 394      8F0EF199 
 394      2437AFD9 
 394      DF
 395 0c4c 14A6A933 		.ascii	"\024\246\2513<\250\311\020\247\334\227\212\323\016\240"
 395      3CA8C910 
 395      A7DC978A 
 395      D30EA0
 396 0c5b 94E294CC 		.ascii	"\224\342\224\314\342\344\242m\242\235\020\036\251s\332"
 396      E2E4A26D 
 396      A29D101E 
 396      A973DA
 397 0c6a 7232293A 		.ascii	"r2):\221\344$\021\265_\312\311I\332\344m\035\257\271"
 397      91E42411 
 397      B55FCAC9 
 397      49DAE46D 
 397      1DAFB9
 398 0c7d 9E7B022B 		.ascii	"\236{\002+c\336\013\035!UP\315\027F\342\366\201o\242"
 398      63DE0B1D 
 398      215550CD 
 398      1746E2F6 
 398      816FA2
 399 0c90 BEF24B96 		.ascii	"\276\362K\226\035\204\370\240kbfo{\245\232\004\034h"
 399      1D84F8A0 
 399      6B62666F 
ARM GAS  /tmp/cc8qOsHu.s 			page 32


 399      7BA59A04 
 399      1C68
 400 0ca2 96EEFDA6 		.ascii	"\226\356\375\246\312}&\243\304\364\267\350=i>\257\033"
 400      CA7D26A3 
 400      C4F4B7E8 
 400      3D693EAF 
 400      1B
 401 0cb3 7EA7C6AA 		.ascii	"~\247\306\252\246B\266\032_\361\337#\326Dbz[y\304\031"
 401      A642B61A 
 401      5FF1DF23 
 401      D644627A 
 401      5B79C419 
 402 0cc7 F13BB2AD 		.ascii	"\361;\262\255\364*FK\356\013O8\243\225\315\342B)\237"
 402      F42A464B 
 402      EE0B4F38 
 402      A395CDE2 
 402      42299F
 403 0cda 45F2E4BE 		.ascii	"E\362\344\276\332\371\376F~\273\360S\251\265\236q\244"
 403      DAF9FE46 
 403      7EBBF053 
 403      A9B59E71 
 403      A4
 404 0ceb 5E7A2F32 		.ascii	"^z/2\367\023\211\374\254srYhGK\370D\220\035\3469G\362"
 404      F71389FC 
 404      AC737259 
 404      68474BF8 
 404      44901DE6 
 405 0d02 B625D2FB 		.ascii	"\266%\322\373\271t\262\241\351uN.\223~\347'\322\252"
 405      B974B2A1 
 405      E9754E2E 
 405      937EE727 
 405      D2AA
 406 0d14 96EEB8AA 		.ascii	"\226\356\270\252-\231\270\022\326\031\037\270X\025\026"
 406      2D99B812 
 406      D6191FB8 
 406      581516
 407 0d23 9F92FB4B 		.ascii	"\237\222\373K\222\257\203R\022>\220-\012c\225\252\271"
 407      92AF8352 
 407      123E902D 
 407      0A6395AA 
 407      B9
 408 0d34 89185AC6 		.ascii	"\211\030Z\306V\205\243/R\330\264\005\223L\031u\246o"
 408      5685A32F 
 408      52D8B405 
 408      934C1975 
 408      A66F
 409 0d46 68B7865C 		.ascii	"h\267\206\\#\333\232aI\333(\325\006[\337\226\342\274"
 409      23DB9A61 
 409      49DB28D5 
 409      065BDF96 
 409      E2BC
 410 0d58 2C1D8EF5 		.ascii	",\035\216\365 [\337\0259y\007\273\274\221\337r\262\371"
 410      205BDF15 
 410      397907BB 
 410      BC91DF72 
 410      B2F9
 411 0d6a D5912D2F 		.ascii	"\325\221-/;\203=-\354j\375\230\274\236\207\252\234\201"
ARM GAS  /tmp/cc8qOsHu.s 			page 33


 411      3B833D2D 
 411      EC6AFD98 
 411      BC9E87AA 
 411      9C81
 412 0d7c EDA48A2A 		.ascii	"\355\244\212* y\037HOH\013\360rk\233\316\2056\275B\266"
 412      20791F48 
 412      4F480BF0 
 412      726B9BCE 
 412      8536BD42 
 413 0d91 EA0E0255 		.ascii	"\352\016\002U\001\357\324_Ae\236\202\306u\004\340\220"
 413      01EFD45F 
 413      41659E82 
 413      C67504E0 
 413      90
 414 0da2 5DF3EACE 		.ascii	"]\363\352\316\322\262 \027B\033\032\342,N|v\266\260"
 414      D2B22017 
 414      421B1AE2 
 414      2C4E7C76 
 414      B6B0
 415 0db4 2B281391 		.ascii	"+(\023\221_\015\362\213Av\221]\307o\317\342\331A\236"
 415      5F0DF28B 
 415      4176915D 
 415      C76FCFE2 
 415      D9419E
 416 0dc7 C20F23A6 		.ascii	"\302\017#\246\303\365\035bS\026O\354\022\350\024\367"
 416      C3F51D62 
 416      53164FEC 
 416      12E814F7 
 417 0dd7 9D923BB6 		.ascii	"\235\222;\266\247R\2736^\342\320\306!\032O\341\"\251"
 417      A752BB36 
 417      5EE2D0C6 
 417      211A4FE1 
 417      22A9
 418 0de9 20540516 		.ascii	" T\005\026\036\346\326V\302\371i\260\266\034\240\314"
 418      1EE6D656 
 418      C2F969B0 
 418      B61CA0CC 
 419 0df9 2E1A53D9 		.ascii	".\032S\331>\251\"1\201\314\334\327`\002a\261\355=e\351"
 419      3EA92231 
 419      81CCDCD7 
 419      600261B1 
 419      ED3D65E9 
 420 0e0d EF54C704 		.ascii	"\357T\307\004gx\261\216~\337L\261\2064\021\010\364M"
 420      6778B18E 
 420      7EDF4CB1 
 420      86341108 
 420      F44D
 421 0e1f CE610BB8 		.ascii	"\316a\013\270\254\006\234Nj>\210\375\346I]\310\344\223"
 421      AC069C4E 
 421      6A3E88FD 
 421      E6495DC8 
 421      E493
 422 0e31 7A1464B7 		.ascii	"z\024d\267\277\352\244\036\345.\234\004\371\307A\366"
 422      BFEAA41E 
 422      E52E9C04 
 422      F9C741F6 
 423 0e41 31BB499D 		.ascii	"1\273I\235\312\224Mj\007b:\\O\352h&\237\324\023\230"
ARM GAS  /tmp/cc8qOsHu.s 			page 34


 423      CA944D6A 
 423      07623A5C 
 423      4FEA6826 
 423      9FD41398 
 424 0e55 ED859692 		.ascii	"\355\205\226\222;Nj\205\254?+\010\237\254\2562iw>\272"
 424      3B4E6A85 
 424      AC3F2B08 
 424      9FACAE32 
 424      69773EBA 
 425 0e69 64392477 		.ascii	"d9$wK\231\276\373\243\305\255\321j\372\310\353\266k"
 425      4B99BEFB 
 425      A3C5ADD1 
 425      6AFAC8EB 
 425      B66B
 426 0e7b AF79BFC8 		.ascii	"\257y\277\310\364\"\242\012\2345\372\366l\356#y\037"
 426      F422A20A 
 426      9C35FAF6 
 426      6CEE2379 
 426      1F
 427 0e8c F390CF91 		.ascii	"\363\220\317\221\313%\243)\233u\236\303\316\366du\031"
 427      CB25A329 
 427      9B759EC3 
 427      CEF66475 
 427      19
 428 0e9d 2BA2C945 		.ascii	"+\242\311E\222\251\007\261\255n\017\323\035\031'\311"
 428      92A907B1 
 428      AD6E0FD3 
 428      1D1927C9 
 429 0ead A24E1562 		.ascii	"\242N\025b\307[\360\352\374\270&%}\215E*\242\205\275"
 429      C75BF0EA 
 429      FCB82625 
 429      7D8D452A 
 429      A285BD
 430 0ec0 C68AABBB 		.ascii	"\306\212\253\273U\257\226\277\306\"\235Zz\217u\026\223"
 430      55AF96BF 
 430      C6229D5A 
 430      7A8F7516 
 430      93
 431 0ed1 F7586730 		.ascii	"\367Xg0\177\217U}g$F\371f\256\230\333+\326,\316\251"
 431      7F8F557D 
 431      672446F9 
 431      66AE98DB 
 431      2BD62CCE 
 432 0ee6 8A07EA60 		.ascii	"\212\007\352`\225E\357\0232T$\265\221\"\362\262\032"
 432      9545EF13 
 432      325424B5 
 432      9122F2B2 
 432      1A
 433 0ef7 15A21E84 		.ascii	"\025\242\036\204\016\241n\244@\347\360\233\300}i(\377"
 433      0EA16EA4 
 433      40E7F09B 
 433      C07D6928 
 433      FF
 434 0f08 941AEFD0 		.ascii	"\224\032\357\3209\274g\263}^a\377\031\302y,,}o^\313"
 434      39BC67B3 
 434      7D5E61FF 
 434      19C2792C 
ARM GAS  /tmp/cc8qOsHu.s 			page 35


 434      2C7D6F5E 
 435 0f1d 06EDDF37 		.ascii	"\006\355\3377_`\203\2172s\322\005\\\314\304\247\247"
 435      5F60838F 
 435      3273D205 
 435      5CCCC4A7 
 435      A7
 436 0f2e 949E46F8 		.ascii	"\224\236F\370$E\204\257Z\216_R#\035\334\370\313\362"
 436      244584AF 
 436      5A8E5F52 
 436      231DDCF8 
 436      CBF2
 437 0f40 E2B25DB1 		.ascii	"\342\262]\261\327\263\274`\023\326\221\256\231}\312"
 437      D7B3BC60 
 437      13D691AE 
 437      997DCA
 438 0f4f B660F53C 		.ascii	"\266`\365<\317.\277\302\236\273\0163z\222\365W \353"
 438      CF2EBFC2 
 438      9EBB0E33 
 438      7A92F557 
 438      20EB
 439 0f61 1BB0DD9E 		.ascii	"\033\260\335\236\2335\372\313\216\363\243\312\273\324"
 439      9B35FACB 
 439      8EF3A3CA 
 439      BBD4
 440 0f6f B6558B56 		.ascii	"\266U\213V\202\225\374\331_S:Ov\253\021\215\316\215"
 440      8295FCD9 
 440      5F533A4F 
 440      76AB118D 
 440      CE8D
 441 0f81 60D443E9 		.ascii	"`\324C\351\016Y\326\350b\327\350l_\252\240\324\304\340"
 441      0E59D6E8 
 441      62D7E86C 
 441      5FAAA0D4 
 441      C4E0
 442 0f93 2630F82A 		.ascii	"&0\370*\224i3\3005{\303\323}"
 442      946933C0 
 442      357BC3D3 
 442      7D
 443 0fa0 6862363A 		.ascii	"hb6:+\227\366tY\035_\302\316l\265=\307j\335}\251D\203"
 443      2B97F674 
 443      591D5FC2 
 443      CE6CB53D 
 443      C76ADD7D 
 444 0fb7 133CE9D3 		.ascii	"\023<\351\323\335\232m\273\367+\3212?\247\273\345V0"
 444      DD9A6DBB 
 444      F72BD132 
 444      3FA7BBE5 
 444      5630
 445 0fc9 E69B0D9B 		.ascii	"\346\233\015\233J\247\031\177\035\010[\244\232h\304"
 445      4AA7197F 
 445      1D085BA4 
 445      9A68C4
 446 0fd8 7C791C9C 		.ascii	"|y\034\234O\235Q\313\037\233]\267\233\3716l}lv\370\376"
 446      4F9D51CB 
 446      1F9B5DB7 
 446      9BF9366C 
 446      7D6C76F8 
ARM GAS  /tmp/cc8qOsHu.s 			page 36


 447 0fed E39DEE34 		.ascii	"\343\235\3564\253`\014]dYU^\020\375D\345\272@n"
 447      AB600C5D 
 447      6459555E 
 447      10FD44E5 
 447      BA406E
 448 1000 D202B961 		.ascii	"\322\002\271a-\220\262\312\202\001$\025H\321 /\020 "
 448      2D90B2CA 
 448      82012415 
 448      48D1202F 
 448      1020
 449 1012 4335926D 		.ascii	"C5\222mpj_ \355\264@\022\313K\207\2648\235\006\006="
 449      706A5F20 
 449      EDB44012 
 449      CB4B87B4 
 449      389D0606 
 450 1027 7EB4F36B 		.ascii	"~\264\363kV d\247\311*\344x\324\315*o:F\357\005\231"
 450      562064A7 
 450      C92AE478 
 450      D4CD2A6F 
 450      3A46EF05 
 451 103c 85BBB24E 		.ascii	"\205\273\262N\224!\227\337\035\335\241\006\336\266\032"
 451      942197DF 
 451      1DDDA106 
 451      DEB61A
 452 104b B86BF7D5 		.ascii	"\270k\367\325>R\301\275l\307\337\220\014\006\356G\224"
 452      3E52C1BD 
 452      6CC7DF90 
 452      0C06EE47 
 452      94
 453 105c 0C754806 		.ascii	"\014uH\006v`\366\271\011\352\244\206\245\024\2677\011"
 453      7660F6B9 
 453      09EAA486 
 453      A514B737 
 453      09
 454 106d 389F1956 		.ascii	"8\237\031V?U\266\317\033W1d8k[\256\026\237gH\311|\346"
 454      3F55B6CF 
 454      1B573164 
 454      386B5BAE 
 454      169F6748 
 455 1084 800ED731 		.ascii	"\200\016\3271\244\242:f\204\177NUC\3368=\022\023\317"
 455      A4A23A66 
 455      847F4E55 
 455      43DE383D 
 455      1213CF
 456 1097 207C8D5E 		.ascii	" |\215^tkm-\030R#\372\244\333\366\250{\361\340\217\373"
 456      746B6D2D 
 456      185223FA 
 456      A4DBF6A8 
 456      7BF1E08F 
 457 10ac F2E3C41D 		.ascii	"\362\343\304\035\001\364Q[7\0303\350\372\276\207\354"
 457      01F4515B 
 457      371833E8 
 457      FABE87EC 
 458 10bc 72BFCF76 		.ascii	"r\277\317v\177\204\272\307\221\332\311\312\361z\212"
 458      7F84BAC7 
 458      91DAC9CA 
 458      F17A8A
ARM GAS  /tmp/cc8qOsHu.s 			page 37


 459 10cb EDE917D9 		.ascii	"\355\351\027\331,:\021\276\364\241C/\366\345{\340A\236"
 459      2C3A11BE 
 459      F4A1432F 
 459      F6E57BE0 
 459      419E
 460 10dd 86F7C9C3 		.ascii	"\206\367\311\303\032H\301\001\200~\200{\000\303\000"
 460      1A48C101 
 460      807E807B 
 460      00C300
 461 10ec 4376CBDA 		.ascii	"Cv\313\332h\226/\323\006\315\255\317\321\266\245\333"
 461      68962FD3 
 461      06CDADCF 
 461      D1B6A5DB 
 462 10fc E4A62C6E 		.ascii	"\344\246,n\034i|w\235\323\313\226\210Q^\211\203\316"
 462      1C697C77 
 462      9DD3CB96 
 462      88515E89 
 462      83CE
 463 110e 2AB12983 		.ascii	"*\261)\203\253\266n\350\227\306e5/\304\332\236\241J"
 463      ABB66EE8 
 463      97C66535 
 463      2FC4DA9E 
 463      A14A
 464 1120 8C5B5821 		.ascii	"\214[X!nI\236=$8\024\242\325}\364\030\274~\331\010\360"
 464      6E499E3D 
 464      243814A2 
 464      D57DF418 
 464      BC7ED908 
 465 1135 A264CBD0 		.ascii	"\242d\313\320#`z(\345\325\240\265(\347\023\"E\3352\256"
 465      23607A28 
 465      E5D5A0B5 
 465      28E71322 
 465      45DD32AE 
 466 1149 6BAB2B5D 		.ascii	"k\253+]\212\027*\"o\353\207[:\354\276P\032\261\253\355"
 466      8A172A22 
 466      6FEB875B 
 466      3AECBE50 
 466      1AB1ABED 
 467 115d 515B6D77 		.ascii	"Q[mw\211'\356{\321\312\2011^M\205U\007f<\\\227\3668"
 467      8927EE7B 
 467      D1CA8131 
 467      5E4D8555 
 467      07663C5C 
 468 1174 AD9C316B 		.ascii	"\255\2341k\345\354\035mJ\360\344\2253U\375\372\316\350"
 468      E5EC1D6D 
 468      4AF0E495 
 468      3355FDFA 
 468      CEE8
 469 1186 5C3F4282 		.ascii	"\\?B\202\272$\357\272\254U\363\204V\315\342\201\356"
 469      BA24EFBA 
 469      AC55F384 
 469      56CDE281 
 469      EE
 470 1197 339EF89E 		.ascii	"3\236\370\236\347\313}W2\311\252yd*R\324\332V\351\247"
 470      E7CB7D57 
 470      32C9AA79 
 470      642A52D4 
ARM GAS  /tmp/cc8qOsHu.s 			page 38


 470      DA56E9A7 
 471 11ab 6CB0A932 		.ascii	"l\260\2512\315\313\345\267&S\324\316\257mv\346MW{X+"
 471      CDCBE5B7 
 471      2653D4CE 
 471      AF6D76E6 
 471      4D577B58 
 472 11c0 FCA16A6B 		.ascii	"\374\241jk>\257p C\023\222\255\023V[\247\251\255\347"
 472      3EAF7020 
 472      431392AD 
 472      13565BA7 
 472      A9ADE7
 473 11d3 BF8EDFA6 		.ascii	"\277\216\337\246\305\323\314\326\326\346\236x\225\255"
 473      C5D3CCD6 
 473      D6E69E78 
 473      95AD
 474 11e1 113263CF 		.ascii	"\0212c\317\213c\315\256m\230\2436\314Zm(LO-\303\334"
 474      8B63CDAE 
 474      6D98A336 
 474      CC5A6D28 
 474      4C4F2DC3 
 475 11f6 86B6744D 		.ascii	"\206\266tMi~\\\315\357)\021\232\221,\230\261Z0O-X\250"
 475      697E5CCD 
 475      EF29119A 
 475      912C98B1 
 475      5A304F2D 
 476 120c 4FEEB4FB 		.ascii	"O\356\264\373\"\222\030,M\34536\225\344\010\304\011"
 476      2292182C 
 476      4DE53336 
 476      95E408C4 
 476      09
 477 121d 27DBBA05 		.ascii	"'\333\272\005\255\364:\235\274=\220h\237c\362!\233?"
 477      ADF43A9D 
 477      BC3D9068 
 477      9F63F221 
 477      9B3F
 478 122f BDE305E2 		.ascii	"\275\343\005\342\244\221\353\351:\237\035<\257\337@"
 478      A491EBE9 
 478      3A9F1D3C 
 478      AFDF40
 479 123e F4833AC9 		.ascii	"\364\203:\311\366\005\354c\345\241\010\231\231\371\262"
 479      F605EC63 
 479      E5A10899 
 479      99F9B2
 480 124d 4AFE4D8C 		.ascii	"J\376M\214\032\320\351\362\334&O\227\332D\201k[\304"
 480      1AD0E9F2 
 480      DC264F97 
 480      DA44816B 
 480      5BC4
 481 125f 54DDD384 		.ascii	"T\335\323\204\330i\376Y\251F\366Y\314r\366YLgKi\235"
 481      D869FE59 
 481      A946F659 
 481      CC72F659 
 481      4C674B69 
 482 1274 A7A33151 		.ascii	"\247\2431Q\202/\212\024\210\260h\301\307*\222\"\244"
 482      822F8A14 
 482      88B068C1 
 482      C72A9222 
ARM GAS  /tmp/cc8qOsHu.s 			page 39


 482      A4
 483 1285 5406FAEE 		.ascii	"T\006\372\356\272\311\0033n\027\230\030\201\005\006"
 483      BAC90333 
 483      6E179818 
 483      810506
 484 1294 8EE45B92 		.ascii	"\216\344[\222\256\326b$'~dW\020\261\2348\226\022?\251"
 484      AED66224 
 484      277E6457 
 484      10B19C38 
 484      96123FA9 
 485 12a8 EA3BE929 		.ascii	"\352;\351)'\276c'9\216\023\307Q\342\244\330\342H\015"
 485      27BE6327 
 485      398E13C7 
 485      51E2A4D8 
 485      E2480D
 486 12bb 8EF6622F 		.ascii	"\216\366b/3#o\236\327\272\\s\266\012$\033\326\363d\270"
 486      33236F9E 
 486      D7BA5C73 
 486      B60A241B 
 486      D6F364B8 
 487 12cf 9C5690A6 		.ascii	"\234V\220\246\203d\250\2015q\354\262f4\361*\254\211"
 487      8364A881 
 487      3571ECB2 
 487      6634F12A 
 487      AC89
 488 12e1 91E2FBBF 		.ascii	"\221\342\373\277%th\213`K\0108\265_\025\343\005\222"
 488      2574688B 
 488      604B0838 
 488      B55F15E3 
 488      0592
 489 12f3 1805D333 		.ascii	"\030\005\3233\211^\270\216)\216}>\321\353\305\205]H"
 489      895EB88E 
 489      298E7D3E 
 489      D1EBC585 
 489      5D48
 490 1305 54151F83 		.ascii	"T\025\037\203m\0328\020\203\004*-A\222\226\340(-\221"
 490      6D1A3810 
 490      83042A2D 
 490      419296E0 
 490      282D91
 491 1318 4AEB18AA 		.ascii	"J\353\030\252\015\304-LXq\331\336\012/\334\315\220\304"
 491      0DC42D4C 
 491      5871D9DE 
 491      0A2FDCCD 
 491      90C4
 492 132a DA0BD96A 		.ascii	"\332\013\331jHz\264\2150\322\3668\333\363\032\255\002"
 492      487AB48D 
 492      30D2F638 
 492      DBF31AAD 
 492      02
 493 133b F2E128AB 		.ascii	"\362\341(\253\202\213\025%\317\275\\\372\275\203\372"
 493      828B1525 
 493      CFBD5CFA 
 493      BD83FA
 494 134a 9D2C70C7 		.ascii	"\235,p\307\207\262vWxp[\207\357j\266\027u3\307\033\224"
 494      87B27657 
 494      78705B87 
ARM GAS  /tmp/cc8qOsHu.s 			page 40


 494      EF6AB617 
 494      7533C71B 
 495 135f 84122559 		.ascii	"\204\022%YmE\333\005\201`\366\346\356\244\346\266\214"
 495      6D45DB05 
 495      8160F6E6 
 495      EEA4E6B6 
 495      8C
 496 1370 562579E0 		.ascii	"V%y\340S\336\354m|\314\366E\265\024\311\204mv\221L\221"
 496      53DEEC6D 
 496      7CCCF645 
 496      B514C984 
 496      6D76914C 
 497 1385 7C4F7114 		.ascii	"|Oq\024\226J\205\365\356\033N\365\304\027\230\260\253"
 497      964A85F5 
 497      EE1B4EF5 
 497      C41798B0 
 497      AB
 498 1396 670FDC54 		.ascii	"g\017\334TI\221\274\343\020\3114IZ\232\243\264]TZ\352"
 498      4991BCE3 
 498      10C93449 
 498      5A9AA3B4 
 498      5D545AEA 
 499 13aa E5861C8D 		.ascii	"\345\206\034\215<{\346\354\262g7\317\236\3354{\012\032"
 499      3C7BE6EC 
 499      B26737CF 
 499      9EDD347B 
 499      0A1A
 500 13bc 23AF0BB8 		.ascii	"#\257\013\270\231\251\036\036\336\237\306\277\024{\235"
 500      99A91E1E 
 500      DE9FC6BF 
 500      147B9D
 501 13cb 7CEA907A 		.ascii	"|\352\220z>G\315*\244\205\354\024\3667N\356\326\342"
 501      3E47CD2A 
 501      A485EC14 
 501      F6374EEE 
 501      D6E2
 502 13dd BB8CF6E9 		.ascii	"\273\214\366\351\236k\267\3717\327\337\0074\357\371"
 502      9E6BB7F9 
 502      37D7DF07 
 502      34EFF9
 503 13ec F923AE4B 		.ascii	"\371#\256K1\333Z\212Y\002-\305\033\317\023zT\216\305"
 503      31DB5A8A 
 503      59022DC5 
 503      1BCF137A 
 503      548EC5
 504 13ff 9601C596 		.ascii	"\226\001\305\226N\213-\207\026\033e\"\3249C\265\013"
 504      4E8B2D87 
 504      161B6522 
 504      D43943B5 
 504      0B
 505 1410 76A5D9F0 		.ascii	"v\245\331\360\"\352\274\274-G\325?< \266\324\320\255"
 505      22EABCBC 
 505      2D47D53F 
 505      3C20B6D4 
 505      D0AD
 506 1422 DEE1C118 		.ascii	"\336\341\301\03012\016\026\345\275\202\017\312\204\340"
 506      31320E16 
ARM GAS  /tmp/cc8qOsHu.s 			page 41


 506      E5BD820F 
 506      CA84E0
 507 1431 C1964EC6 		.ascii	"\301\226N\306\274\007F\376\010\311\265O\370\241b\231"
 507      BC0746FE 
 507      08C9B54F 
 507      F8A16299 
 508 1441 21E88F41 		.ascii	"!\350\217A\201kM\306\000\213\361CSx\350o\215\001\021"
 508      816B4DC6 
 508      008BF143 
 508      5378E86F 
 508      8D0111
 509 1454 6EBFF9DD 		.ascii	"n\277\371\335\247o\254]\275Z\241\261|\2661\314\240\267"
 509      A76FAC5D 
 509      BD5AA1B1 
 509      7CB631CC 
 509      A0B7
 510 1466 FCCA3F28 		.ascii	"\374\312?(<\324\350\037\370\366\352\300w\376\354\037"
 510      3CD4E81F 
 510      F8F6EAC0 
 510      77FEEC1F 
 511 1476 610ADF60 		.ascii	"a\012\337`\012\010\015\015\016\333\340\2776(x}\360'"
 511      0A080D0D 
 511      0EDBE0BF 
 511      3628787D 
 511      F027
 512 1488 EBFCFDC3 		.ascii	"\353\374\375\303\315\376&\213\177p\230!dc\240\321\337"
 512      CDFE268B 
 512      7F709821 
 512      6463A0D1 
 512      DF
 513 1499 10640902 		.ascii	"\020d\011\002\221\201\346UA\012\255^\27718\314\362\316"
 513      9181E655 
 513      410AAD5E 
 513      BF3138CC 
 513      F2CE
 514 14ab DB7ACB1A 		.ascii	"\333z\313\032\377\215f\223\177\200)\364ga\341a\306\237"
 514      FF8D6693 
 514      7F8029F4 
 514      6761E161 
 514      C69F
 515 14bd 1903D607 		.ascii	"\031\003\326\007\333XB\003\014A\301aF\177}\240\361\263"
 515      DB584203 
 515      0C41C161 
 515      467F7DA0 
 515      F1B3
 516 14cf 808D2116 		.ascii	"\200\215!\026\275es\204\221\360\273Y\271\377\341\005"
 516      BD657384 
 516      91F0BB59 
 516      B9FFE105 
 517 14df DCE6CD66 		.ascii	"\334\346\315f\177\275\331\022\010\244\300\242\261D\230"
 517      7FBDD912 
 517      08A4C0A2 
 517      B14498
 518 14ee 82C3F596 		.ascii	"\202\303\365\226\377|)\273\015\341\241\241\341a\376"
 518      FF7C29BB 
 518      0DE1A1A1 
 518      E161FE
ARM GAS  /tmp/cc8qOsHu.s 			page 42


 519 14fd 11E1268B 		.ascii	"\021\341&\213\331\377\203?|\274\366\343/\311XDp\210"
 519      D9FF833F 
 519      7CBCF6E3 
 519      2FC95844 
 519      7088
 520 150f D164F6FF 		.ascii	"\321d\366\377\315\332\265\304\035n\214`\010\0120\251"
 520      CDDAB5C4 
 520      1D6E8C60 
 520      080A30A9 
 521 151f CDC1FF67 		.ascii	"\315\301\377g\324[\336\246\366\204\004\257\367\337`"
 521      D45BDEA6 
 521      F68404AF 
 521      F7DF60
 522 152e 3038D8F5 		.ascii	"08\330\365\356\252wV\255\226\254\263\004\202W\300\256"
 522      EEAA7756 
 522      AD96ACB3 
 522      048257C0 
 522      AE
 523 153f 0E82A018 		.ascii	"\016\202\240\030M\302g&\243Q\025\021\260\301h\026\302"
 523      4DC26726 
 523      A3511511 
 523      B0C16816 
 523      C2
 524 1550 8C5F5A54 		.ascii	"\214_ZT\001!\301\033\302x\240\336]\243\267\270YO\264"
 524      0121C11B 
 524      C278A0DE 
 524      5DA3B7B8 
 524      594FB4
 525 1563 66CBE7F4 		.ascii	"f\313\347\364\242\336\362\353o\357L\220!\334d\004\365"
 525      A2DEF2EB 
 525      6FEF4C90 
 525      21DC6404 
 525      F5
 526 1574 1EA03E42 		.ascii	"\036\240>B\317m\330h6\006\012\304\023\201\214z\312."
 526      CF6DD868 
 526      36060AC4 
 526      13818C7A 
 526      CA2E
 527 1586 817E10FF 		.ascii	"\201~\020\377E0\234\352B\215\241\033\214<\015>|\025"
 527      45309CEA 
 527      428DA11B 
 527      8C3C0D3E 
 527      7C15
 528 1598 0BC2CD24 		.ascii	"\013\302\315$2RB\200 \253\025p\032n\332L\224E\340P\313"
 528      32524280 
 528      20AB1570 
 528      1A6EDA4C 
 528      9445E050 
 529 15ad 97AAF04D 		.ascii	"\227\252\360MaF\223\033\344K\010\2316\015\014\205\004"
 529      6146931B 
 529      E44B0899 
 529      360D0C85 
 529      04
 530 15be 9B2D6EC6 		.ascii	"\233-n\306\010c\030L\350\006\017\343\027\3060Kh\200"
 530      0863184C 
 530      E8060FE3 
 530      17C6304B 
ARM GAS  /tmp/cc8qOsHu.s 			page 43


 530      6880
 531 15d0 F973302C 		.ascii	"\371s0,\324\274\341\317\033\215\033\215\257\031\202"
 531      D4BCE1CF 
 531      1B8D1B8D 
 531      AF1982
 532 15df F43CC7F4 		.ascii	"\364<\307\364t@\2100\031\277\360\266\033\322[4\233\002"
 532      74408830 
 532      19BFF0B6 
 532      1BD25B34 
 532      9B02
 533 15f1 822D20C2 		.ascii	"\202- \302[FMd{\311\021\275\005mT\0337\021\005\352M"
 533      5B464D64 
 533      7BC911BD 
 533      056D541B 
 533      371105EA 
 534 1606 16D01E01 		.ascii	"\026\320\036\001\007\26314\002\033\302,\356z=O?\015"
 534      07B33134 
 534      021BC22C 
 534      EE7A3D4F 
 534      3F0D
 535 1618 3FAA6014 		.ascii	"?\252`\024~\251\006\035\310\005\312\200\210 pMc&f\232"
 535      7EA9061D 
 535      C805CA80 
 535      8820704D 
 535      6326669A 
 536 162c 37A80080 		.ascii	"7\250\000\200`\223\305b\212\360a\212\364&\343gF\223"
 536      6093C562 
 536      8AF0618A 
 536      F426E367 
 536      4693
 537 163e 31CC0036 		.ascii	"1\314\0006\201\360\360\365\177\212p3~\031l1\204\007"
 537      81F0F0F5 
 537      7F8A7033 
 537      7E196C31 
 537      8407
 538 1650 1AD5A6C0 		.ascii	"\032\325\246\300\315\300!\000\211\331\235\245\300{\240"
 538      CDC02100 
 538      89D99DA5 
 538      C07BA0
 539 165f CD7AB490 		.ascii	"\315z\264\220q\020\367YH\300\006\263\306\022\012\034"
 539      7110F759 
 539      48C006B3 
 539      C6120A1C 
 540 166f 80992D50 		.ascii	"\200\231-P\257n\026z \"\003\326\007\230\215BX@\250Q"
 540      AF6E167A 
 540      202203D6 
 540      07988D42 
 540      5840A851 
 541 1683 151E02F3 		.ascii	"\025\036\002\363\246\0123n2\232\260\301\362\245\322"
 541      A60A336E 
 541      329AB0C1 
 541      F2A5D2
 542 1692 1CA10C21 		.ascii	"\034\241\014!\321\335\000\031\252\267`\323\352\325\000"
 542      D1DD0019 
 542      AAB760D3 
 542      EAD500
 543 16a1 6F294DBF 		.ascii	"o)M\277P\232\336S\232~\2564\275\2534\375\243\322\264"
ARM GAS  /tmp/cc8qOsHu.s 			page 44


 543      509ADE53 
 543      9A7EAE34 
 543      BDAB34FD 
 543      A3D2B4
 544 16b4 C683E40C 		.ascii	"\306\203\344\014q\026\230^i\246\235\344\232\376\213"
 544      7116985E 
 544      69A69DE4 
 544      9AFE8B
 545 16c3 9F87C24C 		.ascii	"\237\207\302L\353\250HCx\230\005\222\\ \223\353n\233"
 545      EBA84843 
 545      78980592 
 545      5C2093EB 
 545      6E9B
 546 16d5 08556844 		.ascii	"\010UhDxx\210\033\217\217\305\015.\204n\004:\015\375"
 546      7878881B 
 546      8F8FC50D 
 546      2E846E04 
 546      3A0DFD
 547 16e8 D55B7EF1 		.ascii	"\325[~\361\352=\307l\010\012\004\255\357\275:'L:0\376"
 547      EA3DC76C 
 547      080A04AD 
 547      EFBD3A27 
 547      4C3A30FE 
 548 16fc D3B750B9 		.ascii	"\323\267P\271\331lm\015\337B-\244\0160z\312\352AoY\373"
 548      D96C6D0D 
 548      DF422DA4 
 548      0E307ACA 
 548      EA416F59 
 549 1711 D7141911 		.ascii	"\327\024\031\021\361*\246\230M\006\340\012\334\014\211"
 549      F12AA698 
 549      4D06E00A 
 549      DC0C89
 550 1720 136C5865 		.ascii	"\023lXeP|\337a5\370\230Z\366{\230(\017\310Y\243\301"
 550      507CDF61 
 550      35F8985A 
 550      F67B9828 
 550      0FC859A3 
 551 1735 A2270DC3 		.ascii	"\242'\015\303\203\314\034\357\025\277\371+{\002\021"
 551      83CC1CEF 
 551      15BFF92B 
 551      7B0211
 552 1744 65960581 		.ascii	"e\226\005\201\212\266@]\2553\004\375w\300\347\306\215"
 552      8AB6405D 
 552      AD3304FD 
 552      77C0E7C6 
 552      8D
 553 1755 11EBBE2B 		.ascii	"\021\353\276+3j\335F3\351\012\306\300\217T\244'E\010"
 553      336ADD46 
 553      33E90AC6 
 553      C08F54A4 
 553      274508
 554 1768 9B00536D 		.ascii	"\233\000Sm\"\331\217\003L\033\226\361t\0124\232\015"
 554      22D98F03 
 554      4C1B96F1 
 554      740A349A 
 554      0D
 555 1779 A6E0084B 		.ascii	"\246\340\010K8\3642\037C\020Y\324>\010\011\0117|@Z\251"
ARM GAS  /tmp/cc8qOsHu.s 			page 45


 555      38F4321F 
 555      431059D4 
 555      3E080909 
 555      377C405A 
 556 178e 31D0C310 		.ascii	"1\320\303\020D|\242C\220\221\3536\233\377#\334\360\371"
 556      447CA243 
 556      9091EB36 
 556      9BFF23DC 
 556      F0F9
 557 17a0 B799C0CD 		.ascii	"\267\231\300\315\304vw\232\346 \353sO=\264\003\213\376"
 557      C476779A 
 557      E620EB73 
 557      4F3DB403 
 557      8BFE
 558 17b2 D71FACFB 		.ascii	"\327\037\254\373\327\337\377\341#\317\200\220M\001\233"
 558      D7DFFFE1 
 558      23CF8090 
 558      4D019B
 559 17c1 CD505321 		.ascii	"\315PS!\260\262\375\333\253D\012\352\305\177\355"
 559      B0B2FDDB 
 559      AB440AEA 
 559      C57FED
 560 17d0 C7EB3E5A 		.ascii	"\307\353>Z')\0135\007\233\365\260\322\220\016Jm\376"
 560      27290B35 
 560      079BF5B0 
 560      D2900E4A 
 560      6DFE
 561 17e2 348CA864 		.ascii	"4\214\250de\2731\214\253\247\235Z\277\352\335w\337Z"
 561      65BB318C 
 561      ABA79D5A 
 561      BFEADD77 
 561      DF5A
 562 17f4 E366C5FE 		.ascii	"\343f\305\376\037\341QBs"
 562      1FE15142 
 562      73
 563              		.text
 564              		.section	.gnu.lto_.symtab.9d96270a9d31b091,"",%progbits
 565 0000 63685468 		.ascii	"chThdCreateFromHeap\000"
 565      64437265 
 565      61746546 
 565      726F6D48 
 565      65617000 
 566 0014 00       		.ascii	"\000"
 567 0015 00       		.ascii	"\000"
 568 0016 00       		.ascii	"\000"
 569 0017 00000000 		.ascii	"\000\000\000\000\000\000\000\000"
 569      00000000 
 570 001f BF010000 		.ascii	"\277\001\000\000"
 571 0023 63685468 		.ascii	"chThdCreateFromMemoryPool\000"
 571      64437265 
 571      61746546 
 571      726F6D4D 
 571      656D6F72 
 572 003d 00       		.ascii	"\000"
 573 003e 00       		.ascii	"\000"
 574 003f 00       		.ascii	"\000"
 575 0040 00000000 		.ascii	"\000\000\000\000\000\000\000\000"
ARM GAS  /tmp/cc8qOsHu.s 			page 46


 575      00000000 
 576 0048 D6010000 		.ascii	"\326\001\000\000"
 577 004c 63685363 		.ascii	"chSchWakeupS\000"
 577      6857616B 
 577      65757053 
 577      00
 578 0059 00       		.ascii	"\000"
 579 005a 02       		.ascii	"\002"
 580 005b 00       		.ascii	"\000"
 581 005c 00000000 		.ascii	"\000\000\000\000\000\000\000\000"
 581      00000000 
 582 0064 DB010000 		.ascii	"\333\001\000\000"
 583 0068 63685468 		.ascii	"chThdCreateSuspendedI\000"
 583      64437265 
 583      61746553 
 583      75737065 
 583      6E646564 
 584 007e 00       		.ascii	"\000"
 585 007f 02       		.ascii	"\002"
 586 0080 00       		.ascii	"\000"
 587 0081 00000000 		.ascii	"\000\000\000\000\000\000\000\000"
 587      00000000 
 588 0089 F1010000 		.ascii	"\361\001\000\000"
 589 008d 63684865 		.ascii	"chHeapAllocAligned\000"
 589      6170416C 
 589      6C6F6341 
 589      6C69676E 
 589      656400
 590 00a0 00       		.ascii	"\000"
 591 00a1 02       		.ascii	"\002"
 592 00a2 00       		.ascii	"\000"
 593 00a3 00000000 		.ascii	"\000\000\000\000\000\000\000\000"
 593      00000000 
 594 00ab F7010000 		.ascii	"\367\001\000\000"
 595 00af 6368506F 		.ascii	"chPoolAlloc\000"
 595      6F6C416C 
 595      6C6F6300 
 596 00bb 00       		.ascii	"\000"
 597 00bc 02       		.ascii	"\002"
 598 00bd 00       		.ascii	"\000"
 599 00be 00000000 		.ascii	"\000\000\000\000\000\000\000\000"
 599      00000000 
 600 00c6 FB010000 		.ascii	"\373\001\000\000"
 601              		.text
 602              		.section	.gnu.lto_.opts,"",%progbits
 603 0000 272D666D 		.ascii	"'-fmath-errno' '-fsigned-zeros' '-ftrapping-math' '"
 603      6174682D 
 603      6572726E 
 603      6F272027 
 603      2D667369 
 604 0033 2D666E6F 		.ascii	"-fno-trapv' '-fno-openmp' '-fno-openacc' '-mcpu=cor"
 604      2D747261 
 604      70762720 
 604      272D666E 
 604      6F2D6F70 
 605 0066 7465782D 		.ascii	"tex-m4' '-mno-thumb-interwork' '-mthumb' '-ggdb' '-"
 605      6D342720 
ARM GAS  /tmp/cc8qOsHu.s 			page 47


 605      272D6D6E 
 605      6F2D7468 
 605      756D622D 
 606 0099 4F322720 		.ascii	"O2' '-fomit-frame-pointer' '-falign-functions=16' '"
 606      272D666F 
 606      6D69742D 
 606      6672616D 
 606      652D706F 
 607 00cc 2D666675 		.ascii	"-ffunction-sections' '-fdata-sections' '-fno-common"
 607      6E637469 
 607      6F6E2D73 
 607      65637469 
 607      6F6E7327 
 608 00ff 2720272D 		.ascii	"' '-flto'\000"
 608      666C746F 
 608      2700
 609              		.text
 610              		.comm	__gnu_lto_v1,1,1
 611              		.comm	__gnu_lto_slim,1,1
 612              		.ident	"GCC: (GNU Tools for ARM Embedded Processors 6-2017-q2-update) 6.3.1 20170215 (release) [AR
ARM GAS  /tmp/cc8qOsHu.s 			page 48


DEFINED SYMBOLS
                            *ABS*:0000000000000000 chdynamic.c
                            *COM*:0000000000000001 __gnu_lto_v1
                            *COM*:0000000000000001 __gnu_lto_slim

NO UNDEFINED SYMBOLS
