ARM GAS  /tmp/cceWWREG.s 			page 1


   1              		.cpu cortex-m4
   2              		.eabi_attribute 20, 1
   3              		.eabi_attribute 21, 1
   4              		.eabi_attribute 23, 3
   5              		.eabi_attribute 24, 1
   6              		.eabi_attribute 25, 1
   7              		.eabi_attribute 26, 1
   8              		.eabi_attribute 30, 2
   9              		.eabi_attribute 34, 1
  10              		.eabi_attribute 18, 4
  11              		.file	"chmemcore.c"
  12              		.text
  13              	.Ltext0:
  14              		.section	.gnu.lto_.profile.b88342862b70fd59,"",%progbits
  15 0000 789C6365 		.ascii	"x\234ce`b`a```d\320V\007\000\000\375\000_"
  15      60626061 
  15      60606064 
  15      D0560700 
  15      00FD005F 
  16              		.text
  17              		.section	.gnu.lto_.icf.b88342862b70fd59,"",%progbits
  18 0000 789C6365 		.ascii	"x\234ce`bPc@\0006\206\243\013O\037\345f\334\373\360"
  18      60625063 
  18      40003686 
  18      A30B4F1F 
  18      E566DCFB 
  19 0015 5D3B2B33 		.ascii	"];+3\230d\2357\343\321R>\266\223+\337>\346f\277>\345"
  19      98649D37 
  19      E3D1523E 
  19      B6932BDF 
  19      3EE666BF 
  20 002b F5621606 		.ascii	"\365b\026\006\000n\233\022\220"
  20      006E9B12 
  20      90
  21              		.text
  22              		.section	.gnu.lto_.jmpfuncs.b88342862b70fd59,"",%progbits
  23 0000 789C6365 		.ascii	"x\234ce`b\020c@\000\026 febdd\256\257g\203P\354@\021"
  23      60621063 
  23      40001620 
  23      66656264 
  23      64AEAF67 
  24 0019 0017A902 		.ascii	"\000\027\251\002>"
  24      3E
  25              		.text
  26              		.section	.gnu.lto_.inline.b88342862b70fd59,"",%progbits
  27 0000 789C6365 		.ascii	"x\234ce`b\250`@\000\026\006\006V\026F\006&\226\005\362"
  27      6062A860 
  27      40001606 
  27      06561646 
  27      06269605 
  28 0015 0C6C0BE4 		.ascii	"\014l\013\344\231@b\254\014\202\002\214L\214\012\214"
  28      994062AC 
  28      0C82028C 
  28      4C8C0A8C 
  29 0025 40368860 		.ascii	"@6\210`\021\2310\223\021\"\313\366A\217\207\201\351"
  29      11993093 
  29      1122CBF6 
ARM GAS  /tmp/cceWWREG.s 			page 2


  29      418F8781 
  29      E9
  30 0036 023F0B48 		.ascii	"\002?\013H\035\033\203\260\020#\023X\011X1\213\304\206"
  30      1D1B83B0 
  30      10231358 
  30      0958318B 
  30      C486
  31 0048 1D68EA38 		.ascii	"\035h\3528@\352\330\031\330X\201V\000\305\340V0\000"
  31      40EAD819 
  31      D8588156 
  31      00C5E056 
  31      3000
  32 005a 0012AD0D 		.ascii	"\000\022\255\015z"
  32      7A
  33              		.text
  34              		.section	.gnu.lto_.pureconst.b88342862b70fd59,"",%progbits
  35 0000 789C6365 		.ascii	"x\234ce`b\340b```a\220`\225`\333\305\310\316\002\000"
  35      6062E062 
  35      60606061 
  35      90609560 
  35      DBC5C8CE 
  36 0016 05CE0117 		.ascii	"\005\316\001\027"
  37              		.text
  38              		.section	.gnu.lto__core_init.b88342862b70fd59,"",%progbits
  39 0000 789C7D91 		.ascii	"x\234}\221Ok\023A\030\306\337gfM\2034\210\340\241\255"
  39      4F6B1341 
  39      18C6DF67 
  39      664D8334 
  39      88E0A1AD 
  40 0014 1EBCE4D0 		.ascii	"\036\274\344\320\213\203\372\015\024\317\205\366\003"
  40      8B83FA0D 
  40      14CF85F6 
  40      03
  41 0021 2CC96669 		.ascii	",\311fi\002\335lM\300k&\205\032\211\264\025\241\177"
  41      02DD6C4D 
  41      C06B2685 
  41      1A89B415 
  41      A17F
  42 0033 14CA0672 		.ascii	"\024\312\006r\250Vm\214\246j.\032\202'\021\013B\365"
  42      A8566D8C 
  42      A66A2E1A 
  42      8227110B 
  42      42F5
  43 0045 20FE4154 		.ascii	" \376ATP\354I<\330b\364\235$T\333B\007\206yw\366}~\373"
  43      50EC493C 
  43      D862F49D 
  43      2454DB42 
  43      07867977 
  44 005d 9BD90324 		.ascii	"\233\331\003$(*\210l\":\312\023\222 \256\274 \312\207"
  44      282A886C 
  44      223ACA13 
  44      9220AEBC 
  44      20CA87
  45 0070 05600A1D 		.ascii	"\005`\012\035\006\345\004r\230\221\363\022\315\302\227"
  45      06E50472 
  45      9891F312 
  45      CDC297
ARM GAS  /tmp/cceWWREG.s 			page 3


  46 007f BA185CD2 		.ascii	"\272\030\\\322<\032\363\217C\027\365d_ \211\256\361"
  46      3C1AF38F 
  46      4317F564 
  46      5F2089AE 
  46      F1
  47 0090 34034B18 		.ascii	"4\003K\030$n\373Y\374\3619\"\317\301\324\245'\315\265"
  47      246EFB59 
  47      FCF13922 
  47      CFC1D4A5 
  47      27CDB5
  48 00a3 43D1B2FE 		.ascii	"C\321\262\376\300\221W\327\217\\\325\245\005m\005\022"
  48      C09157D7 
  48      8F5CD5A5 
  48      056D0512 
  49 00b3 B801D9CD 		.ascii	"\270\001\331\315\231\222L\357\353O\265*\344p;\367\256"
  49      99924CEF 
  49      EB4FB52A 
  49      E4703BF7 
  49      AE
  50 00c4 BE520D75 		.ascii	"\276R\015us\317\006\362\272\231?nR\313\377R\313\335"
  50      73CF06F2 
  50      BA993F6E 
  50      52CBFF52 
  50      CBDD
  51 00d6 D4C76A6B 		.ascii	"\324\307jk6\022\262p\013Q\334D\264c\203\333\010\201"
  51      3612B270 
  51      0B51DC44 
  51      B46383DB 
  51      0881
  52 00e8 D7CA4B34 		.ascii	"\327\312K4t\353OA7Z\375\225\332\373\303\026Q\221\337"
  52      74EB4F41 
  52      375AFD95 
  52      DAFBC316 
  52      5191DF
  53 00fb 9BA35D96 		.ascii	"\233\243]\226\302\254\362+&6\013oW\307L\204qs\223\315"
  53      C2ACF22B 
  53      26360B6F 
  53      57C74C84 
  53      717393CD 
  54 010f B59E6919 		.ascii	"\265\236i\031H\321\366\250\327\277\277\351\311\375\326"
  54      48D1F6A8 
  54      D7BFBFE9 
  54      C9FDD6
  55 011e 61DE281B 		.ascii	"a\336(\0332\357}{\276\376\364`\200E\004Rb\205/\347\016"
  55      32EF7D7B 
  55      BEFEF460 
  55      80450452 
  55      62852FE7 
  56 0133 8EF1272B 		.ascii	"\216\361'+\010\360?\300\332\015\260\312\022\273\001"
  56      08F03FC0 
  56      DA0DB0CA 
  56      12BB01
  57 0142 40950177 		.ascii	"@\225\001w\015\300\334\326\346\257\365^n\276\244u\351"
  57      0DC0DCD6 
  57      E6AFF55E 
  57      6EBEA475 
  57      E9
ARM GAS  /tmp/cceWWREG.s 			page 4


  58 0153 8221DC63 		.ascii	"\202!\334c&\243\357#Gm\317\215m\317\235bb\257Xm[l\265"
  58      26A3EF23 
  58      476DCF8D 
  58      6DCF9D62 
  58      62AF586D 
  59 016a 23B6D344 		.ascii	"#\266\323D\3565y\260\237\311\303\216\311#6\331\300D"
  59      EE3579B0 
  59      9FC9C38E 
  59      C92336D9 
  59      C044
  60 017c 696B0A46 		.ascii	"ik\012F\244\375+\212|,\276Iv8\243\222\276\347\252\304"
  60      A4FD2B8A 
  60      7C2CBE49 
  60      7638A392 
  60      BEE7AAC4 
  61 0190 A99389D3 		.ascii	"\251\223\211\323\347\325x\306\037\315\304</\225\036"
  61      E7D578C6 
  61      1FCDC43C 
  61      2F951E
  62 019f 556793A9 		.ascii	"Ug\223\251xjhD)?\253\034\337\363\3744Wc\251\270\312"
  62      786A6844 
  62      293FAB1C 
  62      DFF3FC34 
  62      5763A9B8 
  63 01b4 661CE524 		.ascii	"f\034\345$=\327s\374\214{\302\241^\333N\272\261q\333"
  63      3DD773FC 
  63      8C7BC2A1 
  63      5EDB4EBA 
  63      B171DB
  64 01c7 4D276C3B 		.ascii	"M'l;\322}\210\307\262\256m\377\005\215\332\335\230"
  64      D27D88C7 
  64      B2AE6DFF 
  64      058DDADD 
  64      98
  65              		.text
  66              		.section	.gnu.lto_chCoreAllocAlignedI.b88342862b70fd59,"",%progbits
  67 0000 789C8D53 		.ascii	"x\234\215S\335K\024Q\024?g\356\314\316\262\353\356\372"
  67      DD4B1451 
  67      143F67EE 
  67      CCCEB2EB 
  67      EEFA
  68 0012 411064E0 		.ascii	"A\020d\340C\"\2768\364\365\017\024A\364R\321S\217\272"
  68      4322BE38 
  68      F4F50F14 
  68      41F452D1 
  68      538FBA
  69 0025 2EEE82EB 		.ascii	".\356\202\353\332\372\026\301\216\256\256\230T\006\265"
  69      DAFA16C1 
  69      8EAEAE98 
  69      5406B5
  70 0034 56B82C25 		.ascii	"V\270,%\241f\246\366\251\017\342\222\021F\366%\011b"
  70      A166A6F6 
  70      A90FE292 
  70      1146F625 
  70      0962
  71 0046 08D2F75A 		.ascii	"\010\322\367ZFEAa\256\235sg\263\324\227\006\346\314"
  71      46454161 
ARM GAS  /tmp/cceWWREG.s 			page 5


  71      AE9D7367 
  71      B3D49706 
  71      E6CC
  72 0058 BDBF7B7E 		.ascii	"\275\277{~\347\376\316\357\336\321@\201Y\001p\020\000"
  72      E7FECEEF 
  72      DED14081 
  72      59017010 
  72      00
  73 0069 76D28B1A 		.ascii	"v\322\213\032\240\322\366\030\240\336\256(\352{\035"
  73      A0D2F618 
  73      A0DEAE28 
  73      EA7B1D
  74 0078 4C87E8BE 		.ascii	"L\207\350\276\017`\346\010T-\\E\344\201iG\210(B\305"
  74      0F60E608 
  74      542D5C45 
  74      E4816947 
  74      882842C5 
  75 008c 089E12ED 		.ascii	"\010\236\022\355\002\2375\016t\210\223\")\000U\232~"
  75      029F350E 
  75      74889322 
  75      2900559A 
  75      7E
  76 009d 7974E195 		.ascii	"yt\341\225\233\247\210E\274:\377\256\321Y\332e\232\015"
  76      9BA78845 
  76      BC3AFFAE 
  76      D159DA65 
  76      9A0D
  77 00af 66AA7D48 		.ascii	"f\252}Ho\2176\355M\012\005\316Sv7\026b\027\026\362\346"
  77      6F8F36ED 
  77      4D0A05CE 
  77      53763716 
  77      621716F2 
  78 00c4 3D584AB9 		.ascii	"=XJ\271\227\352\247\036\272\304\036\004\0327\367\215"
  78      97EAA71E 
  78      BAC41E04 
  78      1A37F78D 
  79 00d4 A4DD2597 		.ascii	"\244\335%\227%\357\371\031anI\012\201WP\374K$\010\260"
  79      25EFF919 
  79      616E490A 
  79      815750FC 
  79      4B2408B0 
  80 00e8 174B28BD 		.ascii	"\027K(\275mqiN\027\373$5zqfT\315R'\342\222\252\342\325"
  80      6D71694E 
  80      17FB2435 
  80      7A716654 
  80      CD5227E2 
  81 0100 B55415B0 		.ascii	"\265T\025\260\017K8\177\"\325\322\357\020\007$73\231"
  81      0F4B387F 
  81      22D5D2EF 
  81      10072437 
  81      3399
  82 0112 FEAC1577 		.ascii	"\376\254\025wJ\356\247\304\306\323Qs\334T\223B\303k"
  82      4AEEA7C4 
  82      C6D35173 
  82      DC549342 
  82      C36B
  83 0124 ABF9FC50 		.ascii	"\253\371\374P\372\313\301\314Y\227M\305~,\356$3)\203"
ARM GAS  /tmp/cceWWREG.s 			page 6


  83      FACBC1CC 
  83      59974DC5 
  83      7E2CEE24 
  83      332983
  84 0137 9A19401B 		.ascii	"\232\031@\033\322\207\301\376IL\231\231\345f3\365v\363"
  84      D287C1FE 
  84      494C9999 
  84      E56633F5 
  84      76F3
  85 0149 8F6F4B79 		.ascii	"\217oKy\033\220vV\310\032\332\232\354$\355\032K\261"
  85      1B907656 
  85      C81ADA9A 
  85      EC24ED1A 
  85      4BB1
  86 015b 71D039D8 		.ascii	"q\3209\330eC\016\032jN\236\347ppqps\360\000W\315\345"
  86      65430E1A 
  86      6A4E9EE7 
  86      70707170 
  86      73F00057 
  87 0171 E53C9EE7 		.ascii	"\345<\236\347s(\340)\300q\332\234\317\247\225\354\245"
  87      7328E029 
  87      C071DA9C 
  87      CFA795EC 
  87      A5
  88 0182 AF486334 		.ascii	"\257Hc4\036\353\033\361\263\236\204\320\022B$\250i\211"
  88      1EEB1BF1 
  88      B39E84D0 
  88      124224A8 
  88      6989
  89 0194 A285314C 		.ascii	"\242\2051LM\314\216\367\364\312\003Tq\231\036\017\016"
  89      4DCC8EF7 
  89      F4CA0354 
  89      71991E0F 
  89      0E
  90 01a5 5283696C 		.ascii	"R\203il\230\376\223\247\023\227\211\277b-\302B\354\222"
  90      98FE93A7 
  90      139789BF 
  90      622DC242 
  90      EC92
  91 01b7 ACC31B6C 		.ascii	"\254\303\033l(\222\375\222hB\231\025O\177\030sXY\016"
  91      2892FD92 
  91      68429915 
  91      4F7F1873 
  91      58590E
  92 01ca 2A1E6FBA 		.ascii	"*\036o\272\373D\347\3426\351\357\360\360\307\027zd\311"
  92      FB44E7E2 
  92      36E9EFF0 
  92      F0C7177A 
  92      64C9
  93 01dc B413D029 		.ascii	"\264\023\320)P\2328?1u\317\221\304\004\262\3177\350"
  93      509A383F 
  93      3175CF91 
  93      C404B2CF 
  93      37E8
  94 01ee 5A5D6783 		.ascii	"Z]g\203\361&&\221\013~m\316\312pR\305U\372sdO\316U\230"
  94      F1262691 
  94      0B7E6DCE 
ARM GAS  /tmp/cceWWREG.s 			page 7


  94      CA7052C5 
  94      55FA7364 
  95 0206 8BE06C03 		.ascii	"\213\340l\003\2447\013\272e\017.\253\332a\013\363\020"
  95      A4370BBA 
  95      650F2EAB 
  95      DA610BF3 
  95      10
  96 0217 FC573FB9 		.ascii	"\374W?\271J\220\245\177!j\263Rr\327\011V\326\013\276"
  96      4A90A57F 
  96      216AB352 
  96      72D70956 
  96      D60BBE
  97 022a B522F8F6 		.ascii	"\265\"\370\366Z\301yT\202u\234\213\375\324,$_\202nx"
  97      5AC17954 
  97      82759C8B 
  97      FDD42C24 
  97      5F826E78 
  98 023e 8D8DD363 		.ascii	"\215\215\323c;V\274\314\227\367\251\225\\\246_\216\017"
  98      3B56BCCC 
  98      97F7A995 
  98      5CA65F8E 
  98      0F
  99 024f AE237662 		.ascii	"\256#vb\364\230\265\\ \245Z\326>\330\304\330\377\330"
  99      F498B55C 
  99      20A55AD6 
  99      3ED8C4D8 
  99      FFD8
 100 0261 786745D5 		.ascii	"xgE\325\020\251\242*\262\276*/\306\002*\220`\022|G\304"
 100      10A9A22A 
 100      B2BE2A2F 
 100      C6022A90 
 100      60127C47 
 101 0276 B2426566 		.ascii	"\262Befq\216R<b&\363\024\351\032!gQ\247\273\014\177"
 101      718E523C 
 101      6226F314 
 101      E91A2167 
 101      51A7BB0C 
 102 028b 28E8332A 		.ascii	"(\3503*\267m\255\334~\304\250\015\207\252\302\345\301"
 102      B76DADDC 
 102      7EC4A80D 
 102      87AAC2E5 
 102      C1
 103 029c 60A0A6CA 		.ascii	"`\240\246\312\330\355\017T\004\366\0372\214P\235\341"
 103      D8ED0F54 
 103      04F61F32 
 103      8C509DE1 
 104 02ac 0D0583A1 		.ascii	"\015\005\203\241\032\032U\007*\214\272\260\327\360\372"
 104      1A1A5507 
 104      2A8CBAB0 
 104      D7F0FA
 105 02bb 83BEA037 		.ascii	"\203\276\2407\024\366\225yA\255\013\034\365i\345\325"
 105      14F69579 
 105      41AD0B1C 
 105      F569E5D5 
 106 02cb 81AA1AAC 		.ascii	"\201\252\032\254\375\015\212\353H\362"
 106      FD0D8AEB 
 106      48F2
ARM GAS  /tmp/cceWWREG.s 			page 8


 107              		.text
 108              		.section	.gnu.lto_chCoreAllocAligned.b88342862b70fd59,"",%progbits
 109 0000 789C9554 		.ascii	"x\234\225TkL\233U\030>\357w\276^h\271\215?\232\310\217"
 109      6B4C9B55 
 109      183EEF77 
 109      BE5E68B9 
 109      8D3F9AC8 
 110 0015 92481889 		.ascii	"\222H\030\211\341\3632\243?\214\211\022\215.!\032\370"
 110      E1F332A3 
 110      3F8C8912 
 110      8D2E211A 
 110      F8
 111 0026 E52F02A5 		.ascii	"\345/\002\245\203&\224b\313\226\315\230\360\255e \342"
 111      83269462 
 111      CB96CD98 
 111      F0AD6520 
 111      E2
 112 0037 65C68DCB 		.ascii	"e\306\215\313\240\351\0341\003'\203\325M\206\343\322"
 112      A0E91C31 
 112      032783D5 
 112      4D86E3D2 
 113 0047 01DB4018 		.ascii	"\001\333@\030\333\020\014a\232\340\220le\027\347\242"
 113      DB100C61 
 113      9AE0906C 
 113      6517E7A2 
 114 0057 7166AEF8 		.ascii	"qf\256\370\276\347+\035\264D\267\357\307\371\316y\317"
 114      BEE72B1D 
 114      B444B7EF 
 114      C7F9CE79 
 114      CF
 115 0068 FBBCE779 		.ascii	"\373\274\347y\257:&\261m\006\306^\006\306\236g\214\201"
 115      AF3A26B1 
 115      6D06C65E 
 115      06C69E67 
 115      8C81
 116 007a 8E81B477 		.ascii	"\216\201\264w\212\261\335FI\222\257\031\230j\342\035"
 116      8AB1DD46 
 116      4992AF19 
 116      986AE21D 
 117 008a 67195313 		.ascii	"g\031S\0239\310\232\\\006\240\215j\004V-q\031\252\341"
 117      39C89A5C 
 117      06A08D6A 
 117      04562D71 
 117      19AAE1
 118 009d 53DEC4E1 		.ascii	"S\336\304\341RMO\033\377\204\3739\003\031\217\277\237"
 118      524D4F1B 
 118      FF84FB39 
 118      03198FBF 
 118      9F
 119 00ae 3FB0984C 		.ascii	"?\260\230LG\000\013\335._\2551g\037VU\217\032l\012\230"
 119      47000BDD 
 119      2E5FAD31 
 119      671F5655 
 119      8F1A6C0A 
 120 00c3 9ABC7BDE 		.ascii	"\232\274{\336\360s\211\265\240v\007\244\303aH\247\307"
 120      F07389B5 
 120      A07607A4 
ARM GAS  /tmp/cceWWREG.s 			page 9


 120      C36148A7 
 120      C7
 121 00d4 3B211B75 		.ascii	";!\033u\017\355\236\235H\342\257\001\303}]\327@(9\353"
 121      0FED9E9D 
 121      48E2AF01 
 121      C37D5DD7 
 121      402839EB 
 122 00e8 4B819BDC 		.ascii	"K\201\233\334\307\325'\375\234\303W\300\327\002Q\304"
 122      C7D527FD 
 122      9CC357C0 
 122      D70251C4 
 123 00f8 E00864A1 		.ascii	"\340\010d\241\372\336{\367\027\014|\253\200z\277\230"
 123      FADE7BF7 
 123      170C7CAB 
 123      807ABF98 
 124 0108 1F9223D0 		.ascii	"\037\222#\320\321F\001\225\341\353X\250\314\240\013"
 124      D1460195 
 124      E1EB58A8 
 124      CCA00B
 125 0117 B2487F32 		.ascii	"\262H\1772X\337m\342o\013\354O\037\204{\345\314v\201"
 125      58DF6DE2 
 125      6F0BEC4F 
 125      1F847BE5 
 125      CC7681
 126 012a FDB133ED 		.ascii	"\375\2613\3553\257:\246\312H\030\216\256\307\323\207"
 126      33AF3AA6 
 126      CA48188E 
 126      AEC7D387 
 127 013a EA578E85 		.ascii	"\352W\216\205\367'\351e\350\206Lr\011=\351\001=FT\302"
 127      F727E965 
 127      E8864C72 
 127      093DE901 
 127      3D4654C2 
 128 014e BBC66B77 		.ascii	"\273\306kw\303\206\210\251\251\316\344\0265Xc\331\300"
 128      C38688A9 
 128      A9CEE416 
 128      355863D9 
 128      C0
 129 015f 09FAE018 		.ascii	"\011\372\340\030d\"\"<\035\272\255\213 n\371\036_}\\"
 129      6422223C 
 129      1DBAAD8B 
 129      206EF91E 
 129      5F7D5C
 130 0172 B7D1E310 		.ascii	"\267\321\343\020\200\314\356i\010\252\341\225:\264\237"
 130      80CCEE69 
 130      08AAE195 
 130      3AB49F
 131 0181 FDDB1F33 		.ascii	"\375\333\0373i\217I@\341\300\310\243g2\371\250\243E"
 131      698F4940 
 131      E1C0C8A3 
 131      6732F9A8 
 131      A345
 132 0193 4F8B413C 		.ascii	"O\213A<b\304\255.\201\316&Z\314\264$\322\222$\014&\323"
 132      62C4AD2E 
 132      81CE265A 
 132      CCB424D2 
 132      92240C26 
ARM GAS  /tmp/cceWWREG.s 			page 10


 133 01a8 750A9D53 		.ascii	"u\012\235Si\331D\3074F\371b\037\242w\224\375\006<\340"
 133      69D944C7 
 133      3446F962 
 133      1FA27794 
 133      FD063CE0 
 134 01bc 9F2F8144 		.ascii	"\237/\201D\001\270\332_7\003<_\304\356\304\340\\\263"
 134      01B8DA5F 
 134      37033C5F 
 134      C4EEC4E0 
 134      5CB3
 135 01ce 2942FF5C 		.ascii	")B\377\\\353\346\003\336\211\217\324\203\236T?\327\303"
 135      EBE603DE 
 135      898FD483 
 135      9E543FD7 
 135      C3
 136 01df 371B3870 		.ascii	"7\0338p\\\370\\\027R\007d*\027=X\340\004\336-\203\347"
 136      5CF85C17 
 136      5207642A 
 136      173D58E0 
 136      04DE2D83 
 137 01f4 CACAFE9E 		.ascii	"\312\312\376\236i\210\206\267F\305/\370\371I\223\210"
 137      698886B7 
 137      46C52FF8 
 137      F9499388 
 138 0204 6E0B0716 		.ascii	"n\013\007\026s\365\303\200\245\220\301\267t'\305\336"
 138      73F5C380 
 138      A590C1B7 
 138      7427C5DE 
 139 0214 8DB46E6E 		.ascii	"\215\264nn\345\364\026\203^R\340k\322\306\340$\350\221"
 139      E5F41683 
 139      5E52E06B 
 139      D2C6E024 
 139      E891
 140 0226 491FE50C 		.ascii	"I\037\345\014X;e\355\220?p\327\224q\\\362\253\315\230"
 140      583B65ED 
 140      903F70D7 
 140      94715CF2 
 140      ABCD98
 141 0239 2D036977 		.ascii	"-\003iw-\236R\2152\306\000\276\203\014\221\366\3337"
 141      2D9E528D 
 141      32C600BE 
 141      830C91F6 
 141      DB37
 142 024b 662E4B28 		.ascii	"f.K(\201S \013\322\014\372E\361w\014\216,%f\364F\320"
 142      8153200B 
 142      D20CFA45 
 142      F1770C8E 
 142      2C2566F4 
 143 0261 46D2BD73 		.ascii	"F\322\275s40k\026\350\001B\303 \310l\011<\026\021\000"
 143      34306B16 
 143      E80142C3 
 143      20C86C09 
 143      3C161100 
 144 0275 46DB85FA 		.ascii	"F\333\205\3726\235\250\033L\220\017=\240[:#x|q\370\272"
 144      369DA81B 
 144      4C900F3D 
 144      A05B3A23 
ARM GAS  /tmp/cceWWREG.s 			page 11


 144      787C71F8 
 145 028a 14574371 		.ascii	"\024WCq\325,\3429Dh\316B\340m\254\355\032(\213\211\303"
 145      D52CE239 
 145      4468CE42 
 145      E06DACED 
 145      1A288B89 
 146 029f AD4E1369 		.ascii	"\255N\023i\320\033\2210\312k\0138@\342\240\210\306i"
 146      D01B9130 
 146      CA6B0B38 
 146      40E2A088 
 146      C669
 147 02b1 D0FBB88C 		.ascii	"\320\373\270\214D\326Z\323\244:\274@\320\317c\235GD"
 147      44D65AD3 
 147      A43ABC40 
 147      D0CF639D 
 147      4744
 148 02c3 C7CBB082 		.ascii	"\307\313\260\202_\012\014#\207\020x\346jA\323\323G\240"
 148      5F0A0C23 
 148      871078E6 
 148      6A41D3D3 
 148      47A0
 149 02d5 FFD4D673 		.ascii	"\377\324\326sMb\020`\275\346\333\351U_\015\204j\014"
 149      4D621060 
 149      BDE6DBE9 
 149      555F0D84 
 149      6A0C
 150 02e7 5D1F3169 		.ascii	"]\0371iZFj\233=\303\027\014d<A\344\271\257\357\306e"
 150      5A466A9B 
 150      3DC3170C 
 150      643C41E4 
 150      B9AFEFC6 
 151 02fc 43F57DD5 		.ascii	"C\365}\325\210\202v\256u\335\362\344\354\250\311\017"
 151      888276AE 
 151      75DDF2E4 
 151      ECA8C90F 
 152 030c 3EA0DE18 		.ascii	">\240\336\030\30594\"Rp\006\374@\006\357\324Eh$\240"
 152      C5393422 
 152      527006FC 
 152      4006EFD4 
 152      456824A0 
 153 0320 45CD8388 		.ascii	"E\315\203\210\300\204\274P\274NfFq\304\001\344\033\021"
 153      C084BC50 
 153      BC4E6646 
 153      71C401E4 
 153      1B11
 154 0332 260A1FCC 		.ascii	"&\012\037\314\232\265w4Y\022\212\037\360\017\020\377"
 154      9AB57734 
 154      59128A1F 
 154      F00F10FF 
 155 0342 248DFF4D 		.ascii	"$\215\377M\257^SI\216#\014\361\204\317F\011\237\213"
 155      AF5E5349 
 155      8E230CF1 
 155      84CF4609 
 155      9F8B
 156 0354 259C8226 		.ascii	"%\234\202&\210Gs\355\337:M\222*\204\211\354W\250\231"
 156      884773ED 
 156      DF3A4D92 
ARM GAS  /tmp/cceWWREG.s 			page 12


 156      2A8489EC 
 156      57A899
 157 0367 1BD9128D 		.ascii	"\033\331\022\215e\252Hy\003F\031g4GD[\355\307C\357k"
 157      65AA4879 
 157      03461967 
 157      3447445B 
 157      EDC743EF 
 158 037c D79B0455 		.ascii	"\327\233\004U-\264\343O\220\354a\3028\026e5\216\254"
 158      2DB4E34F 
 158      90EC61C2 
 158      38166535 
 158      8EAC
 159 038e D08AB02F 		.ascii	"\320\212\260/Gz\335s\360\257}\321\032e\321\012\245\212"
 159      477ADD73 
 159      F0AF7DD1 
 159      1A65D10A 
 159      A58A
 160 03a0 5A730AAC 		.ascii	"Zs\012\254;uk'i\203\321\340\373\237\321\360\275\030"
 160      3B756B27 
 160      6983D1E0 
 160      FB9FD1F0 
 160      BD18
 161 03b2 0DD14AA0 		.ascii	"\015\321J\240\356\234\370\257\321\320\277:\032t\353"
 161      EE9CF8AF 
 161      D1D0BF3A 
 161      1A74EB
 162 03c1 BA7B92EA 		.ascii	"\272{\222\3529nV\274dgp\236\224\365\361\263b\213\217"
 162      396E56BC 
 162      6467709E 
 162      94F5F1B3 
 162      628B8F
 163 03d4 D3E30CA6 		.ascii	"\323\343\014\246\342g\305\005\321\035\027\327\314\212"
 163      E267C505 
 163      D11D17D7 
 163      CC8A
 164 03e2 B0FF9741 		.ascii	"\260\377\227A\363\352\030\230\020\301\273$\306@l\317"
 164      F3EA1898 
 164      10C1BB24 
 164      C6406CCF 
 165 03f2 4F477B9E 		.ascii	"OG{\236\214\263\233\330\363\015\035g\364\304\331\307"
 165      8CB39BD8 
 165      F30D1D67 
 165      F4C4D9C7 
 166 0402 D3D0E33F 		.ascii	"\323\320\343?!\015r\322\245\371{\013\030\372$>\037\276"
 166      210D72D2 
 166      A5F97B0B 
 166      18FA243E 
 166      1FBE
 167 0414 08387181 		.ascii	"\0108q\201\242\217V^U\312\234\016\233R\362\3543%\317"
 167      A28F565E 
 167      55CA9C0E 
 167      9B52F2EC 
 167      3325CF
 168 0427 BDAB54BA 		.ascii	"\275\253T\272\234\245\256\"\207\303^Q\252\344\226\331"
 168      9CA5AE22 
 168      87C35E51 
 168      AAE496D9 
ARM GAS  /tmp/cceWWREG.s 			page 13


 169 0437 8BED6F15 		.ascii	"\213\355o\025(\212\323\255X\235\016\207\263\002w\345"
 169      288AD3AD 
 169      589D0E87 
 169      B30277E5 
 170 0447 F662C5ED 		.ascii	"\366b\305\355\262*\3262\207\315au\272l9V&\273\355\357"
 170      B22AD632 
 170      87CD6175 
 170      BA6C3956 
 170      26BBEDEF 
 171 045b D97445E5 		.ascii	"\331tE\345\366\322\012\250\324\355(*\337n{\375Q\254"
 171      F6D20AA8 
 171      D4ED282A 
 171      DF6E7BFD 
 171      51AC
 172 046d 563A5D55 		.ascii	"V:]Un\345\225\374\274\334\274\235h\230\254\026\356x"
 172      6EE595FC 
 172      BCDCBC9D 
 172      6898AC16 
 172      EE78
 173 047f C19153C6 		.ascii	"\301\221S\306\266>\212\031\333\316*%7\257\340\315\002"
 173      B63E8A19 
 173      DBCE2A25 
 173      37AFE0CD 
 173      02
 174 0490 C55E612D 		.ascii	"\305^a-\337^bS\254\016\267\335]Xj\265\242\251\027\037"
 174      DF5E6253 
 174      AC0EB7DD 
 174      5D586AB5 
 174      A2A9171F 
 175 04a4 CA94ABEA 		.ascii	"\312\224\253\352\001\270\314\275\313\215\300\324\274"
 175      01B8CCBD 
 175      CB8DC0D4 
 175      BC
 176 04b1 827C4B71 		.ascii	"\202|Kq\221\333V\351\262?e\311|\232I.f@\347\235\256"
 176      91DB56E9 
 176      B23F65C9 
 176      7C9A492E 
 176      6640E79D 
 177 04c6 5DEC5F5C 		.ascii	"]\354_\\\016\265@"
 177      0EB540
 178              		.text
 179              		.section	.gnu.lto_chCoreGetStatusX.b88342862b70fd59,"",%progbits
 180 0000 789C6590 		.ascii	"x\234e\220\273N\002Q\020\206g\366\354\262\013\211\274"
 180      BB4E0251 
 180      108667F6 
 180      ECB20B89 
 180      BC
 181 0011 8014B434 		.ascii	"\200\024\2644\236\250o\240V6\026>\201,\004H\\V\341\001"
 181      9EA86FA0 
 181      5636163E 
 181      812C0448 
 181      5C56E101 
 182 0025 38E285A8 		.ascii	"8\342\205\250\211\332\010x![P \336P;\012\023b\264\363"
 182      89DA0878 
 182      215B5020 
 182      DE503B0A 
 182      1362B4F3 
ARM GAS  /tmp/cceWWREG.s 			page 14


 183 0039 4A6265A7 		.ascii	"Jbe\247\025F\013\215\245\202s\262\304B\212=;\377\277"
 183      15460B8D 
 183      A58273B2 
 183      C4428A3D 
 183      3BFFBF
 184 004c 73BE7F66 		.ascii	"s\276\177f5P \217\000c\000\320O\0172@e\343\026`\316"
 184      3550208F 
 184      006300D0 
 184      4F0F3240 
 184      65E31660 
 185 0061 50106521 		.ascii	"P\020e!\014\204\214\202\031\\g\005\206\017\013'\273"
 185      0C848C82 
 185      195C6705 
 185      860F0B27 
 185      BB
 186 0072 6C8D39D4 		.ascii	"l\2159\324\246\222\374\270\331~\361K\211\030$\271#\232"
 186      A692FCB8 
 186      D97EF14B 
 186      891824B9 
 186      239A
 187 0084 CB7AA822 		.ascii	"\313z\250\"DV4\012_\276\342\331\275\360:L\201-j\337"
 187      4456340A 
 187      5FBEE2D9 
 187      BDF03A4C 
 187      812D6ADF 
 188 0098 C3005630 		.ascii	"\303\000V0 3\252\030\002\352~>mo\366yT\371\225\314}"
 188      2033AA18 
 188      02EA7E3E 
 188      6D6FF679 
 188      54F995CC 
 189 00ad F4D01C50 		.ascii	"\364\320\034PkbC\264;9\321\370.cg\334P\300a\214\321"
 189      6B6243B4 
 189      3B39D1F8 
 189      2E6367DC 
 189      50C0618C 
 190 00c2 A1AAB2D2 		.ascii	"\241\252\262\322d\345\221\207\016\222\014+tY\216\271"
 190      64E59187 
 190      0E920C2B 
 190      74598EB9 
 191 00d2 4A82DEAC 		.ascii	"J\202\336\254\205\331|\353\374\312/y%\246PL~\361\342"
 191      85D97CEB 
 191      FCCA2F79 
 191      25A6504C 
 191      7EF1E2
 192 00e5 4E97336A 		.ascii	"N\2273j(S\353\365\267'=\363#\0142\3122\231\274\327\353"
 192      2853EBF5 
 192      B7273DF3 
 192      230C32CA 
 192      3299BCD7 
 193 00fa C74B9F83 		.ascii	"\307K\237\203%\244\004<\244]\017\344\240x\204\016\002"
 193      25A4043C 
 193      A45D0FE4 
 193      A078840E 
 193      02
 194 010b 013F73E8 		.ascii	"\001?s\350\342\030\021\245\221\367\272Z\355\341a/\357"
 194      E21811A5 
 194      91F7BA5A 
ARM GAS  /tmp/cceWWREG.s 			page 15


 194      EDE1612F 
 194      EF
 195 011c F88F57FB 		.ascii	"\370\217W\373\317\323\010A\306|q\251k\270\031\232\333"
 195      CFD30841 
 195      C67C71A9 
 195      6BB8199A 
 195      DB
 196 012d 5465AEA9 		.ascii	"Te\256\251\223\017\357\230\015v%\315Lk\243\\\227~\300"
 196      930FEF98 
 196      0D7625CD 
 196      4C6BA35C 
 196      977EC0
 197 0140 088FDB56 		.ascii	"\010\217\333V\224G\206\006#\303\263|&e\307RS\226\225"
 197      94478606 
 197      23C3B37C 
 197      2665C752 
 197      539695
 198 0153 48C6F868 		.ascii	"H\306\370h<\021NLLrn\247\271i[\226\235\244j:\021\346"
 198      3C114E4C 
 198      4C726EA7 
 198      B9695B96 
 198      9DA46A3A 
 199 0169 E994C9CD 		.ascii	"\351\224\311\315\270\025\265L;\025\0350\341\027\335"
 199      B815B54C 
 199      3B151D30 
 199      E117DD
 200 0178 529472   		.ascii	"R\224r"
 201              		.text
 202              		.section	.gnu.lto_.symbol_nodes.b88342862b70fd59,"",%progbits
 203 0000 789C55CB 		.ascii	"x\234U\313K\015\200@\020\203\341\2773\031\037\004'\370"
 203      4B0D8040 
 203      1083E1BF 
 203      33191F04 
 203      27F8
 204 0012 C1C3AC04 		.ascii	"\301\303\254\004\364 \002+\2749\263\204\323\366\322"
 204      F420022B 
 204      BC39B384 
 204      D3F6D2
 205 0021 E44B1B18 		.ascii	"\344K\033\030#5\266+aZ\240\326\\\006\210U\224\036<n"
 205      2335B62B 
 205      615AA0D6 
 205      5C068855 
 205      941E3C6E 
 206 0035 A9AB93D8 		.ascii	"\251\253\223\330d?<\362\017\354P\252\371\330\251\264"
 206      643F3CF2 
 206      0FEC50AA 
 206      F9D8A9B4 
 207 0045 562EA537 		.ascii	"V.\2457\302\013Nb\031\036"
 207      C20B4E62 
 207      191E
 208              		.text
 209              		.section	.gnu.lto_.refs.b88342862b70fd59,"",%progbits
 210 0000 789C05C1 		.ascii	"x\234\005\301\261\021\300 \000\003\261\177\033H\221"
 210      B111C020 
 210      0003B17F 
 210      1B4891
 211 000f A3A1618A 		.ascii	"\243\241a\212\354\277^\244I\370\200\201\232h\223\221"
ARM GAS  /tmp/cceWWREG.s 			page 16


 211      ECBF5EA4 
 211      49F88081 
 211      9A689391 
 212 001f 4E5C74EB 		.ascii	"N\\t\353\351\302\227\036\275y\250X~\026\333\000\326"
 212      E9C2971E 
 212      BD79A858 
 212      7E16DB00 
 212      D6
 213              		.text
 214              		.section	.gnu.lto_.decls.b88342862b70fd59,"",%progbits
 215 0000 789C9556 		.ascii	"x\234\225V[P\024W\032\356\177z\230\201a\006)bm\371\300"
 215      5B501457 
 215      1AEE7F7A 
 215      98816106 
 215      29626DF9 
 216 0015 D65A54A5 		.ascii	"\326ZT\245 \017\241\243n\022\366e+\206\332D\267\326"
 216      200FA1A3 
 216      6E12F665 
 216      2B86DA44 
 216      B7D6
 217 0027 3515D6D4 		.ascii	"5\025\326\324\356\303V\3270L\234\25103\206\031v\303"
 217      EEC356D7 
 217      304C9CA9 
 217      30338619 
 217      76C3
 218 0039 BEA44171 		.ascii	"\276\244Aq)D\202D\215\342m\024\013A@PQ\242\004\035\020"
 218      29448244 
 218      8DE26D14 
 218      0B414050 
 218      51A2041D 
 219 004e 8917402E 		.ascii	"\211\027@.AdU@\203\230 *7\203\210\204\375\3179=t3\202"
 219      41645540 
 219      8398202A 
 219      37838884 
 219      FDCF393D 
 220 0065 BBE9E21F 		.ascii	"\273\351\342\037\372\234\376\317\367}\377\245\317\351"
 220      FA9CFECF 
 220      F77DFFA5 
 220      CFE9
 221 0073 204EC39D 		.ascii	" N\303\235\012\345\270b\015\307e\001\307\315\340\025"
 221      0AE5B862 
 221      0DC76501 
 221      C7CDE015 
 222 0083 C4715C39 		.ascii	"\304q\\9\247\\Z\264chg\321\276A;/\317]AkF\273\206\326"
 222      A75C5AB4 
 222      636867D1 
 222      BE413B2F 
 222      CF5D416B 
 223 009b C6CDBDFE 		.ascii	"\306\315\275\376\216X\004\347#\264&\264v\264\313h\035"
 223      8E5804E7 
 223      23B426B4 
 223      76B4CB68 
 223      1D
 224 00ac F2739031 		.ascii	"\362s\2201\377\027N*:\352\361\177\004\332b\264uh\325"
 224      FF174E2A 
 224      3AEAF17F 
 224      04DA62B4 
ARM GAS  /tmp/cceWWREG.s 			page 17


 224      7568D5
 225 00bf 686B65BC 		.ascii	"hke\274v\025\036\321\307\243\335\2251\257\005`\245\241"
 225      76151ED1 
 225      C7A3DD95 
 225      31AF0560 
 225      A5A1
 226 00d1 93E12558 		.ascii	"\223\341%X?\242\015\241\215\250p\365r\314chO\320\246"
 226      3FA20DA1 
 226      8DA870F5 
 226      72CC6368 
 226      4FD0A6
 227 00e4 649E69B4 		.ascii	"d\236i\264\0314\315\002\\\237#\227N\305U-s|\020\240"
 227      1934CD02 
 227      5C9F2397 
 227      4EC5552D 
 227      737C10A0 
 228 00f8 F9BC8C71 		.ascii	"\371\274\214qM\306Q__\361pzkC\255\246\007n\001\372@"
 228      4DC6515F 
 228      5FF1707A 
 228      6B43ADA6 
 228      076E01FA 
 229 010d 385B05EC 		.ascii	"8[\005\354\027\250\321\341\214\377\002\240\3638\253"
 229      17A8D1E1 
 229      8CFF02A0 
 229      F338AB
 230 011c A1BFCC91 		.ascii	"\241\277\314\221N\201\177\205<\326\310C\215\014I\377"
 230      4E817F85 
 230      3CD6C843 
 230      8D0C49FF 
 231 012c E4C5A042 		.ascii	"\344\305\240Bd\217\031\223\377b\332\331\015]\346_\015"
 231      648F1993 
 231      FF62DAD9 
 231      0D5DE65F 
 231      0D
 232 013d 1A850040 		.ascii	"\032\205\000@\275@\005\310d\313\317g\365qJp\340\217"
 232      BD4005C8 
 232      64CBCF67 
 232      F5714A70 
 232      E08F
 233 014f 7E6477D3 		.ascii	"~dw\323\200\241\027n\223Y\357;@\347\006\217\337:\030"
 233      80A1176E 
 233      9359EF3B 
 233      40E7068F 
 233      DF3A18
 234 0162 C66B80DC 		.ascii	"\306k\200\334\367N\026\277\027[&\261+\370\327J\332."
 234      F74E16BF 
 234      175B26B1 
 234      2BF8D74A 
 234      DA2E
 235 0174 CE4CF816 		.ascii	"\316L\370\026\345\362\020a\000\015\016\333\207\233\366"
 235      E5F21061 
 235      000D0EDB 
 235      879BF6
 236 0183 85E270B1 		.ascii	"\205\342p\261\001\302q\3704\275\263\316\260d']\265Q"
 236      01C271F8 
 236      34BDB3CE 
 236      B064275D 
ARM GAS  /tmp/cceWWREG.s 			page 18


 236      B551
 237 0195 0AD7C047 		.ascii	"\012\327\300G\277\2022\210\204R\210D\362rX\202\277\211"
 237      BF823288 
 237      84528844 
 237      F2725882 
 237      BF89
 238 01a7 5A8674DB 		.ascii	"Z\206t\333{\344\244.\312+y\373$\337\304\335\350;'$)"
 238      7BE4A42E 
 238      CA2B79FB 
 238      24DFC4DD 
 238      E83B2724 
 239 01bc 13976989 		.ascii	"\023\227i\211\033\224\000\017G!\226H\306[\374-\206^"
 239      1B94000F 
 239      47219648 
 239      C65BFC2D 
 239      865E
 240 01ce 8023D083 		.ascii	"\200#\320\203\001\035\203(\\^\331\236u9\214\377\033"
 240      011D8328 
 240      5C5ED99E 
 240      75398CFF 
 240      1B
 241 01df 557BAC6C 		.ascii	"U{\254l\252\322\240%\205\\k \370\004\375RI)\217\302"
 241      AAD2A025 
 241      855C6B20 
 241      F804FD52 
 241      49298FC2 
 242 01f3 7082E466 		.ascii	"p\202\344f\021NU\014\235\2314\261)\342qx\362q\265\221"
 242      114E550C 
 242      9D9934B1 
 242      29E27178 
 242      F271B591 
 243 0207 77D0FBB6 		.ascii	"w\320\373\266M\225{y\026\225\226d\247\271\340\3730\026"
 243      4D957B79 
 243      16959664 
 243      A7B9E0FB 
 243      3016
 244 0219 D5D2AF78 		.ascii	"\325\322\257xM[\355\303;\301\020c(\"a\371\356\357\217"
 244      4D5BEDC3 
 244      3BC11063 
 244      282261F9 
 244      EEEF8F
 245 022c AAE991A4 		.ascii	"\252\351\221\244\245P\015\0068\251\350\\K^\200,I\312"
 245      A5500D06 
 245      38A9E85C 
 245      4B5E802C 
 245      49CA
 246 023e 90F2364A 		.ascii	"\220\3626J!\25388\205\201Wa\340p\032b\010)\361\203\023"
 246      21AB3838 
 246      85815761 
 246      E0701A62 
 246      0829F183 
 247 0253 38791C27 		.ascii	"8y\034'\221\245\177x\327\003\023UM\220*\201\352\376"
 247      91A57F78 
 247      D7031355 
 247      4D902A81 
 247      EAFE
 248 0265 AEFC6251 		.ascii	"\256\374bQ\220:\203\353\214\252\014\236\241\031\374"
ARM GAS  /tmp/cceWWREG.s 			page 19


 248      903A83EB 
 248      8CAA0C9E 
 248      A119FC
 249 0274 1AE414B6 		.ascii	"\032\344\024\266o\337\365\314\200)\354#)\314x{\204\245"
 249      6FDFF5CC 
 249      8029EC23 
 249      29CC787B 
 249      84A5
 250 0286 30434BFC 		.ascii	"0CK\374\240B\221V\021\230\302\2634\205\243\331\205C"
 250      A0429156 
 250      1198C2B3 
 250      3485A3D9 
 250      8543
 251 0298 26FE08D0 		.ascii	"&\376\010\320\024\344\314\344{\027\311XW^\333-\3712"
 251      14E4CCE4 
 251      7B17C958 
 251      575EDB2D 
 251      F932
 252 02aa 50818622 		.ascii	"P\201\206\"\325(H5\201H\337P\244\212\221\312=z\376,"
 252      D5284835 
 252      8148DF50 
 252      A48A91CA 
 252      3D7AFE2C 
 253 02be 43DA5157 		.ascii	"C\332QW\221\256W\207@\302Sb87\247\013\276\250\357\364"
 253      91AE5787 
 253      40C25362 
 253      3837A70B 
 253      BEA8EFF4 
 254 02d2 F272175C 		.ascii	"\362r\027\\/\015\337\266Q*\306e^\015q\203Z\205\2706"
 254      2F0DDFB6 
 254      512AC665 
 254      5E0D7183 
 254      5A85B836 
 255 02e6 90F83C25 		.ascii	"\220\370<%\036\334\362\344\244\206\277\312\210+2\373"
 255      1EDCF2E4 
 255      A486BFCA 
 255      882B32FB 
 256 02f6 4B82B16C 		.ascii	"K\202\261l\221XsP\025<\222\025\274\3127V\256\345;\250"
 256      91587350 
 256      153C9215 
 256      BCCA3756 
 256      AEE53BA8 
 257 030a AFE67455 		.ascii	"\257\346tU\177\201a\266\246\217kb3\377M\302\275\210"
 257      7F8161B6 
 257      A68F6B62 
 257      33FF4DC2 
 257      BD88
 258 031c 522F28AC 		.ascii	"R/(\254\221\2635\035>$\361K8X\021\011o`E\033\260\242"
 258      91B3351D 
 258      3E24F14B 
 258      38581109 
 258      6F60451B 
 259 0332 917245EB 		.ascii	"\221rE\3531\262:V\321\222\003\305\015&>\237\276B\232"
 259      31B23A56 
 259      D19203C5 
 259      0D263E9F 
 259      BE429A
ARM GAS  /tmp/cceWWREG.s 			page 20


 260 0345 DD3BEAAA 		.ascii	"\335;\352\252\302f\031\272\256F\235\314$\014\227\220"
 260      C26619BA 
 260      AE469DCC 
 260      240C9790 
 261 0355 A1516140 		.ascii	"\241Qa@\302\371)\276\235\237\242c*\177Dc\314\236m3\212"
 261      C2F929BE 
 261      9D9FA263 
 261      2A7F4463 
 261      CC9E6D33 
 262 036a E7EF340E 		.ascii	"\347\3574\016.\203Q~Q\007s}\307\215\257\026JR=y\275"
 262      2E83517E 
 262      5107737D 
 262      C78DAF16 
 262      4A523D79 
 263 037f 7E5382BD 		.ascii	"~S\202\275\021B\036\203\217\221\253\026\371hn\257\300"
 263      11421E83 
 263      8F91AB16 
 263      F9686EAF 
 263      C0
 264 0390 ABB8ACAB 		.ascii	"\253\270\254\253\277\3528\360\015l\0278p\26133$\"\217"
 264      BFEA38F0 
 264      0D6C1738 
 264      70B13333 
 264      24228F
 265 03a3 0490473A 		.ascii	"\004\220G:\236\220\321\275\244\011\"fw\204\233\327\017"
 265      9E90D1BD 
 265      A4092266 
 265      77849BD7 
 265      0F
 266 03b4 75872251 		.ascii	"u\207\"Q\037F\331R\2608_\362.!\317\341*A%\316\364\006"
 266      1F46D952 
 266      B0385FF2 
 266      2E21CFE1 
 266      2A4125CE 
 267 03ca 9A29FCC8 		.ascii	"\232)\374\310\216\356/y\276\235\301\2378\220\223\256"
 267      8EEE2F79 
 267      BE9DC19F 
 267      389093AE 
 268 03da 952536EE 		.ascii	"\225%6\356\212\310\337(\255\242\012[^P\330B!\256Q\210"
 268      8AC8DF28 
 268      ADA20A5B 
 268      5E50D842 
 268      21AE5188 
 269 03ee 27D963F7 		.ascii	"'\331c\367L|7\203\030\333\\Y\033$\223_W\221\267\372"
 269      4C7C3783 
 269      18DB5C59 
 269      1B24935F 
 269      5791B7FA 
 270 0402 C9E90DB4 		.ascii	"\311\351\015\264\321\225u\275\235[M\352\334\0212\205"
 270      D19575BD 
 270      9D5B4DEA 
 270      DC113285 
 271 0412 A49DE58E 		.ascii	"\244\235\345\216\374G\347\302\366{\022\250\235\011\254"
 271      FC47E7C2 
 271      F67B12A8 
 271      9D09AC
 272 0421 E2DC213B 		.ascii	"\342\334!;wP\347{\247Z\013\202\370\001\246i\344\371"
ARM GAS  /tmp/cceWWREG.s 			page 21


 272      7750E77B 
 272      A75A0B82 
 272      F801A669 
 272      E4F9
 273 0433 BEEA10B6 		.ascii	"\276\352\020\266\231,\306\341to^\236\236m&^\322\225"
 273      992CC6E1 
 273      746F5E9E 
 273      9E6D265E 
 273      D295
 274 0445 079BC776 		.ascii	"\007\233\307v\032\370q\346;~f\363\2630\346\373\012\016"
 274      1AF871E6 
 274      3B7E66F3 
 274      B330E6FB 
 274      0A0E
 275 0457 4BB326A5 		.ascii	"K\263&\2450C\026M8%\215P\027\267\233d\037\204H\270\301"
 275      3043164D 
 275      38258D50 
 275      17B79B64 
 275      1F8448B8 
 276 046c 7AA1F369 		.ascii	"z\241\363i\3553#?M\221\264}\205\243\017t\020\023\011"
 276      ED33233F 
 276      4D91B47D 
 276      85A30F74 
 276      101309
 277 047f 60402BF2 		.ascii	"`@+\362o\335\034\356\361\006\370\217\234\016\274\012"
 277      6FDD1CEE 
 277      F106F88F 
 277      9C0EBC0A 
 278 048f 24841FFE 		.ascii	"$\204\037\376\234L\317\327v7\261\355nS\236\036\344\275"
 278      9C4CCFD7 
 278      7637B1ED 
 278      6E539E1E 
 278      E4BD
 279 04a1 85440552 		.ascii	"\205D\005R0\235!\245\366m)\013V\367\003\301\276\216"
 279      309D21A5 
 279      F66D290B 
 279      56F703C1 
 279      BE8E
 280 04b3 7E9D545F 		.ascii	"~\235T_/\351\012\246\222x\3475\037\334\023b\2209\262"
 280      2FE90AA6 
 280      9278E735 
 280      1FDC1362 
 280      9039B2
 281 04c6 5ECA81DE 		.ascii	"^\312\201\336M'\372\007\215j\354\276\227a\217\376\324"
 281      4D27FA07 
 281      8D6AECBE 
 281      97618FFE 
 281      D4
 282 04d7 32A0C7BA 		.ascii	"2\240\307\272\267\372\260u\366\353\322\275\276\364\245"
 282      B7FAB075 
 282      F6EBD2BD 
 282      BEF4A5
 283 04e6 70072BD4 		.ascii	"p\007+\324\205\275\203\273\233j\345w8\363\027<\264\357"
 283      85BD83BB 
 283      9B6AE577 
 283      38F3173C 
 283      B4EF
ARM GAS  /tmp/cceWWREG.s 			page 22


 284 04f8 D21EF09F 		.ascii	"\322\036\360\237\013\321/\236\013\321l\233h\377b\364"
 284      0BD12F9E 
 284      0BD16C9B 
 284      68FF62F4 
 285 0508 B09ECFE0 		.ascii	"\260\236\317\340\331K|\245\253^\253\332&~\277{\224\210"
 285      D94B7CA5 
 285      AB5EABDA 
 285      267EBF7B 
 285      9488
 286 051a BB8FDAEE 		.ascii	"\273\217\332\356)/q\364\202[\377\000\206\032-\277\305"
 286      292F71F4 
 286      825BFF00 
 286      861A2DBF 
 286      C5
 287 052b FD38F9BD 		.ascii	"\3758\371\275\274Q\034\336vH\307oe\034\215\347n\336"
 287      BC511CDE 
 287      7648C76F 
 287      651C8DE7 
 287      6EDE
 288 053d D0822166 		.ascii	"\320\202!f^\200\301y\000fw\224F\272\243\374\210b~P\304"
 288      5E80C179 
 288      00667794 
 288      46BAA3FC 
 288      88627E50 
 289 0552 DCA73922 		.ascii	"\334\2479\"\263H\224}\272\243G\273`C=\3607\324\033T"
 289      B348947D 
 289      BAA347BB 
 289      60433DF0 
 289      37D41B54 
 290 0566 55CEC3B6 		.ascii	"U\316\303\266]\306\300\362*\033\367\020-\301\003\006"
 290      5DC6C0F2 
 290      2A1BF710 
 290      2DC10306 
 291 0576 8F037284 		.ascii	"\217\003r\204M\225\237\225\333W\207\303\211\012o\213"
 291      4D959F95 
 291      DB5787C3 
 291      890A6F8B 
 292 0586 6941B647 		.ascii	"iA\266G~\266\207,\011\343\331\231\023\362\241\253\307"
 292      7EB6872C 
 292      09E3D999 
 292      13F2A1AB 
 292      C7
 293 0597 61F1C0DE 		.ascii	"a\361\300\336\\#{O\342H\257\265\2265\232\002\305\014"
 293      5C237B4F 
 293      E248AFB5 
 293      96359A02 
 293      C50C
 294 05a9 23D8630A 		.ascii	"#\330c\0126B\305<bbF\250\230\234\314\243\351z~'M*\\"
 294      3642C53C 
 294      626246A8 
 294      989CCCA3 
 294      E97A7E27 
 295 05c0 DE5EB4DD 		.ascii	"\336^\264\335\210\347\212\017\317\225\013Cq=\354h\254"
 295      88E78A0F 
 295      CF950B43 
 295      713DEC68 
 295      AC
ARM GAS  /tmp/cceWWREG.s 			page 23


 296 05d1 675F17A3 		.ascii	"g_\027\243J\266F\003\317\2251z\256\024M<\335\022\306"
 296      4AB64603 
 296      CF95317A 
 296      AE144D3C 
 296      DD12C6
 297 05e4 7733ACCC 		.ascii	"w3\254\314\351\321\2760\031\353\346\363\230\202\302"
 297      E9D1BE30 
 297      19EBE6F3 
 297      9882C2
 298 05f3 CD522B9E 		.ascii	"\315R+\236Q\253\350\027\015\214+`\343\201`O(X\327@}"
 298      51ABE817 
 298      0D8C2B60 
 298      E381604F 
 298      2858D740 
 299 0608 127F544B 		.ascii	"\022\177TK\261\216\226\357\257\014\343\277f\203-\365"
 299      B18E96EF 
 299      AF0CE3BF 
 299      66832DF5 
 300 0618 17F6EAF0 		.ascii	"\027\366\352\360\013\000&\350\373\2113\365\223\275\341"
 300      0B0026E8 
 300      FB8933F5 
 300      93BDE1
 301 0627 F4938014 		.ascii	"\364\223\200\024\225}\3114T\226N\207-\370M\365\214\236"
 301      957DC934 
 301      54964E87 
 301      2DF84DF5 
 301      8C9E
 302 0639 A693FE2F 		.ascii	"\246\223\376/\202\201=;+Ce\251\023\273\370\334\222\236"
 302      82813D3B 
 302      2B4365A9 
 302      13BBF8DC 
 302      929E
 303 064b 1CC99B2E 		.ascii	"\034\311\233.\275sIC<\341'\277Vx\012Z2\232+w\212\312"
 303      BD734943 
 303      3CE127BF 
 303      56780A5A 
 303      329A2B77 
 304 0661 6D7D5493 		.ascii	"m}T\223\023\312o\013\242\022\2137\345\316\350d\300o"
 304      13CA6F0B 
 304      A2128B37 
 304      E5CEE864 
 304      C06F
 305 0673 87627EB8 		.ascii	"\207b~\270\321/I\270)n\002\226\311\347J\360\317\003"
 305      D12F49B8 
 305      296E0296 
 305      C9E74AF0 
 305      CF03
 306 0685 D1A6295A 		.ascii	"\321\246)Z\337\201\373_\232\370}\014\355\352\271\302"
 306      DF81FB5F 
 306      9AF87D0C 
 306      EDEAB9C2 
 307 0695 CE202593 		.ascii	"\316 %\223\373\346f\362g\005\354\347@\260\031\210\342"
 307      FBE666F2 
 307      6705ECE7 
 307      40B01988 
 307      E2
 308 06a6 0CA2C595 		.ascii	"\014\242\305\225b\025\355N\273'\370\375?\257[\032\277"
ARM GAS  /tmp/cceWWREG.s 			page 24


 308      6215ED4E 
 308      BB27F8FD 
 308      3FAF5B1A 
 308      BF
 309 06b7 6C19F7AE 		.ascii	"l\031\367\256`s9\254B\322\362eI+>\0256\244\270\326\247"
 309      607339AC 
 309      42D2F265 
 309      492B3E15 
 309      36A4B8D6 
 310 06cc 981D0EBB 		.ascii	"\230\035\016\273s\275\020o\263'\332\327&\010\202\313"
 310      73BD106F 
 310      B327DAD7 
 310      260882CB 
 311 06dc 2D585C0E 		.ascii	"-X\\\016\207\313\211w\311\366D\301\235b\021,6\207\325"
 311      87CB8977 
 311      C9F644C1 
 311      9D62112C 
 311      3687D5
 312 06ef 41D0622D 		.ascii	"A\320b-\334+\026[<\336\255LNvYV&\333\327;\255I\253u"
 312      DC2B165B 
 312      3CDEAD4C 
 312      4E765956 
 312      26DBD73B 
 313 0707 6EFBBFAC 		.ascii	"n\373\277\254\242g\271\220\352N\021\310\242\365\026"
 313      A267B990 
 313      EA4E11C8 
 313      A2F516
 314 0716 8B604E71 		.ascii	"\213`Nq\274\356t9\255\257[\315\211v\341\255\330\025"
 314      BCEE7439 
 314      ADAF5BCD 
 314      8976E1AD 
 314      D815
 315 0728 B1CB04BB 		.ascii	"\261\313\004\273\323\222\234\232d\025\334\236\244$\353"
 315      D3929C9A 
 315      6415DC9E 
 315      A424EB
 316 0737 C7B1362E 		.ascii	"\307\2616.\342E\264p6\365\276\325\223\3401{R\335\177"
 316      E245B470 
 316      36F5BED5 
 316      93E0317B 
 316      52DD7F
 317 074a D53BAD9F 		.ascii	"\325;\255\237yP@\210(\246\332\235\2368\321\363[J4\227"
 317      79504088 
 317      28A6DA9D 
 317      9E38D1F3 
 317      5B4A3497 
 318 075e C00FED30 		.ascii	"\300\017\3550[lv\247U\020\221\300\234\232\354\021=i"
 318      5B6C76A7 
 318      551091C0 
 318      9C9AEC11 
 318      3D69
 319 0770 1BAC6EA4 		.ascii	"\033\254n\244\322\313\213_{\311bw\232[\020Q\034z\342"
 319      D2CB8B5F 
 319      7BC96277 
 319      9A5B1051 
 319      1C7AE2
 320 0783 0A9328DA 		.ascii	"\012\223(\332\254\346\015b\242\331m\025E\235\325\231"
ARM GAS  /tmp/cceWWREG.s 			page 25


 320      ACE60D62 
 320      A2D96D15 
 320      459DD599 
 321 0793 842A8CF2 		.ascii	"\204*\214\362$\216D\021=>NuZD1\366\2557\177\027\027"
 321      248E4411 
 321      3D3E4E75 
 321      5A4431F6 
 321      AD377F17 
 322 07a8 EC1F692D 		.ascii	"\354\037i-6s\212\201\311]\261\\\364\004\373oB,\266\204"
 322      36738A81 
 322      C95DB15C 
 322      F404FB6F 
 322      422CB684 
 323 07bc 34F79F5C 		.ascii	"4\367\237\\\226O\342\376\257J\244xf\245Yl(\016E\205"
 323      964FE2FE 
 323      AF4AA478 
 323      66A5596C 
 323      280E4585 
 324 07d0 6C70A578 		.ascii	"lp\245xDL\327'\357\375\222b\222Una\345\207k\342\327"
 324      444CD727 
 324      EFFD9262 
 324      92556E61 
 324      E5876BE2 
 325 07e5 7C8658B4 		.ascii	"|\206X\2645\376\361\266\203E\351\266z\304wW&\374\341"
 325      35FEF1B6 
 325      8345E9B6 
 325      7AC47757 
 325      26FCE1
 326 07f8 830F579B 		.ascii	"\203\017W\233\314\311\3774\247\271\261m\2221\213\177"
 326      CCC9FF34 
 326      A7B9B16D 
 326      92318B7F 
 327 0808 FC251458 		.ascii	"\374%\024X%!~M\302\352\004E\263\303mw\213\330\014H\023"
 327      25217E4D 
 327      C2EA0445 
 327      B3C36D77 
 327      8BD80C48 
 328 081d 4A435FE7 		.ascii	"JC_\347$\312Ci\014\251\364\376\277O\363{\235"
 328      24CA4369 
 328      0CA9F4FE 
 328      BF4FF37B 
 328      9D
 329              		.text
 330              		.section	.gnu.lto_.symtab.b88342862b70fd59,"",%progbits
 331 0000 5F636F72 		.ascii	"_core_init\000"
 331      655F696E 
 331      697400
 332 000b 00       		.ascii	"\000"
 333 000c 00       		.ascii	"\000"
 334 000d 00       		.ascii	"\000"
 335 000e 00000000 		.ascii	"\000\000\000\000\000\000\000\000"
 335      00000000 
 336 0016 AE000000 		.ascii	"\256\000\000\000"
 337 001a 6368436F 		.ascii	"chCoreAllocAlignedI\000"
 337      7265416C 
 337      6C6F6341 
 337      6C69676E 
ARM GAS  /tmp/cceWWREG.s 			page 26


 337      65644900 
 338 002e 00       		.ascii	"\000"
 339 002f 00       		.ascii	"\000"
 340 0030 00       		.ascii	"\000"
 341 0031 00000000 		.ascii	"\000\000\000\000\000\000\000\000"
 341      00000000 
 342 0039 BA000000 		.ascii	"\272\000\000\000"
 343 003d 6368436F 		.ascii	"chCoreAllocAligned\000"
 343      7265416C 
 343      6C6F6341 
 343      6C69676E 
 343      656400
 344 0050 00       		.ascii	"\000"
 345 0051 00       		.ascii	"\000"
 346 0052 00       		.ascii	"\000"
 347 0053 00000000 		.ascii	"\000\000\000\000\000\000\000\000"
 347      00000000 
 348 005b BC000000 		.ascii	"\274\000\000\000"
 349 005f 6368436F 		.ascii	"chCoreGetStatusX\000"
 349      72654765 
 349      74537461 
 349      74757358 
 349      00
 350 0070 00       		.ascii	"\000"
 351 0071 00       		.ascii	"\000"
 352 0072 00       		.ascii	"\000"
 353 0073 00000000 		.ascii	"\000\000\000\000\000\000\000\000"
 353      00000000 
 354 007b BF000000 		.ascii	"\277\000\000\000"
 355 007f 5F5F6865 		.ascii	"__heap_base__\000"
 355      61705F62 
 355      6173655F 
 355      5F00
 356 008d 00       		.ascii	"\000"
 357 008e 02       		.ascii	"\002"
 358 008f 00       		.ascii	"\000"
 359 0090 00000000 		.ascii	"\000\000\000\000\000\000\000\000"
 359      00000000 
 360 0098 CD000000 		.ascii	"\315\000\000\000"
 361 009c 5F5F6865 		.ascii	"__heap_end__\000"
 361      61705F65 
 361      6E645F5F 
 361      00
 362 00a9 00       		.ascii	"\000"
 363 00aa 02       		.ascii	"\002"
 364 00ab 00       		.ascii	"\000"
 365 00ac 00000000 		.ascii	"\000\000\000\000\000\000\000\000"
 365      00000000 
 366 00b4 D1000000 		.ascii	"\321\000\000\000"
 367              		.text
 368              		.section	.gnu.lto_.opts,"",%progbits
 369 0000 272D666D 		.ascii	"'-fmath-errno' '-fsigned-zeros' '-ftrapping-math' '"
 369      6174682D 
 369      6572726E 
 369      6F272027 
 369      2D667369 
 370 0033 2D666E6F 		.ascii	"-fno-trapv' '-fno-openmp' '-fno-openacc' '-mcpu=cor"
ARM GAS  /tmp/cceWWREG.s 			page 27


 370      2D747261 
 370      70762720 
 370      272D666E 
 370      6F2D6F70 
 371 0066 7465782D 		.ascii	"tex-m4' '-mno-thumb-interwork' '-mthumb' '-ggdb' '-"
 371      6D342720 
 371      272D6D6E 
 371      6F2D7468 
 371      756D622D 
 372 0099 4F322720 		.ascii	"O2' '-fomit-frame-pointer' '-falign-functions=16' '"
 372      272D666F 
 372      6D69742D 
 372      6672616D 
 372      652D706F 
 373 00cc 2D666675 		.ascii	"-ffunction-sections' '-fdata-sections' '-fno-common"
 373      6E637469 
 373      6F6E2D73 
 373      65637469 
 373      6F6E7327 
 374 00ff 2720272D 		.ascii	"' '-flto'\000"
 374      666C746F 
 374      2700
 375              		.text
 376              		.comm	__gnu_lto_v1,1,1
 377              		.comm	__gnu_lto_slim,1,1
 378              		.ident	"GCC: (GNU Tools for ARM Embedded Processors 6-2017-q2-update) 6.3.1 20170215 (release) [AR
ARM GAS  /tmp/cceWWREG.s 			page 28


DEFINED SYMBOLS
                            *ABS*:0000000000000000 chmemcore.c
                            *COM*:0000000000000001 __gnu_lto_v1
                            *COM*:0000000000000001 __gnu_lto_slim

NO UNDEFINED SYMBOLS
