ARM GAS  /tmp/ccylmbRu.s 			page 1


   1              		.cpu cortex-m4
   2              		.eabi_attribute 20, 1
   3              		.eabi_attribute 21, 1
   4              		.eabi_attribute 23, 3
   5              		.eabi_attribute 24, 1
   6              		.eabi_attribute 25, 1
   7              		.eabi_attribute 26, 1
   8              		.eabi_attribute 30, 2
   9              		.eabi_attribute 34, 1
  10              		.eabi_attribute 18, 4
  11              		.file	"chmsg.c"
  12              		.text
  13              	.Ltext0:
  14              		.section	.gnu.lto_.profile.e6d3587878292b92,"",%progbits
  15 0000 789C6365 		.ascii	"x\234ce`b`a```d\360S\007\000\001C\000\202"
  15      60626061 
  15      60606064 
  15      F0530700 
  15      01430082 
  16              		.text
  17              		.section	.gnu.lto_.icf.e6d3587878292b92,"",%progbits
  18 0000 789C6365 		.ascii	"x\234ce`b\020a@\000f\206S\357\267\374\340f:8\265\343"
  18      60621061 
  18      40006686 
  18      53EFB7FC 
  18      E0663A38 
  19 0016 1037F393 		.ascii	"\0207\363\223S\023O01\000\000fS\011H"
  19      53134F30 
  19      31000066 
  19      530948
  20              		.text
  21              		.section	.gnu.lto_.jmpfuncs.e6d3587878292b92,"",%progbits
  22 0000 789C6365 		.ascii	"x\234ce`b\010e@\000f\006&FF\346\372z&\306\351\314\214"
  22      60620865 
  22      40006606 
  22      264646E6 
  22      FA7A26C6 
  23 0017 BF5F4CB9 		.ascii	"\277_L\271\311\330\307<\237\231\201\221\207q9\243\014"
  23      C9D8C73C 
  23      9F998191 
  23      877139A3 
  23      0C
  24 0028 03031353 		.ascii	"\003\003\023S%H\025\023\020\201\024\374\275\323\370"
  24      25481513 
  24      108114FC 
  24      BDD3F8
  25 0037 8F09A280 		.ascii	"\217\011\242\200\217q\005H\0013H;##\013T]%#\210\002"
  25      8F710548 
  25      0133483B 
  25      23230B54 
  25      5D252388 
  26 004c 0004C00E 		.ascii	"\000\004\300\016\337"
  26      DF
  27              		.text
  28              		.section	.gnu.lto_.inline.e6d3587878292b92,"",%progbits
  29 0000 789C6365 		.ascii	"x\234ce`b\210c@\000f\006\006\021\031FF\006\005F\006"
  29      60628863 
ARM GAS  /tmp/ccylmbRu.s 			page 2


  29      40006606 
  29      06111946 
  29      46060546 
  30 0015 0626F11B 		.ascii	"\006&\361\033\233\031\0318o\2301\201d\230\270\031\030"
  30      9B191938 
  30      6F983181 
  30      6498B819 
  30      18
  31 0026 1821E404 		.ascii	"\030!\344\004?&\006A~ G\342\300nF\006\266\005\362H\012"
  31      3F260641 
  31      7E2047E2 
  31      C06E4606 
  31      B605F248 
  32 003b 98193804 		.ascii	"\230\0318\004\2002,\013\344\341\022\314<@\311\011~\023"
  32      80322C0B 
  32      E4E112CC 
  32      3C40C909 
  32      7E13
  33 004d FC1800EF 		.ascii	"\374\030\000\357\356\012w"
  33      EE0A77
  34              		.text
  35              		.section	.gnu.lto_.pureconst.e6d3587878292b92,"",%progbits
  36 0000 789C6365 		.ascii	"x\234ce`b\340b```f\330\305\310\264\213\221y\027#\000"
  36      6062E062 
  36      60606066 
  36      D8C5C8B4 
  36      8B917917 
  37 0016 0C3D024B 		.ascii	"\014=\002K"
  38              		.text
  39              		.section	.gnu.lto_chMsgSend.e6d3587878292b92,"",%progbits
  40 0000 789C9D55 		.ascii	"x\234\235U\373OTW\020>s\317\335\027\273\202\326\304"
  40      FB4F5457 
  40      103E73CF 
  40      DD17BB82 
  40      D6C4
  41 0012 1F8C69D6 		.ascii	"\037\214i\326\244DM\214\267\017\022\333\2461iM\232\266"
  41      A4444D8C 
  41      B70F12DB 
  41      A631694D 
  41      9AB6
  42 0024 0969227F 		.ascii	"\011i\"\177\200\321e\013\233\270.\356\242\321\244)\227"
  42      80D1650B 
  42      9BB82EEE 
  42      A2D1A429 
  42      97
  43 0035 154BAB96 		.ascii	"\025K\253\226\332He\227G.u\261\330\202\200\250U| \212"
  43      DA486597 
  43      472E75B1 
  43      D88280A8 
  43      557C208A 
  44 0049 E28B87A2 		.ascii	"\342\213\207\242\370\302Z\344!\"\220>\322\244\266\332"
  44      F8C25AE4 
  44      2122903E 
  44      D2A4B6DA 
  45 0059 B533E75E 		.ascii	"\2653\347^\020\026T\354&\273{\35793\363\315|\337\234"
  45      101654EC 
  45      26BB7BEF 
ARM GAS  /tmp/ccylmbRu.s 			page 3


  45      3933F3CD 
  45      7CDF9C
  46 006c 332626B1 		.ascii	"3&&\261\357l\214\255\002\306\222\030c`b mke,\333*I\274"
  46      EF6C8CAD 
  46      02C69218 
  46      63606220 
  46      6D6B652C 
  47 0084 2981A971 		.ascii	")\201\251q\362\371%Lup\220\365e\031\200\036T+\260,\211"
  47      F2F9254C 
  47      757090F5 
  47      6519801E 
  47      542BB02C 
  48 0099 CB90055F 		.ascii	"\313\220\005_\363\002\016\227rj\212y\036\3278\003\031"
  48      F3020E97 
  48      726A8A79 
  48      1ED73803 
  48      19
  49 00aa 5F7F6F29 		.ascii	"_\177o)\354\211\247W\000'\276\366\326}>,/(W\361\323"
  49      EC89A757 
  49      0027BEF6 
  49      D67D3E2C 
  49      2F2857F1 
  50 00bf 5070DB5C 		.ascii	"Pp\333\\\260q\323\007\032\227X\030\255w\303\034(\207"
  50      B071D307 
  50      1A975818 
  50      AD77C31C 
  50      2887
  51 00d1 3984FD03 		.ascii	"9\204\375\003,@\333S}\217\332\355|10|..\357*\263\315"
  51      2C40DB53 
  51      7D8FDAED 
  51      7C31307C 
  51      2E2EEF2A 
  52 00e7 DBA5AA41 		.ascii	"\333\245\252A\265\341\326v\256\276\242q\016?\002\037"
  52      B5E1D676 
  52      AEBEA271 
  52      0E3F021F 
  53 00f7 EB884B0C 		.ascii	"\353\210K\014*`\036\2327\327\324]\223\371\333\3025\177"
  53      2A601E9A 
  53      37D7D45D 
  53      93F9DBC2 
  53      357F
  54 0109 B0FF7A02 		.ascii	"\260\377z\002\271\"\344P\276p\225\2402\326Ub\260\007"
  54      B922E450 
  54      BE7095A0 
  54      32D65562 
  54      B007
  55 011b E6917D73 		.ascii	"\346\221}st\177[\034_\"|+\207O?2'F\004lS\321\354o6\252"
  55      747F5B1C 
  55      5F227C2B 
  55      874F3F32 
  55      2746046C 
  56 0135 675599A0 		.ascii	"gU\231\240\253\306\373\323\007\315\273\367F\277\235"
  56      ABC6FBD3 
  56      07CDBBF7 
  56      46BF9D
  57 0144 6696A11A 		.ascii	"f\226\241\032\022#\234QUXL\015\230\221S\240\305\352"
  57      12239C51 
ARM GAS  /tmp/ccylmbRu.s 			page 4


  57      55584C0D 
  57      989153A0 
  57      C5EA
  58 0156 766850A3 		.ascii	"vhP\243\217s\325\206\350\354\233\177\366\317\230\211"
  58      8F73D586 
  58      E8EC9B7F 
  58      F6CF9889 
  59 0166 21701999 		.ascii	"!p\031\231Dl3P\362\026\314E\266\342\217\311.2r\210\262"
  59      446C3350 
  59      F216CC45 
  59      B6E28FC9 
  59      2E327288 
  60 017b D866FC12 		.ascii	"\330f\374\022\333[0Q\374\347\003\020<<p(b\241\350%\234"
  60      DB5B3051 
  60      FCE70310 
  60      3C3C7028 
  60      62A1E825 
  61 0190 78DFB1E9 		.ascii	"x\337\261\351d\233\205\2106\213\314\353\352\206:-Y\377"
  61      649B8588 
  61      368BCCEB 
  61      EA863A2D 
  61      59FF
  62 01a2 AA565C88 		.ascii	"\252V\\\210p\020\351\335o\3568\025\247A\011h\334\002"
  62      7010E9DD 
  62      6FEE3815 
  62      A7410968 
  62      DC02
  63 01b4 B528D85E 		.ascii	"\265(\330^J\0357\362\016\325|iU\366\020E\245U\270k\205"
  63      4A1D37F2 
  63      0ED57C69 
  63      55F61045 
  63      A555B86B 
  64 01c9 7DA04188 		.ascii	"}\240A\210\033e\235\336z\251\314\330vR\361\373A\011"
  64      1B659DDE 
  64      7AA9CCD8 
  64      7652F1FB 
  64      4109
  65 01db 51480607 		.ascii	"QH\006\007@a}\020,]'\252\304R0\027\\\220\310\253\377"
  65      40617D10 
  65      2C5D27AA 
  65      C4523017 
  65      5C90C8AB 
  66 01f0 68EE15E0 		.ascii	"h\356\025\340\357\211l\016\324_\017\305\031<\236\011"
  66      EF896C0E 
  66      D45F0FC5 
  66      193C9E09 
  67 0200 CF2FDC78 		.ascii	"\317/\334xa\253Z\032\234\256q\033\3744\221I8\010\211"
  67      61AB5A1A 
  67      9CAE711B 
  67      FC349149 
  67      380889
  68 0213 E8943BA0 		.ascii	"\350\224;\240\036\223\251\"\0338\341\020\356\335\207"
  68      1E93A922 
  68      1B38E110 
  68      EEDD87
  69 0222 60F7E3FC 		.ascii	"`\367\343\374\232v\030\245:G\250\272\375\201Y\320\034"
  69      9A7618A5 
ARM GAS  /tmp/ccylmbRu.s 			page 5


  69      3A47A8BA 
  69      FD8159D0 
  69      1C
  70 0233 E6C062B6 		.ascii	"\346\300b\266.\037q.gPG{R\354^cx~\021',\006\207\311"
  70      2E1F712E 
  70      6750477B 
  70      52EC5E63 
  70      787E1127 
  71 024b 808F9190 		.ascii	"\200\217\221\220\301\0210c&GI<`\333%\334\332\251\325"
  71      C1113063 
  71      2647493C 
  71      60DB25DC 
  71      DAA9D5
  72 025e 3E889B5B 		.ascii	">\210\233[&ij\010i\210#\353==GT\253,\241\3411\230+\270"
  72      26696A08 
  72      698823EB 
  72      3D3D4754 
  72      AB2CA1E1 
  73 0276 FA6DE84A 		.ascii	"\372m\350J\247\204+P\017\262H\232\301qq\020v\3277\366"
  73      A7842B50 
  73      0FB2489A 
  73      C1717110 
  73      76D737F6 
  74 028a 39E6961B 		.ascii	"9\346\226\033\336v\262\375\243\252\266\303.\274\033"
  74      DE76B2FD 
  74      A3AAB6C3 
  74      2EBC1B
  75 0299 C81B4E80 		.ascii	"\310\033N\200Ll:\005\001\214\241\306\205\177\357\374"
  75      4C6C3A05 
  75      018CA1C6 
  75      857FEFFC 
  76 02a9 F5A244B5 		.ascii	"\365\242D\265\215UX/\363\2573\347\277p\240\232\331\244"
  76      8D55582F 
  76      F3AF33E7 
  76      BF70A09A 
  76      D9A4
  77 02bb DA6C8D3B 		.ascii	"\332l\215;\220{8i(\272\2537Xe\031\225l\0324\012=%]\317"
  77      907B3869 
  77      28BAAB37 
  77      58651995 
  77      6C1A340A 
  78 02d3 CBDBD410 		.ascii	"\313\333\324\020\030r\177B\247\341\024\011*\232\365"
  78      18727F42 
  78      A7E11409 
  78      2A9AF5
  79 02e2 3428255C 		.ascii	"4(%\\&\350\177r\207\017:\364\366\262\304\2409\005\230"
  79      26E87F72 
  79      870F3AF4 
  79      F6B2C4A0 
  79      390598
  80 02f5 F92960F1 		.ascii	"\371)`\361\320$\300d\035\254\263\354D\231\035\033Q\337"
  80      D024C064 
  80      1DACB3EC 
  80      44991D1B 
  80      51DF
  81 0307 94E10CB6 		.ascii	"\224\341\014\266\014\203\263\220%J5J\313\256(*v\030"
  81      0C83B390 
ARM GAS  /tmp/ccylmbRu.s 			page 6


  81      254A354A 
  81      CBAE282A 
  81      7618
  82 0319 FD112D8C 		.ascii	"\375\021-\214\017\253\0159\316IN\270h\216s#]\026,}\370"
  82      0FAB0D39 
  82      CE494EB8 
  82      688E7323 
  82      5D162C7D 
  83 032e 153702DC 		.ascii	"\0257\002\334*\272\035\265\361jI0\323\270\351D\3202"
  83      2ABA1DB5 
  83      F16A4930 
  83      D3B8E944 
  83      D032
  84 0340 219A0CE7 		.ascii	"!\232\014\347'\211v\201\242Yt\256\007\317\365\205?\215"
  84      27897681 
  84      A25974AE 
  84      07CFF585 
  84      3F8D
  85 0352 69928247 		.ascii	"i\222\202GfNF\004k4\231<\256O\232E\237\264\210,FH\202"
  85      664E4604 
  85      6B34993C 
  85      AE4F9A45 
  85      9FB4882C 
  86 0369 A7ABD155 		.ascii	"\247\253\321U]>\2538\002DS\253\240\311\244\207\210\221"
  86      5D3EAB38 
  86      024453AB 
  86      A0C9A487 
  86      8891
  87 037b C54FD5B7 		.ascii	"\305O\325\267\221,f}\037.\2222\"\321\303\003\315\373"
  87      912C667D 
  87      1F2E9232 
  87      22D1C303 
  87      CDFB
  88 038d 2A25822C 		.ascii	"*%\202,\341\016\364\273\233\237\375\030\250/dX\210\257"
  88      E10EF4BB 
  88      9B9FFD18 
  88      A82F6458 
  88      88AF
  89 039f 1D6D2D21 		.ascii	"\035m-!\273\236D<\251t\311H\242\377l\376=>\346\024\267"
  89      BB9E443C 
  89      A974C948 
  89      A2FF6CFE 
  89      3D3EE614 
  90 03b4 0B788B11 		.ascii	"\013x\213\021\3762\312\202\261w\234[2\365ZJgQ\031W\236"
  90      FE32CA82 
  90      B1779C5B 
  90      32F55A4A 
  90      67511957 
  91 03c9 57460795 		.ascii	"WF\007\2251\202s\225\312p\010\276\007Z\366=\200I\321"
  91      31827395 
  91      CA7008BE 
  91      075AF63D 
  91      8049D1
  92 03dc 1C93A27D 		.ascii	"\034\223\242}/X\273\366\014\270n \274\353ci\273Ax\\"
  92      2F58BBF6 
  92      0CB86E20 
  92      BCEB6369 
ARM GAS  /tmp/ccylmbRu.s 			page 7


  92      BB41785C 
  93 03f0 C76B7D82 		.ascii	"\307k}\2027\005\222\350Lq\2709\216\245N=\032\366^\327"
  93      370592E8 
  93      4C71B839 
  93      8EA54E3D 
  93      1AF65ED7 
  94 0404 967A97B8 		.ascii	"\226z\227\270\364\250/F[\231:\205\351\032\035\217\230"
  94      F4A82F46 
  94      5B993A85 
  94      E91A1D8F 
  94      98
  95 0415 F5D3637D 		.ascii	"\365\323c}\241\323\223\000\267\004\242\225\232\363g"
  95      A1D39300 
  95      B704A295 
  95      9AF367
  96 0424 14A51772 		.ascii	"\024\245\027rn6&=\0115|\265\242R\314\327\004\210\207"
  96      6E36263D 
  96      09357CB5 
  96      A252CCD7 
  96      048887
  97 0437 DB461B6F 		.ascii	"\333F\033o\301\244\232\022\370 \344\224F\362Ld\0343"
  97      C1A49A12 
  97      F820E494 
  97      46F24C64 
  97      1C33
  98 0449 03A68791 		.ascii	"\003\246\207\2212\006\277\340\261Cl\215\317\020N\262"
  98      3206BFE0 
  98      B1436C8D 
  98      CF104EB2 
  99 0459 9825E455 		.ascii	"\230%\344U\221\307'\361z)\314\251\271\273\320\0137\036"
  99      91C727F1 
  99      7A29CCA9 
  99      B9BBD00B 
  99      371E
 100 046b DECBBF21 		.ascii	"\336\313\277!\372\314\004\016\270\003s4>S/\365B\017"
 100      FACC040E 
 100      B8037334 
 100      3E532FF5 
 100      420F
 101 047d E8F9D963 		.ascii	"\350\371\331c\257%?{\316\275\324\375\264{\3513\272\227"
 101      AF253F7B 
 101      CEBDD4FD 
 101      B47BE933 
 101      BA97
 102 048f 7A48491B 		.ascii	"zHI\0331\321k\014\232\227\005\3138\027\021ld\320\304"
 102      31D16B0C 
 102      9A9705CB 
 102      3817116C 
 102      64D0C4
 103 04a2 0C9792E7 		.ascii	"\014\227\222\347\014\227>1\\F/S\033\336\357w\2375\\"
 103      0C973E31 
 103      5C462F53 
 103      1BDEEF77 
 103      9F355C
 104 04b5 4216E3DC 		.ascii	"B\026\343\334[\306\235\373~:\367\023\246\315;\036\006"
 104      5BC69DFB 
 104      7E3AF713 
ARM GAS  /tmp/ccylmbRu.s 			page 8


 104      A6CD3B1E 
 104      06
 105 04c6 F7C8D83A 		.ascii	"\367\310\330:q\332$\225p\002g00q\332\334\027\267\310"
 105      71DA2495 
 105      70026730 
 105      3071DADC 
 105      17B7C8
 106 04d9 E0986913 		.ascii	"\340\230i\023\325\356\324\333G\006\311]1H\206\304 \211"
 106      D5EED4DB 
 106      4706C95D 
 106      314886C4 
 106      2089
 107 04eb 9D1AC3A3 		.ascii	"\235\032\303\243S\203\202\263a\352\315\326F\243\371"
 107      538382B3 
 107      61EACDD6 
 107      46A3F9
 108 04fa EC54F266 		.ascii	"\354T\362f\034\030(4\272$)\351>\257[I}\375\265\3247"
 108      1C182834 
 108      BA2429E9 
 108      3EAF5B49 
 108      7DFDB5D4 
 109 050f D628197E 		.ascii	"\326(\031~_\232\177\205\327\353Y\235\246,M\367\254\364"
 109      5F9A7F85 
 109      D7EB599D 
 109      A62C4DF7 
 109      ACF4
 110 0521 7C9CA228 		.ascii	"|\234\242(\276\200\342\317T\002~\227\342J\367\006\322"
 110      BE80E2CF 
 110      54027E97 
 110      E24AF706 
 110      D2
 111 0532 16B99894 		.ascii	"\026\271\230\224\231\301\361\211\27323L\353V\254Z\353"
 111      99C1F189 
 111      BB32334C 
 111      EB56AC5A 
 111      EB
 112 0543 7E7F4A51 		.ascii	"~\177JQ\\>\257\327\267Z\311\360\3713\003\312\273\313"
 112      5C3EAFD7 
 112      B75AC9F0 
 112      F93303CA 
 112      BBCB
 113 0555 929726AF 		.ascii	"\222\227&\257\307\220.\237\337\275|\335b\357\242t\366"
 113      C7902E9F 
 113      DFBD7CDD 
 113      62EFA274 
 113      F6
 114 0566 D18B8471 		.ascii	"\321\213\204q\257\317T\226&\247|\230\242xV\273V\255"
 114      AFCF5496 
 114      26A77C98 
 114      A27856BB 
 114      56AD
 115 0578 4D752B2E 		.ascii	"Mu+.o\300\023X\236\346ra\2507\247Z\327\250sz`C\000\035"
 115      6FC01358 
 115      9EE67261 
 115      A837A75A 
 115      D7A8737A 
 116 0590 A727A72C 		.ascii	"\247'\247,s\256\\\021pg\370=\013\235\211\2572\311\317"
ARM GAS  /tmp/ccylmbRu.s 			page 9


 116      73AE5C11 
 116      7067F83D 
 116      0B9D89AF 
 116      32C9CF
 117 05a3 2C5EB7D7 		.ascii	",^\267\327\347\337\300x\346\232\214\267\376G`Wz*F\376"
 117      E7DFC078 
 117      E69A8CB7 
 117      FE476057 
 117      7A2A46FE 
 118 05b7 0F533E92 		.ascii	"\017S>\222C"
 118      43
 119              		.text
 120              		.section	.gnu.lto_chMsgWait.e6d3587878292b92,"",%progbits
 121 0000 789C9D55 		.ascii	"x\234\235U[L\024W\030>\377\234\331\235e\027\250O\246"
 121      5B4C1457 
 121      183EFF9C 
 121      D99D6517 
 121      A84FA6
 122 0013 B1A6591E 		.ascii	"\261\246Y\0366\321\3048\275\320Z\223>\264!i\322&\244"
 122      36D1C438 
 122      BDD05A93 
 122      3EB42169 
 122      D226A4
 123 0026 89247DE8 		.ascii	"\211$}\350\213\221e\003\233\270,\356\"\321'\206\005"
 123      8B916503 
 123      9BB82CEE 
 123      22D12786 
 123      05
 124 0037 4311A334 		.ascii	"C\021\2434\265\312E\034\"6x)\210X\255x\241(\242\"\242"
 124      B5CA451C 
 124      22367829 
 124      8858AD78 
 124      A128A222 
 125 004c 02E20DB4 		.ascii	"\002\342\015\264\310E\2715\351Eiku\351\377\237\031\020"
 125      C845B935 
 125      E945696B 
 125      75E9FF9F 
 125      1910
 126 005e 16B4541E 		.ascii	"\026\264T\036\206\2359\377\345\373\276\363\235\363["
 126      869D39FF 
 126      E5FBBEF3 
 126      9DF35B
 127 006d 98C472A3 		.ascii	"\230\304r\243\030+\007\306\336c\214\201\205\201Tt\205"
 127      182B07C6 
 127      DE638C81 
 127      85815474 
 127      85
 128 007e B11C9B24 		.ascii	"\261\034\233$\361\307\012\323\354r\331y\306\264h\016"
 128      F1C70AD3 
 128      EC72D979 
 128      C6B4680E 
 129 008e B2F15D06 		.ascii	"\262\361]\006\240\037\232\015X\266\304e\310\206m|'\207"
 129      A01F9A0D 
 129      58B6C465 
 129      C8866D7C 
 129      2787
 130 00a0 F6BCDA5D 		.ascii	"\366\274\332]|+\3279\003\031_\177k+\355\217\245W\000"
ARM GAS  /tmp/ccylmbRu.s 			page 10


 130      7C2BD739 
 130      03195F7F 
 130      6B2BED8F 
 130      A55700
 131 00b3 27BE9669 		.ascii	"'\276\226i\035\005\312\322*M\013i\215;\357)eu\327\264"
 131      1D05CAD2 
 131      2A4D0B69 
 131      8D3BEF29 
 131      6575D7B4 
 132 00c7 289D4BAC 		.ascii	"(\235K\254\004\303\367\301b\250\202\305\324}?,e\030"
 132      04C3F7C1 
 132      62A882C5 
 132      D47D3F2C 
 132      6518
 133 00d9 7D6EF069 		.ascii	"}n\360i\207\203\257\000\372\235s\260lW\264\253Rd\236"
 133      8783AF00 
 133      FA9D73B0 
 133      6C57B4AB 
 133      52649E
 134 00ec D7177D9D 		.ascii	"\327\027}\235\253]\324dL\205\003\300gf3\012\357;\034"
 134      AB5DD464 
 134      4C8503C0 
 134      6766330A 
 134      EF3B1C
 135 00ff FE36C62A 		.ascii	"\3766\306*\303ApQq\254\371=X\221\034D\224\352\274\360"
 135      C3417051 
 135      71ACF93D 
 135      58911C44 
 135      94EABCF0 
 136 0113 7E499DA6 		.ascii	"~I\235\246\025|\364\202RP\015\256C\035\320\250\205'"
 136      157CF482 
 136      52500DAE 
 136      431DD0A8 
 136      8527
 137 0125 F211F29B 		.ascii	"\362\021\362\233\273\307\207\012]\0138\303p\231\036"
 137      BBC7870A 
 137      5D0B38C3 
 137      70991E
 138 0134 567A28F8 		.ascii	"Vz(\370\340Q\364\260\213\004\007}dl3\366%\211\012\361"
 138      E051F4B0 
 138      8B04077D 
 138      646C33F6 
 138      25890AF1 
 139 0148 05FFF341 		.ascii	"\005\377\363A\220\010\332\303S\371\327\201g\012VG\033"
 139      9008DAC3 
 139      53F9D781 
 139      670A5647 
 139      1B
 140 0159 6E15DB4D 		.ascii	"n\025\333M(7\365%\245\271\255[\264\212\320\002\035\365"
 140      2837F525 
 140      A5B9AD5B 
 140      B48AD002 
 140      1DF5
 141 016b AC9903CC 		.ascii	"\254\231\003\314!paR\376\260vZ&MepB-\256\215@\250\257"
 141      21706152 
 141      FEB0765A 
 141      264D6570 
ARM GAS  /tmp/ccylmbRu.s 			page 11


 141      422DAE8D 
 142 0182 6A576D07 		.ascii	"jWm\007L\021\317\323\360\257\361\233G\212\340]\302\201"
 142      4C11CFD3 
 142      F0AFF19B 
 142      478AE05D 
 142      C281
 143 0194 452CF5B7 		.ascii	"E,\365\2678W38LkR\344Z\247\276\244\214S/\006u\024\300"
 143      38573338 
 143      4C6B52E4 
 143      5AA7BEA4 
 143      8C532F06 
 144 01ab A709CAE0 		.ascii	"\247\011\312\340\010X\021\311\017\244&\260f\011\227"
 144      085811C9 
 144      0FA426B0 
 144      660997
 145 01ba F6E8757F 		.ascii	"\366\350u\177\331\343nH\272V\354\324\271\205\242\253"
 145      D9E36E48 
 145      BA56ECD4 
 145      B985A2AB 
 146 01ca FB4F6A36 		.ascii	"\373Oj6\0315\200\243\020'6\344\327\261\353\335\022~"
 146      193580A3 
 146      102736E4 
 146      D7B1EBDD 
 146      127E
 147 01dc 8163200B 		.ascii	"\201c \013\320\014~\024\016\331\327\3204\030\035w\333"
 147      D00C7E14 
 147      0ED9D7D0 
 147      34181D77 
 147      DB
 148 01ed CCB652EC 		.ascii	"\314\266R\354\3575u]\016\221}\234\262\241\036d6\010"
 148      EF35755D 
 148      0E917D9C 
 148      B2A11E64 
 148      3608
 149 01ff 21A71080 		.ascii	"!\247\020\200\261a\010\235\370\273/\334\010\304\255"
 149      B161089D 
 149      F8BB2FDC 
 149      08C4AD
 150 020e 9C93EB76 		.ascii	"\234\223\353vl:{U!I\024\301\264\276~\254[\311~\246\331"
 150      6C3A7B55 
 150      214914C1 
 150      B4BE7EAC 
 150      5BC97EA6 
 151 0223 F0432537 		.ascii	"\360C%7\0341r\271\353\234]\207r\320\271\015N\242]O\020"
 151      1C3172B9 
 151      EB9C5D87 
 151      72D0B90D 
 151      4EA25D4F 
 152 0238 085CD87A 		.ascii	"\010\\\330z\274\266\300\246V\023\365\212>\\\215\202"
 152      BCB6C0A6 
 152      5613F58A 
 152      3E5C8D82 
 153 0248 53A04331 		.ascii	"S\240C17\235\324\274\245}\357\344r2\271\3444\250\305"
 153      379DD4BC 
 153      A57DEFE4 
 153      7232B9E4 
 153      34A8C5
ARM GAS  /tmp/ccylmbRu.s 			page 12


 154 025b 2828E26A 		.ascii	"((\342j\000U\340\"\034\021\276\012\357^\370R\213\302"
 154      0055E022 
 154      1C11BE0A 
 154      EF5EF852 
 154      8BC2
 155 026d 4FE042E8 		.ascii	"O\340B\350\006\227\226\326\256v%b\023v\216+\257S\220"
 155      069796D6 
 155      AE762562 
 155      13768E2B 
 155      AF5390
 156 0280 B981F28C 		.ascii	"\271\201\362\214=h\024{p\206\330\313\323\331K\202\375"
 156      3D68147B 
 156      7086D8CB 
 156      D3D94B82 
 156      FD
 157 0291 9F172E7D 		.ascii	"\237\027.}\025m0\265c\0178k\022\375n T\243\030Lz\253"
 157      156D30B5 
 157      630F386B 
 157      12FD6E20 
 157      54A3184C 
 158 02a7 6A16967E 		.ascii	"j\026\226~\241s\0074\011\256\222Q\023\203:\213\264b"
 158      A1730734 
 158      09AE9251 
 158      13833A8B 
 158      B462
 159 02b9 30E98E03 		.ascii	"0\351\216\003\225<G|\271\021\000\315H\0311?\311\337"
 159      953C477C 
 159      B91100CD 
 159      4819313F 
 159      C9DF
 160 02cb 1F63F48F 		.ascii	"\037c\364\217\232_\303\212c\234\272\235\217\350\326"
 160      9A5FC38A 
 160      639CBA9D 
 160      8FE8D6
 161 02da BDF7CC5E 		.ascii	"\275\367\314^\007n\024E\034\300\010\016\027@5:]\204"
 161      076E1445 
 161      1CC0080E 
 161      1740353A 
 161      5D84
 162 02ec 6C12B7B7 		.ascii	"l\022\267\267\360\237\\\2538\274$\006\033\200\274;M"
 162      F09F5CAB 
 162      38BC2406 
 162      1B80BC3B 
 162      4D
 163 02fd F1C6C6CB 		.ascii	"\361\306\306\313\330]\210Y\210\360\036+|\024\362*\376"
 163      D85D8859 
 163      88F01E2B 
 163      7C14F22A 
 163      FE
 164 030e D866A1C5 		.ascii	"\330f\241\305\010\023D\227\240-\031\264`I\\x\326\223"
 164      08134497 
 164      A02D19B4 
 164      60495C78 
 164      D693
 165 0320 139648AE 		.ascii	"\023\226H\256\030\210\205K\260X\347\261\242\210,N)\355"
 165      1888854B 
 165      B058E7B1 
ARM GAS  /tmp/ccylmbRu.s 			page 13


 165      A2882C4E 
 165      29ED
 166 0332 C870B83F 		.ascii	"\310p\270?\326\350a\235\217\233Z\347v\223\223\274t\371"
 166      D6E8619D 
 166      8F9B5AE7 
 166      769393BC 
 166      74F9
 167 0344 055E7292 		.ascii	"\005^r\222\264mSV\2722\251k\0017\032+\323t\315!y\366"
 167      B46D5356 
 167      BA32A96B 
 167      01371A2B 
 167      D374CD21 
 168 035a 484CC86B 		.ascii	"HL\310k\235K^'\211{\325\024\227E*\233L\302^\303\016"
 168      9D4B5E27 
 168      897BD514 
 168      97452A9B 
 168      4CC25EC3 
 169 036f 0CDA0D55 		.ascii	"\014\332\015U'-\333Sv/\034\305K\215\373\241i\323\231"
 169      272DDB53 
 169      762F1CC5 
 169      4B8DFBA1 
 169      69D399
 170 0382 9032DBBF 		.ascii	"\2202\333\277\034:\346\360o'\371W1\374\373d\350J;\217"
 170      1C3AE6F0 
 170      6F27F957 
 170      31FCFB64 
 170      E84A3B8F 
 171 0396 F4EF53C5 		.ascii	"\364\357S\305JA\246\177\255\323/\345j\372|]x\270\213"
 171      4A41A67F 
 171      ADD32FE5 
 171      6AFA7C5D 
 171      78B88B
 172 03a9 B8DA71ED 		.ascii	"\270\332q\355\301\366\234\011\330*,\260\014_\273\256"
 172      C1F69C09 
 172      D82A2CB0 
 172      0C5FBBAE 
 173 03b9 B6153B0C 		.ascii	"\266\025;\014}\035\304\371\206\311\371\341\305\355C"
 173      7D1DC4F9 
 173      86C9F9E1 
 173      C5ED43
 174 03c8 DCF4F068 		.ascii	"\334\364\360h\345\033%_\222\2147\005qn\324\204[\306"
 174      E51B255F 
 174      928C3705 
 174      716ED484 
 174      5BC6
 175 03da A9ACC8A2 		.ascii	"\251\254\310\242\342\324\013\033\010\234\303=Gj%\243"
 175      E2D40B1B 
 175      089CC33D 
 175      476A25A3 
 176 03ea A363966B 		.ascii	"\243c\226k\355s\272\226N\200\003n\213\372\262Q?\342"
 176      ED73BA96 
 176      4E80036E 
 176      8BFAB251 
 176      3FE2
 177 03fc 8CD44984 		.ascii	"\214\324I\204\340\216yF\004\200nc/w\264\254\244f\363"
 177      E08E7946 
 177      04806E63 
ARM GAS  /tmp/ccylmbRu.s 			page 14


 177      2F77B4AC 
 177      A466F3
 178 040f 2353B188 		.ascii	"#S\261\210\312\364\314 r\027TDJ\245J\207\357\036\031"
 178      CAF4CC20 
 178      72175444 
 178      4AA54A87 
 178      EF1E19
 179 0422 00B3DA4C 		.ascii	"\000\263\332L\334\2169q\007\010\366\275\227\300\256"
 179      DC8E3971 
 179      0708F6BD 
 179      97C0AE
 180 0431 1147FB67 		.ascii	"\021G\373g\202m1\333\365R;\3058s\341&q\271\212\015\234"
 180      826D31DB 
 180      F5523BC5 
 180      3873E126 
 180      71B98A0D 
 181 0446 F28BD8B7 		.ascii	"\362\213\330\267\347o\007\315\273\370\321\320D\245b"
 181      E76F07CD 
 181      BBF8D1D0 
 181      44A562
 182 0455 FA698663 		.ascii	"\372i\206c\027\276XX\364\353kp_\340\263\222\233\372"
 182      17BE5858 
 182      F4EB6B70 
 182      5FE0B392 
 182      9BFA
 183 0467 40C580CA 		.ascii	"@\305\200\312\221\372&\213q0c\240\037\263\314\211\031"
 183      91FA268B 
 183      713063A0 
 183      1FB3CC89 
 183      19
 184 0478 3125CBFF 		.ascii	"1%\313\377cJ\016\210)9u)\3128\250\006_6%\213\354\246"
 184      634A0E88 
 184      29397529 
 184      CA38A806 
 184      5F36258B 
 185 048e 49951997 		.ascii	"I\225\031\227\354\0032\350\254\261\371\241\227\301C"
 185      EC0332E8 
 185      ACB1F9A1 
 185      97C143
 186 049d 0AB6CD1E 		.ascii	"\012\266\315\036\233\361\345\234\2323\030\232=6\207"
 186      9BF1E59C 
 186      9A33189A 
 186      3D3687
 187 04ac 85DD47A6 		.ascii	"\205\335G\246\215\315\260~\277\30119\021\007\305D\034"
 187      8DCDB07E 
 187      BFC13139 
 187      1107C544 
 187      1C
 188 04bd 15133172 		.ascii	"\025\0231r\374\215M\215?*\316~\241\015\332\334l5\356"
 188      FC8D4D8D 
 188      3F2ACE7E 
 188      A10DDADC 
 188      6C35EE
 189 04d0 093B51DE 		.ascii	"\011;Q\336\214\007\030\357.L\211W\323\374>\217\232\362"
 189      8C0718EF 
 189      2E4C8957 
 189      D3FC3E8F 
ARM GAS  /tmp/ccylmbRu.s 			page 15


 189      9AF2
 190 04e2 CEDB29EF 		.ascii	"\316\333)\357\256S3\002\376\324\300\032\237\317\233"
 190      AE533302 
 190      FED4C01A 
 190      9FCF9B
 191 04f1 9EAA26A4 		.ascii	"\236\252&\244y\223\275\237'\251\252?\250\0062\325`\300"
 191      7993BD9F 
 191      27A9AA3F 
 191      A80632D5 
 191      60C0
 192 0503 ADBAD37C 		.ascii	"\255\272\323|\301\324\345n&ef\254\234o\2367\335\275"
 192      C1D4E56E 
 192      266566AC 
 192      9C6F9E37 
 192      DDBD
 193 0515 767D8A07 		.ascii	"v}\212\007s\203\356\264\224\345i\314\222\265f\355z\317"
 193      7383EEB4 
 193      94E569CC 
 193      92B566ED 
 193      7ACF
 194 0527 27F3CA77 		.ascii	"'\363\312w\373}>\177\272\232\341\017d\006\325\217W%"
 194      FB7D3E7F 
 194      BA9AE10F 
 194      6406D58F 
 194      5725
 195 0539 26246EC0 		.ascii	"&$n\300Bn\177\300\263:k\205\017\213}\366\177\312x6d"
 195      426E7FC0 
 195      B33A6B85 
 195      0F8B7DF6 
 195      7FCA7836 
 196 054e AA098949 		.ascii	"\252\011\211I\237&=\007\345\013z\203\253S\335n,\365"
 196      9F263D07 
 196      E50B7A83 
 196      AB53DD6E 
 196      2CF5
 197 0560 C12B30DA 		.ascii	"\301+0\332\030\304\304\005\211I\253\234\311k\202\236"
 197      18C4C405 
 197      8949AB9C 
 197      C96B829E 
 198 0570 8C807799 		.ascii	"\214\200w\231\323\365\026\223\002L\361y|\376\300\306"
 198      D3F51693 
 198      024CF179 
 198      7CFEC0C6 
 199 0580 57294A12 		.ascii	"W)J\022\2471\236\271.\343_\252\326\237o"
 199      A7319EB9 
 199      2EE35FAA 
 199      D69F6F
 200              		.text
 201              		.section	.gnu.lto_chMsgRelease.e6d3587878292b92,"",%progbits
 202 0000 789C9D53 		.ascii	"x\234\235SkK\024Q\030~\3379\263\027W\273|\014\352\303"
 202      6B4B1451 
 202      187EDF39 
 202      B31757BB 
 202      7C0CEAC3 
 203 0014 0A2D1684 		.ascii	"\012-\026\204\323\015\212\210 \204\240@\202\374\001"
 203      D30D8A88 
 203      2084A040 
ARM GAS  /tmp/ccylmbRu.s 			page 16


 203      82FC01
 204 0023 62E3E22E 		.ascii	"b\343\342.4\256\315X\324'\307M\2232*PKS\031\313\312"
 204      34AECD58 
 204      D427C74D 
 204      93322A50 
 204      4B5319CB 
 205 0038 ACBC64D7 		.ascii	"\254\274d\327M\3356\265\013t#\261\222\374b\231Iit\373"
 205      4DDD36B5 
 205      0B7423B1 
 205      92FC6299 
 205      496974FB 
 206 004c 12515BEF 		.ascii	"\022Q[\3579\256\242nt\033X\366\234\363>\357s\336\347"
 206      39AEA26E 
 206      741B58F6 
 206      9CF33EEF 
 206      73DEE7
 207 005f 99676C20 		.ascii	"\231gl AP\006P\021`>\000 \003\224\016?\004(tJ\210|a"
 207      41500650 
 207      11603E00 
 207      2003940E 
 207      3F042874 
 208 0077 3A110A24 		.ascii	":\021\012$,\300C\354(\303\256\222\327!iq\203IO\344h"
 208      2CC043EC 
 208      28C3AE92 
 208      D7216971 
 208      83494FE4 
 209 008c D8B5D72C 		.ascii	"\330\265\327,\236g1\200*\372\361\007\033p1\241\036\027"
 209      9E673180 
 209      2AFAF107 
 209      1B7031A1 
 209      1E17
 210 009e B5D6B083 		.ascii	"\265\326\260\203\314b\2102m?>864\233o%t\323\266g\370"
 210      CC628832 
 210      6D3F3E38 
 210      36349B6F 
 210      2574D3B6 
 211 00b4 5B6F225B 		.ascii	"[o\"[\205@\353\232\206\301\223\011)\247L3hF\306\312"
 211      8540EB9A 
 211      86C19309 
 211      29A74C33 
 211      6846C6CA 
 212 00c8 98B9D062 		.ascii	"\230\271\320b\014\317\"#Bl\304\005x\006\027\000\035"
 212      0CCF2223 
 212      426CC405 
 212      78061700 
 212      1D
 213 00d9 019EC314 		.ascii	"\001\236\303\024\202\337o\015=\223\331\032\321Z>:\322"
 213      82DF6F0D 
 213      3D93D91A 
 213      D15A3E3A 
 213      D2
 214 00ea 3F87B7D2 		.ascii	"?\207\267\322(\337\312E\253\214\347g\266\312\200M\230"
 214      28DFCA45 
 214      AB8CE767 
 214      B6CA804D 
 214      98
 215 00fb C2F12F2F 		.ascii	"\302\361//D+f\331\345\372\211q\261\031\355\244\032Z"
ARM GAS  /tmp/ccylmbRu.s 			page 17


 215      442B66D9 
 215      E5FA8971 
 215      B119EDA4 
 215      1A5A
 216 010d 7A316246 		.ascii	"z1bF\177\224\230\221W\247p`\223\203t\323e4:\357\203"
 216      7F949891 
 216      57A77060 
 216      938374D3 
 216      65343AEF 
 217 0122 FD04E536 		.ascii	"\375\004\3456\2242\211\377\263a\2248\331HGI\037\262"
 217      943289FF 
 217      B3619438 
 217      D9484749 
 217      1FB2
 218 0134 756290CB 		.ascii	"ub\220\313\341\376J\227\247^h\030\251\\tl\317\275\003"
 218      E1FE4A97 
 218      A75E6818 
 218      A95C746C 
 218      CFBD03
 219 0147 665D70AE 		.ascii	"f]p\256\305l\3302}\034aQ+z\250\251\344\215\331)sOl\350"
 219      C56CD832 
 219      7D1C6151 
 219      2B7AA8A9 
 219      E48DD929 
 220 015f C60B547B 		.ascii	"\306\013T{\213\301\227\357\313[{qr\324\"!\255\254\327"
 220      8BC197EF 
 220      CB5B7B71 
 220      72D42221 
 220      ADACD7
 221 0172 2546AD62 		.ascii	"%F\255b\0103J\237\257\2733\001\333xM\232Y\033\252\\"
 221      08334A9F 
 221      AFBB3301 
 221      DB784D9A 
 221      591BAA5C 
 222 0186 54CDF85D 		.ascii	"T\315\370]\200\0279\200M\261\000\360\022\332i\222\313"
 222      80173980 
 222      4DB100F0 
 222      12DA6992 
 222      CB
 223 0197 DC008443 		.ascii	"\334\000\204C\022\225NXm_\\\311u\222eV\272-f\347\350"
 223      12954E58 
 223      6D5F5CC9 
 223      75926556 
 223      BA2D66E7 
 224 01ac A6A176D3 		.ascii	"\246\241v\323)K\004\274\202\311\300O>\214\365\015Ht"
 224      294B04BC 
 224      82C9C04F 
 224      3E8CF50D 
 224      4874
 225 01be 82575116 		.ascii	"\202WQ\026C\003^\023o\370L\270{8)\271>\326\355\340\330"
 225      43035E13 
 225      6FF84CB8 
 225      7B3829B9 
 225      3ED6EDE0 
 226 01d3 4FCD6D4F 		.ascii	"O\315mO\022Ew\210w\343u\224a\030\203na\000\360\345\340"
 226      12457788 
 226      77E37594 
ARM GAS  /tmp/ccylmbRu.s 			page 18


 226      6118836E 
 226      6100F0E5 
 227 01e8 BE461B57 		.ascii	"\276F\033WF\340\302s\3255I1\013\243\215IUf\244\310\375"
 227      46E0C273 
 227      D5354931 
 227      0BA38D49 
 227      5566A4C8 
 228 01fd 8B2408FF 		.ascii	"\213$\010\377\332\321SKz\211\240\256\241\202\305\010"
 228      DAD1534B 
 228      7A89A0AE 
 228      A182C508 
 229 020d 2ABE3E3B 		.ascii	"*\276>;\236\310\011\314\251\004qy\020\004\035\234\200"
 229      9EC809CC 
 229      A9047179 
 229      10041D9C 
 229      80
 230 021e C128160F 		.ascii	"\301(\026\017\276?\375\374N\234\341O]\034\302\357\211"
 230      BE3FFDFC 
 230      4E9CE14F 
 230      5D1CC2EF 
 230      89
 231 022f 192F4FF3 		.ascii	"\031/O\363\256Sx\027F\341Q(46\340(\370n:-\346\254\242"
 231      AE537817 
 231      46E15128 
 231      3436E028 
 231      F86E3A2D 
 232 0246 77C98B78 		.ascii	"w\311\213x\003\013\200F\244K,\226 D\213\254\265\307"
 232      030B8046 
 232      A44B2C96 
 232      20448BAC 
 232      B5C7
 233 0258 748FEF3A 		.ascii	"t\217\357:\306w\322/\022T\373\207\004ED\202\216\024"
 233      C677D22F 
 233      1254FB87 
 233      04454482 
 233      8E14
 234 026a 773D728C 		.ascii	"w=r\214'\010\360\346\357\022\324?\221 \3734!]\\H\\\244"
 234      2708F0E6 
 234      EF12D43F 
 234      9120FB34 
 234      215D5C48 
 235 0280 D6FA01BB 		.ascii	"\326\372\001\2739\330\021\037\251\225\265\214_\016\330"
 235      39D8111F 
 235      A995B58C 
 235      5F0ED8
 236 028f 131FA95B 		.ascii	"\023\037\251[\302\226\333S\"\025\265^\204\023'\322r"
 236      C296DB53 
 236      2215B55E 
 236      841327D2 
 236      72
 237 02a0 53A4E58E 		.ascii	"S\244\345\216H\313\314h\334\235\214\006'\207w\024\215"
 237      48CBCC68 
 237      DC9D8C06 
 237      27877714 
 237      8D
 238 02b1 D2260F1F 		.ascii	"\322&\017\037Y\350\335O\311\247O\217\360+\025_@\363"
 238      59E8DD4F 
ARM GAS  /tmp/ccylmbRu.s 			page 19


 238      C9A74F8F 
 238      F02B155F 
 238      40F3
 239 02c3 2AD9CB97 		.ascii	"*\331\313\227e\257\330\256\344\351\201\034=K\323\374"
 239      65AFD8AE 
 239      E4E9811C 
 239      3D4BD3FC 
 240 02d3 B9394A9A 		.ascii	"\2719J\232\317\277\325\2779CQ\002\206\242\347+\206\256"
 240      CFBFD5BF 
 240      39435102 
 240      86A2E72B 
 240      86AE
 241 02e5 2AAA4F33 		.ascii	"*\252O3rRU\220\362\363\030\255l;\263\266\355\360n\370"
 241      72525590 
 241      F2F318AD 
 241      6C3BB3B6 
 241      EDF06EF8 
 242 02f9 2B0635A0 		.ascii	"+\0065\240i\201\\%/\240\347\033\312\372-\351i\351\273"
 242      69815C25 
 242      2FA0E71B 
 242      CAFA2DE9 
 242      69E9BB
 243 030c 884E0DE8 		.ascii	"\210N\015\350\336\314\235\253\264T\037l\372\027\032"
 243      DECC9DAB 
 243      B4541F6C 
 243      FA171A
 244 031b EFAE7C25 		.ascii	"\357\256|%-=cc\206\342\317U\267\355\310\366*\252f\370"
 244      2D3D6363 
 244      86E2CF55 
 244      B7EDC8F6 
 244      2AAA66F8 
 245 032f 8DCC1C55 		.ascii	"\215\314\034U%\252\325\177\253i\262\331g\3546\250qn"
 245      25AAD57F 
 245      AB69B2D9 
 245      67EC36A8 
 245      716E
 246 0341 7AC616F7 		.ascii	"z\306\026\367\326,\303\233\247\373\227\270=KA\322\301"
 246      D62CC39B 
 246      A7FB97B8 
 246      3D4B41D2 
 246      C1
 247 0352 A179B580 		.ascii	"\241y\265\200\276\373\177H\271Y>\370\011t\342\342\363"
 247      BEFB7F48 
 247      B9593EF8 
 247      0974E2E2 
 247      F3
 248              		.text
 249              		.section	.gnu.lto_.symbol_nodes.e6d3587878292b92,"",%progbits
 250 0000 789C55C9 		.ascii	"x\234U\311=\012\002A\020D\341W\3353^c\367(z\262\236"
 250      3D0A0241 
 250      1044E157 
 250      DD335E63 
 250      F7287AB2 
 251 0015 C0CC44F0 		.ascii	"\300\314D\3606\033/+\030x\007A\214\004\177\003#q4r*"
 251      361B2F2B 
 251      18780741 
 251      8C047F03 
ARM GAS  /tmp/ccylmbRu.s 			page 20


 251      23713472 
 252 002a 29F85EC6 		.ascii	")\370^\306\330Pg\027\005\254\367Po(\013\310w\321\177"
 252      D8506717 
 252      05ACF750 
 252      6F280BC8 
 252      77D17F
 253 003d CB55A1A6 		.ascii	"\313U\241\246\330Ma\215\350\251\360\237@)\363\012\017"
 253      D84D618D 
 253      E8A9F09F 
 253      4029F30A 
 253      0F
 254 004e 456AE0A5 		.ascii	"Ej\340\245\310\377\340d\216\273\255;\211\345\352\334"
 254      C8FFE064 
 254      8EBBAD3B 
 254      89E5EADC 
 255 005e B925C6E9 		.ascii	"\271%\306\351$\367\031\343\341->\330\245&'"
 255      24F719E3 
 255      E12D3ED8 
 255      A52627
 256              		.text
 257              		.section	.gnu.lto_.refs.e6d3587878292b92,"",%progbits
 258 0000 789C6365 		.ascii	"x\234ce`b\340c```\004\"F&&\006F\026\006Fn\006\000\002"
 258      6062E063 
 258      60606004 
 258      22462626 
 258      06461606 
 259 0019 20002E   		.ascii	" \000."
 260              		.text
 261              		.section	.gnu.lto_.decls.e6d3587878292b92,"",%progbits
 262 0000 789CB55A 		.ascii	"x\234\265Z{T\024Yz\357[\267\240\241i\036\253\356\304"
 262      7B541459 
 262      7AEF5BB7 
 262      A0A1691E 
 262      ABEEC4
 263 0013 E4909C39 		.ascii	"\344\220\2349s\334\014\233\315\016\343\314\354\214s"
 263      73DC0C9B 
 263      CD0EE3CC 
 263      EC8C73
 264 0022 929CCCEE 		.ascii	"\222\234\314\356\234\354\254Ifw2\356\314&\347$\351 "
 264      9CECAC49 
 264      667732EE 
 264      CC26E724 
 264      E920
 265 0034 B6C20EAF 		.ascii	"\266\302\016\257\355n|\354?[\320\210\362\020D\021\001"
 265      ED6E7CEC 
 265      3F5BD088 
 265      F2104411 
 265      01
 266 0045 51517C80 		.ascii	"QQ|\200\300\300\210\242\010*\202\"\017E\024Q\2217(\""
 266      C0C088A2 
 266      082A8222 
 266      0F451451 
 266      91372822 
 267 0059 28083820 		.ascii	"(\0108 \017!\337}tWu\323\255\316\344\244\017\037]\267"
 267      0F21DF7D 
 267      745775D3 
 267      ADCEE4A4 
ARM GAS  /tmp/ccylmbRu.s 			page 21


 267      0F1F5DB7 
 268 006d EABBDFF7 		.ascii	"\352\273\337\367\373\236u\353V\273\250\004U\354;*U\264"
 268      FB9E75EB 
 268      56BBA804 
 268      55EC3B2A 
 268      55B4
 269 007f 5AA55A2A 		.ascii	"Z\245Z*\250T\363\360\021U*U!\020\002\362U\261\217+\220"
 269      A854F3F0 
 269      11552A55 
 269      211002F2 
 269      55B18F2B 
 270 0094 194EC402 		.ascii	"\031N\304\002%\000%\003\355\004\332\205\030\337(R\331"
 270      25002503 
 270      ED04DA85 
 270      18DF2852 
 270      D9
 271 00a5 7CD458A5 		.ascii	"|\324X\245Z\002\337\213T\354\373\024\320o\200g\0141"
 271      5A02DF8B 
 271      54ECFB14 
 271      D06F8067 
 271      0C31
 272 00b7 99E3F03D 		.ascii	"\231\343\360=\002\324\012T\005\343o\341{\032\3503\240"
 272      02D40A54 
 272      05E36FE1 
 272      7B1AE833 
 272      A0
 273 00c8 FF015A05 		.ascii	"\377\001Z\005$\002\315\000\355\000\232\005J\002\322"
 273      2402CD00 
 273      ED009A05 
 273      4A02D2
 274 00d7 00EF107C 		.ascii	"\000\357\020|_\007\322\001\005\003}\016\364G\240/\201"
 274      5F07D201 
 274      05037D0E 
 274      F447A02F 
 274      81
 275 00e8 7E0B6402 		.ascii	"~\013d\002\212\000r\347\230\347\011F\260M\015\244\025"
 275      8A0072E7 
 275      98E70946 
 275      B04D0DA4 
 275      15
 276 00f9 186E82DF 		.ascii	"\030n\202\337\013\216}\200\340O\365\347\302B\033<\301"
 276      0B8E7D80 
 276      E04FF5E7 
 276      C2421B3C 
 276      C1
 277 010a 061F850D 		.ascii	"\006\037\205\015\026\374J\274J;>\343\270g\271\215I\334"
 277      16FC4ABC 
 277      4A3B3EE3 
 277      B867B98D 
 277      49DC
 278 011c 06B502F3 		.ascii	"\006\265\002\363\347\034\347\037\025X\011\316X;\234"
 278      E71CE71F 
 278      155809CE 
 278      583B9C
 279 012b 6F080CE3 		.ascii	"o\010\014\343_\0132NG~\3763\314|\362\245\035N\342o%"
 279      5F0B324E 
 279      477EFE33 
ARM GAS  /tmp/ccylmbRu.s 			page 22


 279      CC7CF2A5 
 279      1D4EE26F 
 280 0140 CE37617E 		.ascii	"\3167a~<\237\353\246b1T\352\373\261\300b\251\324\365"
 280      3C9FEBA6 
 280      623154EA 
 280      FBB1C062 
 280      A9D4F5
 281 0153 B660AB6B 		.ascii	"\266`\253k7F\245\333.\236\025:Q;\231\206|\350Y\204\330"
 281      3746A5DB 
 281      2E9E153A 
 281      513B9986 
 281      7CE85984 
 282 0168 7F44890E 		.ascii	"\177D\211\016\347-\037\204\350y\252\206'\212\345\024"
 282      E72D1F84 
 282      E879AA86 
 282      278AE514 
 283 0178 B2CCE063 		.ascii	"\262\314\340c\201\017\005.\222\376\361\311H!\221]f\232"
 283      810F052E 
 283      92FEF1C9 
 283      4821915D 
 283      669A
 284 018a 2C1F96AB 		.ascii	",\037\226\253\354\200N\263\314F\202\254\000!\345\004"
 284      EC804EB3 
 284      CC4682AC 
 284      0021E504 
 285 019a 8540069B 		.ascii	"\205@\006\233_\267\342S\311\306!\213\365\243\031W\372"
 285      5FB7E253 
 285      C9C6218B 
 285      F5A31957 
 285      FA
 286 01ab 355DA883 		.ascii	"5]\250\203\234\315\376\010\321s=\247\372\312\324X@\344"
 286      9CCDFE08 
 286      D1733DA7 
 286      FACAD458 
 286      40E4
 287 01bd B86B2AF7 		.ascii	"\270k*\367\227o\025H\354\343\346+\273m\363\266\302\335"
 287      976F1548 
 287      ECE3E62B 
 287      BB6DF3B6 
 287      C2DD
 288 01cf 9A248C5C 		.ascii	"\232$\214\\5\210\350T\303\251{O\246KEv\212po\204S{3"
 288      3588E854 
 288      C3A97B4F 
 288      A64B4576 
 288      8A706F84 
 289 01e6 DABFF1C2 		.ascii	"\332\277\361\302?\244\242\256\307\024ga\270\274H\203"
 289      3FA4A2AE 
 289      C7146761 
 289      B8BC4883 
 290 01f6 44A2F96A 		.ascii	"D\242\371jf\237\027\014\227h\320\353\273\261\360\250"
 290      669F170C 
 290      9768D0EB 
 290      BBB1F0A8 
 291 0206 272EDE0D 		.ascii	"'.\336\015\371i\216\220\251\225\363%oFm\221$\001}\203"
 291      F9698E90 
 291      A995F325 
 291      6F466D91 
ARM GAS  /tmp/ccylmbRu.s 			page 23


 291      24017D83 
 292 021a 34A81061 		.ascii	"4\250\020at\014\275E`\273\222\304\330JX\266\233%\367"
 292      740CBD45 
 292      60BB92C4 
 292      D84A58B6 
 292      9B25F7
 293 022d 5FA95011 		.ascii	"_\251P\021\362E_#_\025*F~D1\341C\005p2\037N\202\226"
 293      F2455F23 
 293      5F152A46 
 293      7E4431E1 
 293      43057032 
 294 0245 B1A92727 		.ascii	"\261\251''D\374[\002@\210\357\031{\356\2154~\016\347"
 294      44FC5B02 
 294      4088EF19 
 294      7BEE8D34 
 294      7E0EE7
 295 0258 9F70309F 		.ascii	"\237p0\237ay\260\347\235\223\233\011\226\022\300r\\"
 295      6179B0E7 
 295      9D939B09 
 295      9612C072 
 295      5C
 296 0269 C602D098 		.ascii	"\306\002\320\230+n'6\267\271\342XD\225L\015\326\026"
 296      2B6E2736 
 296      B7B9E258 
 296      44954C0D 
 296      D616
 297 027b 7A58ED78 		.ascii	"zX\355x\220\267,}Z\222^G\247`\356Iyn\011rjH\251cC\036"
 297      90B72C7D 
 297      5A925E47 
 297      A760EE49 
 297      796E0972 
 298 0295 0DA57CAB 		.ascii	"\015\245|\253\021I\216\022Q\253Er\356\324p\376)O\346"
 298      11498E12 
 298      51AB4572 
 298      EED470FE 
 298      294FE6
 299 02a8 D14A32CE 		.ascii	"\321J2\316\355\317J\322\262\361\012\030\336l\352<\214"
 299      EDCF4AD2 
 299      B2F10A18 
 299      DE6CEA3C 
 299      8C
 300 02b9 7127C585 		.ascii	"q'\305\205:j\363\362\211\367\337d\361\362\206SE\217"
 300      3A6AF3F2 
 300      89F7DF64 
 300      F1F28653 
 300      458F
 301 02cb CAA63CD9 		.ascii	"\312\246<\331)\302q#y\354\220\032?`fd\324\337\256\022"
 301      29C27123 
 301      79EC901A 
 301      3F606664 
 301      D4DFAE12 
 302 02df E5708CBF 		.ascii	"\345p\214\277\231B\303Q\011\272\317\311f\274\311\255"
 302      9942C351 
 302      09BACFC9 
 302      66BCC9AD 
 303 02ef 885E60C5 		.ascii	"\210^`\305y\260\342Mn\305Y8Y\301\254\310;\224r\320\025"
 303      79B0E24D 
ARM GAS  /tmp/ccylmbRu.s 			page 24


 303      6EC55938 
 303      59C1ACC8 
 303      3B9472D0 
 304 0304 8F311D35 		.ascii	"\2171\0355\347\332\356\210,\036\013\005T;\020`\211\307"
 304      E7DAEE88 
 304      2C1E0B05 
 304      543B1060 
 304      89C7
 305 0316 1B35341E 		.ascii	"\03354\036U\000\346\202\014\246\322\022\017)uf\277'"
 305      5500E682 
 305      0CA6D212 
 305      0F297566 
 305      BF27
 306 0328 9E614AA4 		.ascii	"\236aJ\244\373\227\356\013\316\224\3248W\222\367:\013"
 306      FB97EE0B 
 306      CE94D438 
 306      5792F73A 
 306      0B
 307 0339 DC255072 		.ascii	"\334%PrQVReQ\322^\262\255\332\015\233Y\225d\226?\255"
 307      51565265 
 307      51D25EB2 
 307      ADDA0D9B 
 307      59956496 
 308 034f 77618E77 		.ascii	"wa\216w\203\341\366\366\251\012\017\234\300\256\345"
 308      83E1F6F6 
 308      A90A0F9C 
 308      C0AEE5
 309 035e 4FC69CF4 		.ascii	"O\306\234\364\306\333\331\300\022\261%<b\323;\313Nz"
 309      C6DBD9C0 
 309      12B1253C 
 309      62D33BCB 
 309      4E7A
 310 0370 E03476F1 		.ascii	"\3404v\361b_s\255\013\316b\203\354\252\236\237\342B"
 310      625F73AD 
 310      0BCE6283 
 310      ECAA9E9F 
 310      E242
 311 0382 767C6657 		.ascii	"v|fW\305c7|\234\015.<o\315\322\340*6\270\361\344\312"
 311      C563377C 
 311      9C0D2E3C 
 311      6FCDD2E0 
 311      2A36B8F1 
 312 0398 5E0FA6D8 		.ascii	"^\017\246\330\207\364\262\376\272\032\015\023/!\030"
 312      87F4B2FE 
 312      BA1A0D13 
 312      2F2118
 313 03a7 CF1EBE76 		.ascii	"\317\036\276v\307\015\3273\336\362S\0255\034\344\333"
 313      C70DD733 
 313      DEF25315 
 313      351CE4DB 
 314 03b7 3034DFDB 		.ascii	"04\337\333\333\343\205\233\331\265\232\344\230D\015"
 314      DBE3859B 
 314      D9B59AE4 
 314      98440D
 315 03c6 6EA70321 		.ascii	"n\247\003!\177\333\326GN\343r\307\251\313\356.\205\016"
 315      7FDBD647 
 315      4EE372C7 
ARM GAS  /tmp/ccylmbRu.s 			page 25


 315      A9CBEE2E 
 315      850E
 316 03d8 816E83BF 		.ascii	"\201n\203\277n9\360\327\236\361\216\207\356L\273\037"
 316      6E39F0D7 
 316      9EF18E87 
 316      EE4CBB1F 
 317 03e8 498433E3 		.ascii	"I\2043\343\207]\361\000\323\336;?\367{<\312\216\343"
 317      875DF100 
 317      D3DE3B3F 
 317      F77B3CCA 
 317      8EE3
 318 03fa 0AE26ABC 		.ascii	"\012\342j\274\360\024\033\034<_\376H\215\3430\035X\032"
 318      F0141B1C 
 318      3C5FFE48 
 318      8DE3301D 
 318      581A
 319 040c C622DA30 		.ascii	"\306\"\3320P\356`\327,\306\351\354ZO\373\345b/\234\311"
 319      50EE60D7 
 319      2CC6E9EC 
 319      5A4FFBE5 
 319      622F9CC9 
 320 0420 06E5937B 		.ascii	"\006\345\223{\312\275\361\0016\270\3327?\246\301\271"
 320      CABDF101 
 320      36B8DA37 
 320      3FA6C1B9 
 321 0430 6C702A73 		.ascii	"lp*s\256R\304E|\2164\223\241\305%t \224\027\346l\325"
 321      AE52C445 
 321      7C8E3493 
 321      A1C52574 
 321      209417E6 
 322 0446 58F37D90 		.ascii	"X\363}\220\232\322\017\246\334{\245\232\275\357\270"
 322      9AD20FA6 
 322      DC7BA59A 
 322      BDEFB8
 323 0455 6613763D 		.ascii	"f\023v=>\342\205\313\230\272\231\201\324V\304\340ka"
 323      3EE285CB 
 323      98BA9981 
 323      D456C4E0 
 323      6B61
 324 0467 185DDE9A 		.ascii	"\030]\336\232\342\315B\325M#9\275uN\3045\214\267\346"
 324      E2CD42D5 
 324      4D2339BD 
 324      754EC435 
 324      8CB7E6
 325 047a 5AF6B81B 		.ascii	"Z\366\270\033nd\203\262\224\035\020\375\233l\320\231"
 325      6E6483B2 
 325      941D10FD 
 325      9B6CD099 
 326 048a 9E50EE81 		.ascii	"\236P\356\201\037\260\301\271\344\261\323\356x\230\015"
 326      1FB0C1B9 
 326      E4B1D3EE 
 326      78980D
 327 0499 B63CEB2D 		.ascii	"\266<\353-\366\306\223\330&/\226\260\274\0304W\366\210"
 327      F6C693D8 
 327      262F96B0 
 327      BC183457 
 327      F688
ARM GAS  /tmp/ccylmbRu.s 			page 26


 328 04ab 788E5D2B 		.ascii	"x\216]+\332|/\317\015\256\371B'@\2126\340\313\332\300"
 328      DA7C2FCF 
 328      0DAEF942 
 328      27408A36 
 328      E0CBDAC0 
 329 04bf 89CAF142 		.ascii	"\211\312\361B\021\233E\352\226\322\023\36725\2126\360"
 329      119B45EA 
 329      96D213F7 
 329      32358A36 
 329      F0
 330 04d0 DA6949F2 		.ascii	"\332iI\362A\023\340\230\247\262c|\255]\340\311A\011"
 330      4113E098 
 330      A7B2637C 
 330      AD5DE0C9 
 330      4109
 331 04e2 2F55A177 		.ascii	"/U\241w}\321\333\340\225o\301+\276\334+\343\340\225"
 331      7DD1DBE0 
 331      956FC12B 
 331      BEDC2BE3 
 331      E095
 332 04f4 31DE03F6 		.ascii	"1\336\003\366\347^\364\304\333\230\202\214]\027Nx\311"
 332      E75EF4C4 
 332      DB98828C 
 332      5D174E78 
 332      C9
 333 0505 ED72CF1B 		.ascii	"\355r\317\033%\264\264\247@\303\244\254a\0029Q\361\314"
 333      25B4B4A7 
 333      40C3A4AC 
 333      61023951 
 333      F1CC
 334 0517 B18AE89D 		.ascii	"\261\212\350\235\315\005\356x\027S\321SY\275\003+:\362"
 334      CD05EE78 
 334      1753D153 
 334      59BD032B 
 334      3AF2
 335 0529 8ADBB495 		.ascii	"\212\333\264\225\315\202\212iY\305\2243\0253\216U\354"
 335      CD828A69 
 335      59C59433 
 335      15338E55 
 335      EC
 336 053a CAEC5F8A 		.ascii	"\312\354_\212\367R\015(!q\256\010\343\034\246n\357\271"
 336      F7520D28 
 336      2171AE08 
 336      E31CA66E 
 336      EFB9
 337 054c E964D9A2 		.ascii	"\351d\331\242^\365GH\0224h\356\0254\315;\326\324\261"
 337      5EF54748 
 337      123468EE 
 337      1534CD3B 
 337      D6D4B1
 338 055f 77645CC4 		.ascii	"wd\\\304\371L\325\241\352\242\353j\374\015S\325\367"
 338      F94CD5A1 
 338      EAA2EB6A 
 338      FC0D53D5 
 338      F7
 339 0570 F0F8334F 		.ascii	"\360\3703O9iAU\014\250\212\026^\256\312,8T5\034s\277"
 339      39694155 
ARM GAS  /tmp/ccylmbRu.s 			page 27


 339      0CA88A16 
 339      5EAECA2C 
 339      3854351C 
 340 0586 9BB793A5 		.ascii	"\233\267\223\245\244;\245\246\277\213\3170\305\217\017"
 340      A43BA5A6 
 340      BF8BCF30 
 340      C58F0F
 341 0595 371E27F5 		.ascii	"7\036'\365\353\247A\177R$\215\037K\232\254\224\336\335"
 341      EBA7417F 
 341      52248D1F 
 341      4B9AAC94 
 341      DEDD
 342 05a7 EEF80283 		.ascii	"\356\370\002\203\265\357\321\035\263\247\342V\376>\273"
 342      B5EFD11D 
 342      B3A7E256 
 342      FE3EBB
 343 05b6 772400B6 		.ascii	"w$\000\2668\031\233\237\025Z\266Y\372A\324r\025j\000"
 343      38199B9F 
 343      155AB659 
 343      FA41D472 
 343      156A00
 344 05c9 20B5A49C 		.ascii	" \265\244\234\342\001\235\037G\267U\360E[\004\212nK"
 344      E2019D1F 
 344      47B755F0 
 344      455B048A 
 344      6E4B
 345 05db 4C6EB207 		.ascii	"Ln\262\007\276\302\224\\j\213]\257\310\233w.\323\274"
 345      BEC2945C 
 345      6A8B5DAF 
 345      C89B772E 
 345      D3BC
 346 05ed 49021D89 		.ascii	"I\002\035\211\262\016P\351T\3116\307J:\213\332.\212"
 346      B20E50E9 
 346      54C936C7 
 346      4A3A8BDA 
 346      2E8A
 347 05ff B88529B9 		.ascii	"\270\205)\271\261;v\304\305\252\345r\026\356\250\216"
 347      B13B76C4 
 347      C5AAE572 
 347      16EEA88E 
 348 060f 972411A5 		.ascii	"\227$\021\245\200\232dYM\322\013\324lw\254&w\344a\235"
 348      809A6459 
 348      4DD20BD4 
 348      6C77AC26 
 348      77E4619D 
 349 0623 9736DEDA 		.ascii	"\2276\336\332a\251HK?Q\241\035\202\226\257\263\242{"
 349      61A9484B 
 349      3F51A11D 
 349      8296AFB3 
 349      A27B
 350 0635 4BA19DE6 		.ascii	"K\241\235\346\270P7\267<;;\255\305\271t v\347\214\015"
 350      B85037B7 
 350      3C3B3BAD 
 350      C5B97420 
 350      76E78C0D 
 351 0649 B9223F5F 		.ascii	"\271\"?_\2044@G,k4\025\332\015\242R\005lY\343fJ\200"
 351      84344047 
ARM GAS  /tmp/ccylmbRu.s 			page 28


 351      2C6B3415 
 351      DA0DA252 
 351      056C59E3 
 352 0660 ECC99FC8 		.ascii	"\354\311\237\310iG\251\260\013\000\222K*\224\016\360"
 352      6947A9B0 
 352      0B00924B 
 352      2A940EF0 
 353 0670 D2005E26 		.ascii	"\322\000^&\364>r\206\334\311\256\036\330\343\256\341"
 353      F43E7286 
 353      DCC9AE1E 
 353      D8E3AEE1 
 354 0680 B3B6BE70 		.ascii	"\263\266\276p\026p?\031o\277)(\215\312\2601*\323j\324"
 354      16703F19 
 354      6FBF2928 
 354      8DCAB031 
 354      2AD36AD4 
 355 0694 85ABE63C 		.ascii	"\205\253\346<\017\\\310\214\352}~\340\236\032\227\260"
 355      0F5CC88C 
 355      EA7D7EE0 
 355      9E1A97B0 
 356 06a4 C1B3F4BA 		.ascii	"\301\263\364\272C\236\270\214\015v\0244\335v\305g\331"
 356      439EB88C 
 356      0D761434 
 356      DD76C567 
 356      D9
 357 06b5 A0F3EBB9 		.ascii	"\240\363\353\271\012W\\\311\006\373\333G\013\325\270"
 357      0A575CC9 
 357      06FBDB47 
 357      0BD5B8
 358 06c4 9A0E840B 		.ascii	"\232\016\204\013-\007\362<\221\326O\241\370\313\327"
 358      2D07F23C 
 358      91D64FA1 
 358      F8CBD7
 359 06d3 E4E67C10 		.ascii	"\344\346|\020\240~\241\345\261b\221\034\316\372\253"
 359      A07EA1E5 
 359      B162911C 
 359      CEFAAB
 360 06e2 284942E8 		.ascii	"(IB\350\200\240E\331r\034\277\3202x\335\3215\315n\370"
 360      80A045D9 
 360      721CBFD0 
 360      3278DDD1 
 360      35CD6EF8 
 361 06f6 0A53353A 		.ascii	"\012S5:|s\326\0237\261\2014u\356\256+\276\311\006m\273"
 361      7C73D613 
 361      37B18134 
 361      75EEAE2B 
 361      BEC9066D 
 362 070b 9E75BBE3 		.ascii	"\236u\273\343\333lP\333\222p^\304w\331\340hC\267\344"
 362      DB6C50DB 
 362      92705EC4 
 362      77D9E068 
 362      43B7E4
 363 071e 823BD8A0 		.ascii	"\202;\330\240\"\276a\326\015w\263A\346\231-\321\032"
 363      22BE61D6 
 363      0D77B341 
 363      E6992DD1 
 363      1A
ARM GAS  /tmp/ccylmbRu.s 			page 29


 364 072f DCC706F9 		.ascii	"\334\307\006\371\363\343\311Z\334\317-\257\270~P`\265"
 364      F3E3C95A 
 364      DCCF2DAF 
 364      B87E5060 
 364      B5
 365 0740 B70C86C7 		.ascii	"\267\014\206\307*\023j1\353\340\331\302n\354\261\353"
 365      2A136A31 
 365      EBE0D9C2 
 365      6EECB1EB 
 366 0750 E0C98B5E 		.ascii	"\340\311\213^h\031\373,^\346\267\354 \261\266\362\366"
 366      6819FB2C 
 366      5EE6B7EC 
 366      20B1B6F2 
 366      F6
 367 0761 39FC30BF 		.ascii	"9\3740\277>Q\312\256b\326\034\006kN\012\213e\353\257"
 367      3E51CAAE 
 367      62D61C06 
 367      6B4E0A8B 
 367      65EBAF
 368 0774 53D71791 		.ascii	"S\327\027\221\377*6\345\306\177gH\2251\230\262\037\262"
 368      FF2A36E5 
 368      C67F6748 
 368      953198B2 
 368      1FB2
 369 0786 67DF2C10 		.ascii	"g\337,\020\366\3452w\225\202\373\210c\341\012\356^\005"
 369      F6E53277 
 369      9582FB88 
 369      63E10AEE 
 369      5E05
 370 0798 F77E7BEE 		.ascii	"\367~{\356\316\005\334\377%s\037\263\347\366\267c\036"
 370      CE05DCFF 
 370      25731FB3 
 370      E7F6B763 
 370      1E
 371 07a9 5430E739 		.ascii	"T0\3479dV\0329\255\340>j\317]\253\360I\012\275\237K"
 371      64561A39 
 371      ADE03E6A 
 371      CF5DABF0 
 371      490ABD9F 
 372 07be D247A20A 		.ascii	"\322G\242\012\025B*\027\200\003P>\237\001y\201NA"
 372      15422A17 
 372      8003503E 
 372      9F017981 
 372      4E41
 373 07d0 FA1C1796 		.ascii	"\372\034\027\226\241\022\240R\240\023@\305@_\003\025"
 373      A112A052 
 373      A01340C5 
 373      405F0315 
 374 07e0 019D06FA 		.ascii	"\001\235\006\372FXFK\215\351\036S\350\316u\254\233\332"
 374      4658464B 
 374      8DE91E53 
 374      E8CE75AC 
 374      9BDA
 375 07f2 C572B1B1 		.ascii	"\305r\261\261\315\207\346\"p\251x\"\312\242:;\027\355"
 375      CD87E622 
 375      70A97822 
 375      CAA23A3B 
ARM GAS  /tmp/ccylmbRu.s 			page 30


 375      17ED
 376 0804 304BB56F 		.ascii	"0K\265oSY9\216\203\305\354\200\224\331Y\2773IT\226\237"
 376      5359398E 
 376      83C5EC80 
 376      94D959BF 
 376      33495496 
 377 0819 925985CA 		.ascii	"\222Y\205\312\254\345\327Yqp\022\212\314\225\344\035"
 377      ACE5D759 
 377      7170128A 
 377      CC95E41D 
 378 0829 BE369255 		.ascii	"\2766\222U\241E\313\026\3731\215\320\3442\3577\260\204"
 378      A145CB16 
 378      FB318DD0 
 378      E432EF37 
 378      B084
 379 083b 8219681F 		.ascii	"\202\031h\037(\255p\034\227\024\276\024\"\256\263^>"
 379      28AD701C 
 379      9714BE14 
 379      22AEB35E 
 379      3E
 380 084c C3F989EB 		.ascii	"\303\371\211\353\316\202\353\312\271k\270\261y\314\330"
 380      CE82EBCA 
 380      B96BB8B1 
 380      79CCD8
 381 085b 0A5B6349 		.ascii	"\012[cI-D?x\214q\015\305\204\206\372\363o\011\270\201"
 381      2D443F78 
 381      8C710DC5 
 381      8486FAF3 
 381      6F09B881 
 382 086f 0DB2BAAA 		.ascii	"\015\262\272\252:\371\312\361\"}`\357J\215\323\362\312"
 382      3AF9CAF1 
 382      227D60EF 
 382      4A8DD3F2 
 382      CA
 383 0880 200F920F 		.ascii	" \017\222\017&&n\271\342\026\306\\2\237\027\213q\033"
 383      26266EB9 
 383      E216C65C 
 383      329F178B 
 383      711B
 384 0892 1DFC7D4F 		.ascii	"\035\374}O\374\321LW0\015*F\273\230\377\301\010\252"
 384      FCD14C57 
 384      300D2A46 
 384      BB98FFC1 
 384      08AA
 385 08a4 C78F7CC1 		.ascii	"\307\217|\301\377%\354\022\224\3232\255\026\376\221"
 385      FF25EC12 
 385      94D332AD 
 385      16FE91
 386 08b3 03FE81AB 		.ascii	"\003\376\201\253~\334'\017\332\361\300\245F\346\023"
 386      7EDC270F 
 386      DAF1C0A5 
 386      46E613
 387 08c2 E8CC2816 		.ascii	"\350\314(\026l\274\344,\020\312\204\272\000\011UI\022"
 387      6CBCE42C 
 387      10CA84BA 
 387      00095549 
 387      12
ARM GAS  /tmp/ccylmbRu.s 			page 31


 388 08d3 EA3C9F41 		.ascii	"\352<\237A\2742\003^\231\206\244\231\002z\0064\0114"
 388      BC32035E 
 388      9986A499 
 388      027A0634 
 388      0934
 389 08e5 01F42DD0 		.ascii	"\001\364-\320E\240\247@\343@c@]@\255@7\200\256\003\325"
 389      45A0A740 
 389      E3406340 
 389      5D40AD40 
 389      3780AE03 
 390 08fa 025D06AA 		.ascii	"\002]\006\252\261I\270\033\277f\011\007]\256\312\036"
 390      B149B81B 
 390      BF660907 
 390      5DAECA1E 
 391 090a 5A997DD1 		.ascii	"Z\231}\321u^]\264\223\246\024y\262)Gv\354g\026\264\213"
 391      755E5DB4 
 391      93A61479 
 391      B2294776 
 391      EC6716B4 
 392 091f B92B4B18 		.ascii	"\271+K\030\177\035X~\3311?\025\257H\274z\233\304\253"
 392      7F1D587E 
 392      D9313F15 
 392      AF48BC7A 
 392      9BC4AB
 393 0932 6389A774 		.ascii	"c\211\247t\314\015\270H\232\007j\006\201\365\3341s\340"
 393      CC0DB848 
 393      9A076A06 
 393      81F5DC31 
 393      73E0
 394 0944 98E7605C 		.ascii	"\230\347`\\#P\203\215\201\343Cx\356\270$\305\271\242"
 394      2350838D 
 394      81E34378 
 394      EEB824C5 
 394      B9A2
 395 0956 2B00A28E 		.ascii	"+\000\242\216\317qX\317\012\024WmP\\y\001\212y\320\374"
 395      CF7158CF 
 395      0A14576D 
 395      505C7901 
 395      8A79D0FC 
 396 096a 7214BDBB 		.ascii	"r\024\275\273\261th)\272\006\020\352\035C\260\367C\223"
 396      B1746829 
 396      BA0610EA 
 396      1D43B0F7 
 396      4393
 397 097c 0D023291 		.ascii	"\015\0022\221\345\274\303\034\231\005\305\377\1779\002"
 397      E5BCC31C 
 397      9905C5FF 
 397      7F3902
 398 098b 395C9BC7 		.ascii	"9\\\233\307s\230<\243\265\330G\362\246m\344\241Xo\374"
 398      73983CA3 
 398      B5D847F2 
 398      A66DE4A1 
 398      586FFC
 399 099e 4B144DAB 		.ascii	"K\024M\253f`\273\313\331\255\353\232V'=\324\312p\007"
 399      6660BBCB 
 399      D9ADEB9A 
 399      56273DD4 
ARM GAS  /tmp/ccylmbRu.s 			page 32


 399      CA7007
 400 09b1 4C68E1E6 		.ascii	"Lh\341\346\334\206\343[\000\351\246\015\244\306c<\263"
 400      DC86E35B 
 400      00E9A60D 
 400      A4C6633C 
 400      B3
 401 09c2 88631A41 		.ascii	"\210c\032AA\213\223\226\356P\376U>\301\271\374\252\277"
 401      418B9396 
 401      EE50FE55 
 401      3EC1B9FC 
 401      AABF
 402 09d4 6165718D 		.ascii	"aeq\215\347\314B\361\2126<\307;S\213mg\342k\330i\234"
 402      E7CC42F1 
 402      8A363CC7 
 402      3B538B6D 
 402      67E26BD8 
 403 09ea 9BB383AC 		.ascii	"\233\263\203\254\374\210/\256\311ky\302mq\027x\270\300"
 403      FC882FAE 
 403      C96B79C2 
 403      6D711778 
 403      B8C0
 404 09fc E2E1BBC0 		.ascii	"\342\341\273\300\326f\357\341V\364\342\326\331\011V"
 404      D666EFE1 
 404      56F4E2D6 
 404      D90956
 405 0a0b B4738B3A 		.ascii	"\264s\213:\340\270\315\326[y\012o\021s\332\277CWn\347"
 405      E0B8CDD6 
 405      5B790A6F 
 405      1173DABF 
 405      43576EE7 
 406 0a1f FCF6A299 		.ascii	"\374\366\242\231y5\334\366v'\266g\230\251\355\304\250"
 406      7935DCF6 
 406      7627B667 
 406      98A9EDC4 
 406      A8
 407 0a30 0ED9F676 		.ascii	"\016\331\366v[\333\367[l\357\026\226\240.{\333;\025"
 407      5BDBF75B 
 407      6CEF1696 
 407      A02E7BDB 
 407      3B15
 408 0a42 E9B2C301 		.ascii	"\351\262\303\001B\025\235F\340\215\002\274'\020\313"
 408      42159D46 
 408      E08D02BC 
 408      2710CB
 409 0a51 11A061A0 		.ascii	"\021\240a\240A\240\207@}@\275@=6^\031\\\311bLR\272\033"
 409      41A08740 
 409      7D40BD40 
 409      3D365E19 
 409      5CC9624C 
 410 0a68 9412294E 		.ascii	"\224\022)N\227\020\303\265\212V\326\3632\356\336\177"
 410      9710C3B5 
 410      8A56D6F3 
 410      32EEDE7F 
 411 0a78 64A2EF01 		.ascii	"d\242\357\001s\257sfE\271\337\267)\367{\013\033\316"
 411      73AF7366 
 411      45B9DFB7 
 411      29F77B0B 
ARM GAS  /tmp/ccylmbRu.s 			page 33


 411      1BCE
 412 0a8a 43B83840 		.ascii	"C\2708@\246?\000y\367y<\006\300\340\007`X\277l\030x"
 412      A63F0079 
 412      F7793C06 
 412      C0E00760 
 412      58BF6C18 
 413 0a9f 7424DE65 		.ascii	"t$\336ed\354\236$\355\320\322}\210>>\301Q\303a\023\006"
 413      64EC9E24 
 413      EDD0D27D 
 413      883E3EC1 
 413      51C36113 
 414 0ab4 5F23CD89 		.ascii	"_#\315\211\344\347\025\316k-\025\373\\\357\217u!\373"
 414      E4E715CE 
 414      6B2D15FB 
 414      5CEF8F75 
 414      21FB
 415 0ac6 1BF717AC 		.ascii	"\033\367\027\2548X$\207\216\362H\222\235\306\301\227"
 415      38582487 
 415      8EF24892 
 415      9DC6C197 
 416 0ad6 B969E22C 		.ascii	"\271i\342,w\352\020\370i\350\225\374\364\0108e?\015"
 416      77EA10F8 
 416      69E895FC 
 416      F4083865 
 416      3F0D
 417 0ae8 313F3969 		.ascii	"1?9i\233\3501\270G\356\234\326\234L4'\220\234$\242\036"
 417      9BE831B8 
 417      47EE9CD6 
 417      9C4C3427 
 417      909C24A2 
 418 0afd C939798D 		.ascii	"\3119y\215\312\262v\274k\227\271%pg|\374BCH\025T\360"
 418      CAB276BC 
 418      6B97B925 
 418      70677CFC 
 418      42434815 
 419 0b13 1B23317B 		.ascii	"\033#1{\370e\334\365\177\307\262\2030\2178gfxo\235q"
 419      F865DCF5 
 419      7FC7B283 
 419      308F3867 
 419      66786F9D 
 420 0b28 250E079E 		.ascii	"%\016\007\236\205K\274\211\242E\343\321R\372\333tCb"
 420      854BBC89 
 420      A245E3D1 
 420      52FADB74 
 420      4362
 421 0b3a 94D70D7F 		.ascii	"\224\327\015\177\312bU\363Dq7\256\367\337-UFa\272\247"
 421      CA6255F3 
 421      447137AE 
 421      F7DF2D55 
 421      4661BAA7 
 422 0b4e F0DC11F3 		.ascii	"\360\334\021\363\273\212\025\363[\214\227l\012D\011"
 422      BB8A15F3 
 422      5B8C976C 
 422      0A4409
 423 0b5d 0E781551 		.ascii	"\016x\025Q\234+\340Q\204\2074\264\323\361\372F\371T"
 423      9C2BE051 
 423      848734B4 
ARM GAS  /tmp/ccylmbRu.s 			page 34


 423      D3F1FA46 
 423      F954
 424 0b6f F0B7726B 		.ascii	"\360\267rk\335c\317\275\360\221c\372'2{\226cv\205k\207"
 424      DD63CFBD 
 424      F09163FA 
 424      27327B96 
 424      6376856B 
 425 0b84 F37920C8 		.ascii	"\363y \310:r\257={\355\002\351\275\\:Y\320\234s\314"
 425      3A72AF3D 
 425      7BED02E9 
 425      BD5C3A59 
 425      D09C73CC 
 426 0b98 AE907EF7 		.ascii	"\256\220~\367'\362]\355\212\375]mA\340\362Yg\274\344"
 426      27F25DED 
 426      8AFD5D6D 
 426      41E0F259 
 426      67BCE4
 427 0bab A433CE3F 		.ascii	"\2443\316?%{\304$_\253\345\307\310K\212\30689\204\247"
 427      257BC424 
 427      5FABE5C7 
 427      C84B8AC6 
 427      383984A7 
 428 0bbf C7626819 		.ascii	"\307bh\031[\024\326\277Ha\343\026L2\245\336\221\276"
 428      5B14D6BF 
 428      4861E316 
 428      4C32A5DE 
 428      91BE
 429 0bd1 FE3435B9 		.ascii	"\37645\271F\2265Mr\312\327Smd\343.\272\245\334\233\276"
 429      4696354D 
 429      72CAD753 
 429      6D64E32E 
 429      BAA5DC9B 
 430 0be6 21206E3E 		.ascii	"! n>\215\350+\202K\363\223\225\336l\361\014O\221(\355"
 430      8DE82B82 
 430      4BF39395 
 430      DE6CF10C 
 430      4F9128ED 
 431 0bfa 59D325B4 		.ascii	"Y\323%\2644\215\356\024\230%\037\201\246/\344\027\212"
 431      348DEE14 
 431      98251F81 
 431      A62FE417 
 431      8A
 432 0c0b C2044834 		.ascii	"\302\004H4<\341\253\220\204E&\261\246:#Y\373F\266\224"
 432      3CE1AB90 
 432      844526B1 
 432      A63A2359 
 432      FB46B694 
 433 0c1f DD0D8664 		.ascii	"\335\015\206d\270\024\365\335\227$\215H\270P\236\014"
 433      B814F5DD 
 433      97248D48 
 433      B8509E0C 
 434 0c2f 000EE17F 		.ascii	"\000\016\341\177.\364|t\024\022K\205\314\370\015\230"
 434      2EF47C74 
 434      14124B85 
 434      CCF80D98 
 435 0c3f 1C5F581B 		.ascii	"\034_X\033\347\212\315\356tY>W\226P\242U\352%\020e\275"
 435      E78ACDEE 
ARM GAS  /tmp/ccylmbRu.s 			page 35


 435      74593E57 
 435      9650A255 
 435      EA251065 
 436 0c54 9BA9DED5 		.ascii	"\233\251\336\325\\\355\221\315\3117]\271\332\271}\257"
 436      5CED91CD 
 436      C9375DB9 
 436      DAB97DAF 
 437 0c64 A598A55C 		.ascii	"\245\230\245\\\211\270\031\270P\014\266\352\205C[\275"
 437      89B819B8 
 437      500CB6EA 
 437      85435BBD 
 438 0c74 B1546F49 		.ascii	"\261ToI\321\215\247\002\336\306\364:zkb\353\247\255"
 438      D18DA702 
 438      DEC6F43A 
 438      7A6B62EB 
 438      A7AD
 439 0c86 989EDCB5 		.ascii	"\230\236\334\265\347d\241\215c\276|M\201/\236\342\213"
 439      E764A18D 
 439      63BE7C4D 
 439      812F9EE2 
 439      8B
 440 0c97 B3F8A573 		.ascii	"\263\370\245s0\252Uc\001\230\247\205\354\213\226\310"
 440      30AA5563 
 440      0198A785 
 440      EC8B96C8 
 441 0ca7 EE13B0A1 		.ascii	"\356\023\260\241-2\300-\366\000\023(\300\353\217\317"
 441      2D32C02D 
 441      F6001328 
 441      C0EB8FCF 
 442 0cb7 5678E04C 		.ascii	"Vx\340L\006\260\244-u1\305B\212\224\341\273y#\307\303"
 442      06B0A42D 
 442      7531C542 
 442      8A94E1BB 
 442      7923C7C3 
 443 0ccb 2992248A 		.ascii	")\222$\212d\233\005I\333\371\233\273\275\000I7\353\334"
 443      649B0549 
 443      DBF99BBB 
 443      BD004937 
 443      EBDC
 444 0cdd E7926B12 		.ascii	"\347\222k\022\245\003\210\262\241D\031I\"f\273A(\231"
 444      A50388B2 
 444      A1441949 
 444      2266BB41 
 444      2899
 445 0cef 2180DCC5 		.ascii	"!\200\334\3058\227!h\350\311\330-\273\203A\030\257k"
 445      38972168 
 445      E8C9D82D 
 445      BB834118 
 445      AF6B
 446 0d01 BC2A3A0F 		.ascii	"\274*:\017\327\016\012\"\305\002\"\245N\352\361\346"
 446      D70E0A22 
 446      C50222A5 
 446      4EEAF1E6 
 447 0d11 20FA67FE 		.ascii	" \372g\376\"\305\234\355GX\320v\031\300v\013\200\235"
 447      22C59CED 
 447      4758D076 
 447      19C0760B 
ARM GAS  /tmp/ccylmbRu.s 			page 36


 447      809D
 448 0d23 14404251 		.ascii	"\024@BQA\277\006\237`\000v\2455\364\010|z\315\254\017"
 448      41BF069F 
 448      600076A5 
 448      35F4087C 
 448      7ACDAC0F 
 449 0d37 9D4E3C99 		.ascii	"\235N<\231*OO\265L\337E\247\337~:Y\245\301\027\330\364"
 449      2A4F4FB5 
 449      4CDF45A7 
 449      DF7E3A59 
 449      A5C117D8 
 450 0d4c AD3D5B9A 		.ascii	"\255=[\2325,\303\237\321\007\311\234\231I\027\376\212"
 450      352CC39F 
 450      D107C99C 
 450      994917FE 
 450      8A
 451 0d5d 85BC959C 		.ascii	"\205\274\225\234\177\330\232\303\037\037\237\220\353"
 451      7FD89AC3 
 451      1F1F9F90 
 451      EB
 452 0d6a 69FD57C7 		.ascii	"i\375W\307\334\361E6y\244\307|\310\033_c\203\354\206"
 452      DCF14536 
 452      79A4C77C 
 452      C81B5F63 
 452      83EC86
 453 0d7d AD8DEEB8 		.ascii	"\255\215\356\270\231\015\212\267GEa\334\307\006uO\343"
 453      990D8AB7 
 453      474561DC 
 453      C706754F 
 453      E3
 454 0d8e 86E9C696 		.ascii	"\206\351\306\226\371\305\033[x\327\251\002\250Px\300"
 454      F9C51B5B 
 454      78D7A902 
 454      A85078C0 
 455 0d9e 74B80ACB 		.ascii	"t\270\012\313\002\213\366cv\327?\200\375P6\266\334\361"
 455      028BF663 
 455      76D73F80 
 455      FD5036B6 
 455      DCF1
 456 0db0 63CCE0BA 		.ascii	"c\314\340\272\201\245\251\264\355\355\303Z\264\227\263"
 456      81A5A9B4 
 456      EDEDC35A 
 456      B497B3
 457 0dbf 3ABDA5F4 		.ascii	":\275\245\364w\261\316\004LvO\322=q\337\026\211\370"
 457      77B1CE04 
 457      4C764FD2 
 457      3D71DF16 
 457      89F8
 458 0dd1 31452E0C 		.ascii	"1E.\014\015\366^\363B~\213\255\035\253\215\255\345\016"
 458      0DF65EF3 
 458      427E8BAD 
 458      1DAB8DAD 
 458      E50E
 459 0de3 81EC83B2 		.ascii	"\201\354\203\262\203\211\024'K\307\034\000\352\0104"
 459      83891427 
 459      4BC71C00 
 459      EA0834
ARM GAS  /tmp/ccylmbRu.s 			page 37


 460 0df2 689A4A7F 		.ascii	"h\232J\177\030\347\211g\231\217\006j'\356\273a3\333"
 460      18E78967 
 460      998F066A 
 460      27EEBB61 
 460      33DB
 461 0e04 0F4E3ED9 		.ascii	"\017N>\3316\353\215\343\350@\310,:0\216\235\275O\312"
 461      36EB8DE3 
 461      E840C82C 
 461      3A308E9D 
 461      BD4FCA
 462 0e17 C3CEDE27 		.ascii	"\303\316\336'u\036\241\253\224\\\254AG\361\302\027J"
 462      751EA1AB 
 462      945CAC41 
 462      47F1C217 
 462      4A
 463 0e28 3D0555D0 		.ascii	"=\005U\320_v2}_\027\314\024\263:\377\302\222\303\217"
 463      5F76327D 
 463      5F17CC14 
 463      B33AFFC2 
 463      92C38F
 464 0e3b 4AAE1CC6 		.ascii	"J\256\034\306N\353\250\200\246p\276%\205O\024]\331\253"
 464      4EEBA880 
 464      A670BE25 
 464      854F145D 
 464      D9AB
 465 0e4d 516E9DC0 		.ascii	"Qn\235\300uE\200\013\261e\375A\266nO\245\346{\340tf"
 465      7545800B 
 465      B165FD41 
 465      B66E4FA5 
 465      E67BE074 
 466 0e62 5BD7E5F2 		.ascii	"[\327\345\362^\017\333\275G\345TT\014\346\311\263y\350"
 466      5E0FDBBD 
 466      47E55454 
 466      0CE6C9B3 
 466      79E8
 467 0e74 F6F84493 		.ascii	"\366\370D\223\320\025\301\371\257e\313\200\215)\250"
 467      D015C1F9 
 467      AF65CB80 
 467      8D29A8
 468 0e83 3C71A644 		.ascii	"<q\246D\213\0170\313Fg\367\236\342\351\273\004\206\317"
 468      8B0F30CB 
 468      4667F79E 
 468      E2E9BB04 
 468      86CF
 469 0e95 BBB66F57 		.ascii	"\273\266oW\363\315\017\362\362\2460{\034R\3458\343\255"
 469      F3CD0FF2 
 469      F2A6307B 
 469      1C52E538 
 469      E3AD
 470 0ea7 9C39DDA6 		.ascii	"\2349\335\246\305\245t\240\271>g\356\322\240\305Z\266"
 470      C5A574A0 
 470      B93E67EE 
 470      D2A0C55A 
 470      B6
 471 0eb8 A3E1B758 		.ascii	"\243\341\267X\271\016-\301\276\3508\370\001\235\006"
 471      B90E2DC1 
 471      BEE838F8 
ARM GAS  /tmp/ccylmbRu.s 			page 38


 471      019D06
 472 0ec7 78E77970 		.ascii	"x\347yp\317\301q\031^\206\316\002\235\001*\007\252\340"
 472      CFC17119 
 472      5E86CE02 
 472      9D012A07 
 472      AAE0
 473 0ed9 C1569857 		.ascii	"\301V\230W\212\225\213\334S\024\264\345\346\225\265"
 473      8A958BDC 
 473      5314B4E5 
 473      E695B5
 474 0ee8 28861846 		.ascii	"(\206\030FXN\312\206\235\307\213\225\213\262\244\006"
 474      584ECA86 
 474      9DC78B95 
 474      8BB2A406 
 475 0ef8 CBF212B3 		.ascii	"\313\362\022\263\007\231\363\216\363\234M\250i\345\213"
 475      0799F38E 
 475      F39C4DA8 
 475      69E58B
 476 0f07 01920747 		.ascii	"\001\222\007G\260\035w\255\375:\246\376?\330Z\200\370"
 476      B01D77AD 
 476      FD3AA6FE 
 476      3FD85A80 
 476      F8
 477 0f18 F698636E 		.ascii	"\366\230cn\345\322\241\263\225/{ mN\330\263/\330\335"
 477      E5D2A1B3 
 477      952F7B20 
 477      6D4ED8B3 
 477      2FD8DD
 478 0f2b 9CFE77BE 		.ascii	"\234\376w\276\346\303\354yu!p&\233o2\337a\025z\336\266"
 478      E6C3EC79 
 478      75217026 
 478      9B6F32DF 
 478      61157ADE 
 479 0f40 421DC6E1 		.ascii	"B\035\306\341\033\256\373eq\200 \037\2760Q\251\3015"
 479      1BAEFB65 
 479      7180201F 
 479      BE3051A9 
 479      C135
 480 0f52 2CE2B3C7 		.ascii	",\342\263\307\013g]q\007\035\270\236\033\337\234*\240"
 480      0B675D71 
 480      071DB89E 
 480      1BDF9C2A 
 480      A0
 481 0f63 C57417CB 		.ascii	"\305t\027\313\3416G%h\251\342Zj@K5H\276\004t\021\350"
 481      E1364725 
 481      68A9E25A 
 481      6A404B35 
 481      48BE0474 
 482 0f79 32563E56 		.ascii	"2V>VM\334\345~\261\304\250\352E1\272\325f\027\243\252"
 482      4DDCE57E 
 482      B1C4A8EA 
 482      4531BAD5 
 482      6617A3AA 
 483 0f8d 17C6A8A6 		.ascii	"\027\306\250\246M!\274\321\241p\033?\336e~\254\302\016"
 483      4D21BCD1 
 483      A1701B3F 
 483      DE657EAC 
ARM GAS  /tmp/ccylmbRu.s 			page 39


 483      C20E
 484 0f9f 36       		.ascii	"6"
 485 0fa0 486FB52B 		.ascii	"Ho\265+T_p\254Z\261Az|P\215\373Y\345\356\233\311\273"
 485      545F70AC 
 485      5AB1417A 
 485      7C508DFB 
 485      59E5EE9B 
 486 0fb6 81D0623F 		.ascii	"\201\320b?\207\236\252\007\357\274\314S\326\226\332"
 486      879EAA07 
 486      EFBCCC53 
 486      D696DA
 487 0fc5 684E232D 		.ascii	"hN#-\265\016\370k\025\215\012\363u\331\351\263\217\337"
 487      B50EF86B 
 487      158D0AF3 
 487      75D9E9B3 
 487      8FDF
 488 0fd7 6105EC4B 		.ascii	"a\005\354K\336\345w\214V\3627\263\335\244\200\213\033"
 488      DEE5778C 
 488      56F237B3 
 488      DDA4808B 
 488      1B
 489 0fe8 93B2A087 		.ascii	"\223\262\240\207\262p\026\246D\301\332;\332\203\016"
 489      B27016A6 
 489      44C1DA3B 
 489      DA830E
 490 0ff7 5AB73CAD 		.ascii	"Z\267<\255w\301\333\351\300"
 490      77C1DBE9 
 490      C0
 491 1000 ED4249D4 		.ascii	"\355BI\324V\314\267\377\375\026[k\251=\237\327\222e"
 491      56CCB7FF 
 491      FD165B6B 
 491      A93D9FD7 
 491      9265
 492 1012 ED7BFB85 		.ascii	"\355{\373\205\236\037\356T\354!\\\303v\354\266\253|"
 492      9E1FEE54 
 492      EC215CC3 
 492      76ECB6AB 
 492      7C
 493 1023 B06DA2C3 		.ascii	"\260m\242\303n!\356@\272\262\232\032\225\342\263\354"
 493      6E21EE40 
 493      BAB29A1A 
 493      95E2B3EC 
 494 1033 F917ACF3 		.ascii	"\371\027\254\363;A\274D\330-+c\302\356`e\314#\255\024"
 494      3B41BC44 
 494      D82D2B63 
 494      C2EE6065 
 494      CC23AD14 
 495 1047 BEC7B170 		.ascii	"\276\307\261pe\332\334\352`is\333y\371]\201\362k \345"
 495      65DADCEA 
 495      606973DB 
 495      79F95D81 
 495      F26B20E5 
 496 105b D7C85D41 		.ascii	"\327\310]A\302}\013\302}\023\302\334\004t\003\250\031"
 496      C27D0BC2 
 496      7D13C2DC 
 496      047403A8 
 496      19
ARM GAS  /tmp/ccylmbRu.s 			page 40


 497 106c A805E8BA 		.ascii	"\250\005\350\272\\\202\367F\322\036\2128\335\203\335"
 497      5C82F746 
 497      D21E8A38 
 497      DD83DD
 498 107b 015A9A2F 		.ascii	"\001Z\232/z\332\345\221U\360]\020\366\252\202\255\371"
 498      7ADAE591 
 498      55F05D10 
 498      F6AA82AD 
 498      F9
 499 108c 54549D4C 		.ascii	"TT\235L\362\251\025\346\335\221\363\351\266%\237\232"
 499      F2A915E6 
 499      DD91F3E9 
 499      B6259F9A 
 500 109c 9EE6C08D 		.ascii	"\236\346\300\215\3570K\222\252\3543\177\211\213\330"
 500      EF304B92 
 500      AAEC337F 
 500      898BD8
 501 10ab F1D39D77 		.ascii	"\361\323\235w\273\274\360q6xX\330\334\214q\031\303\230"
 501      BBBCF071 
 501      367858D8 
 501      DC8C7119 
 501      C398
 502 10bd BFB9A94C 		.ascii	"\277\271\251LP\376(\211\275\002\357\206\232\351\264"
 502      50FE2889 
 502      BD02EF86 
 502      9AE9B4
 503 10cc BFB53ABC 		.ascii	"\277\265:\274Kw9\270K\303r\247 \275y%\362[\306W\027"
 503      4B7739B8 
 503      4BC372A7 
 503      20BD7925 
 503      F25BC657 
 504 10e1 D79EB93C 		.ascii	"\327\236\271<;N\026\352}\216*\265\177\267\232uO\242"
 504      3B4E16EA 
 504      7D8E2AB5 
 504      7FB79A75 
 504      4FA2
 505 10f3 B503B4F6 		.ascii	"\265\003\264\3669n)\216\026!*\312L\234\330\003@z\345"
 505      396E298E 
 505      16212ACA 
 505      4C9CD803 
 505      407AE5
 506 1106 488CE60C 		.ascii	"H\214\346\014\264\270\342)f\345@\311\345\0049\022v\313"
 506      B4B8E229 
 506      66E540C9 
 506      E5043912 
 506      76CB
 507 1118 987E98E8 		.ascii	"\230~\230\350H\010\3571\037\320\015\021\270~O\366G\037"
 507      4808EF31 
 507      1FD00D11 
 507      B87E4FF6 
 507      471F
 508 112a F7B8BA2E 		.ascii	"\367\270\272.m\262\311\003\321\267n\313\226Y\267I\036"
 508      6DB2C903 
 508      D1B76ECB 
 508      9659B749 
 508      1E
 509 113b 16F2DA23 		.ascii	"\026\362\332#\323\332a\332\200\322\240\014\354x\377"
ARM GAS  /tmp/ccylmbRu.s 			page 41


 509      D3DA61DA 
 509      80D2A00C 
 509      EC78FF
 510 114a 321D5263 		.ascii	"2\035Rc7I\2156>\203\000\032\004@C\220\012\217\201\036"
 510      37498D36 
 510      3E83001A 
 510      04404390 
 510      0A8F811E 
 511 115e 013D047A 		.ascii	"\001=\004z\200\225\333A\275\241\354\251\225<jf\362\231"
 511      8095DB41 
 511      BDA1ECA9 
 511      953C6A66 
 511      F299
 512 1170 D69DE39B 		.ascii	"\326\235\343\233\366\357\224\372\207X\356\017,\010\004"
 512      F6EF94FA 
 512      8758EE0F 
 512      2C0804
 513 117f 59633FE2 		.ascii	"Yc?\342eG\022\354*\227e\315X\373}\216\252P\0265\262"
 513      654712EC 
 513      2A9765CD 
 513      58FB7D8E 
 513      AA501635 
 514 1194 60DC636F 		.ascii	"`\334cod\253m\013 8C\030N\322\014\017svkW\265{_uvs\314"
 514      64AB6D0B 
 514      20384318 
 514      4ED20C0F 
 514      73766B57 
 515 11af 84278ED7 		.ascii	"\204'\216\327\322\340E\247\024\227\271\330\225\221\325"
 515      D2E045A7 
 515      1497B9D8 
 515      9591D5
 516 11be 574FC03F 		.ascii	"WO\300?\257\342+k\011\015T'\221\022\032\2019\303r@\007"
 516      AFE22B6B 
 516      090D5427 
 516      91121A81 
 516      39C37240 
 517 11d3 2C25D4F2 		.ascii	",%\324\362\374x\272\307\217r,\217M\307\222\033$\351"
 517      FC78BAC7 
 517      8F722C8F 
 517      4DC7921B 
 517      24E9
 518 11e5 8040D9D3 		.ascii	"\200@\331\323\030\273U\267\212\234\201\377\243\370G"
 518      18BB55B7 
 518      8A9C81FF 
 518      A3F847
 519 11f4 A4273F9B 		.ascii	"\244'?\233\377O\3452\261\331f\307o\214-\206\3107\360"
 519      FF4FE532 
 519      B1D966C7 
 519      6F8C2D86 
 519      C837F0
 520 1207 5ECCDBBC 		.ascii	"^\314\333\274\325[\311<b\263r\032\347\314\343\2249\276"
 520      D55BC93C 
 520      62B3721A 
 520      E7CCE394 
 520      39BE
 521 1219 B4B953D4 		.ascii	"\264\271S\324\310?.\"\267\013\231\367)&o\332\375\351"
 521      C83F2E22 
ARM GAS  /tmp/ccylmbRu.s 			page 42


 521      B70B99F7 
 521      29266FDA 
 521      FDE9
 522 122b DE0D3027 		.ascii	"\336\0150'>\276\236\256]\264\235{\352uD\337\370\313"
 522      3EBE9EAE 
 522      5DB49D7B 
 522      EA7544DF 
 522      F8CB
 523 123d 6BDB6FF1 		.ascii	"k\333o\361\"\313\034: \035k\246\360\014\377\355\224"
 523      22CB1C3A 
 523      201D6BA6 
 523      F00CFFED 
 523      94
 524 124e 2B0C278B 		.ascii	"+\014'\213\262\033=\235j\233\264h\233\300T\335\323\370"
 524      B21B3D9D 
 524      6A9BB468 
 524      9BC054DD 
 524      D3F8
 525 1260 CD93FC87 		.ascii	"\315\223\374\207\233\344\201\312\362+\303%\354W\206"
 525      9BE481CA 
 525      F22BC325 
 525      EC5786
 526 126f 6D4D0535 		.ascii	"mM\0055\236\366`\246\300{\317(\230i\012f\222\201\231"
 526      9EF660A6 
 526      C07BCF28 
 526      98690A66 
 526      928199
 527 1282 A66012BE 		.ascii	"\246`\022\276y\232\351\256t\314\016\233\305\366\014"
 527      799AE9AE 
 527      74CC0E9B 
 527      C5F60C
 528 1291 77CC0C75 		.ascii	"w\314\014uLv\311\255!\033/&\3310\317r\346Y\312\234\270"
 528      4C76C9AD 
 528      211B2F26 
 528      D930CF72 
 528      E659CA9C 
 529 12a6 F958941A 		.ascii	"\371X\224\032\247i\331\013\365\250\226\013\032\247\017"
 529      A769D90B 
 529      F5A8960B 
 529      1AA70F
 530 12b5 0073365B 		.ascii	"\000s6[\016u\251GR\311NG%<\321W'\252\207\363c\245&I"
 530      0E75A947 
 530      52C94E47 
 530      253CD157 
 530      27AA87F3 
 531 12cd CAFE15E5 		.ascii	"\312\376\025\345C\317\345\024zn\377L?O\237H\217L>K\360"
 531      43CFE514 
 531      7A6EFF4C 
 531      3F4F9F48 
 531      8F4C3E4B 
 532 12e2 C2AD4CF1 		.ascii	"\302\255L\361\346\347c\335^\\X\3639|\254\344\236$\201"
 532      E6E763DD 
 532      5E5C58F3 
 532      397CACE4 
 532      9E2481
 533 12f5 013148A4 		.ascii	"\0011H\244\322$\321*\015\016m\245E\211\364\371\266\277"
 533      D224D12A 
ARM GAS  /tmp/ccylmbRu.s 			page 43


 533      0D0E6DA5 
 533      4589F4F9 
 533      B6BF
 534 1307 6A0DEE63 		.ascii	"j\015\356c\302\216\025\356+\366\302\243l\220PU\235\345"
 534      C28E15EE 
 534      2BF6C2A3 
 534      6C905055 
 534      9DE5
 535 1319 0A8F39C8 		.ascii	"\012\2179\310L&\322\376?\325\345C\237{\252\254\373\033"
 535      4C26D2FE 
 535      3FD5E543 
 535      9F7BAAAC 
 535      FB1B
 536 132b 178BF39F 		.ascii	"\027\213\363\237{9\265;V$vo\026\271\341\375{\322\212"
 536      7B39B53B 
 536      5624766F 
 536      16B9E1FD 
 536      7BD28A
 537 133e 3D38D6F9 		.ascii	"=8\326\371\375\352\244\274N\350iQ\322G\265\002\341D"
 537      FDEAA4BC 
 537      4EE86951 
 537      D247B502 
 537      E144
 538 1350 D116AC28 		.ascii	"\321\026\254(F\024\311\310\026\356\026\012\367b\375"
 538      4614C9C8 
 538      16EE160A 
 538      F762FD
 539 135f F811375C 		.ascii	"\370\0217\\\357I!\246\037\332Q\301\266\023\240\0128"
 539      EF4921A6 
 539      1FDA51C1 
 539      B613A00A 
 539      38
 540 1370 A28E1BD7 		.ascii	"\242\216\033\327\272D\353\026C\234\310\266a&JK<\235"
 540      BA44EB16 
 540      439CC8B6 
 540      61264A4B 
 540      3C9D
 541 1382 C24CA030 		.ascii	"\302L\2400\343-0\247\363\252O\212\034&\024l]Iq]\224"
 541      E32D30A7 
 541      F3AA4F8A 
 541      1C26146C 
 541      5D49715D 
 542 1397 B424C69D 		.ascii	"\264$\306\235\360\241\255\262C\267\332#L\244\010\233"
 542      F0A1ADB2 
 542      43B7DA23 
 542      4CA4089B 
 543 13a7 86CB133D 		.ascii	"\206\313\023=\360m\20607&i\336U\216u|\241M\254\267\311"
 543      F06D8630 
 543      372669DE 
 543      558E757C 
 543      A14DACB7 
 544 13bc C2B6D90B 		.ascii	"\302\266\331\013K\242\302\272\367?\330\351\211\373\230"
 544      4BA2C2BA 
 544      F73FD8E9 
 544      89FB98
 545 13cb B0867339 		.ascii	"\260\206s9-.r\254\357\332\305:Y\226\226l/m;\225\326"
 545      2D2E72AC 
ARM GAS  /tmp/ccylmbRu.s 			page 44


 545      EFDAC53A 
 545      5996966C 
 545      2F6D3B95 
 546 13e0 565F06FD 		.ascii	"V_\006\375|\204I{\376\244\3519\377\001\257\006\206\315"
 546      7C84497B 
 546      FEA4E939 
 546      FF01AF06 
 546      86CD
 547 13f2 FD076278 		.ascii	"\375\007bx\2455\221\313\007\256\216\247i\360s\306\233"
 547      A53591CB 
 547      07AE8EA7 
 547      69F073C6 
 547      9B
 548 1403 5F7AF80C 		.ascii	"_z\370\014\377=\241;\014gJ[R\274\235\226t\232\310Kz"
 548      FF3DA13B 
 548      0C674A5B 
 548      52BC9D96 
 548      749AC84B 
 549 1418 97484BFA 		.ascii	"\227HK\372D\346\374\220\213}\321\356\024}\321\016\221"
 549      44E6FC90 
 549      8B7DD1EE 
 549      147DD10E 
 549      91
 550 1429 B0EF1617 		.ascii	"\260\357\026\027Y&\021\356;QUQ^J\356\214\027q\327\334"
 550      592611EE 
 550      3B515551 
 550      5E4AEE8C 
 550      1771D7DC 
 551 143d 2F697385 		.ascii	"/is\205\346\332TIw\015\317\364\305HQ\261p3J\027\027"
 551      E6DA5449 
 551      770DCFF4 
 551      C54851B1 
 551      70334A17 
 552 1452 A154F087 		.ascii	"\241T\360\207\031\277\241\230\234\002g~\013\031\235"
 552      19BFA198 
 552      9C02677E 
 552      0B199D
 553 1461 2192FE7A 		.ascii	"!\222\376z\371\312\3358\015\216\365r\2723u\365Rs:T8"
 553      F9CADD38 
 553      0D8EF572 
 553      BA3375F5 
 553      52733A54 
 554 1476 651007CE 		.ascii	"e\020\007\316\217\011`\"\371s\367#\277Z\332/\272\263"
 554      8F096022 
 554      F973F723 
 554      BF5ADA2F 
 554      BAB3
 555 1488 9F3BF9D0 		.ascii	"\237;\371\320\303-\364wK\321\333}\220\365wK\331\242"
 555      C32DF477 
 555      4BD1DB7D 
 555      90F5774B 
 555      D9A2
 556 149a 1FBDA442 		.ascii	"\037\275\244B{\001\302>\221o6H\364\207Sp\001e\211\326"
 556      7B01C23E 
 556      916F3648 
 556      F4875370 
 556      016589D6 
ARM GAS  /tmp/ccylmbRu.s 			page 45


 557 14ae 1F4E81BA 		.ascii	"\037N\201\272[m\031'lj\211\260\310Yz\200f\351\036K\226"
 557      5B6D1927 
 557      6C6A89B0 
 557      C8597A80 
 557      66E91E4B 
 558 14c3 6E9B9B6A 		.ascii	"n\233\233j\266\024\323\203\006\365~s\003/&\221p\242"
 558      B614D383 
 558      06F57E73 
 558      032F2691 
 558      70A2
 559 14d5 4C391932 		.ascii	"L9\0312\355\223\341 M\206\250\232\243f5n\361rZI\275"
 559      ED93E120 
 559      4D86A89A 
 559      A366356E 
 559      F1725A49 
 560 14ea CDE7B678 		.ascii	"\315\347\266x;\337\230;L\361\034\262\340\331\333S;\254"
 560      3BDF983B 
 560      4CF11CB2 
 560      E0D9DB53 
 560      3BAC
 561 14fc A89AD692 		.ascii	"\250\232\326\222{\274j\200\017\345\310hr\354\321\034"
 561      7BBC6A80 
 561      0FE5C868 
 561      72ECD11C 
 562 150c A16846CB 		.ascii	"\241hF\313{J=\225\2557\336\246\365\036\025Y\353\205"
 562      7B4A3D95 
 562      AD37DEA6 
 562      F51E1559 
 562      EB85
 563 151e 6F606E3F 		.ascii	"o`n?\325a\366\306\017\030\364[\335\346I\265\354\210"
 563      D561F6C6 
 563      0F18F45B 
 563      DDE649B5 
 563      EC88
 564 1530 87164730 		.ascii	"\207\026G0\021\271\262\346\\{\315yT\363\375\223M\231"
 564      11B9B2E6 
 564      5C7BCD79 
 564      54F3FD93 
 564      4D99
 565 1542 2EF85B26 		.ascii	".\370[&,g\260\254\232\377n\331\223(:\230zXdE1@.W?:1"
 565      2C67B0AC 
 565      9AFF6ED9 
 565      93283A98 
 565      7A586445 
 566 155d E93CF10B 		.ascii	"\351<\361\013-\211?@W\254\350tS\331\036\017\373\304"
 566      2D893F40 
 566      57ACE874 
 566      53D91E0F 
 566      FBC4
 567 156f 2F8054C8 		.ascii	"/\200T\310\247\331\3705M\345BK*\227\264\306\246\273"
 567      A7D9F835 
 567      4DE5424B 
 567      2A97B4C6 
 567      A6BB
 568 1581 DB27BE53 		.ascii	"\333'\276S\356\321G\245mZ9\361\217\335\347\211_\304"
 568      EED147A5 
 568      6D5A39F1 
ARM GAS  /tmp/ccylmbRu.s 			page 46


 568      8FDDE789 
 568      5FC4
 569 1593 133F0112 		.ascii	"\023?\001\022_\236|\214'~\261\370#\225{`\320\247\306"
 569      5F9E7C8C 
 569      277EB1F8 
 569      23957B60 
 569      D0A7C6
 570 15a6 75ABF461 		.ascii	"u\253\364ak\334>\371\365\027\257\177\274|\271\312]\247"
 570      6BDC3EF9 
 570      F517AF7F 
 570      BC7CB9CA 
 570      5DA7
 571 15b8 0B0E33BD 		.ascii	"\013\0163\275\373\216\316\364\236\177\244\321\340\037"
 571      FB8ECEF4 
 571      9E7FA4D1 
 571      E01F
 572 15c6 6008FD69 		.ascii	"`\010\375iXx\230\376\247\372\200\325\301\376\301a\201"
 572      587898FE 
 572      A7FA80D5 
 572      C1FEC161 
 572      81
 573 15d7 21916BF4 		.ascii	"!\221k\364\376\241\001\201A\301az\177\335\032\375\332"
 573      FEA10181 
 573      41C1617A 
 573      7FDD1AFD 
 573      DA
 574 15e8 80C81093 		.ascii	"\200\310\020\223\316\264)Bo|+H\245\346\223\177\374\202"
 574      CEB42942 
 574      6F7C2B48 
 574      A5E6937F 
 574      FC82
 575 15fa C9C64D46 		.ascii	"\311\306MF\177\235\321\264\006Xa\206K\250q\235\316\364"
 575      7F9DD1B4 
 575      06586186 
 575      4BA8719D 
 575      CEF4
 576 160c 6FFE41E1 		.ascii	"o\376A\341\241z\3775\357,_\363\356\037\374#\014\341"
 576      A17AFF35 
 576      EF2C5FF3 
 576      EE1FFC23 
 576      0CE1
 577 161e EB0C01A1 		.ascii	"\353\014\001\241\241\301a\353\374?\016\012^\035\374"
 577      A1C161EB 
 577      FC3F0E0A 
 577      5E1DFC
 578 162d 9B55FEFE 		.ascii	"\233U\376\376\341F\377\300\360\320\320\3600\377\210"
 578      E146FFC0 
 578      F0D0D0F0 
 578      30FF88
 579 163c 7083C9E8 		.ascii	"p\203\311\350\377\363\317?\375\370\323\215\344\\Dp\210"
 579      FFF3CF3F 
 579      FDF8D38D 
 579      E45C4470 
 579      88
 580 164d DE60F4FF 		.ascii	"\336`\364\377\344\343\217\375\003\203,H\334\014\372"
 580      E4E38FFD 
 580      03832C48 
ARM GAS  /tmp/ccylmbRu.s 			page 47


 580      DC0CFA
 581 165c 80900843 		.ascii	"\200\220\010Cp\270F\247\213\344\250\334,\007j\023\271"
 581      70B846A7 
 581      8BE4A8DC 
 581      2C076A13 
 581      B9
 582 166d 02DFA1A6 		.ascii	"\002\337\241\246\215!\301F\223\030\246\337hr\011\337"
 582      8D21C146 
 582      9318A6DF 
 582      687209DF 
 583 167d 10A637B8 		.ascii	"\020\2467\270\374!R\037\251\367\011\014\322\231\202"
 583      FC21521F 
 583      A9F7090C 
 583      D29982
 584 168c 40C41AA3 		.ascii	"@\304\032\243\216\236\020#\014\372\365\3366\247\310"
 584      8E9E1023 
 584      0CFAF5DE 
 584      36A7C8
 585 169b F448937E 		.ascii	"\364H\223~#\310\005nz\350\246\217\000g\002l\017\375"
 585      23C8056E 
 585      7AE8A68F 
 585      0067026C 
 585      0FFD
 586 16ad 7A7D9829 		.ascii	"z}\230)4\300\370\025\\\005\013\351\004\365\206\200`"
 586      34C0F815 
 586      5C050BE9 
 586      04F58680 
 586      60
 587 16be 135CF456 		.ascii	"\023\\\364V\010'\332\275\224\003\235\011E\272\3527\220"
 587      0827DABD 
 587      94039D09 
 587      45BAEA37 
 587      90
 588 16cf A9AE1B4C 		.ascii	"\251\256\033L\200/\002\276\214\372\320\010\034\030f"
 588      802F02BE 
 588      8CFAD008 
 588      1C1866
 589 16de 7201D299 		.ascii	"r\001\322\231\2640\037\316\004D\004\205\033\364j#Qd"
 589      B4301FCE 
 589      04440485 
 589      1BF46A23 
 589      5164
 590 16f0 5CE7B2C1 		.ascii	"\\\347\262\301d2D,b\242t\006\375Z\275A\037\026\010 "
 590      6432442C 
 590      62A27406 
 590      FD5ABD41 
 590      1F160820 
 591 1704 617AF8EA 		.ascii	"az\370\352\337G\270\3517\006\233\002\303\327\350]\015"
 591      DF47B8E9 
 591      37069B02 
 591      C3D7E85D 
 591      0D
 592 1715 6B3601BF 		.ascii	"k6\001\277\010,Fw\346\233\025`\212\345\333D\316\353"
 592      082C4677 
 592      E69B1560 
 592      8AE5DB44 
 592      CEEB
ARM GAS  /tmp/ccylmbRu.s 			page 48


 593 1727 4C2E6B43 		.ascii	"L.kC\002\326\031\325\246P\230\001#\243)\300\244w3\321"
 593      02D619D5 
 593      A6509801 
 593      23A329C0 
 593      A47733D1 
 594 173b 2F223260 		.ascii	"/\"2`u\200Q\317=\373\376{\334\263\344@c4}\025\020\022"
 594      758051CF 
 594      3DFBFE7B 
 594      DCB3E440 
 594      63347D15 
 595 1751 BC2E4C67 		.ascii	"\274.Lg\372\305\367\217iP X\006A\024\303\002B\365b`"
 595      FAC5F78F 
 595      69502058 
 595      064114C3 
 595      0242F562 
 596 1766 5080C125 		.ascii	"P\200\301%<d\015\004'L\277Ao\300\201\246\215\2021B\010"
 596      3C640D04 
 596      274CBF41 
 596      6FC081A6 
 596      8D823142 
 597 177b 314090D7 		.ascii	"1@\220\327A\222\351L\330\260|9\320\333\202\341C\301"
 597      4192E94C 
 597      D8B07C39 
 597      D0DB82E1 
 597      43C1
 598 178d B042307C 		.ascii	"\260B0| \030\336\027\014?\023\014\357y\020\311$\247"
 598      2018DE17 
 598      0C3F130C 
 598      EF7910C9 
 598      24A7
 599 179f 61D22FFF 		.ascii	"a\322/\377\217\210t\353?\010\005TZ*20<\014\"n\022I&"
 599      8F8874EB 
 599      3F080554 
 599      5A2A3230 
 599      3C0C226E 
 600 17b6 B95B23EA 		.ascii	"\271[#\352\022\032\021\036\036\342\306\303`\372\360"
 600      121A111E 
 600      1EE2C6C3 
 600      60FAF0
 601 17c5 95341A4C 		.ascii	"\2254\032L\326\342\010\0142\006\006"
 601      D6E2080C 
 601      320606
 602 17d0 AD01252B 		.ascii	"\255\001%+\276\373LH\026\230\370\017\337C\345&\243\245"
 602      BEFB4C48 
 602      1698F80F 
 602      DF43E526 
 602      A3A5
 603 17e2 6CBE875A 		.ascii	"l\276\207ZHE\230\370\336\253N4\032\002\011V\343\272"
 603      484598F8 
 603      DEAB4E34 
 603      1A020956 
 603      E3BA
 604 17f4 B7027903 		.ascii	"\267\002y\003\372\035\224\205\226\036}\256\017\321C"
 604      FA1D9485 
 604      961E7DAE 
 604      0FD143
 605 1803 62790606 		.ascii	"by\006\006\255\012\014\372$|U\210^\037\261\312\203\216"
ARM GAS  /tmp/ccylmbRu.s 			page 49


 605      AD0A0CFA 
 605      247C5588 
 605      5E1FB1CA 
 605      838E
 606 1815 3E077F6E 		.ascii	">\007\177nZ\251\245\307\277\013\370J\037\031\261J\010"
 606      5AA9A5C7 
 606      BF0BF84A 
 606      1F19B14A 
 606      08
 607 1826 0CD28406 		.ascii	"\014\322\204\006@h\251\263\361\232\325\264\262\2101"
 607      4068A9B3 
 607      F19AD5B4 
 607      B28831
 608 1835 FA50E84C 		.ascii	"\372P\350L\253#\327\271G\004\204\005\007\352@\231\227"
 608      AB23D7B9 
 608      47048405 
 608      07EA4099 
 608      97
 609 1846 F23464F0 		.ascii	"\3624d\360z\023)6\2275\372\020S\200;\271\026\034\012"
 609      7A132936 
 609      9735FA10 
 609      53803BB9 
 609      161C0A
 610 1859 892DAE8D 		.ascii	"\211-\256\215\014\013t[o\"_:\023i\002\353\203\015\246"
 610      0C0B745B 
 610      6F225F3A 
 610      136902EB 
 610      830DA6
 611 186c C880101D 		.ascii	"\310\200\020\035\271n\300\021\001\006o\2333:\323k\366"
 611      B96EC011 
 611      01066F9B 
 611      333AD36B 
 611      F6
 612 187d 4CAC8CDD 		.ascii	"L\254\214\335B\002\214&2\376\241\203\213PP\006\362\015"
 612      42028C26 
 612      32FEA183 
 612      8B505006 
 612      F20D
 613 188f 76EA08F4 		.ascii	"v\352\010\364M\364\254:0\322\0005k\322\312\247t&w\253"
 613      4DF4AC3A 
 613      30D20035 
 613      6BD2CAA7 
 613      742677AB 
 614 18a3 458229D4 		.ascii	"E\202)\3245|\355Z\243\336\2446\230h\037\370\340\273"
 614      357CED5A 
 614      A3DEA436 
 614      98681FF8 
 614      E0BB
 615 18b5 C7CA4442 		.ascii	"\307\312DB\345c\012\325\005B\221\2566\004\230\202\303"
 615      E5630AD5 
 615      054291AE 
 615      36049882 
 615      C3
 616 18c6 A1523D64 		.ascii	"\241R=d\267\021\205\2536\031\3775<\360\253\357\223\012"
 616      B71185AB 
 616      3619FF35 
 616      3CF0ABEF 
ARM GAS  /tmp/ccylmbRu.s 			page 50


 616      930A
 617 18d8 9B480EB9 		.ascii	"\233H\016\271\323\372\010\001\021\236:hT&\335/~\276"
 617      D3FA0801 
 617      119E3A68 
 617      5426DD2F 
 617      7EBE
 618 18ea EA9F3EFB 		.ascii	"\352\237>\373|\245g@\310\206\200MF(\306\020\270y\374"
 618      7CA56740 
 618      C886804D 
 618      4628C610 
 618      B879FC
 619 18fd F3772946 		.ascii	"\363w)F(4\377\217?]\265r\225\254,\324\030l\324\255\013"
 619      2834FF8F 
 619      3F5DB572 
 619      95AC2CD4 
 619      186CD4AD 
 620 1912 0C2405C9 		.ascii	"\014$\005\311\372qp\230Qo \306\200\001_\204\021\375"
 620      FA717098 
 620      516F20C6 
 620      80015F84 
 620      11FD
 621 1924 ACF823C3 		.ascii	"\254\370#\3038\026\032V\335[\357\377l\305\207n\226\221"
 621      38161A56 
 621      DD5BEFFF 
 621      6CC5876E 
 621      9691
 622 1936 374DBC95 		.ascii	"7M\274\225\306\317X\343^\351\242\373\005\024\360\367"
 622      C6CF58E3 
 622      5EE9A2FB 
 622      0514F0F7 
 623 1946 A93EC8E8 		.ascii	"\251>\310\350 \325\017\030\224\265\301k\303!\264\241"
 623      20D50F18 
 623      94B5C16B 
 623      C321B4A1 
 624 1956 E1EB4932 		.ascii	"\341\353I2\313\231\275J\211\342\303\025\377\013\303"
 624      CB99BD4A 
 624      89E2C315 
 624      FF0BC3
 625 1965 1D081A   		.ascii	"\035\010\032"
 626              		.text
 627              		.section	.gnu.lto_.symtab.e6d3587878292b92,"",%progbits
 628 0000 63684D73 		.ascii	"chMsgSend\000"
 628      6753656E 
 628      6400
 629 000a 00       		.ascii	"\000"
 630 000b 00       		.ascii	"\000"
 631 000c 00       		.ascii	"\000"
 632 000d 00000000 		.ascii	"\000\000\000\000\000\000\000\000"
 632      00000000 
 633 0015 83010000 		.ascii	"\203\001\000\000"
 634 0019 63684D73 		.ascii	"chMsgWait\000"
 634      67576169 
 634      7400
 635 0023 00       		.ascii	"\000"
 636 0024 00       		.ascii	"\000"
 637 0025 00       		.ascii	"\000"
 638 0026 00000000 		.ascii	"\000\000\000\000\000\000\000\000"
ARM GAS  /tmp/ccylmbRu.s 			page 51


 638      00000000 
 639 002e 86010000 		.ascii	"\206\001\000\000"
 640 0032 63684D73 		.ascii	"chMsgRelease\000"
 640      6752656C 
 640      65617365 
 640      00
 641 003f 00       		.ascii	"\000"
 642 0040 00       		.ascii	"\000"
 643 0041 00       		.ascii	"\000"
 644 0042 00000000 		.ascii	"\000\000\000\000\000\000\000\000"
 644      00000000 
 645 004a 8B010000 		.ascii	"\213\001\000\000"
 646 004e 636800   		.ascii	"ch\000"
 647 0051 00       		.ascii	"\000"
 648 0052 02       		.ascii	"\002"
 649 0053 00       		.ascii	"\000"
 650 0054 00000000 		.ascii	"\000\000\000\000\000\000\000\000"
 650      00000000 
 651 005c F1010000 		.ascii	"\361\001\000\000"
 652 0060 63685363 		.ascii	"chSchGoSleepS\000"
 652      68476F53 
 652      6C656570 
 652      5300
 653 006e 00       		.ascii	"\000"
 654 006f 02       		.ascii	"\002"
 655 0070 00       		.ascii	"\000"
 656 0071 00000000 		.ascii	"\000\000\000\000\000\000\000\000"
 656      00000000 
 657 0079 8F010000 		.ascii	"\217\001\000\000"
 658 007d 63685363 		.ascii	"chSchReadyI\000"
 658      68526561 
 658      64794900 
 659 0089 00       		.ascii	"\000"
 660 008a 02       		.ascii	"\002"
 661 008b 00       		.ascii	"\000"
 662 008c 00000000 		.ascii	"\000\000\000\000\000\000\000\000"
 662      00000000 
 663 0094 93010000 		.ascii	"\223\001\000\000"
 664 0098 63685363 		.ascii	"chSchWakeupS\000"
 664      6857616B 
 664      65757053 
 664      00
 665 00a5 00       		.ascii	"\000"
 666 00a6 02       		.ascii	"\002"
 667 00a7 00       		.ascii	"\000"
 668 00a8 00000000 		.ascii	"\000\000\000\000\000\000\000\000"
 668      00000000 
 669 00b0 95010000 		.ascii	"\225\001\000\000"
 670              		.text
 671              		.section	.gnu.lto_.opts,"",%progbits
 672 0000 272D666D 		.ascii	"'-fmath-errno' '-fsigned-zeros' '-ftrapping-math' '"
 672      6174682D 
 672      6572726E 
 672      6F272027 
 672      2D667369 
 673 0033 2D666E6F 		.ascii	"-fno-trapv' '-fno-openmp' '-fno-openacc' '-mcpu=cor"
 673      2D747261 
ARM GAS  /tmp/ccylmbRu.s 			page 52


 673      70762720 
 673      272D666E 
 673      6F2D6F70 
 674 0066 7465782D 		.ascii	"tex-m4' '-mno-thumb-interwork' '-mthumb' '-ggdb' '-"
 674      6D342720 
 674      272D6D6E 
 674      6F2D7468 
 674      756D622D 
 675 0099 4F322720 		.ascii	"O2' '-fomit-frame-pointer' '-falign-functions=16' '"
 675      272D666F 
 675      6D69742D 
 675      6672616D 
 675      652D706F 
 676 00cc 2D666675 		.ascii	"-ffunction-sections' '-fdata-sections' '-fno-common"
 676      6E637469 
 676      6F6E2D73 
 676      65637469 
 676      6F6E7327 
 677 00ff 2720272D 		.ascii	"' '-flto'\000"
 677      666C746F 
 677      2700
 678              		.text
 679              		.comm	__gnu_lto_v1,1,1
 680              		.comm	__gnu_lto_slim,1,1
 681              		.ident	"GCC: (GNU Tools for ARM Embedded Processors 6-2017-q2-update) 6.3.1 20170215 (release) [AR
ARM GAS  /tmp/ccylmbRu.s 			page 53


DEFINED SYMBOLS
                            *ABS*:0000000000000000 chmsg.c
                            *COM*:0000000000000001 __gnu_lto_v1
                            *COM*:0000000000000001 __gnu_lto_slim

NO UNDEFINED SYMBOLS
