ARM GAS  /tmp/cc6Wfol7.s 			page 1


   1              		.cpu cortex-m4
   2              		.eabi_attribute 20, 1
   3              		.eabi_attribute 21, 1
   4              		.eabi_attribute 23, 3
   5              		.eabi_attribute 24, 1
   6              		.eabi_attribute 25, 1
   7              		.eabi_attribute 26, 1
   8              		.eabi_attribute 30, 2
   9              		.eabi_attribute 34, 1
  10              		.eabi_attribute 18, 4
  11              		.file	"crt1.c"
  12              		.text
  13              	.Ltext0:
  14              		.section	.gnu.lto_.profile.89b9d2005f3a2b37,"",%progbits
  15 0000 789C6365 		.ascii	"x\234ce`b`a```d\220\024\005\000\000\307\000;"
  15      60626061 
  15      60606064 
  15      90140500 
  15      00C7003B 
  16              		.text
  17              		.section	.gnu.lto_.icf.89b9d2005f3a2b37,"",%progbits
  18 0000 789C6365 		.ascii	"x\234ce`bPc@\0006\206\336\326'\267\271\030\301$\023"
  18      60625063 
  18      40003686 
  18      DED627B7 
  18      B918C124 
  19 0015 98645EDF 		.ascii	"\230d^\337\262\367;\013\313\234I\377>\263\263^\374\266"
  19      B2F73B0B 
  19      CB9C49FF 
  19      3EB3B35E 
  19      FCB6
  20 0027 B1878F01 		.ascii	"\261\207\217\001\000Z\350\021\367"
  20      005AE811 
  20      F7
  21              		.text
  22              		.section	.gnu.lto_.jmpfuncs.89b9d2005f3a2b37,"",%progbits
  23 0000 789C6365 		.ascii	"x\234ce`b\020d@\000V fd\000\0122030\260\0009\000\003"
  23      60621064 
  23      40005620 
  23      6664000A 
  23      32303330 
  24 0019 8C0028   		.ascii	"\214\000("
  25              		.text
  26              		.section	.gnu.lto_.inline.89b9d2005f3a2b37,"",%progbits
  27 0000 789C6365 		.ascii	"x\234ce`b\210g@\000V\006\006f&F\240 \003\003\333\002"
  27      60628867 
  27      40005606 
  27      06662646 
  27      A0200303 
  28 0016 7910C5C0 		.ascii	"y\020\305\300\210!\302\204!\302\014\344ADX\300$\220"
  28      8821C284 
  28      21C20CE4 
  28      414458C0 
  28      2490
  29 0028 1279C509 		.ascii	"\022y\305\011\024Qj[4\223\021\256\214\001\000\001\274"
  29      14516A5B 
  29      349311AE 
ARM GAS  /tmp/cc6Wfol7.s 			page 2


  29      8C010001 
  29      BC
  30 0039 06A3     		.ascii	"\006\243"
  31              		.text
  32              		.section	.gnu.lto_.pureconst.89b9d2005f3a2b37,"",%progbits
  33 0000 789C6365 		.ascii	"x\234ce`b\340f```e\220`\224`\222`6a\221\002\000\004"
  33      6062E066 
  33      60606065 
  33      90609460 
  33      92603661 
  34 0018 4600B8   		.ascii	"F\000\270"
  35              		.text
  36              		.section	.gnu.lto___core_init.89b9d2005f3a2b37,"",%progbits
  37 0000 789C6365 		.ascii	"x\234ce`b\250d``\010\002bi fdf`d\232p\216\201\241\221"
  37      6062A864 
  37      60600802 
  37      62692066 
  37      64666064 
  38 001a 83899111 		.ascii	"\203\211\221\021\304h\340`d\250gb\254g\354g\236\316"
  38      C468E060 
  38      64A86762 
  38      AC67EC67 
  38      9ECE
  39 002c CC78A8FD 		.ascii	"\314x\250\375\331N&\315\345\015@p`\372\006\256\266\206"
  39      D94E26CD 
  39      E50D4070 
  39      60FA06AE 
  39      B686
  40 003e 5689F9CC 		.ascii	"V\211\371\314\014\0143\201\030\004\030\2273j2\000\225"
  40      0C0C3381 
  40      18041897 
  40      336A3200 
  40      95
  41 004f 3DDAF86F 		.ascii	"=\332\370o*/\033\013D\234q\005#\033#\220^\177\211\361"
  41      2A2F1B0B 
  41      449C7105 
  41      231B2390 
  41      5E7F89F1 
  42 0063 40C3BFFF 		.ascii	"@\303\277\377\355\015\007\216,f\334\353\305\304\300"
  42      ED0D078E 
  42      2C66DCEB 
  42      C5C4C0
  43 0072 D0059406 		.ascii	"\320\005\224\006\331\321\315\314\004\242\231\33726)"
  43      D9D1CDCC 
  43      04A299DF 
  43      323629
  44 0081 805483CD 		.ascii	"\200T\203\315\352bf\004\011\002\225\005\350g\344\347"
  44      EA626604 
  44      09029505 
  44      E867E4E7 
  45 0091 A6EAA718 		.ascii	"\246\352\247\030\031\246\030\027\352\027\024\345\247"
  45      19A61817 
  45      EA1714E5 
  45      A7
  46 009e 1725E6E6 		.ascii	"\027%\346\346f\346\245\353;gd&e\372\007\353\353\347"
  46      66E6A5EB 
  46      3B676426 
ARM GAS  /tmp/cc6Wfol7.s 			page 3


  46      65FA07EB 
  46      EBE7
  47 00b0 17EB27E7 		.ascii	"\027\353'\347\347\346\346\347\351\027\227$\026\225\224"
  47      E7E6E6E7 
  47      E9179724 
  47      169594
  48 00bf 16E83B06 		.ascii	"\026\350;\006\371:\373V\200D\0132sR\213\212\365\335"
  48      F93AFB56 
  48      80440B32 
  48      73528B8A 
  48      F5DD
  49 00d1 9D9DF593 		.ascii	"\235\235\365\223\213J\014\365\222\031\000\332(D\306"
  49      8B4A0CF5 
  49      921900DA 
  49      2844C6
  50              		.text
  51              		.section	.gnu.lto___early_init.89b9d2005f3a2b37,"",%progbits
  52 0000 789C6365 		.ascii	"x\234ce`b(g``\010\002bi fdf`d\232p\216\201\241\221\203"
  52      60622867 
  52      60600802 
  52      62692066 
  52      64666064 
  53 001b 899111C4 		.ascii	"\211\221\021\304h\340`d\250gb\254g\354g\236\316\314"
  53      68E06064 
  53      A86762AC 
  53      67EC679E 
  53      CECC
  54 002d 78A8FDD9 		.ascii	"x\250\375\331N&\315\345\015@p`\3727\256\266\206V\211"
  54      4E26CDE5 
  54      0D407060 
  54      FA37AEB6 
  54      865689
  55 0040 F9CC0C0C 		.ascii	"\371\314\014\0143\201\030\004\030\2273j2\000\225=\332"
  55      33811804 
  55      1897336A 
  55      3200953D 
  55      DA
  56 0051 F86F2A2F 		.ascii	"\370o*/\033\013D\234q\005#\033#\220^\177\211\361@\303"
  56      1B0B449C 
  56      7105231B 
  56      23905E7F 
  56      89F140C3 
  57 0065 BFFFED0D 		.ascii	"\277\377\355\015\007\316(3310t\001%A6t\0039@\232\371"
  57      07CE2833 
  57      33313074 
  57      01254136 
  57      74033940 
  58 007b 2D639302 		.ascii	"-c\223\002H-\330\244.fF\220 PY\200~F~n\252~\212\221"
  58      482DD8A4 
  58      2E664690 
  58      20505980 
  58      7E467E6E 
  59 0093 618A71A1 		.ascii	"a\212q\241~AQ~zQbnnf^\272\276sFfR\246\177\260\276~~"
  59      7E41517E 
  59      7A51626E 
  59      6E665EBA 
  59      BE734666 
ARM GAS  /tmp/cc6Wfol7.s 			page 4


  60 00ae B17E727E 		.ascii	"\261~r~nn~\236~qIbQIi\201\276c\220\257\263o\005H\264"
  60      6E6E7E9E 
  60      7E714962 
  60      51496981 
  60      BE6390AF 
  61 00c7 203327B5 		.ascii	" 3'\265\250X\337\335\331Y?\271\250\304P/\231\001\000"
  61      A858DFDD 
  61      D9593FB9 
  61      A8C4502F 
  61      990100
  62 00da 118B438D 		.ascii	"\021\213C\215"
  63              		.text
  64              		.section	.gnu.lto___late_init.89b9d2005f3a2b37,"",%progbits
  65 0000 789C6365 		.ascii	"x\234ce`b(g``\010\002bi fdf`d\232p\216\201\241\221\203"
  65      60622867 
  65      60600802 
  65      62692066 
  65      64666064 
  66 001b 899111C4 		.ascii	"\211\221\021\304h\340`d\250gb\254g\354g\236\316\314"
  66      68E06064 
  66      A86762AC 
  66      67EC679E 
  66      CECC
  67 002d 78A8FDD9 		.ascii	"x\250\375\331N&\315\345\015@p`\372&\356\266\206V\211"
  67      4E26CDE5 
  67      0D407060 
  67      FA26EEB6 
  67      865689
  68 0040 F9CC0C0C 		.ascii	"\371\314\014\0143\201\030\004\030\2273j2\000\225=\332"
  68      33811804 
  68      1897336A 
  68      3200953D 
  68      DA
  69 0051 F86F2A2F 		.ascii	"\370o*/\033\013D\234q\005#\033#\220^\177\211\361@\303"
  69      1B0B449C 
  69      7105231B 
  69      23905E7F 
  69      89F140C3 
  70 0065 BFFFED0D 		.ascii	"\277\377\355\015\007\216(3310t\001%A6t\0039@\232\371"
  70      078E2833 
  70      33313074 
  70      01254136 
  70      74033940 
  71 007b 2D639302 		.ascii	"-c\223\002H-\330\244.fF\220 PY\200~F~n\252~\212\221"
  71      482DD8A4 
  71      2E664690 
  71      20505980 
  71      7E467E6E 
  72 0093 618A71A1 		.ascii	"a\212q\241~AQ~zQbnnf^\272\276sFfR\246\177\260\276~~"
  72      7E41517E 
  72      7A51626E 
  72      6E665EBA 
  72      BE734666 
  73 00ae B17E727E 		.ascii	"\261~r~nn~\236~qIbQIi\201\276c\220\257\263o\005H\264"
  73      6E6E7E9E 
  73      7E714962 
  73      51496981 
ARM GAS  /tmp/cc6Wfol7.s 			page 5


  73      BE6390AF 
  74 00c7 203327B5 		.ascii	" 3'\265\250X\337\335\331Y?\271\250\304P/\231\001\000"
  74      A858DFDD 
  74      D9593FB9 
  74      A8C4502F 
  74      990100
  75 00da DDA64342 		.ascii	"\335\246CB"
  76              		.text
  77              		.section	.gnu.lto___default_exit.89b9d2005f3a2b37,"",%progbits
  78 0000 789C6365 		.ascii	"x\234ce`b(c``\010\002bS fde`d\232p\216\201\241\221\203"
  78      60622863 
  78      60600802 
  78      62532066 
  78      64656064 
  79 001b 899119C4 		.ascii	"\211\221\031\304`dfd\201\010\260@\004\034\031\031\352"
  79      60646664 
  79      8108B040 
  79      041C1919 
  79      EA
  80 002c 99985918 		.ascii	"\231\230Y\030\201\004\003\004\3643Ogf<\324\376l'\223"
  80      81040304 
  80      F4334F67 
  80      663CD4FE 
  80      6C2793
  81 003f E6F20620 		.ascii	"\346\362\006 80\375\016w[C\253\304|\240\202\231PE\214"
  81      3830FD0E 
  81      775B43AB 
  81      C47CA082 
  81      9950458C 
  82 0053 CB193519 		.ascii	"\313\0315\031\200\312\036m\3747\225\227\215\005\"\316"
  82      80CA1E6D 
  82      FC379597 
  82      8D0522CE 
  83 0063 B882918D 		.ascii	"\270\202\221\215\021H\257\277\304x\240\341\337\377\366"
  83      1148AFBF 
  83      C478A0E1 
  83      DFFFF6
  84 0072 86037716 		.ascii	"\206\003w\0263~\367\006\012u\001\245\031\201$\023\320"
  84      337EF706 
  84      0A7501A5 
  84      19812413 
  84      D0
  85 0083 FE2E6666 		.ascii	"\376.ff\006\240\305\214]\314,P\232\021ld\200~F~n\252"
  85      06A0C58C 
  85      5DCC2C50 
  85      9A116C64 
  85      807E467E 
  86 0099 7E8A9161 		.ascii	"~\212\221a\212q\241~AQ~zQbnnf^\272\276sFfR\246\177\260"
  86      8A71A17E 
  86      41517E7A 
  86      51626E6E 
  86      665EBABE 
  87 00b4 BE7E7EB1 		.ascii	"\276~~\261~r~nn~\236~qIbQIi\201\276c\220\257\263o\005"
  87      7E727E6E 
  87      6E7E9E7E 
  87      71496251 
  87      496981BE 
ARM GAS  /tmp/cc6Wfol7.s 			page 6


  88 00ce 48B42033 		.ascii	"H\264 3'\265\250X\337\335\331Y?\271\250\304P/\231\001"
  88      27B5A858 
  88      DFDDD959 
  88      3FB9A8C4 
  88      502F9901 
  89 00e2 0000DF45 		.ascii	"\000\000\337E\376"
  89      FE
  90              		.text
  91              		.section	.gnu.lto___init_ram_areas.89b9d2005f3a2b37,"",%progbits
  92 0000 789C9554 		.ascii	"x\234\225TMl\033U\020\236\331\267\336]{\035\333U\214"
  92      4D6C1B55 
  92      109ED9B7 
  92      DE5D7B1D 
  92      DB558C
  93 0013 845055E5 		.ascii	"\204PU\345\222C/\254\002\227\212[\225\003\\*\020= \301"
  93      92432FAC 
  93      02978A5B 
  93      95035C2A 
  93      103D20C1 
  94 0027 8590546D 		.ascii	"\205\220Tm\004\256\215\223J\234\360&q[H\240\244\002"
  94      04AE8D93 
  94      4A9CF026 
  94      715B48A0 
  94      A402
  95 0039 DAC4B571 		.ascii	"\332\304\265qD\205\232`R\247?@\352\222\326I\177\322"
  95      44859A60 
  95      52A73F40 
  95      EA92D649 
  95      7FD2
  96 004b 446D213E 		.ascii	"Dm!>p\250z\"\264!\251@\0057\240F\2200o\236\243\272\011"
  96      70A87A22 
  96      B421A940 
  96      0537A046 
  96      90306F9E 
  97 0062 BF2BD9EF 		.ascii	"\277+\331\357\275\371\371f\346\233\367\306\003\032|"
  97      BDF9F966 
  97      E69BF7C6 
  97      031A7C
  98 0071 6000BC04 		.ascii	"`\000\274\004\000\237\320\017\375\200Z\357u\200\016"
  98      009FD00F 
  98      FD805AEF 
  98      75800E
  99 0080 4B43A136 		.ascii	"KC\2416\002=j\243\253\315\270\345\321\364w&\001\\\237"
  99      023D6AA3 
  99      ABCDB8E5 
  99      D1F47726 
  99      015C9F
 100 0093 9134C1F5 		.ascii	"\2214\301\365\033hI9\232j\035\267,\315Tz/\353\275\232"
 100      1B684939 
 100      9A6A1DB7 
 100      2CCD547A 
 100      2FEBBD9A 
 101 00a7 AD8E3E3E 		.ascii	"\255\216>>\332\012x\253\017Q\256\256\205\220\320\204"
 101      DA0A78AB 
 101      0F51AEAE 
 101      8590D084 
 102 00b7 EE314CCB 		.ascii	"\3561L\313k\3730\241\013\300\242\216+\364\001\177\036"
ARM GAS  /tmp/cc6Wfol7.s 			page 7


 102      6BFB30A1 
 102      0BC0A28E 
 102      2BF4017F 
 102      1E
 103 00c8 B5805559 		.ascii	"\265\200UY\337\023\207\005N\354\277}F\333|\314\245\257"
 103      DF138705 
 103      4EECBF7D 
 103      46DB7CCC 
 103      A5AF
 104 00da 78B837B0 		.ascii	"x\2707\260\317\335\373hV\000\364\013e\203\307p3\220"
 104      CFDDFB68 
 104      5600F40B 
 104      6583C770 
 104      3390
 105 00ec D94C7224 		.ascii	"\331Lr$-\016\210\254@\324\351\370\363\265\324l@\036"
 105      2D0E88AC 
 105      40D4E9F8 
 105      F3B5D46C 
 105      401E
 106 00fe 35ACA363 		.ascii	"5\254\243c2;\230\327\305v\224\226\237\336\237\351\026"
 106      323B98D7 
 106      C5769496 
 106      9FDE9FE9 
 106      16
 107 010f F5475DB7 		.ascii	"\365G]\267\323-~;\032~\277\313\275\342\352YA\012\024"
 107      D32D7E3B 
 107      1A7EBFCB 
 107      BDE2EA59 
 107      410A14
 108 0122 848A43B8 		.ascii	"\204\212C\270\021\007q#\243\223\371w'\226?\2541t\314"
 108      11077123 
 108      A393F977 
 108      27963FAC 
 108      3174CC
 109 0135 61BD0A8A 		.ascii	"a\275\012\212\237\241\201\000BJH\177\361\326\357%[\274"
 109      9FA18100 
 109      424A487F 
 109      F1D6EF25 
 109      5BBC
 110 0147 C0D01DB9 		.ascii	"\300\320\035\271#i\177\005\372\247\321M\007+\320:\016"
 110      23697F05 
 110      FAA7D14D 
 110      072BD03A 
 110      0E
 111 0158 AF87C6E3 		.ascii	"\257\207\306\343\354~\265\370v\336'^d\367\345\322\374"
 111      EC7EB5F8 
 111      76DE275E 
 111      64F7E5D2 
 111      FC
 112 0169 5D4FC5FD 		.ascii	"]O\305\375\227-\375n1Y'\235\363\177\341<\202\365\371"
 112      972DFD6E 
 112      3159279D 
 112      F37FE13C 
 112      82F5F9
 113 017c 1216DDE5 		.ascii	"\022\026\335\345\225\375n\361\362\226\261\3237k\037"
 113      95FD6EF1 
 113      F296B1D3 
ARM GAS  /tmp/cc6Wfol7.s 			page 8


 113      376B1F
 114 018b 41902969 		.ascii	"A\220)i\214,\330D\347\177\213\377},\267y\357\007\302"
 114      8C2CD844 
 114      E77F8BFF 
 114      7D2CB779 
 114      EF07C2
 115 019e ADA13F4F 		.ascii	"\255\241?O\220\317!\326m\220\322Z\026\204\031\012\240"
 115      90CF21D6 
 115      6D90D25A 
 115      1684190A 
 115      A0
 116 01af 9B0A9E01 		.ascii	"\233\012\236\001\350\021\032-\342\026v\016\344\322O"
 116      E8111A2D 
 116      E216760E 
 116      E4D24F
 117 01be 3101AAF8 		.ascii	"1\001\252\370C{'\2766%\315\006\027\320\265t\276\034"
 117      437B27BE 
 117      3625CD06 
 117      17D0B574 
 117      BE1C
 118 01d0 48FCE152 		.ascii	"H\374\341R\207\214\243B\3617\225\312\275\232\305LG("
 118      878CA342 
 118      F13795CA 
 118      BD9AC54C 
 118      4728
 119 01e2 2B4C3C89 		.ascii	"+L<\211\011<!k \305\312\302\311\343^2\356s\335\201\217"
 119      093C216B 
 119      20C5CAC2 
 119      C9E35E32 
 119      EE73DD81 
 120 01f7 3509710A 		.ascii	"5\011q\012\263D,\236\306\004\310\230\002\222&\305\324"
 120      B3442C9E 
 120      C604C898 
 120      029226C5 
 120      D4
 121 0208 38978C40 		.ascii	"8\227\214@\230\307\316\302\374\273sfUW(m\231/7\205\\"
 121      98C7CEC2 
 121      FCBB7366 
 121      5557286D 
 121      992F3785 
 122 021d 3F472323 		.ascii	"?G##|\325\211\011N\354\267\311\351\267\3742\013\272"
 122      7CD58909 
 122      4EECB7C9 
 122      E9B7FC32 
 122      0BBA
 123 022f 4503E790 		.ascii	"E\003\347\220\012\265\010\020\277\250\244\362Q\337h"
 123      0AB50810 
 123      BFA8A4F2 
 123      51DF68
 124 023e 39E00CBB 		.ascii	"9\340\014\273\275\256K\214{\361KJ\244\217/\030\216\242"
 124      BDAE4B8C 
 124      7BF14B4A 
 124      A48F2F18 
 124      8EA2
 125 0250 03B2EE37 		.ascii	"\003\262\3567%\266\014G\370\234\310\320\001S\205\263"
 125      25B60C47 
 125      F89CC8D0 
ARM GAS  /tmp/cc6Wfol7.s 			page 9


 125      015385B3 
 126 0260 D7E217FE 		.ascii	"\327\342\027\376\025\377\014\343\243\304/<\204?\"\361"
 126      15FF0CE3 
 126      A3C42F3C 
 126      843F22F1 
 127 0270 6D8045C4 		.ascii	"m\200E\304*:%C\271\3643\253\244\342YLh\245@F\204\355"
 127      2A3A2543 
 127      B9F433AB 
 127      A4E2594C 
 127      68A54046 
 128 0286 D49D7124 		.ascii	"\324\235q$\246t\240w'(\253\245\356\341rL\245US\315\202"
 128      A674A077 
 128      2728ABA5 
 128      EEE1724C 
 128      A55553CD 
 129 029b BE8E05CA 		.ascii	"\276\216\005\312\303\227\241\327\361\225L\021\307$\363"
 129      C397A1D7 
 129      F1954C11 
 129      C724F3
 130 02aa E47F68EA 		.ascii	"\344\177h\3521\351\275\266\242Ml,*\306\347\310\230\360"
 130      31E9BDB6 
 130      A24D6C2C 
 130      2AC6E7C8 
 130      98F0
 131 02bc C9BE2BBD 		.ascii	"\311\276+\275o\254\374\262\212\027\224\006\362~R5u\017"
 131      6FACFCB2 
 131      8A179406 
 131      F27E5235 
 131      750F
 132 02ce 8A092AB3 		.ascii	"\212\011*\263k\345\026e\026\222A\0372cNC\334q\017\320"
 132      6BE51665 
 132      1692411F 
 132      32634E43 
 132      DC710FD0 
 133 02e2 A0502D67 		.ascii	"\240P-gg\001\274g\013M\265\277\177\316\247\200\374\353"
 133      6701BC67 
 133      0B4DB5BF 
 133      7FCEA780 
 133      FCEB
 134 02f4 0BFA47CE 		.ascii	"\013\372G\316\3173\347\232\344\257H\234\177\217\311"
 134      CF33E79A 
 134      E4AF489C 
 134      7F8FC9
 135 0303 EB176EA2 		.ascii	"\353\027n\242\302\022\004'\273\275\210\032\265W\024"
 135      C2120427 
 135      BBBD881A 
 135      B55714
 136 0312 66EF5381 		.ascii	"f\357S\201!=57\205\213HJ[\334`QP_\272\315\204\033\362"
 136      213D3537 
 136      858B484A 
 136      5BDC6051 
 136      505FBACD 
 137 0329 6A923945 		.ascii	"j\2229E\244\244I`\256v\340\336\017C\223\306\337s\250"
 137      A4A44960 
 137      AE76E0DE 
 137      0F4393C6 
 137      DF73A8
ARM GAS  /tmp/cc6Wfol7.s 			page 10


 138 033c 57381CA7 		.ascii	"W8\034\247l\252\033\344\243\307;A\032&kx\261\302i\255"
 138      6CAA1BE4 
 138      A3C73B41 
 138      1A266B78 
 138      B1C269AD 
 139 0350 7458CF69 		.ascii	"tX\317i-\223eI\262\360\001Y\272\"hp\225\240\015\377"
 139      2D936549 
 139      B2F00159 
 139      BA226870 
 139      95A00DFF 
 140 0364 93A00B4C 		.ascii	"\223\240\013L\020_\260\213k\011\322\011N\021D;\313\000"
 140      105FB08B 
 140      6B09D209 
 140      4E11443B 
 140      CB00
 141 0376 CAC1BCB1 		.ascii	"\312\301\274\261\300Tx%\025\234\366\245=\3128LQ\010"
 141      C0547825 
 141      159CF6A5 
 141      3DCA384C 
 141      5108
 142 0388 BF74F76A 		.ascii	"\277t\367j\306V\0239\204\227\252\213\340\347\034V\021"
 142      C6561339 
 142      8497AA8B 
 142      E0E71C56 
 142      11
 143 0399 7E2D18F2 		.ascii	"~-\030\362\355\322\231\\Rg\357M{\244\213\215\326\177"
 143      EDD2995C 
 143      5267EF4D 
 143      7BA48B8D 
 143      D67F
 144 03ab 19279355 		.ascii	"\031'\223U\343\344\340\364\221\005OC^\2263\260\200T"
 144      E3E4E0F4 
 144      91054F43 
 144      5E9633B0 
 144      8054
 145 03bd 2B5EA182 		.ascii	"+^\241\202\360\262\232\230d\320sg\376\233\340\352\274"
 145      F0B29A98 
 145      64D07367 
 145      FE9BE0EA 
 145      BC
 146 03ce 413919A6 		.ascii	"A9\031\246\260\201\212\235\346q#g\235\015\247\014\354"
 146      B0818A9D 
 146      E6712367 
 146      9D0DA70C 
 146      EC
 147 03df A1F74DB3 		.ascii	"\241\367M\263\356Gz\223\263\031Ts\205\265Hb\272>\317"
 147      EE477A93 
 147      B3195473 
 147      85B54862 
 147      BA3ECF
 148 03f2 39BBA291 		.ascii	"9\273\242\221\035N\313\023\015-O\276\356\304\342\321"
 148      1D4ECB13 
 148      0D2D4FBE 
 148      EEC4E2D1 
 149 0402 9DF1A648 		.ascii	"\235\361\246H\244u\367N\247qW\353+\255\317nw\234h\233"
 149      A475F74E 
 149      A77157EB 
ARM GAS  /tmp/cc6Wfol7.s 			page 11


 149      2BADCF6E 
 149      779C689B 
 150 0416 D31C8D44 		.ascii	"\323\034\215D\242\273\235\266\366\246x\373\236\230\263"
 150      A2BB9DB6 
 150      F6A678FB 
 150      9E98B3
 151 0425 F5F96D8D 		.ascii	"\365\371m\215\333\336\220\322X\353k;\342m\316\323\215"
 151      DBDE90D2 
 151      58EB6B3B 
 151      E26DCED3 
 151      8D
 152 0436 8D4E73BC 		.ascii	"\215Ns\274\275\341\361f\020\361\246\230\326\036\303"
 152      BDE1F166 
 152      10F1A698 
 152      D61EC3
 153 0445 D89FE3CF 		.ascii	"\330\237\343\317:\244"
 153      3AA4
 154              		.text
 155              		.section	.gnu.lto_ram_areas.89b9d2005f3a2b37,"",%progbits
 156 0000 789C75D1 		.ascii	"x\234u\321\315KTQ\030\006\360\363\336\3438V\246f\226"
 156      CD4B5451 
 156      1806F0F3 
 156      DEE33856 
 156      A66696
 157 0013 5653FE07 		.ascii	"VS\376\007\036\3066\263,f\021-\244\260\277\300F\321"
 157      1EC636B3 
 157      2C66112D 
 157      A4B0BFC0 
 157      46D1
 158 0025 81AE77BA 		.ascii	"\201\256w\2723\201\270\231\273P\020#\267\011\005#\024"
 158      3381B899 
 158      BB501023 
 158      B7090523 
 158      14
 159 0036 989A3556 		.ascii	"\230\2325Vj3}h\326T\366\255\331\312M\220\010B D1\240"
 159      6A337D68 
 159      D654F6AD 
 159      D9CA4D90 
 159      08422044 
 160 004c 869D99E7 		.ascii	"\206\235\231\347.\342\016\357]\334\007\336\367\360\360"
 160      2EE20EEF 
 160      5DDC07DE 
 160      F7F0F0
 161 005b E31C9F30 		.ascii	"\343\034\2370\304Y\237\020\255\002\337uI\231\314\317"
 161      C4599F10 
 161      AD02DF75 
 161      4999CCCF 
 162 006b 557FF2AF 		.ascii	"U\177\362\2573\3408\337\257n\310\336\224\024\267d\311"
 162      33E038DF 
 162      AF6EC8DE 
 162      9414B764 
 162      C9
 163 007c 6A64DD28 		.ascii	"jd\335(.\250tA\305\205Q\262\250-\316eq\376g}m\256\""
 163      2EA87441 
 163      C58551B2 
 163      A82DCE65 
 163      71FE677D 
ARM GAS  /tmp/cc6Wfol7.s 			page 12


 164 0093 34E30C8C 		.ascii	"4\343\014\2148\247R\222\206\245\240qJ\016K\242\261B"
 164      38A75292 
 164      86A5A071 
 164      4A0E4BA2 
 164      B142
 165 00a5 1874A710 		.ascii	"\030t\247\020\222F)Y8\376{\260?/\207dJ/\374\236\326"
 165      92462959 
 165      38FE7BB0 
 165      3F2F8764 
 165      4A2FFC9E 
 166 00ba ED2108CB 		.ascii	"\355!\010\3138\241\217\023\2263B?'LCx\037\302{\020N"
 166      38A18F13 
 166      9633423F 
 166      274C4378 
 166      1FC27B10 
 167 00cf 42B8B63D 		.ascii	"B\270\266=\231\255\202\260\334\323\272\351\012+8\341"
 167      99AD82B0 
 167      DCD3BAE9 
 167      0A2B38E1 
 168 00df 1E4EB897 		.ascii	"\036N\270\227\021\356\343\2043\020NC\370\010\302\207"
 168      11EEE384 
 168      33104E43 
 168      F808C287 
 169 00ef 102EDECE 		.ascii	"\020.\336\316\356TB\350\363\264\376p\205\225\234p?'"
 169      EE5442E8 
 169      F3B4FE70 
 169      85959C70 
 169      3F27
 170 0101 AC6284D5 		.ascii	"\254b\204\325\234\360)\204O \314B\230\201p\251/}\323"
 170      9CF02984 
 170      4F20CC42 
 170      988170A9 
 170      2F7DD3
 171 0114 7DE5324F 		.ascii	"}\3452O\353\254+\254\341\204\0078a-#<\310\011\027 |"
 171      EBAC2BAC 
 171      E1840738 
 171      612D233C 
 171      C8091720 
 172 0129 01E13C84 		.ascii	"\001\341<\204s\020.\374J\217\272w(=\255\023\256\260"
 172      73102EFC 
 172      4A8FBA77 
 172      283DAD13 
 172      AEB0
 173 013b 8E131EE2 		.ascii	"\216\023\036\342\204\207\031a='|\013\341\033\010_C\230"
 173      84871961 
 173      3D277C0B 
 173      E11B085F 
 173      4398
 174 014d 8330B79B 		.ascii	"\2030\267\233\237\257\206\320\360\264\356^\203\260\201"
 174      9FAF86D0 
 174      F0B4EE5E 
 174      83B081
 175 015c 131EE184 		.ascii	"\023\036\341\204G\031\3411N\370\011\302\217\020~\200"
 175      4719E131 
 175      4EF809C2 
 175      8F107E80 
 176 016c F03D84FF 		.ascii	"\360=\204\377\327\344]R\200#\035\347H'\030R#G\372\012"
ARM GAS  /tmp/cc6Wfol7.s 			page 13


 176      D7E45D52 
 176      80231DE7 
 176      48271852 
 176      2347FA0A 
 177 0180 D232484B 		.ascii	"\3222HK }\001\251\357Fn\313\217\343\216\276:I\301\000"
 177      207D01A9 
 177      EF466ECB 
 177      8FE38EBE 
 177      3A49C100 
 178 0194 AD50889A 		.ascii	"\255P\210\232\003\364Y\307;\012\320\242\316W:_\352|"
 178      03F459C7 
 178      3B0AD0A2 
 178      CE573A5F 
 178      EA7C
 179 01a6 AEF399CE 		.ascii	"\256\363\231\316\307:gu>\3209\245\363\256\316\011\012"
 179      C73A6775 
 179      3ED039A5 
 179      F3AECE09 
 179      0A
 180 01b7 09FAA67F 		.ascii	"\011\372\246\177\347U\227ev\250\366\346`\373\311\313"
 180      E7559765 
 180      76A8F6E6 
 180      60FBC9CB 
 181 01c7 2A665B9D 		.ascii	"*f[\235v\233iF\273;U\270+z1z\356\202RV\\E,\323\264\272"
 181      769B6946 
 181      BB3B55B8 
 181      2B7A317A 
 181      EE825256 
 182 01e1 553CD166 		.ascii	"U<\321f'\256\304\324\351\326\226pKOa\032\213^\352\260"
 182      27AEC4D4 
 182      E9D69670 
 182      4B4F611A 
 182      8B5EEAB0 
 183 01f5 E3EA4C38 		.ascii	"\343\352L8\254\"v\"\330\024\021\377\000m\225\026\227"
 183      AC227622 
 183      D81411FF 
 183      006D9516 
 183      97
 184              		.text
 185              		.section	.gnu.lto_.symbol_nodes.89b9d2005f3a2b37,"",%progbits
 186 0000 789C55CD 		.ascii	"x\234U\315WR\002Q\000D\321\2763<AE1g\021\334\011\213"
 186      57520251 
 186      0044D1BE 
 186      333C4145 
 186      316711DC 
 187 0016 711D6F90 		.ascii	"q\035o\220`V\3149\254\303E\270!E\035\372\207\232\257"
 187      6056CC39 
 187      ACC345B8 
 187      21451DFA 
 187      879AAF
 188 0029 5375ABAB 		.ascii	"Su\253\253:(\321\036\222\222\037Ei\360\245\021\237Y"
 188      3A28D11E 
 188      92921F45 
 188      69F0A511 
 188      9F59
 189 003b 2B2F4345 		.ascii	"+/CE\212\345W1)\226?\305t\\\232y\311\210\245\302&|K"
 189      8AE55731 
ARM GAS  /tmp/cc6Wfol7.s 			page 14


 189      29963FC5 
 189      745C9A79 
 189      C988A5C2 
 190 0052 D9AE9486 		.ascii	"\331\256\224\20664\362\253\260Ob;\244\266K\311\366\010"
 190      3634F2AB 
 190      B04F623B 
 190      A4B64BC9 
 190      F608
 191 0064 B6CF843D 		.ascii	"\266\317\204=\240l\017\251\330#&\3551S\366\204i{J\325"
 191      A06C0FA9 
 191      D82326ED 
 191      3153F684 
 191      697B4AD5 
 192 0078 9E3163CF 		.ascii	"\2361c\317\231\265\027\324\354\2009{\311\274\275b\301"
 192      99B517D4 
 192      EC80397B 
 192      C9BCBD62 
 192      C1
 193 0089 5EB3686F 		.ascii	"^\263hoX\262\267,\333;V\354=\253\366\2015\373\310\272"
 193      58B2B72C 
 193      DB3B56EC 
 193      3DABF681 
 193      35FBC8BA 
 194 009d 7D62C33E 		.ascii	"}b\303>\263i_\330\262\257l\3337\352\366\235\035\373"
 194      B3695FD8 
 194      B2AF6CDB 
 194      37EAF69D 
 194      1DFB
 195 00af 4163A4FE 		.ascii	"Ac\244\376\001K\2712\221"
 195      014BB932 
 195      91
 196              		.text
 197              		.section	.gnu.lto_.refs.89b9d2005f3a2b37,"",%progbits
 198 0000 789C05C1 		.ascii	"x\234\005\301\007\022\202@\020\000\260\235\014\207 "
 198      07128240 
 198      1000B09D 
 198      0C8720
 199 000f 168A8A58 		.ascii	"\026\212\212XNl\257\341\377\377!I!\226\210PH\244<'\245"
 199      4E6CAFE1 
 199      FFFF2149 
 199      21968850 
 199      48A43C27 
 200 0024 8D4A6DAB 		.ascii	"\215Jm\253\261\263wp\324\352\364\006'g\027\243\253\311"
 200      B1B37770 
 200      D4EAF406 
 200      276717A3 
 200      ABC9
 201 0036 CDDDC353 		.ascii	"\315\335\303S\3662{\373\370\372\371\307\012}f\003\234"
 201      F6327BFB 
 201      F8FAF9C7 
 201      0A7D6603 
 201      9C
 202              		.text
 203              		.section	.gnu.lto_.decls.89b9d2005f3a2b37,"",%progbits
 204 0000 789C8596 		.ascii	"x\234\205\226kPT\311\025\307oO\017\257a\004\003n\326"
 204      6B5054C9 
 204      15C76F4F 
ARM GAS  /tmp/cc6Wfol7.s 			page 15


 204      0FAF6104 
 204      036ED6
 205 0013 946EAD6B 		.ascii	"\224n\255k\330HjK'\200\217|Jm\312\252\354~\331\354V"
 205      D8486A4B 
 205      27808F7C 
 205      4A6DCAAA 
 205      EC7ED9EC 
 206 0028 1EFB756A 		.ascii	"\036\373uj\304\211R\341a`\250\325\344C\256<\005\005"
 206      C48952E1 
 206      6160A8D5 
 206      E443AE3C 
 206      0505
 207 003a 519197A8 		.ascii	"Q\221\227\250\200\217\005\024\221UP@p\024EED@\020\025"
 207      808F0514 
 207      91555040 
 207      70144545 
 207      44401015 
 208 004e 7928820F 		.ascii	"y(\202\017@\024\020A\024r\372\364\235g\303\346\026\177"
 208      40141041 
 208      1472FAF4 
 208      9D67C3E6 
 208      167F
 209 0060 E676DF73 		.ascii	"\346v\337s~\347\364\351\323\267\256\213\244\222\376"
 209      7EE7F4E9 
 209      D3B7AE8B 
 209      A492FE
 210 006f BB509242 		.ascii	"\273P\222B\251$\305\251$i\026.7I\222J$\333\345\002:"
 210      A924C5A9 
 210      2469162E 
 210      3749924A 
 210      24DBE502 
 211 0084 0D3A03AA 		.ascii	"\015:\003\252\000U\203j@\237\201\036\201\372@\375\240"
 211      0055836A 
 211      409F811E 
 211      81FA40FD 
 211      A0
 212 0095 A7A0E7A0 		.ascii	"\247\240\347\240A\3200h\004\364\0324\006z\003z\013\232"
 212      41D03068 
 212      04F41A34 
 212      067A037A 
 212      0B9A
 213 00a7 024D833E 		.ascii	"\002M\203>\200fA\204H\022\005\271\200\334@\036 O\320"
 213      80664184 
 213      481205B9 
 213      80DC401E 
 213      204FD0
 214 00ba 029037E8 		.ascii	"\002\2207\350\027 _\320G\240\217A\277\002-\001}\002"
 214      17205FD0 
 214      47A08F41 
 214      BF022D01 
 214      7D02
 215 00cc FA14F419 		.ascii	"\372\024\364\031\221\034.\003\214\331\324\367\312\230"
 215      911C2E03 
 215      8CD9D4F7 
 215      CA98
 216 00da 28B93B5F 		.ascii	"(\271;_\233\346\260;3\207]\330\034v\025s\330\3750\207"
 216      9BE6B03B 
ARM GAS  /tmp/cc6Wfol7.s 			page 16


 216      33875DD8 
 216      1C761573 
 216      D8FD3087 
 217 00ee 5DF51C76 		.ascii	"]\365\034v\377\201\007Z\305\316\007\264\010\264\034"
 217      FF81075A 
 217      C5CE07B4 
 217      08B41C
 218 00fd E66EC3EF 		.ascii	"\346n\303\357\012\320\257\341\276\027~{@~p\177\013~"
 218      0AD0AFE1 
 218      BE177E7B 
 218      407E707F 
 218      0B7E
 219 010f BF03A941 		.ascii	"\277\003\251A\367A\355\240\273\240\016%F\215\362\373"
 219      F741EDA0 
 219      BBA00E25 
 219      468DF2FB 
 220 011f C8294E1D 		.ascii	"\310)N\035\341>\267\025\026\213\323;\017\207]\313$^"
 220      E13EB715 
 220      168BD33B 
 220      0F875DCB 
 220      245E
 221 0131 CB4F95DA 		.ascii	"\313O\225\332.Qj\375\261R{_e/\274\225\275\361T\366\312"
 221      2E516AFD 
 221      B1527B5F 
 221      652FBC95 
 221      BDF154F6 
 222 0146 4DD93BB6 		.ascii	"M\331;\266\207l/\331\236\262\275e{\314\366\232\3559"
 222      876C2FD9 
 222      9EB2BD65 
 222      7BCCF69A 
 222      ED39
 223 0158 DB7BD603 		.ascii	"\333{\326\003\254\027XO\260\336`=\302z\205\365\014\353"
 223      AC17584F 
 223      B0DE603D 
 223      C27A85F5 
 223      0CEB
 224 016a 9D3EA7FC 		.ascii	"\235>\247\3743)\251H\271R\243\352&\017\011\264%Y\310"
 224      3329A948 
 224      B952A3EA 
 224      260F09B4 
 224      2559C8
 225 017d AB4AF87F 		.ascii	"\253J\370\177\202\342\001-\027!8\017\263*I\331\014\313"
 225      82E2012D 
 225      1721380F 
 225      B32A49D9 
 225      0CCB
 226 018f 14B17828 		.ascii	"\024\261x(c\2252T)H\374S\234\211\035\221?\346\221,\027"
 226      63953254 
 226      2948FC53 
 226      9C891D91 
 226      3FE6912C 
 227 01a4 AF37BF41 		.ascii	"\2577\277A7\2137Q\331\002\020b\357`\007\344i+\317\255"
 227      378B3751 
 227      D9021062 
 227      EF6007E4 
 227      692BCFAD 
 228 01b8 F949B6C5 		.ascii	"\371I\266\305\021\313\352_g7\016hzH\027\233\315\373"
ARM GAS  /tmp/cc6Wfol7.s 			page 17


 228      11CBEA5F 
 228      67370E68 
 228      7A48179B 
 228      CDFB
 229 01ca 92E0DCB9 		.ascii	"\222\340\334\271\007\273\257\271R\025a\367\267\036\016"
 229      07BBAFB9 
 229      521561F7 
 229      B71E0E
 230 01d9 9F74A15E 		.ascii	"\237t\241^x\177:\367}\213\273\032\226]L(\367\356\231"
 230      787F3AF7 
 230      7D8BBB1A 
 230      965D4C28 
 230      F7EE99
 231 01ec 2AFCD3AA 		.ascii	"*\374\323\252\2232\277\334\277\260\025\365\352\354["
 231      9332BFDC 
 231      BFB015F5 
 231      EAEC5B
 232 01fb B3772A25 		.ascii	"\263w*%>\032\242\202a\353\253\306\203\2360\\\244!\013"
 232      3E1AA282 
 232      61EBABC6 
 232      839E305C 
 232      A4210B
 233 020e 6138B9BD 		.ascii	"a8\271\275\375\222fq\006z\305\312\013U\344\373_\222"
 233      FD926671 
 233      067AC5CA 
 233      0B55E4FB 
 233      5F92
 234 0220 53642929 		.ascii	"Sd))!K!\265R\262\030\376oPs\322\265\244\354r\262<O\316"
 234      214B21B5 
 234      52B218FE 
 234      6F5073D2 
 234      B5A4EC72 
 235 0238 33CBE6A7 		.ascii	"3\313\346\247\261\277y\374\223,\307\307\310\262\232"
 235      B1BF79FC 
 235      932CC7C7 
 235      C8B29A
 236 0247 99912242 		.ascii	"\231\221\"B\311I\262\012\314O\0205\033\301]!\351!\344"
 236      C949B20A 
 236      CC4F1035 
 236      1BC15D21 
 236      E921E4
 237 025a 47D20D2B 		.ascii	"G\322\015+>M\226\263%\016\357n\362\246a\363,\241\272"
 237      3E4D96B3 
 237      250EEF6E 
 237      F2A661F3 
 237      2CA1BA
 238 026d D65CE5A9 		.ascii	"\326\\\345\251\360\037|\221-\233c\266\313\262\012\351"
 238      F01F7C91 
 238      2D9B63B6 
 238      CBB20AE9 
 239 027d 6556FA4F 		.ascii	"eV\372O@/s\246\237A\372H\333\253nJ\377=\017}x\350N\222"
 239      402F73A6 
 239      9F41FA48 
 239      DBAB6E4A 
 239      FF3D0F7D 
 240 0295 8B426F58 		.ascii	"\213BoX\351@?k\245\227\003\375\2543\275\002\351E\367"
 240      E9403F6B 
ARM GAS  /tmp/cc6Wfol7.s 			page 18


 240      A59703FD 
 240      AC33BD02 
 240      E945F7
 241 02a8 DF5CF6A4 		.ascii	"\337\\\366\244\011\004\361\207o<\316\327\322\375|\360"
 241      0904F187 
 241      6F3CCED7 
 241      D2FD7CF0 
 242 02b8 FC595BA7 		.ascii	"\374Y[\2477\213u\336\022\253/\251\345\202\207%:\251"
 242      378B75DE 
 242      12AB2FA9 
 242      E5828725 
 242      3AA9
 243 02ca 246A3659 		.ascii	"$j6Y\360>6\303\225%pI6\217\256rH\340\2345\201*H\340"
 243      F03E36C3 
 243      95257049 
 243      368FAE72 
 243      48E09C35 
 244 02e2 9C7302D5 		.ascii	"\234s\002\325\230@s\326\316\004B\017\361\230\361\345"
 244      984073D6 
 244      CE04420F 
 244      F198F1E5 
 245 02f2 570BBD18 		.ascii	"W\013\275\030\254W6_\376=\203\311\026\330\005\013Lb"
 245      AC57365F 
 245      FE3D83C9 
 245      16D8050B 
 245      4C62
 246 0304 B78EA41A 		.ascii	"\267\216\244\032$U6\355\253\363\242\245\234T1p\243^"
 246      245536ED 
 246      ABF3A2A5 
 246      9C543170 
 246      A35E
 247 0316 C3FB4326 		.ascii	"\303\373C&0\376pw\360\012\341\015\"\273\303x<9\376-"
 247      30FE7077 
 247      F00AE10D 
 247      22BBC378 
 247      3C39FE2D 
 248 032a E5CFDD60 		.ascii	"\345\317\335`\330\022w:W\031\252\331\216\336\312\351"
 248      D812773A 
 248      5719AAD9 
 248      8EDECAE9 
 249 033a F3E2D6CB 		.ascii	"\363\342\326\313`\330\221\337?\251\321\354`\335\224"
 249      60D891DF 
 249      3FA9D1EC 
 249      60DD94
 250 0349 162B7B7C 		.ascii	"\026+{|\315\314\352\240\235.c;]!\032\370\257[J.\301"
 250      CDCCEAA0 
 250      9D2E633B 
 250      5D211AF8 
 250      AF5B4A2E 
 251 035e 10AC73AA 		.ascii	"\020\254s\252\307\033\\8\213EJ\034\273\022\243\246\225"
 251      C71B5C38 
 251      8B454A1C 
 251      BB12A3A6 
 251      95
 252 036f 3CADAEEB 		.ascii	"<\255\256\353E'X\234\025\032\302\016\2227L\225\016U"
 252      4527589C 
 252      151AC20E 
ARM GAS  /tmp/cc6Wfol7.s 			page 19


 252      92374C95 
 252      0E55
 253 0381 4E2DE053 		.ascii	"N-\340S\314\242u\367\350Q7z\005\315U\331\015\035\227"
 253      CCA275F7 
 253      E851377A 
 253      05CD55D9 
 253      0D1D97
 254 0394 D5C45F73 		.ascii	"\325\304_s\234\2056\317V\376!{T\226\227\221\233DCn\330"
 254      9C8536CF 
 254      56FE217B 
 254      54969791 
 254      9B44436E 
 255 03a9 EAB102E2 		.ascii	"\352\261\002\342K\220]\014\317N\262\346F\032\210?\343"
 255      4B905D0C 
 255      CF4EB2E6 
 255      461A883F 
 255      E3
 256 03ba 323B721D 		.ascii	"2;r\035&\257\361\014\213\216\356)p\245qx\000U\365\265"
 256      26AFF10C 
 256      8B8EEE29 
 256      70A57178 
 256      0055F5B5 
 257 03ce 9DF7D444 		.ascii	"\235\367\324D\343?'\240i\016\000Of\344\306\362\372x"
 257      E33F27A0 
 257      690E004F 
 257      66E4C6F2 
 257      FA78
 258 03e0 B639B720 		.ascii	"\2669\267 \231F[27Y5X\220\304\207\375\347]\264\311V"
 258      99465B32 
 258      37593558 
 258      90C487FD 
 258      E75DB4C9 
 259 03f5 2A1ADAAA 		.ascii	"*\032\332\252v\233h\225\243|\2631\245\326\215\236\343"
 259      769B6895 
 259      A37CB331 
 259      A5D68D9E 
 259      E3
 260 0406 AF83B497 		.ascii	"\257\203\264\227\2715\236\364\022\037XN\265\017?\325"
 260      B9359EF4 
 260      121F584E 
 260      B50F3FD5 
 261 0416 963D5DA4 		.ascii	"\226=]\244\354\351\355\241\267\3475\264\031m]\333O\365"
 261      ECE9EDA1 
 261      B7E735B4 
 261      196D5DDB 
 261      4FF5
 262 0428 4F50E2E7 		.ascii	"OP\342\347\347\347\357\347[\300\202\232\237\326-\251"
 262      E7E7EFE7 
 262      5BC0829A 
 262      9FD62DA9 
 263 0438 82C39CE4 		.ascii	"\202\303\234\344\312b\221fH\361\001\361\265-M\307\262"
 263      CA629166 
 263      48F101F1 
 263      B52D4DC7 
 263      B2
 264 0449 A863B948 		.ascii	"\250c\271H\334\376]\006\225\217.F\343zg\343\253\230"
 264      DCFE5D06 
ARM GAS  /tmp/cc6Wfol7.s 			page 20


 264      958F2E46 
 264      E37A67E3 
 264      AB98
 265 045b 7380CDF8 		.ascii	"s\200\315\370r\246\325\270mnc\216\346\305\032\000\264"
 265      72A6D5B8 
 265      6D6E638E 
 265      E6C51A00 
 265      B4
 266 046c ECCEAC24 		.ascii	"\354\316\254$\245N\222\225\364\362\270\0334z\034EV\313"
 266      A54E9295 
 266      F4F2B81B 
 266      347A1C45 
 266      56CB
 267 047e 9C5962DC 		.ascii	"\234Yb\334=\330~\262\374\245Z\"w\340q+Fa\306@$\367`"
 267      3DD87EB2 
 267      FCA55A22 
 267      77E0712B 
 267      4661C640 
 268 0495 A3EE133F 		.ascii	"\243\356\023?\322\016\272\013\352 ~\226W\345\335{-\365"
 268      D20EBA0B 
 268      EA207E96 
 268      57E5DD7B 
 268      2DF5
 269 04a7 1EB48BEF 		.ascii	"\036\264\213\357vksC\207+\361\365\237\213\006/i\377"
 269      766B7343 
 269      872BF1F5 
 269      9F8B062F 
 269      69FF
 270 04b9 FF0BE40B 		.ascii	"\377\013\344\013jZ\307\326\363\020l;m[\317\226\207\021"
 270      6A5AC7D6 
 270      F3106C3B 
 270      6D5BCF96 
 270      8711
 271 04cb 0B262AF7 		.ascii	"\013&*\367\270\372\244)!\226\251\321\320\014Q.b\316"
 271      B8FAA429 
 271      2196A9D1 
 271      D00C512E 
 271      62CE
 272 04dd DDC4C772 		.ascii	"\335\304\307rl\230\365\263\232\266\375^\276JB;\346K"
 272      6C98F5B3 
 272      9AB6FD5E 
 272      BE4A423B 
 272      E64B
 273 04ef 489A6F79 		.ascii	"H\232oyg\263\257\266\270\330\007\353\371\271`\335\011"
 273      67B3AFB6 
 273      B8D807EB 
 273      F9B960DD 
 273      09
 274 0500 5D09DACF 		.ascii	"]\011\332\317\217\310\315\360\276\0348\260t\237,\177"
 274      8FC8CDF0 
 274      BE1C38B0 
 274      749F2C7F 
 275 0510 4D7A890F 		.ascii	"Mz\211\017\251\345\313\260sd3\177\203\227\335#\3629"
 275      A9E5CBB0 
 275      7364337F 
 275      8397DD23 
 275      F239
ARM GAS  /tmp/cc6Wfol7.s 			page 21


 276 0522 F88D8EA7 		.ascii	"\370\215\216\247\234\365\246\303\274/G\246g\276\005"
 276      9CF5A6C3 
 276      BC2F47A6 
 276      67BE05
 277 0531 462FEC5E 		.ascii	"F/\354^}\226\317\336\330<\336\334\217\025\206\255\311"
 277      7D96CFDE 
 277      D83CDEDC 
 277      8F1586AD 
 277      C9
 278 0542 1FE39BAA 		.ascii	"\037\343\233\252\017\011/R\332g\275\251L\221`\276\226"
 278      0F092F52 
 278      DA67BDA9 
 278      4C9160BE 
 278      96
 279 0553 2EBB2B88 		.ascii	".\273+\210\241t\232\346\207\200'\002\340\011\002\372"
 279      A1749AE6 
 279      87802702 
 279      E00902FA 
 280 0563 11707CA6 		.ascii	"\021p|\246\255\302\225\275<\030\240e\244\263\336E\001"
 280      ADC295BD 
 280      3C18A065 
 280      A4B3DE45 
 280      01
 281 0574 3CC9B000 		.ascii	"<\311\260\000\006\004\300\000\002\236\" \273x8[C\017"
 281      0604C000 
 281      029E2220 
 281      BB78385B 
 281      430F
 282 0586 72C0AEE7 		.ascii	"r\300\256\347\0372\274-\200\305\3312\274g\030\341\231"
 282      1F32BC2D 
 282      80C5D932 
 282      BC6718E1 
 282      99
 283 0597 40788684 		.ascii	"@x\206\204\347H\350\257\273\376\310\235\226pBY\301\223"
 283      E748E8AF 
 283      BBFEC89D 
 283      96704259 
 283      C193
 284 05a9 C75A85D0 		.ascii	"\307Z\205\320mW\206\027\002\342\005\"\006\021\021\363"
 284      6D578617 
 284      02E20522 
 284      061111F3 
 285 05b9 2AB3CC93 		.ascii	"*\263\314\223\2329\342\336\236\352T\017\241\014C\002"
 285      9A39E2DE 
 285      9EEA540F 
 285      A10C4302 
 286 05c9 600801C3 		.ascii	"`\010\001\303\010h1\227\027\273\321&\016\350\222w6k"
 286      08683197 
 286      17BBD126 
 286      0EE89277 
 286      366B
 287 05db 8432BC14 		.ascii	"\2042\274\024\000/\0210\202\200\201\276]e\256\264\213"
 287      002F1130 
 287      828081BE 
 287      5D65AEB4 
 287      8B
 288 05ec 03C65B46 		.ascii	"\003\306[F\222\251X\206W\002\341\025\022^#\341\341\341"
ARM GAS  /tmp/cc6Wfol7.s 			page 22


 288      92A95886 
 288      5702E115 
 288      125E23E1 
 288      E1E1
 289 05fe 1FA7B474 		.ascii	"\037\247\264t\230\023\016%\226}\244\000&\354\2520*\020"
 289      98130E25 
 289      967DA400 
 289      26ECAA30 
 289      2A10
 290 0610 46913086 		.ascii	"F\2210\206\204\314\252\306sn\024>2\030a\262\270b\377"
 290      84CCAAC6 
 290      736E143E 
 290      321861B2 
 290      B862FF
 291 0623 02A10AE3 		.ascii	"\002\241\012\343\002`\034\001o\0200\333t\370\226\212"
 291      02601C01 
 291      6F1030DB 
 291      74F8968A 
 292 0633 A6728039 		.ascii	"\246r\2009\367Y\237\227P\205\011\0010\201\200\267\010"
 292      F7599F97 
 292      50850901 
 292      308180B7 
 292      08
 293 0644 68B8B0B7 		.ascii	"h\270\260\267\032\232\201\003\022R\233{\265b\025&\005"
 293      1A9A8103 
 293      12529B7B 
 293      B5621526 
 293      05
 294 0655 C22412A6 		.ascii	"\302$\022\246\220\220\265+\351\023Z\302\001\203O\363"
 294      9090B52B 
 294      E9135AC2 
 294      01834FF3 
 295 0665 8F5836B2 		.ascii	"\217X6\262)\333V\205w\002\341\035\022\246\371\2218U"
 295      29DB5685 
 295      7702E11D 
 295      12A6F991 
 295      3855
 296 0677 59EE41CD 		.ascii	"Y\356A\315\034Qy\177\242\304S\250\302{\001\360\036\001"
 296      1C51797F 
 296      A2C453A8 
 296      C27B01F0 
 296      1E01
 297 0689 1F10309D 		.ascii	"\037\0200\235?U\254\246M\034p;\276\266M<\0223\002`\006"
 297      3F55ACA6 
 297      4D1C703B 
 297      BEB64D3C 
 297      12330260 
 298 069e 01B30838 		.ascii	"\001\263\0108\220{\250ZK\2738 \246\365b\221Z\254\202"
 298      907BA85A 
 298      4BBB3820 
 298      A6F56291 
 298      5AAC82
 299 06b1 AC7226C0 		.ascii	"\254r&\300\014\374\337\256b\204S\265]U\036t\230\023"
 299      0CFCDFAE 
 299      628453B5 
 299      5D551E74 
 299      9813
ARM GAS  /tmp/cc6Wfol7.s 			page 23


 300 06c3 0A6B920B 		.ascii	"\012k\222\013,)\014\330\225!F@\304 \"\026\021\361\223"
 300      2C290CD8 
 300      95214640 
 300      C4202216 
 300      11F193
 301 06d6 0907DCA9 		.ascii	"\011\007\334\251\354\202\210\355\265\243\205\342\233"
 301      EC8288ED 
 301      B5A385E2 
 301      9B
 302 06e3 214E00C4 		.ascii	"!N\000\304! \036\001\365\231)g=i*\007\364g\015\236\020"
 302      21201E01 
 302      F5992967 
 302      3D692A07 
 302      F4670D9E 
 303 06f8 CB902000 		.ascii	"\313\220 \000\022\020\220\210\200c\343i7\324\364 \007"
 303      12109088 
 303      8063E369 
 303      37D4F420 
 303      07
 304 0709 4CDF6CF5 		.ascii	"L\337l\365\027\253\260C\000\354@@\022\002\222.\035/"
 304      17ABB043 
 304      00EC4040 
 304      1202922E 
 304      1D2F
 305 071b D2D0120E 		.ascii	"\322\320\022\016HL\272\370\302U!\314\330U!Y@$#b'\"\252"
 305      484CBAF8 
 305      C25521CC 
 305      D8552159 
 305      40242362 
 306 0732 0A4B47E1 		.ascii	"\012KG\341\305\300\0219\225\357F\304\027\303.\001\260"
 306      C5C01139 
 306      95EF46C4 
 306      17C32E01 
 306      B0
 307 0743 0B012908 		.ascii	"\013\001)\0108?\374`\322\2256q@gW\247,\036\211T\001"
 307      383FFC60 
 307      D2953671 
 307      406757A7 
 307      2C1E8954 
 308 0758 908A80DD 		.ascii	"\220\212\200\335\010\030\273\231\006G\242\213\003\336"
 308      0818BB99 
 308      0647A28B 
 308      03DE
 309 0766 C40EB6BB 		.ascii	"\304\016\266\273\213eH\023\010iH\330\203\204\352\013"
 309      8B654813 
 309      086948D8 
 309      8384EA0B 
 310 0776 D39FD061 		.ascii	"\323\237\320a\016hL\257;h\351\347\2739\266*\354\025"
 310      0E684CAF 
 310      3B68E9E7 
 310      BB39B62A 
 310      EC15
 311 0788 087B91B0 		.ascii	"\010{\221\260\017\011i\245\371\357\241\027\\\021\221"
 311      0F0969A5 
 311      F9EFA117 
 311      5C1191
 312 0797 5B5319A3 		.ascii	"[S\031\243\025\252\220.\000\322\021\260\237/\342\316"
ARM GAS  /tmp/cc6Wfol7.s 			page 24


 312      15AA902E 
 312      00D211B0 
 312      9F2FE2CE 
 313 07a7 C98E0534 		.ascii	"\311\216\0054\225\003\036\234\234M\020{!C\000d  \023"
 313      95031E9C 
 313      9C4D107B 
 313      21430064 
 313      202013
 314 07ba 01BDE515 		.ascii	"\001\275\345\025\245^\364 \007t\246\026\247\270\211"
 314      A55EF420 
 314      0774A616 
 314      A7B889
 315 07c9 55C81208 		.ascii	"U\310\022\010YH\310"
 315      5948C8
 316 07d0 4642495A 		.ascii	"FBIZ_\246\033-\341\204\351\375\247\357[\352\370\322"
 316      5FA61B2D 
 316      E184E9FD 
 316      A7EF5BEA 
 316      F8D2
 317 07e2 AE0C3902 		.ascii	"\256\0149\002\"\007\021\007\020\221s'\275\232P3G\034"
 317      22071107 
 317      10917327 
 317      BD9A5033 
 317      471C
 318 07f4 8F2BCA12 		.ascii	"\217+\312\022\313\220+\000r\021p\020\001C\211=\335\320"
 318      CB902B00 
 318      72117010 
 318      0143893D 
 318      DDD0
 319 0806 0C1C5031 		.ascii	"\014\034P1\264\375\210\330\014\207\004\300!\004\034"
 319      B4FD88D8 
 319      0C8704C0 
 319      21041C
 320 0815 4640E6D8 		.ascii	"F@\346\330\273Xh\006\016\230\311y>6G3\344\011\204<$"
 320      BB586806 
 320      0E98C979 
 320      3E364733 
 320      E409843C 
 321 082a E4F3144A 		.ascii	"\344\363\024J\216\215h\355?\200{\354>\354$R\240\302"
 321      8E8D68ED 
 321      3F807BEC 
 321      3EEC2452 
 321      A0C2
 322 083c 0F60F60B 		.ascii	"\017`\366\013\306S\307*\206\335\355\215\331G\211\315"
 322      C653C72A 
 322      86DDED8D 
 322      D94789CD 
 323 084c F888627C 		.ascii	"\370\210b|\004\215[\357\024\226\253-\306;\346\373\264"
 323      048D5BEF 
 323      1496AB2D 
 323      C63BE6FB 
 323      B4
 324 085d 2647C1C9 		.ascii	"&G\301\311S\257\017\216\2104\352C\302CL\352\037\214"
 324      53AF0F8E 
 324      8834EA43 
 324      C2434CEA 
 324      1F8C
ARM GAS  /tmp/cc6Wfol7.s 			page 25


 325 086f 867FBA7F 		.ascii	"\206\177\272\177\365\347\277/[\037\020 }\247\333\034"
 325      F5E7BF2F 
 325      5B1F1020 
 325      7DA7DB1C 
 326 087f 1166D46D 		.ascii	"\021f\324m\014\014\330\030\364/\335\226\310\210M\221"
 326      0C0CD818 
 326      F42FDD96 
 326      C8884D91 
 327 088f 86B0B090 		.ascii	"\206\260\260\220\360M\272\365\233C6\204|\373W\235.\""
 327      F04DBAF5 
 327      9B433684 
 327      7CFB579D 
 327      2E22
 328 08a1 4A171C11 		.ascii	"J\027\034\021\026\026\021\256\2132\031\"M\321[t\177"
 328      161611AE 
 328      8B321922 
 328      4DD15B74 
 328      7F
 329 08b2 FCCB37EB 		.ascii	"\374\3137\353\277\331\312f\267\204\204\032#\243t_\255"
 329      BFD9CA66 
 329      B784841A 
 329      23A3745F 
 329      AD
 330 08c3 5FAF0B8E 		.ascii	"_\257\013\2164\005\254\012\226\264z\275\321\020\031"
 330      3405AC0A 
 330      96B47ABD 
 330      D11019
 331 08d2 BA0D6341 		.ascii	"\272\015cA\334P\203\211\307\365\322\3537\032\377a\210"
 331      DC508389 
 331      C7F5D2EB 
 331      371AFF61 
 331      88
 332 08e3 0E35E98D 		.ascii	"\0165\351\215[CL\356\341\220\220):2|\241\036\037\353"
 332      5B434CEE 
 332      E1909029 
 332      3A327CA1 
 332      1E1FEB
 333 08f6 21AEDE10 		.ascii	"!\256\336\020i4DyX\3574\301\241\300\302{\215^\037\035"
 333      69344479 
 333      58EF34C1 
 333      A1C0C27B 
 333      8D5E1F1D 
 334 090a 126E0A0A 		.ascii	"\022n\012\012\324\233V\353\242\243\"u\206\310\260\225"
 334      D49B56EB 
 334      A2A32275 
 334      86C8B095 
 335 091a E111E1C6 		.ascii	"\341\021\341\306\225F\303\206\020]Hxph\364F\243.\314"
 335      9546C386 
 335      105D4878 
 335      7068F446 
 335      A32ECC
 336 092d 10BC3924 		.ascii	"\020\2749$\334\250\263\2062m\333b\214Z\265Yr\267x\377"
 336      DCA8B386 
 336      326DDB62 
 336      8C5AB559 
 336      72B778FF 
 337 0941 F667BCA3 		.ascii	"\366g\274\243\266E\351\364Q\246\215`\012.\036\230\026"
ARM GAS  /tmp/cc6Wfol7.s 			page 26


 337      B645E9F4 
 337      51A68D60 
 337      0A2E1E98 
 337      16
 338 0952 0BEE8577 		.ascii	"\013\356\205w&\343V>\324\206G\350\255\317\274Y\266\326"
 338      26E3563E 
 338      D48647E8 
 338      ADCFBC59 
 338      B6D6
 339 0964 91DEE4A3 		.ascii	"\221\336\344\243g+\371\235\336\346\242_`?\245\367RF"
 339      672BF99D 
 339      DEE6A25F 
 339      603FA5F7 
 339      5246
 340 0976 7C6D7A6F 		.ascii	"|mzoe\030\036\301\037s\377\000\321?\300\301?\300\321"
 340      65181EC1 
 340      1F73FF00 
 340      D13FC0C1 
 340      3FC0D1
 341 0989 3FC0C93F 		.ascii	"?\300\311?P\364\017t\360\017t\364\017t\362\017\022\375"
 341      50F40F74 
 341      F00F74F4 
 341      0F74F20F 
 341      12FD
 342 099b 831CFC83 		.ascii	"\203\034\374\203\034\375\203\234\374W\213\376\253\035"
 342      1CFD839C 
 342      FC578BFE 
 342      AB1D
 343 09a9 FC573BFA 		.ascii	"\374W;\372\257v\362_#\372\257q\360_\343\350\277\306"
 343      AF76F25F 
 343      23FAAF71 
 343      F05FE3E8 
 343      BFC6
 344 09bb C97FADE8 		.ascii	"\311\177\255\350\277\326\301\177\255\243\377Z'\377u"
 344      BFD6C17F 
 344      ADA3FF5A 
 344      27FF75
 345 09ca A2FF3A07 		.ascii	"\242\377:\007\377u\216\376\353\254\376\377\0037\261"
 345      FF758EFE 
 345      EBACFEFF 
 345      0337B1
 346 09d9 4D15     		.ascii	"M\025"
 347              		.text
 348              		.section	.gnu.lto_.symtab.89b9d2005f3a2b37,"",%progbits
 349 0000 5F5F636F 		.ascii	"__core_init\000"
 349      72655F69 
 349      6E697400 
 350 000c 00       		.ascii	"\000"
 351 000d 01       		.ascii	"\001"
 352 000e 00       		.ascii	"\000"
 353 000f 00000000 		.ascii	"\000\000\000\000\000\000\000\000"
 353      00000000 
 354 0017 B0000000 		.ascii	"\260\000\000\000"
 355 001b 5F5F6561 		.ascii	"__early_init\000"
 355      726C795F 
 355      696E6974 
 355      00
ARM GAS  /tmp/cc6Wfol7.s 			page 27


 356 0028 00       		.ascii	"\000"
 357 0029 01       		.ascii	"\001"
 358 002a 00       		.ascii	"\000"
 359 002b 00000000 		.ascii	"\000\000\000\000\000\000\000\000"
 359      00000000 
 360 0033 B3000000 		.ascii	"\263\000\000\000"
 361 0037 5F5F6C61 		.ascii	"__late_init\000"
 361      74655F69 
 361      6E697400 
 362 0043 00       		.ascii	"\000"
 363 0044 01       		.ascii	"\001"
 364 0045 00       		.ascii	"\000"
 365 0046 00000000 		.ascii	"\000\000\000\000\000\000\000\000"
 365      00000000 
 366 004e B6000000 		.ascii	"\266\000\000\000"
 367 0052 5F5F6465 		.ascii	"__default_exit\000"
 367      6661756C 
 367      745F6578 
 367      697400
 368 0061 00       		.ascii	"\000"
 369 0062 01       		.ascii	"\001"
 370 0063 00       		.ascii	"\000"
 371 0064 00000000 		.ascii	"\000\000\000\000\000\000\000\000"
 371      00000000 
 372 006c BB000000 		.ascii	"\273\000\000\000"
 373 0070 5F5F696E 		.ascii	"__init_ram_areas\000"
 373      69745F72 
 373      616D5F61 
 373      72656173 
 373      00
 374 0081 00       		.ascii	"\000"
 375 0082 00       		.ascii	"\000"
 376 0083 00       		.ascii	"\000"
 377 0084 00000000 		.ascii	"\000\000\000\000\000\000\000\000"
 377      00000000 
 378 008c BD000000 		.ascii	"\275\000\000\000"
 379 0090 5F5F7261 		.ascii	"__ram0_init_text__\000"
 379      6D305F69 
 379      6E69745F 
 379      74657874 
 379      5F5F00
 380 00a3 00       		.ascii	"\000"
 381 00a4 02       		.ascii	"\002"
 382 00a5 00       		.ascii	"\000"
 383 00a6 00000000 		.ascii	"\000\000\000\000\000\000\000\000"
 383      00000000 
 384 00ae E3000000 		.ascii	"\343\000\000\000"
 385 00b2 5F5F7261 		.ascii	"__ram0_init__\000"
 385      6D305F69 
 385      6E69745F 
 385      5F00
 386 00c0 00       		.ascii	"\000"
 387 00c1 02       		.ascii	"\002"
 388 00c2 00       		.ascii	"\000"
 389 00c3 00000000 		.ascii	"\000\000\000\000\000\000\000\000"
 389      00000000 
 390 00cb E5000000 		.ascii	"\345\000\000\000"
ARM GAS  /tmp/cc6Wfol7.s 			page 28


 391 00cf 5F5F7261 		.ascii	"__ram0_clear__\000"
 391      6D305F63 
 391      6C656172 
 391      5F5F00
 392 00de 00       		.ascii	"\000"
 393 00df 02       		.ascii	"\002"
 394 00e0 00       		.ascii	"\000"
 395 00e1 00000000 		.ascii	"\000\000\000\000\000\000\000\000"
 395      00000000 
 396 00e9 E7000000 		.ascii	"\347\000\000\000"
 397 00ed 5F5F7261 		.ascii	"__ram0_noinit__\000"
 397      6D305F6E 
 397      6F696E69 
 397      745F5F00 
 398 00fd 00       		.ascii	"\000"
 399 00fe 02       		.ascii	"\002"
 400 00ff 00       		.ascii	"\000"
 401 0100 00000000 		.ascii	"\000\000\000\000\000\000\000\000"
 401      00000000 
 402 0108 E9000000 		.ascii	"\351\000\000\000"
 403 010c 5F5F7261 		.ascii	"__ram1_init_text__\000"
 403      6D315F69 
 403      6E69745F 
 403      74657874 
 403      5F5F00
 404 011f 00       		.ascii	"\000"
 405 0120 02       		.ascii	"\002"
 406 0121 00       		.ascii	"\000"
 407 0122 00000000 		.ascii	"\000\000\000\000\000\000\000\000"
 407      00000000 
 408 012a EB000000 		.ascii	"\353\000\000\000"
 409 012e 5F5F7261 		.ascii	"__ram1_init__\000"
 409      6D315F69 
 409      6E69745F 
 409      5F00
 410 013c 00       		.ascii	"\000"
 411 013d 02       		.ascii	"\002"
 412 013e 00       		.ascii	"\000"
 413 013f 00000000 		.ascii	"\000\000\000\000\000\000\000\000"
 413      00000000 
 414 0147 ED000000 		.ascii	"\355\000\000\000"
 415 014b 5F5F7261 		.ascii	"__ram1_clear__\000"
 415      6D315F63 
 415      6C656172 
 415      5F5F00
 416 015a 00       		.ascii	"\000"
 417 015b 02       		.ascii	"\002"
 418 015c 00       		.ascii	"\000"
 419 015d 00000000 		.ascii	"\000\000\000\000\000\000\000\000"
 419      00000000 
 420 0165 EF000000 		.ascii	"\357\000\000\000"
 421 0169 5F5F7261 		.ascii	"__ram1_noinit__\000"
 421      6D315F6E 
 421      6F696E69 
 421      745F5F00 
 422 0179 00       		.ascii	"\000"
 423 017a 02       		.ascii	"\002"
ARM GAS  /tmp/cc6Wfol7.s 			page 29


 424 017b 00       		.ascii	"\000"
 425 017c 00000000 		.ascii	"\000\000\000\000\000\000\000\000"
 425      00000000 
 426 0184 F1000000 		.ascii	"\361\000\000\000"
 427 0188 5F5F7261 		.ascii	"__ram2_init_text__\000"
 427      6D325F69 
 427      6E69745F 
 427      74657874 
 427      5F5F00
 428 019b 00       		.ascii	"\000"
 429 019c 02       		.ascii	"\002"
 430 019d 00       		.ascii	"\000"
 431 019e 00000000 		.ascii	"\000\000\000\000\000\000\000\000"
 431      00000000 
 432 01a6 F3000000 		.ascii	"\363\000\000\000"
 433 01aa 5F5F7261 		.ascii	"__ram2_init__\000"
 433      6D325F69 
 433      6E69745F 
 433      5F00
 434 01b8 00       		.ascii	"\000"
 435 01b9 02       		.ascii	"\002"
 436 01ba 00       		.ascii	"\000"
 437 01bb 00000000 		.ascii	"\000\000\000\000\000\000\000\000"
 437      00000000 
 438 01c3 F5000000 		.ascii	"\365\000\000\000"
 439 01c7 5F5F7261 		.ascii	"__ram2_clear__\000"
 439      6D325F63 
 439      6C656172 
 439      5F5F00
 440 01d6 00       		.ascii	"\000"
 441 01d7 02       		.ascii	"\002"
 442 01d8 00       		.ascii	"\000"
 443 01d9 00000000 		.ascii	"\000\000\000\000\000\000\000\000"
 443      00000000 
 444 01e1 F7000000 		.ascii	"\367\000\000\000"
 445 01e5 5F5F7261 		.ascii	"__ram2_noinit__\000"
 445      6D325F6E 
 445      6F696E69 
 445      745F5F00 
 446 01f5 00       		.ascii	"\000"
 447 01f6 02       		.ascii	"\002"
 448 01f7 00       		.ascii	"\000"
 449 01f8 00000000 		.ascii	"\000\000\000\000\000\000\000\000"
 449      00000000 
 450 0200 F9000000 		.ascii	"\371\000\000\000"
 451 0204 5F5F7261 		.ascii	"__ram3_init_text__\000"
 451      6D335F69 
 451      6E69745F 
 451      74657874 
 451      5F5F00
 452 0217 00       		.ascii	"\000"
 453 0218 02       		.ascii	"\002"
 454 0219 00       		.ascii	"\000"
 455 021a 00000000 		.ascii	"\000\000\000\000\000\000\000\000"
 455      00000000 
 456 0222 FB000000 		.ascii	"\373\000\000\000"
 457 0226 5F5F7261 		.ascii	"__ram3_init__\000"
ARM GAS  /tmp/cc6Wfol7.s 			page 30


 457      6D335F69 
 457      6E69745F 
 457      5F00
 458 0234 00       		.ascii	"\000"
 459 0235 02       		.ascii	"\002"
 460 0236 00       		.ascii	"\000"
 461 0237 00000000 		.ascii	"\000\000\000\000\000\000\000\000"
 461      00000000 
 462 023f FD000000 		.ascii	"\375\000\000\000"
 463 0243 5F5F7261 		.ascii	"__ram3_clear__\000"
 463      6D335F63 
 463      6C656172 
 463      5F5F00
 464 0252 00       		.ascii	"\000"
 465 0253 02       		.ascii	"\002"
 466 0254 00       		.ascii	"\000"
 467 0255 00000000 		.ascii	"\000\000\000\000\000\000\000\000"
 467      00000000 
 468 025d FF000000 		.ascii	"\377\000\000\000"
 469 0261 5F5F7261 		.ascii	"__ram3_noinit__\000"
 469      6D335F6E 
 469      6F696E69 
 469      745F5F00 
 470 0271 00       		.ascii	"\000"
 471 0272 02       		.ascii	"\002"
 472 0273 00       		.ascii	"\000"
 473 0274 00000000 		.ascii	"\000\000\000\000\000\000\000\000"
 473      00000000 
 474 027c 01010000 		.ascii	"\001\001\000\000"
 475 0280 5F5F7261 		.ascii	"__ram4_init_text__\000"
 475      6D345F69 
 475      6E69745F 
 475      74657874 
 475      5F5F00
 476 0293 00       		.ascii	"\000"
 477 0294 02       		.ascii	"\002"
 478 0295 00       		.ascii	"\000"
 479 0296 00000000 		.ascii	"\000\000\000\000\000\000\000\000"
 479      00000000 
 480 029e 03010000 		.ascii	"\003\001\000\000"
 481 02a2 5F5F7261 		.ascii	"__ram4_init__\000"
 481      6D345F69 
 481      6E69745F 
 481      5F00
 482 02b0 00       		.ascii	"\000"
 483 02b1 02       		.ascii	"\002"
 484 02b2 00       		.ascii	"\000"
 485 02b3 00000000 		.ascii	"\000\000\000\000\000\000\000\000"
 485      00000000 
 486 02bb 05010000 		.ascii	"\005\001\000\000"
 487 02bf 5F5F7261 		.ascii	"__ram4_clear__\000"
 487      6D345F63 
 487      6C656172 
 487      5F5F00
 488 02ce 00       		.ascii	"\000"
 489 02cf 02       		.ascii	"\002"
 490 02d0 00       		.ascii	"\000"
ARM GAS  /tmp/cc6Wfol7.s 			page 31


 491 02d1 00000000 		.ascii	"\000\000\000\000\000\000\000\000"
 491      00000000 
 492 02d9 07010000 		.ascii	"\007\001\000\000"
 493 02dd 5F5F7261 		.ascii	"__ram4_noinit__\000"
 493      6D345F6E 
 493      6F696E69 
 493      745F5F00 
 494 02ed 00       		.ascii	"\000"
 495 02ee 02       		.ascii	"\002"
 496 02ef 00       		.ascii	"\000"
 497 02f0 00000000 		.ascii	"\000\000\000\000\000\000\000\000"
 497      00000000 
 498 02f8 09010000 		.ascii	"\011\001\000\000"
 499 02fc 5F5F7261 		.ascii	"__ram5_init_text__\000"
 499      6D355F69 
 499      6E69745F 
 499      74657874 
 499      5F5F00
 500 030f 00       		.ascii	"\000"
 501 0310 02       		.ascii	"\002"
 502 0311 00       		.ascii	"\000"
 503 0312 00000000 		.ascii	"\000\000\000\000\000\000\000\000"
 503      00000000 
 504 031a 0B010000 		.ascii	"\013\001\000\000"
 505 031e 5F5F7261 		.ascii	"__ram5_init__\000"
 505      6D355F69 
 505      6E69745F 
 505      5F00
 506 032c 00       		.ascii	"\000"
 507 032d 02       		.ascii	"\002"
 508 032e 00       		.ascii	"\000"
 509 032f 00000000 		.ascii	"\000\000\000\000\000\000\000\000"
 509      00000000 
 510 0337 0D010000 		.ascii	"\015\001\000\000"
 511 033b 5F5F7261 		.ascii	"__ram5_clear__\000"
 511      6D355F63 
 511      6C656172 
 511      5F5F00
 512 034a 00       		.ascii	"\000"
 513 034b 02       		.ascii	"\002"
 514 034c 00       		.ascii	"\000"
 515 034d 00000000 		.ascii	"\000\000\000\000\000\000\000\000"
 515      00000000 
 516 0355 0F010000 		.ascii	"\017\001\000\000"
 517 0359 5F5F7261 		.ascii	"__ram5_noinit__\000"
 517      6D355F6E 
 517      6F696E69 
 517      745F5F00 
 518 0369 00       		.ascii	"\000"
 519 036a 02       		.ascii	"\002"
 520 036b 00       		.ascii	"\000"
 521 036c 00000000 		.ascii	"\000\000\000\000\000\000\000\000"
 521      00000000 
 522 0374 11010000 		.ascii	"\021\001\000\000"
 523 0378 5F5F7261 		.ascii	"__ram6_init_text__\000"
 523      6D365F69 
 523      6E69745F 
ARM GAS  /tmp/cc6Wfol7.s 			page 32


 523      74657874 
 523      5F5F00
 524 038b 00       		.ascii	"\000"
 525 038c 02       		.ascii	"\002"
 526 038d 00       		.ascii	"\000"
 527 038e 00000000 		.ascii	"\000\000\000\000\000\000\000\000"
 527      00000000 
 528 0396 13010000 		.ascii	"\023\001\000\000"
 529 039a 5F5F7261 		.ascii	"__ram6_init__\000"
 529      6D365F69 
 529      6E69745F 
 529      5F00
 530 03a8 00       		.ascii	"\000"
 531 03a9 02       		.ascii	"\002"
 532 03aa 00       		.ascii	"\000"
 533 03ab 00000000 		.ascii	"\000\000\000\000\000\000\000\000"
 533      00000000 
 534 03b3 15010000 		.ascii	"\025\001\000\000"
 535 03b7 5F5F7261 		.ascii	"__ram6_clear__\000"
 535      6D365F63 
 535      6C656172 
 535      5F5F00
 536 03c6 00       		.ascii	"\000"
 537 03c7 02       		.ascii	"\002"
 538 03c8 00       		.ascii	"\000"
 539 03c9 00000000 		.ascii	"\000\000\000\000\000\000\000\000"
 539      00000000 
 540 03d1 17010000 		.ascii	"\027\001\000\000"
 541 03d5 5F5F7261 		.ascii	"__ram6_noinit__\000"
 541      6D365F6E 
 541      6F696E69 
 541      745F5F00 
 542 03e5 00       		.ascii	"\000"
 543 03e6 02       		.ascii	"\002"
 544 03e7 00       		.ascii	"\000"
 545 03e8 00000000 		.ascii	"\000\000\000\000\000\000\000\000"
 545      00000000 
 546 03f0 19010000 		.ascii	"\031\001\000\000"
 547 03f4 5F5F7261 		.ascii	"__ram7_init_text__\000"
 547      6D375F69 
 547      6E69745F 
 547      74657874 
 547      5F5F00
 548 0407 00       		.ascii	"\000"
 549 0408 02       		.ascii	"\002"
 550 0409 00       		.ascii	"\000"
 551 040a 00000000 		.ascii	"\000\000\000\000\000\000\000\000"
 551      00000000 
 552 0412 1B010000 		.ascii	"\033\001\000\000"
 553 0416 5F5F7261 		.ascii	"__ram7_init__\000"
 553      6D375F69 
 553      6E69745F 
 553      5F00
 554 0424 00       		.ascii	"\000"
 555 0425 02       		.ascii	"\002"
 556 0426 00       		.ascii	"\000"
 557 0427 00000000 		.ascii	"\000\000\000\000\000\000\000\000"
ARM GAS  /tmp/cc6Wfol7.s 			page 33


 557      00000000 
 558 042f 1D010000 		.ascii	"\035\001\000\000"
 559 0433 5F5F7261 		.ascii	"__ram7_clear__\000"
 559      6D375F63 
 559      6C656172 
 559      5F5F00
 560 0442 00       		.ascii	"\000"
 561 0443 02       		.ascii	"\002"
 562 0444 00       		.ascii	"\000"
 563 0445 00000000 		.ascii	"\000\000\000\000\000\000\000\000"
 563      00000000 
 564 044d 1F010000 		.ascii	"\037\001\000\000"
 565 0451 5F5F7261 		.ascii	"__ram7_noinit__\000"
 565      6D375F6E 
 565      6F696E69 
 565      745F5F00 
 566 0461 00       		.ascii	"\000"
 567 0462 02       		.ascii	"\002"
 568 0463 00       		.ascii	"\000"
 569 0464 00000000 		.ascii	"\000\000\000\000\000\000\000\000"
 569      00000000 
 570 046c 21010000 		.ascii	"!\001\000\000"
 571              		.text
 572              		.section	.gnu.lto_.opts,"",%progbits
 573 0000 272D666D 		.ascii	"'-fmath-errno' '-fsigned-zeros' '-ftrapping-math' '"
 573      6174682D 
 573      6572726E 
 573      6F272027 
 573      2D667369 
 574 0033 2D666E6F 		.ascii	"-fno-trapv' '-fno-openmp' '-fno-openacc' '-mcpu=cor"
 574      2D747261 
 574      70762720 
 574      272D666E 
 574      6F2D6F70 
 575 0066 7465782D 		.ascii	"tex-m4' '-mno-thumb-interwork' '-mthumb' '-ggdb' '-"
 575      6D342720 
 575      272D6D6E 
 575      6F2D7468 
 575      756D622D 
 576 0099 4F322720 		.ascii	"O2' '-fomit-frame-pointer' '-falign-functions=16' '"
 576      272D666F 
 576      6D69742D 
 576      6672616D 
 576      652D706F 
 577 00cc 2D666675 		.ascii	"-ffunction-sections' '-fdata-sections' '-fno-common"
 577      6E637469 
 577      6F6E2D73 
 577      65637469 
 577      6F6E7327 
 578 00ff 2720272D 		.ascii	"' '-flto'\000"
 578      666C746F 
 578      2700
 579              		.text
 580              		.comm	__gnu_lto_v1,1,1
 581              		.comm	__gnu_lto_slim,1,1
 582              		.ident	"GCC: (GNU Tools for ARM Embedded Processors 6-2017-q2-update) 6.3.1 20170215 (release) [AR
ARM GAS  /tmp/cc6Wfol7.s 			page 34


DEFINED SYMBOLS
                            *ABS*:0000000000000000 crt1.c
                            *COM*:0000000000000001 __gnu_lto_v1
                            *COM*:0000000000000001 __gnu_lto_slim

NO UNDEFINED SYMBOLS
