ARM GAS  /tmp/cc5ACJIS.s 			page 1


   1              		.cpu cortex-m4
   2              		.eabi_attribute 20, 1
   3              		.eabi_attribute 21, 1
   4              		.eabi_attribute 23, 3
   5              		.eabi_attribute 24, 1
   6              		.eabi_attribute 25, 1
   7              		.eabi_attribute 26, 1
   8              		.eabi_attribute 30, 2
   9              		.eabi_attribute 34, 1
  10              		.eabi_attribute 18, 4
  11              		.file	"hal.c"
  12              		.text
  13              	.Ltext0:
  14              		.section	.gnu.lto_.profile.e17e01bef1e6077b,"",%progbits
  15 0000 789C6365 		.ascii	"x\234ce`b`a```d0e\007\000\000\361\000I"
  15      60626061 
  15      60606064 
  15      30650700 
  15      00F10049 
  16              		.text
  17              		.section	.gnu.lto_.icf.e17e01bef1e6077b,"",%progbits
  18 0000 789C6365 		.ascii	"x\234ce`b\340`@\000F\206\335\273n=db\000\000\017w\003"
  18      6062E060 
  18      40004686 
  18      DDBB6E3D 
  18      64620000 
  19 0017 43       		.ascii	"C"
  20              		.text
  21              		.section	.gnu.lto_.jmpfuncs.e17e01bef1e6077b,"",%progbits
  22 0000 789C6365 		.ascii	"x\234ce`bPg@\000F\010\305\3048\235\231\261\371\327\376"
  22      60625067 
  22      40004608 
  22      C5C4389D 
  22      99B1F9D7 
  23 0015 CF7CF57F 		.ascii	"\317|\365\177\033$\34633,f\006I.g\254g`d\001\262\000"
  23      1B24E633 
  23      332C6606 
  23      492E67AC 
  23      67606401 
  24 002b B8140894 		.ascii	"\270\024\010\224"
  25              		.text
  26              		.section	.gnu.lto_.inline.e17e01bef1e6077b,"",%progbits
  27 0000 789C6365 		.ascii	"x\234ce`b\320c@\000F\006\006NSF\240 \003\003\333\002"
  27      6062D063 
  27      40004606 
  27      064E5346 
  27      A0200303 
  28 0016 7926B010 		.ascii	"y&\260\020\027\012\301\304\015R\005f2\000\0005\014\001"
  28      170AC1C4 
  28      0D520566 
  28      32000035 
  28      0C01
  29 0028 79       		.ascii	"y"
  30              		.text
  31              		.section	.gnu.lto_.pureconst.e17e01bef1e6077b,"",%progbits
  32 0000 789C6365 		.ascii	"x\234ce`b`f```d\220\000\000\000\204\000$"
  32      60626066 
ARM GAS  /tmp/cc5ACJIS.s 			page 2


  32      60606064 
  32      90000000 
  32      840024
  33              		.text
  34              		.section	.gnu.lto_halInit.e17e01bef1e6077b,"",%progbits
  35 0000 789C7590 		.ascii	"x\234u\220\277K\202a\020\307\357\373>\376\012J\032\032"
  35      BF4B8261 
  35      10C7EFFB 
  35      3EFE0A4A 
  35      1A1A
  36 0012 0A1B5A5D 		.ascii	"\012\033Z]z)\351/hki\350/0\015\2252K\377\200\3675\013"
  36      7A29E92F 
  36      686B69E8 
  36      2F300D95 
  36      324BFF80 
  37 0029 C1A05ACC 		.ascii	"\301\240Z\314\014\342})B\313\322\014\032\234\022\267"
  37      0CE27D29 
  37      42CBD20C 
  37      1A9C12B7 
  38 0039 96821A9B 		.ascii	"\226\202\032\233\212h\310\202\240\255P\273G#\032\354"
  38      8A68C882 
  38      A0AD50BB 
  38      47231AEC 
  39 0049 E0B8E7B9 		.ascii	"\340\270\347\271\373p\367\275\263\222B&\210&\210\310"
  39      FB70F7BD 
  39      B3924226 
  39      882688C8 
  40 0059 C50E4150 		.ascii	"\305\016AP\266\256\211\342\016\005\220\017\335\001\322"
  40      B6AE89E2 
  40      0E05900F 
  40      DD01D2
  41 0068 1468D814 		.ascii	"\024h\330\024\031\201Z\362\271\242\270s:[5\363>\244"
  41      19815AF2 
  41      B9A2B873 
  41      3A5B35F3 
  41      3EA4
  42 007a E7AB3004 		.ascii	"\347\2530\004Q\226]\032rp\023c\217\345f\272\317f\351"
  42      51965D1A 
  42      72701363 
  42      8FE566BA 
  42      CF66E9
  43 008d E491878D 		.ascii	"\344\221\207\215GP\351\026U\275\331J\352\325\247}\334"
  43      4750E916 
  43      55BDD94A 
  43      EAD5A77D 
  43      DC
  44 009e 4DD98952 		.ascii	"M\331\211R\\\2263\326\205\"\243\250#a~\271$/\233T*\257"
  44      5C9633D6 
  44      8522A3A8 
  44      23617EB9 
  44      242F9B54 
  45 00b4 F776ADA1 		.ascii	"\367v\255\241;\014\201\254\340\0168\202F\006\263u\254"
  45      3B0C81AC 
  45      E00E3882 
  45      4606B375 
  45      AC
  46 00c5 9A87BD5D 		.ascii	"\232\207\275]8\221\345*\341\2309.l\257\325n\354\033"
ARM GAS  /tmp/cc5ACJIS.s 			page 3


  46      3891E52A 
  46      E198392E 
  46      6CAFD56E 
  46      EC1B
  47 00d7 C21016C8 		.ascii	"\302\020\026\310o\342\363\362\303\311\334 '\016\244"
  47      6FE2F3F2 
  47      C3C9DC20 
  47      270EA4
  48 00e6 30CE5DED 		.ascii	"0\316]\355\026\346\015\354\305\373\015a\305\011oY\300"
  48      16E60DEC 
  48      C5FB0D61 
  48      C5096F59 
  48      C0
  49 00f7 70BBD07A 		.ascii	"p\273\320z9/\3660\274\243\353#\262\301)\014\264\007"
  49      392FF630 
  49      BCA3EB23 
  49      B2C1290C 
  49      B407
  50 0109 A208CD10 		.ascii	"\242\010\315\0206\222Z/\234\335\265rs\224~\265&\314"
  50      36925A2F 
  50      9CDDB572 
  50      73947EB5 
  50      26CC
  51 011b 8781EE9C 		.ascii	"\207\201\356\234\205\271\263?\\\343\037\316\312\\\371"
  51      85B9B33F 
  51      5CE31FCE 
  51      CA5CF9
  52 012a 877BC38A 		.ascii	"\207{\303\212\231Kw\264HK\361e\370v\274\266G\015F\302"
  52      994B77B4 
  52      484BF165 
  52      F876BCB6 
  52      470D46C2 
  53 013e 73AA7F7C 		.ascii	"s\252\177|\314\357YV\227\242\221@\324\033\016\207\026"
  53      CCEF5956 
  53      97A29140 
  53      D41B0E87 
  53      16
  54 014f 03EA6430 		.ascii	"\003\352d04\033\232\236Q\325HL\015z\027\324X\324'\343"
  54      341B9A9E 
  54      51D5484C 
  54      0D7A17D4 
  54      58D427E3 
  55 0163 A88FBE01 		.ascii	"\250\217\276\001\023s\232\221"
  55      13739A91 
  56              		.text
  57              		.section	.gnu.lto_.symbol_nodes.e17e01bef1e6077b,"",%progbits
  58 0000 789C55C9 		.ascii	"x\234U\311\261\021\2030\020D\321\257\025\242\016J\261"
  58      B1118330 
  58      1044D1AF 
  58      15A20E4A 
  58      B1
  59 0011 2B3B058E 		.ascii	"+;\005\216\001c'\316\251\302115\300\214\353`8+B\233"
  59      016327CE 
  59      A9C23131 
  59      35C08CEB 
  59      60382B42 
  60 0026 BC99BF09 		.ascii	"\274\231\277\011\361\301\247^\006\343\012\3167\337!"
ARM GAS  /tmp/cc5ACJIS.s 			page 4


  60      F1C1A75E 
  60      06E30ACE 
  60      37DF21
  61 0035 3D45E74F 		.ascii	"=E\347Ox\313By \347\233\207\227LU\230d\261\012\243\254"
  61      78CB4279 
  61      20E79B87 
  61      974C5598 
  61      64B10AA3 
  62 004a A9C2204B 		.ascii	"\251\302 K\327\020i\231\267#D\022K\261\341W\214<\366"
  62      D7106999 
  62      B7234412 
  62      4BB1E157 
  62      8C3CF6
  63 005d BF627639 		.ascii	"\277bv9\001b\021%="
  63      01621125 
  63      3D
  64              		.text
  65              		.section	.gnu.lto_.refs.e17e01bef1e6077b,"",%progbits
  66 0000 789C6365 		.ascii	"x\234ce`b`c```d`bdb\000\000\000\275\000\024"
  66      60626063 
  66      60606064 
  66      60626462 
  66      000000BD 
  67              		.text
  68              		.section	.gnu.lto_.decls.e17e01bef1e6077b,"",%progbits
  69 0000 789C9D56 		.ascii	"x\234\235VkL\024W\024\236;wY\330eQ#\246\365\207i\214"
  69      6B4C1457 
  69      149E3B77 
  69      59D86551 
  69      23A6F587 
  70 0016 A19126EA 		.ascii	"\241\221&\352T\354\017\323\037\255\026\253\322\372 "
  70      54EC0FD3 
  70      1FAD16AB 
  70      D2FA20
  71 0025 B5B5E9AF 		.ascii	"\265\265\351\257\315\312\256\356&\300nw\227F\323?\203"
  71      CDCAAEEE 
  71      26C06E77 
  71      9746D33F 
  71      83
  72 0036 E0A328BE 		.ascii	"\340\243(\276\253\301P\242E+(\012\342\013\337\013U\244"
  72      ABC150A2 
  72      452B280A 
  72      E20BDF0B 
  72      55A4
  73 0048 088252DF 		.ascii	"\010\202R\337\253 \012VT^\202,\362\352\271\367\3160"
  73      AB200A56 
  73      545E822C 
  73      F2EAB9F7 
  73      CE30
  74 005a C3888D75 		.ascii	"\303\210\215u\262g\356\234{\276\363\235s\317}\354\015"
  74      B267EE9C 
  74      7BBEF39D 
  74      73CF7DEC 
  74      0D
  75 006b E278AE33 		.ascii	"\342x\2563\224\343\032x\216\313\3448n\000\036\370\344"
  75      94E31A78 
  75      8ECBE438 
ARM GAS  /tmp/cc5ACJIS.s 			page 5


  75      6E001EF8 
  75      E4
  76 007c 0E822090 		.ascii	"\016\202 \220\247\034{\364 \355 \035 /A\002 \275 \375"
  76      A71C7BF4 
  76      20ED201D 
  76      202F4102 
  76      20BD20FD 
  77 0090 128EBD94 		.ascii	"\022\216\275\224\247\001\364`h\027\023\023|\267A\313"
  77      A701F460 
  77      68171313 
  77      7CB741CB 
  78 00a0 23C6D704 		.ascii	"#\306\327\004\322\243\341\355\227\370\002\022\177\307"
  78      D2A3E1ED 
  78      97F80212 
  78      7FC7
  79 00ae 1B787760 		.ascii	"\033xw`t5\265 \023o\300h\264\021\351@m\253\334\371p"
  79      7435B520 
  79      136FC068 
  79      B411E940 
  79      6DABDCF9 
  80 00c3 04A8638C 		.ascii	"\004\250c\214h<\250\247\356\265\371B\231\265\016\201"
  80      683CA8A7 
  80      EEB5F942 
  80      99B50E81 
  81 00d3 5E74F679 		.ascii	"^t\366y\024S\307\251\254c$k\301\231\324\347#\230\331"
  81      1453C7A9 
  81      AC63246B 
  81      C199D4E7 
  81      2398D9
  82 00e6 47F475AB 		.ascii	"G\364u\2536\376\022\214!Q\370nNm\250\223\230\306\202"
  82      36FE128C 
  82      2151F86E 
  82      4E6DA893 
  82      98C682
  83 00f9 7AADB5E2 		.ascii	"z\255\265\3427I\035\005\252\377\227\325Yzl\240\310{"
  83      37491D05 
  83      AAFF97D5 
  83      597A6CA0 
  83      C87B
  84 010b 65B90748 		.ascii	"e\271\007HF\023\215\210\324o$t\345?;\331\035\306\272"
  84      46138D88 
  84      D46F2474 
  84      E53F3BD9 
  84      1DC6BA
  85 011e 08A2B63B 		.ascii	"\010\242\266;g\366\224<\221=!\037(\203\271\266\261}"
  85      67F6943C 
  85      913D211F 
  85      2883B9B6 
  85      B17D
  86 0130 4F307E9F 		.ascii	"O0~\237\200\370\214\362\233%:\024i\374\203\200|7;&n"
  86      80F88CF2 
  86      9B253A14 
  86      69FC8380 
  86      7C373B26 
  87 0145 5E238A3C 		.ascii	"^#\212<:\216\214\350(\302\350\010\232B\3521\321\010"
  87      3A8E8CE8 
  87      28C2E808 
ARM GAS  /tmp/cc5ACJIS.s 			page 6


  87      9A42EA31 
  87      D108
  88 0157 EFB5A2B8 		.ascii	"\357\265\242\270R\334\224\"\032\346r(\007\215C\373\320"
  88      52DC9422 
  88      1AE67228 
  88      078D43FB 
  88      D0
  89 0168 380E1D43 		.ascii	"8\016\035C\221$\036\301\241B\350<\014\235\020\"w\317"
  89      91241EC1 
  89      A142E83C 
  89      0C9D1022 
  89      77CF
  90 017a E6DFF5F8 		.ascii	"\346\337\365\370{\032\242\364\334\335[:d\214\034\326"
  90      7B1AA2F4 
  90      DCDD5B3A 
  90      648C1CD6 
  91 018a FFE430FE 		.ascii	"\377\3440\376,\227K\231\023JW\221\\\212 \227\023J.\220"
  91      2C974B99 
  91      134A5791 
  91      5C8A2097 
  91      134A2E90 
  92 019e 1A1B46FD 		.ascii	"\032\033F\375)\1772\217\323\020\035\354\316\323\035"
  92      297F328F 
  92      D3101DEC 
  92      CED31D
  93 01ad E541AC52 		.ascii	"\345A\254R!\240\266l\275X\311\343\015\314\326x+%C\217"
  93      21A0B66C 
  93      BD58C9E3 
  93      0DCCD678 
  93      2B25438F 
  94 01c1 B7316553 		.ascii	"\2671eS\337mQ\2173\231\222\336\022\330\255\303\331L"
  94      DF6D518F 
  94      339992DE 
  94      12D8ADC3 
  94      D94C
  95 01d3 B99DD275 		.ascii	"\271\235\322u#\014\347R\305\260:\277\350\250\011E\220"
  95      230CE752 
  95      C5B03ABF 
  95      E8A80945 
  95      90
  96 01e4 273C2222 		.ascii	"'<\"\"\362w\222\273\257\353\340\244\262\366G\242\270"
  96      F27792BB 
  96      AFEBE0A4 
  96      B2F647A2 
  96      B8
  97 01f5 C54493F2 		.ascii	"\305D\223\362AR\245(\\\031\314!xqh*\2748\346\360\352"
  97      4152A528 
  97      5C19CC21 
  97      7871682A 
  97      BC38E6F0 
  98 020a B30CD197 		.ascii	"\263\014\321\227\212)\372\274\026-h\300M\237+\3403Z"
  98      8A29FABC 
  98      162D68C0 
  98      4D9F2BE0 
  98      335A
  99 021c F0694A9D 		.ascii	"\360iJ\235\203T\334*\370)-<_\233\311\035\025\372\354"
  99      8354DC2A 
ARM GAS  /tmp/cc5ACJIS.s 			page 7


  99      F8292D3C 
  99      5F9BC91D 
  99      15FAEC
 100 022f F0E414BD 		.ascii	"\360\344\024\275\231\324~\223(\316\320q\350\000\330"
 100      99D47E93 
 100      28CED071 
 100      E800D8
 101 023e F7531341 		.ascii	"\367S\023AC\371\321_0[%(\002]\002\271\010\362'\310\005"
 101      43F9D15F 
 101      305B2528 
 101      025D02B9 
 101      08F227C8 
 102 0253 90329062 		.ascii	"\2202\220b\024A\027\030\213W\256\212wn\330\221\253\307"
 102      14411718 
 102      8B57AE8A 
 102      776ED891 
 102      ABC7
 103 0265 523E5741 		.ascii	"R>WA\027\014?\026\006gK\243\371\334\350dQD\004\306I"
 103      170C3F16 
 103      06674BA3 
 103      F9DCE864 
 103      514404C6 
 104 027a CB425ADA 		.ascii	"\313BZ\332\347\373S\253\365\270\217\316!\277'\255\342"
 104      E7FB53AB 
 104      F5B88FCE 
 104      21BF27AD 
 104      E2
 105 028b 78080A8F 		.ascii	"x\010\012\217\034nL\250\002\206\362\177\206\305\"7\226"
 105      1C6E4CA8 
 105      0286F27F 
 105      86C52237 
 105      96
 106 029c E9612FA1 		.ascii	"\351a/\241\313\340X\256,I\222\007\015\377\"\2470+\204"
 106      CBE058AE 
 106      2C499207 
 106      0DFF22A7 
 106      302B84
 107 02af ADC21CB2 		.ascii	"\255\302\034\262\265\237\364\225>\015\302\233\330\336"
 107      B59FF495 
 107      3E0DC29B 
 107      D8DE
 108 02bd CEABBCE4 		.ascii	"\316\253\274\344\227\316\220\265\304X\323U\275\306\210"
 108      97CE90B5 
 108      C458D355 
 108      BDC688
 109 02cc 7730E3C0 		.ascii	"w0\343\300\223\333\331\006fl%z\332\261\255\331#q\026"
 109      93DBD906 
 109      666C257A 
 109      DAB1ADD9 
 109      237116
 110 02df 33D634EE 		.ascii	"3\3264\356N51c5\3217l<r\330\210\3672cNc\346\006\311"
 110      4E353163 
 110      35D1376C 
 110      3C72D888 
 110      F732634E 
 111 02f7 381DD463 		.ascii	"8\035\324c\225E\367\203p\036\263\371\333o\254\011\305"
 111      9545F783 
ARM GAS  /tmp/cc5ACJIS.s 			page 8


 111      701EB3F9 
 111      DB6FAC09 
 111      C5
 112 0308 479892DF 		.ascii	"G\230\222\337\273m\237\036\237bJ\271?\360 \230y\365"
 112      BB6D9F1E 
 112      9F624AB9 
 112      3FF02098 
 112      79F5
 113 031a 92649AD2 		.ascii	"\222d\232\322\007\374&\351\220\"g\311\232\312\316}<"
 113      07FC26E9 
 113      902267C9 
 113      9ACACE7D 
 113      3C
 114 032b 2EA6E0D0 		.ascii	".\246\340\320\353\265\217\003a(<Bz\"#\324\025\275\003"
 114      EBB58F03 
 114      61283C42 
 114      7A2223D4 
 114      15BD03
 115 033e 15BD4DA7 		.ascii	"\025\275M\247\310/\225\263\001\312y\017JW\007R\017R"
 115      C82F95B3 
 115      01CA790F 
 115      4A570752 
 115      0F52
 116 0350 0B721FE4 		.ascii	"\013r\037\344!\310#\220F\220\007\312j\201\262\226\226"
 116      21C82390 
 116      469007CA 
 116      6A81B296 
 116      96
 117 0361 8FDE2A8A 		.ascii	"\217\336*\212e\037\323\302\336\202\302\022\252\301\251"
 117      651FD3C2 
 117      DE82C212 
 117      AAC1A9
 118 0370 1AB25100 		.ascii	"\032\262Q\000]2/\231\256\026\002\276\246\005_E\032t"
 118      5D322F99 
 118      AE1602BE 
 118      A6055F45 
 118      1A74
 119 0382 FDD70AFA 		.ascii	"\375\327\012\372o-\272f\350\266\"\360\257\024\370M-"
 119      6F2DBA66 
 119      E8B622F0 
 119      AF14F84D 
 119      2D
 120 0393 FCD06BF0 		.ascii	"\374\320k\360\222\005\012\374\256\026\236\253\315\245"
 120      92050AFC 
 120      AE169EAB 
 120      CDA5
 121 03a1 4495CB0D 		.ascii	"D\225\313\015-\372\372k\231\253\306Y\255EW\275\236\312"
 121      2DFAFA6B 
 121      99ABC659 
 121      AD4557BD 
 121      9ECA
 122 03b3 7C057E45 		.ascii	"|\005~E\013\257T\310\245=\364\027\333C\376\241{\210"
 122      0BAF54C8 
 122      A53DF417 
 122      DB43FEA1 
 122      7B88
 123 03c5 513556AA 		.ascii	"Q5V\252\346\343\240\226+O\025\032\226Jq\367\263U#q\031"
ARM GAS  /tmp/cc5ACJIS.s 			page 9


 123      E6E3A096 
 123      2B4F151A 
 123      964A71F7 
 123      B3552371 
 124 03da 5D2AFC81 		.ascii	"]*\374\201uO\353\364\232='\257\020\364\004\026\306\273"
 124      754FEBF4 
 124      9A3D27AF 
 124      10F40416 
 124      C6BB
 125 03ec 2C1296F1 		.ascii	",\022\226\361\215*\272\367\376\001\202\307\312\336\363"
 125      8D2ABAF7 
 125      FE0182C7 
 125      CADEF3
 126 03fb CB7BAF3E 		.ascii	"\313{\257>\253n\327\210p)\356\3327\305\345\336:(Pv\026"
 126      AB6ED788 
 126      7029EEDA 
 126      37C5E5DE 
 126      3A285076 
 127 0410 3DBC3CC2 		.ascii	"=\274<\302\2246\370\277\205\232T\347\022\207\236\"\023"
 127      9436F8BF 
 127      859A54E7 
 127      12879E22 
 127      13
 128 0421 BD2D400B 		.ascii	"\275-@\013\340\343\351\027\316\362\367!\016\\e\320("
 128      E0E3E917 
 128      CEF2F721 
 128      0E5C65D0 
 128      28
 129 0432 4A81D86D 		.ascii	"J\201\330m\002\032\"T\035\220\037\204h?\364\362\364"
 129      021A2254 
 129      1D901F84 
 129      683FF4F2 
 129      F4
 130 0443 CD80B40B 		.ascii	"\315\200\264\013\311\036\222\316K*/Q\322\237\344\214"
 130      C91E92CE 
 130      4B2A2F51 
 130      D29FE48C 
 131 0453 548CCCCC 		.ascii	"T\214\314\314\"\311\017\273\315\260\017\352&{#^\011"
 131      22C90FBB 
 131      CDB00FEA 
 131      267B235E 
 131      09
 132 0464 8090DA41 		.ascii	"\200\220\332AE\310\322\226\354\203\371q\312\340\220"
 132      45C8D296 
 132      EC83F971 
 132      CAE090
 133 0473 5CAAB68C 		.ascii	"\\\252\266\214\212Fc-\024\027zv\315@\264\257\365\210"
 133      8A46632D 
 133      14177A76 
 133      CD40B4AF 
 133      F588
 134 0485 586FC4D7 		.ascii	"Xo\304\327\330\201sq\240\3137\222\0358\274\352f3\206"
 134      D8817371 
 134      A0CB3792 
 134      1D38BCEA 
 134      663386
 135 0498 DD6C02C9 		.ascii	"\335l\002\311\327\213\215c\267\323\253J\2128\212G\213"
ARM GAS  /tmp/cc5ACJIS.s 			page 10


 135      D78B8D63 
 135      B7D3AB4A 
 135      8A388A47 
 135      8B
 136 04a9 DF43AD50 		.ascii	"\337C\255P\350\026Z\35064\026\336Kt\322z\253N?m\234"
 136      E8165AE8 
 136      363416DE 
 136      4B74D27A 
 136      AB4E3F6D 
 137 04be B04BDC55 		.ascii	"\260K\334U\007\027\226\273\343\037\027\212\"\334\023"
 137      071796BB 
 137      E31F178A 
 137      22DC13
 138 04cd 441D81A1 		.ascii	"D\035\201\241fee\300'\274\237\303$\243g0\313\034jG\023"
 138      666565C0 
 138      27BC9FC3 
 138      24A36730 
 138      CB1C6A47 
 139 04e2 C8C956D8 		.ascii	"\310\311V\330\\\033D\316a\302\265\271\260\272\036\003"
 139      5C1B44CE 
 139      61C2B5B9 
 139      B0BA1E03 
 140 04f2 571DACAF 		.ascii	"W\035\254\257\226\246\351;\013\036\211k\2154 z\2410"
 140      96A6E93B 
 140      0B1E896B 
 140      8D34207A 
 140      A130
 141 0504 BD204CE4 		.ascii	"\275 L\344\243\2032T4\336\373\031W3\202C\277V\265\004"
 141      A3833254 
 141      34DEFB19 
 141      57338243 
 141      BF56B504 
 142 0518 4B04353D 		.ascii	"K\0045=\021U{W\373b\231\177\247\342\337)\373\277\244"
 142      11557B57 
 142      FB62997F 
 142      A7E2DF29 
 142      FBBFA4
 143 052b FE55E5D9 		.ascii	"\376U\345\331\275a8GG\011\266\237)\276l\220\010z\322"
 143      BD613847 
 143      4709B69F 
 143      29BE6C90 
 143      087AD2
 144 053e 716EEE20 		.ascii	"qn\356 A\227B\320%\023\004(\301\376\274\214\006\003"
 144      419742D0 
 144      25130428 
 144      C1FEBC8C 
 144      0603
 145 0550 6E660497 		.ascii	"nf\004\227\216_(3\350x\266\016I\221\240/e\375\336\003"
 145      8E5F2833 
 145      E878B60E 
 145      4991A02F 
 145      65FDDE03 
 146 0564 863796B3 		.ascii	"\2067\226\263\207\226\363\025\222\352\031(\335\226&"
 146      8796F315 
 146      92EA1928 
 146      DD9626
 147 0573 67F0E2E0 		.ascii	"g\360\342\340\244\365\3314\003\000\241n%\203n9\203^"
ARM GAS  /tmp/cc5ACJIS.s 			page 11


 147      A4F5D934 
 147      0300A16E 
 147      25836E39 
 147      835E
 148 0585 9A4146D6 		.ascii	"\232AF\326\306\002\214{Y\006[v\366^\341%\202\313\271"
 148      C6028C7B 
 148      59065B76 
 148      F65EE125 
 148      82CBB9
 149 0598 38674029 		.ascii	"8g@)b\237\302\320'3\364S\206\262?\017\275\014\3055A"
 149      629FC2D0 
 149      2733F453 
 149      86B23F0F 
 149      BD0CC535 
 150 05ad 94A167BF 		.ascii	"\224\241g\277\357\216\376\303l\261U$\227\254\351\353"
 150      EF8EFEC3 
 150      6CB15524 
 150      97ACE9EB 
 151 05bd 52AE88E2 		.ascii	"R\256\210\342n\236n\267\001\306\240\372\233\031\240"
 151      6E9E6EB7 
 151      01C6A0FA 
 151      9B19A0
 152 05cc F32AF21F 		.ascii	"\363*\362\037\222;n\340\346}\223z\207\222\240\312\016"
 152      923B6EE0 
 152      E67D937A 
 152      8792A0CA 
 152      0E
 153 05dd 4DE64D72 		.ascii	"M\346Mrx\370\004\374\211\253\353\373\207\340{\206\340"
 153      78F804FC 
 153      89ABEBFB 
 153      87E07B86 
 153      E0
 154 05ee 57F26C47 		.ascii	"W\362lG\223V\037;w\226\305k\321Y\226\272\343C\346,\370"
 154      93561F3B 
 154      7796C56B 
 154      D15996BA 
 154      E343E62C 
 155 0603 6E7CF4D4 		.ascii	"n|\364\324\251\234\321lNr$z\247E\231\275\237\010I\036"
 155      A99CD16C 
 155      4E72247A 
 155      A74599BD 
 155      9F08491E 
 156 0617 B7607127 		.ascii	"\267`q'LNt&\332&\333,K\034\202#1.>\311j\023\022,qvG"
 156      4C4E7426 
 156      DA26DB2C 
 156      4B1C8223 
 156      312E3EC9 
 157 0632 A24D305B 		.ascii	"\242M0[mK-I\361^\263w\205\313\346\231b\347Bd\357\217"
 157      6D4B2D49 
 157      F15EB377 
 157      85CBE699 
 157      62E74264 
 158 0648 FEC3DBB3 		.ascii	"\376\303\333\263\302#\230=^+@\301\005;\255\356 W\222"
 158      C223983D 
 158      5E2B40C1 
 158      053BADEE 
 158      205792
ARM GAS  /tmp/cc5ACJIS.s 			page 12


 159 065b CBEA0E76 		.ascii	"\313\352\016vz\\6\233\325\255w\022:wP\202\323js\223"
 159      7A5C369B 
 159      D5AD7712 
 159      3A775082 
 159      D36A7393 
 160 066f FCEC0B04 		.ascii	"\374\354\013\004\2733\301&X\243\246Z\247\375(\270\334"
 160      BB33C126 
 160      58A3A65A 
 160      A7FD28B8 
 160      DC
 161 0680 CE656E4B 		.ascii	"\316enKB\202#q\231\020mw,q,\\$\010N\217`\267\304\013"
 161      42822371 
 161      99106D77 
 161      2C712C5C 
 161      24084E8F 
 162 0698 2EA7DBEB 		.ascii	".\247\333\353\021\026};\177Z\2240o\336,aNl\314\302\237"
 162      11167D3B 
 162      7F5A9430 
 162      6FDE2C61 
 162      4E6CCCC2 
 163 06ad A288C9EC 		.ascii	"\242\210\311\354\002\211\217\267B\310\321\036o\002$"
 163      02898FB7 
 163      42C8D11E 
 163      6F0224
 164 06bc B9CCE570 		.ascii	"\271\314\345p\232=6o\222\313\354\325\307\316!\325\320"
 164      9A3D366F 
 164      92CBECD5 
 164      C7CE21D5 
 164      D0
 165 06cd C7CE66CD 		.ascii	"\307\316f\315\227\254\231\305\232h\326|\301\232\231"
 165      97AC99C5 
 165      9A68D67C 
 165      C19A99
 166 06dc AC89218D 		.ascii	"\254\211!\215!v\346\274hg\342R\307\262`\210\021\223"
 166      2176E6BC 
 166      6867E252 
 166      C7B26088 
 166      1193
 167 06ee E8F04E7B 		.ascii	"\350\360N{\353\\=\3568\322N\211\343\364\036/q\375\364"
 167      EB5C3DEE 
 167      38D24E89 
 167      E3F41E2F 
 167      71FDF4
 168 0701 AD5DE552 		.ascii	"\255]\345R\222qyH\025\015K\234\026\267\225\220\314\177"
 168      92717948 
 168      150D4B9C 
 168      16B79590 
 168      CC7F
 169 0713 6B12EA42 		.ascii	"k\022\352B\212e\246\365\232\375\211yV\314\242\350\205"
 169      8A65A6F5 
 169      9AFD8979 
 169      56CCA2E8 
 169      85
 170 0724 8BBFFCE6 		.ascii	"\213\277\374\346\007f\003^\275\207\222~\366n\231\331"
 170      0766035E 
 170      BD87927E 
 170      F66E99D9 
ARM GAS  /tmp/cc5ACJIS.s 			page 13


 171 0734 DC0E189F 		.ascii	"\334\016\030\237\235\013\223\213ov\000\231\311\256R"
 171      9D0B938B 
 171      6F760099 
 171      C9AE52
 172 0743 62DE696A 		.ascii	"b\336ij\245\204\227/\027\354\312\254\222\030\362\202"
 172      A584972F 
 172      17ECCAAC 
 172      9218F282 
 173 0753 8CA373F2 		.ascii	"\214\243s\362/\221\256gA"
 173      2F91AE67 
 173      41
 174              		.text
 175              		.section	.gnu.lto_.symtab.e17e01bef1e6077b,"",%progbits
 176 0000 68616C49 		.ascii	"halInit\000"
 176      6E697400 
 177 0008 00       		.ascii	"\000"
 178 0009 00       		.ascii	"\000"
 179 000a 00       		.ascii	"\000"
 180 000b 00000000 		.ascii	"\000\000\000\000\000\000\000\000"
 180      00000000 
 181 0013 F2000000 		.ascii	"\362\000\000\000"
 182 0017 70616C5F 		.ascii	"pal_default_config\000"
 182      64656661 
 182      756C745F 
 182      636F6E66 
 182      696700
 183 002a 00       		.ascii	"\000"
 184 002b 02       		.ascii	"\002"
 185 002c 00       		.ascii	"\000"
 186 002d 00000000 		.ascii	"\000\000\000\000\000\000\000\000"
 186      00000000 
 187 0035 00010000 		.ascii	"\000\001\000\000"
 188 0039 7374496E 		.ascii	"stInit\000"
 188      697400
 189 0040 00       		.ascii	"\000"
 190 0041 02       		.ascii	"\002"
 191 0042 00       		.ascii	"\000"
 192 0043 00000000 		.ascii	"\000\000\000\000\000\000\000\000"
 192      00000000 
 193 004b F4000000 		.ascii	"\364\000\000\000"
 194 004f 626F6172 		.ascii	"boardInit\000"
 194      64496E69 
 194      7400
 195 0059 00       		.ascii	"\000"
 196 005a 02       		.ascii	"\002"
 197 005b 00       		.ascii	"\000"
 198 005c 00000000 		.ascii	"\000\000\000\000\000\000\000\000"
 198      00000000 
 199 0064 F6000000 		.ascii	"\366\000\000\000"
 200 0068 7364496E 		.ascii	"sdInit\000"
 200      697400
 201 006f 00       		.ascii	"\000"
 202 0070 02       		.ascii	"\002"
 203 0071 00       		.ascii	"\000"
 204 0072 00000000 		.ascii	"\000\000\000\000\000\000\000\000"
 204      00000000 
 205 007a F8000000 		.ascii	"\370\000\000\000"
ARM GAS  /tmp/cc5ACJIS.s 			page 14


 206 007e 5F70616C 		.ascii	"_pal_lld_init\000"
 206      5F6C6C64 
 206      5F696E69 
 206      7400
 207 008c 00       		.ascii	"\000"
 208 008d 02       		.ascii	"\002"
 209 008e 00       		.ascii	"\000"
 210 008f 00000000 		.ascii	"\000\000\000\000\000\000\000\000"
 210      00000000 
 211 0097 FC000000 		.ascii	"\374\000\000\000"
 212 009b 68616C5F 		.ascii	"hal_lld_init\000"
 212      6C6C645F 
 212      696E6974 
 212      00
 213 00a8 00       		.ascii	"\000"
 214 00a9 02       		.ascii	"\002"
 215 00aa 00       		.ascii	"\000"
 216 00ab 00000000 		.ascii	"\000\000\000\000\000\000\000\000"
 216      00000000 
 217 00b3 FE000000 		.ascii	"\376\000\000\000"
 218              		.text
 219              		.section	.gnu.lto_.opts,"",%progbits
 220 0000 272D666D 		.ascii	"'-fmath-errno' '-fsigned-zeros' '-ftrapping-math' '"
 220      6174682D 
 220      6572726E 
 220      6F272027 
 220      2D667369 
 221 0033 2D666E6F 		.ascii	"-fno-trapv' '-fno-openmp' '-fno-openacc' '-mcpu=cor"
 221      2D747261 
 221      70762720 
 221      272D666E 
 221      6F2D6F70 
 222 0066 7465782D 		.ascii	"tex-m4' '-mno-thumb-interwork' '-mthumb' '-ggdb' '-"
 222      6D342720 
 222      272D6D6E 
 222      6F2D7468 
 222      756D622D 
 223 0099 4F322720 		.ascii	"O2' '-fomit-frame-pointer' '-falign-functions=16' '"
 223      272D666F 
 223      6D69742D 
 223      6672616D 
 223      652D706F 
 224 00cc 2D666675 		.ascii	"-ffunction-sections' '-fdata-sections' '-fno-common"
 224      6E637469 
 224      6F6E2D73 
 224      65637469 
 224      6F6E7327 
 225 00ff 2720272D 		.ascii	"' '-flto'\000"
 225      666C746F 
 225      2700
 226              		.text
 227              		.comm	__gnu_lto_v1,1,1
 228              		.comm	__gnu_lto_slim,1,1
 229              		.ident	"GCC: (GNU Tools for ARM Embedded Processors 6-2017-q2-update) 6.3.1 20170215 (release) [AR
ARM GAS  /tmp/cc5ACJIS.s 			page 15


DEFINED SYMBOLS
                            *ABS*:0000000000000000 hal.c
                            *COM*:0000000000000001 __gnu_lto_v1
                            *COM*:0000000000000001 __gnu_lto_slim

NO UNDEFINED SYMBOLS
