ARM GAS  /tmp/cchGwNFa.s 			page 1


   1              		.cpu cortex-m4
   2              		.eabi_attribute 20, 1
   3              		.eabi_attribute 21, 1
   4              		.eabi_attribute 23, 3
   5              		.eabi_attribute 24, 1
   6              		.eabi_attribute 25, 1
   7              		.eabi_attribute 26, 1
   8              		.eabi_attribute 30, 2
   9              		.eabi_attribute 34, 1
  10              		.eabi_attribute 18, 4
  11              		.file	"hal_lld.c"
  12              		.text
  13              	.Ltext0:
  14              		.section	.gnu.lto_.profile.bc7174a0d0f36654,"",%progbits
  15 0000 789C6365 		.ascii	"x\234ce`b`a```dHK\001\000\001\260\000\327"
  15      60626061 
  15      60606064 
  15      484B0100 
  15      01B000D7 
  16              		.text
  17              		.section	.gnu.lto_.icf.bc7174a0d0f36654,"",%progbits
  18 0000 789C6365 		.ascii	"x\234ce`b\020a@\000f\206{\347.\356\344d\234;\363\366"
  18      60621061 
  18      40006686 
  18      7BE72EEE 
  18      E4649C3B 
  19 0016 0E3EA627 		.ascii	"\016>\246'M;\177p3\000\000d\313\011Z"
  19      4D3B7F70 
  19      33000064 
  19      CB095A
  20              		.text
  21              		.section	.gnu.lto_.jmpfuncs.bc7174a0d0f36654,"",%progbits
  22 0000 789C6365 		.ascii	"x\234ce`b\340`@\000& f\004b\000\001p\000\023"
  22      6062E060 
  22      40002620 
  22      66046200 
  22      01700013 
  23              		.text
  24              		.section	.gnu.lto_.inline.bc7174a0d0f36654,"",%progbits
  25 0000 789C6365 		.ascii	"x\234ce`b\320e@\000&\006\006y9F\006&\213\005\353\231"
  25      6062D065 
  25      40002606 
  25      06793946 
  25      06268B05 
  26 0016 19D816C8 		.ascii	"\031\330\026\3103\201\004\031\031N2<`\002\212\3660~"
  26      33810419 
  26      194E323C 
  26      60028AF6 
  26      307E
  27 0028 BBAD0517 		.ascii	"\273\255\005\027f\000\000\257\245\007\306"
  27      660000AF 
  27      A507C6
  28              		.text
  29              		.section	.gnu.lto_.pureconst.bc7174a0d0f36654,"",%progbits
  30 0000 789C6365 		.ascii	"x\234ce`b`e`\000\222R\214R\000\001\005\000D"
  30      60626065 
  30      60009252 
ARM GAS  /tmp/cchGwNFa.s 			page 2


  30      8C520001 
  30      050044
  31              		.text
  32              		.section	.gnu.lto_hal_lld_init.bc7174a0d0f36654,"",%progbits
  33 0000 789CA595 		.ascii	"x\234\245\225[H\024a\024\307\2773\337\354M\326\024\257"
  33      5B481461 
  33      14C7BF33 
  33      DFEC4DD6 
  33      14AF
  34 0012 1106BDFA 		.ascii	"\021\006\275\372\322\220J\217\276\004AE\364`\357\341"
  34      D2904A8F 
  34      BE044145 
  34      F460EFE1 
  35 0022 2554D034 		.ascii	"%T\3204\355\301\207\3101W\015\243\354\2414\241m\215"
  35      EDC187C8 
  35      31570DA3 
  35      ECA134A1 
  35      6D8D
  36 0034 085D4DCD 		.ascii	"\010]M\315\262\213Zy\277\225\251\231\332EM\013\021%"
  36      B28B5A79 
  36      BF95A999 
  36      DA454D0B 
  36      1125
  37 0046 C448A1CC 		.ascii	"\304H\241\314\313\366\235\357\033w\326^r\267\201=\263"
  37      CBF69DEF 
  37      1B77D65E 
  37      72B7813D 
  37      B3
  38 0057 3BF3EDEF 		.ascii	";\363\355\357\377?\347\314w\306@$r\301L\3101BH\014\373"
  38      FF3FE7CC 
  38      77C64024 
  38      72C14CC8 
  38      3142480C 
  39 006c 80818074 		.ascii	"\200\201\200tm\220\220<\263$\321\376X\242\372\311\275"
  39      6D90903C 
  39      B324D1FE 
  39      58A2FAC9 
  39      BD
  40 007d 0144B552 		.ascii	"\001D\265R\220\305e\031\000\277\250f \271\022\225!\027"
  40      90C56519 
  40      00BFA866 
  40      20B91295 
  40      2117
  41 008f 4A681985 		.ascii	"Jh\031\205\216\242\271&)\262ReG[\331\250\251P-\330\355"
  41      8EA2B926 
  41      29B25265 
  41      475BD9A8 
  41      A9502DD8 
  42 00a4 A08494B3 		.ascii	"\240\204\224\263\017\036P\011\221\204-\373\332\260y"
  42      0F1E5009 
  42      91842DFB 
  42      DAB079
  43 00b3 C3DF288B 		.ascii	"\303\337(\213\353P\005F`\347\372\021hS7]Ej\333\300]"
  43      EB500546 
  43      60E7FA11 
  43      6853375D 
  43      456ADBC0 
ARM GAS  /tmp/cchGwNFa.s 			page 3


  44 00c8 683ABA57 		.ascii	"h:\272W\"\016\312\214\260`\306`\301`\305\020\200!\020"
  44      220ECA8C 
  44      B060C660 
  44      C160C510 
  44      802110
  45 00db 43108660 		.ascii	"C\020\206`\014!\030B1\204a\010\307@H1\343\243\315\313"
  45      0C211842 
  45      31846108 
  45      C7404831 
  45      E3A3CDCB 
  46 00ef 54C2335D 		.ascii	"T\3023]\200\216\346\205\245DT\264S\211\031)-\350\030"
  46      808EE685 
  46      A54454B4 
  46      53891929 
  46      2DE818
  47 0102 325DA50E 		.ascii	"2]\245\016*\001\372\262\331\273\347,\342\247\372\375"
  47      2A01FAB2 
  47      D9BBE72C 
  47      E2A7FAFD 
  48 0112 922AB34B 		.ascii	"\222*\263K\337\246\327\232\014\016\260\347\261\224\366"
  48      DFA6D79A 
  48      0C0EB0E7 
  48      B194F6
  49 0121 3928856A 		.ascii	"9(\205j\210\000'D\020\\\377\243tx\306\252\324\2526p"
  49      88002744 
  49      105CFFA3 
  49      7478C6AA 
  49      D4AA3670 
  50 0135 B01AD480 		.ascii	"\260\032\324\200\003n\362L\341>(\204\211\255\230Q\312"
  50      036EF24C 
  50      E13E2884 
  50      89AD9851 
  50      CA
  51 0146 3B4AAD4E 		.ascii	";J\255N\251\003\205\335\236\352s\326P4\005\340bG\000"
  51      A90385DD 
  51      9EEA73D6 
  51      503405E0 
  51      624700
  52 0159 D4B3FF79 		.ascii	"\324\263\377y\017\317\303{2<\320\361\015\034\357.\201"
  52      0FCFC37B 
  52      323CD0F1 
  52      0D1CEF2E 
  52      81
  53 016a 0C041E0A 		.ascii	"\014\004\036\012t\263s\225\212\"\031\2743\377\210\323"
  53      74B37395 
  53      8A2219BC 
  53      33FF88D3 
  54 017a B19BD0E8 		.ascii	"\261\233\320\350{\011\036\353\224'\240\374_\276Ou\326"
  54      7B091EEB 
  54      9427A0FC 
  54      5FBE4F75 
  54      D6
  55 018b 33C67227 		.ascii	"3\306r'\270\246%h\366\316Z\023\307I\210k\346\011\346"
  55      B8A62568 
  55      F6CE5A13 
  55      C749886B 
  55      E609E6
ARM GAS  /tmp/cchGwNFa.s 			page 4


  56 019e FF2A0441 		.ascii	"\377*\004A\262\010\330\225\215\351v\217v\355\202\026"
  56      B208D895 
  56      8DE9768F 
  56      76ED8216 
  57 01ae 21596AF1 		.ascii	"!Yj\361\276\020\317u\265\027\2400\011\337\353\360RG"
  57      BE10CF75 
  57      B517A030 
  57      09DFEBF0 
  57      5247
  58 01c0 B57AD661 		.ascii	"\265z\326a]\253\203\325;gm\034\307\267o\273\357\215"
  58      5DAB83D5 
  58      3B676D1C 
  58      C7B76FBB 
  58      EF8D
  59 01d2 EED0299D 		.ascii	"\356\320)\235\377\333\350.\235\325\355\231\240KK0\300"
  59      FFDBE82E 
  59      9DD5ED99 
  59      A04B4B30 
  59      C0
  60 01e3 3B6B3D1C 		.ascii	";k=\034'#\256\367\257F\007\012XO\363\357e\253h4\316"
  60      2723AEF7 
  60      AF46070A 
  60      584FF3EF 
  60      65AB6834 
  61 01f8 3B803EDF 		.ascii	";\200>\337\033\335\257\253\275\302F\007r\357\013\253"
  61      1BDDAFAB 
  61      BDC24607 
  61      72EF0BAB 
  62 0208 07DDC3D2 		.ascii	"\007\335\303\322\306g\352x\225\221\317\313r\012\236"
  62      C667EA78 
  62      9591CFCB 
  62      720A9E
  63 0217 73145E83 		.ascii	"s\024^\203\221\375u\000\335\005y\356i\003_vg\303Vg\021"
  63      91FD7500 
  63      DD0579EE 
  63      69035F76 
  63      67C35667 
  64 022c 3FD5993C 		.ascii	"?\325\231<>\326n\017Lv\3711oL\335\010\203\314\327\033"
  64      3ED66E0F 
  64      4C76F931 
  64      6F4CDD08 
  64      83CCD71B 
  65 0240 CDD7E050 		.ascii	"\315\327\340P\361\212\311\355k\210\3732\010\001\030"
  65      F18AC9ED 
  65      6B88FB32 
  65      080118
  66 024f DE2A847D 		.ascii	"\336*\204}\311(\304\202\205^\335|\353-?\255\024\022"
  66      C928C482 
  66      855EDD7C 
  66      EB2D3FAD 
  66      1412
  67 0261 BC75D761 		.ascii	"\274u\327a\200\327a\207Z#\333\264\336a\031\202E\013"
  67      80D76187 
  67      5A23DBB4 
  67      DE611982 
  67      450B
  68 0273 CF0BB110 		.ascii	"\317\013\261\020\217\232\302\277\036\207QN3j\2641\341"
ARM GAS  /tmp/cchGwNFa.s 			page 5


  68      8F9AC2BF 
  68      1E87514E 
  68      336AB431 
  68      E1
  69 0284 7CBDD069 		.ascii	"|\275\320i\020\254P\201\233\2757[a\321\214\033a\234"
  69      10AC5081 
  69      9BBD375B 
  69      61D18C1B 
  69      619C
  70 0296 B166C136 		.ascii	"\261f\3016\321\031\243-b+\312\026W\367h\013dx\217b\004"
  70      D119A32D 
  70      622BCA16 
  70      57F7680B 
  70      64788F62 
  71 02ab DF2794F4 		.ascii	"\337'\224\364\307\342\353de~3VKs'\326*\022\320\333\207"
  71      C7E2EB64 
  71      657E3356 
  71      4B7327D6 
  71      2A12D0DB 
  72 02c0 6DDE3EF2 		.ascii	"m\336>\3621\\\375\323\261,\2131\2542\245O\332V\230w"
  72      315CFDD3 
  72      B12C8B31 
  72      AC32A54F 
  72      DA569877 
  73 02d4 798F9FD8 		.ascii	"y\217\237\330\206\237\3246\003\272\226\365\267`\177"
  73      869FD436 
  73      03BA96F5 
  73      B7607F
  74 02e3 BE492419 		.ascii	"\276I$\031\266\363\016Mq\260I\003\177\336\252)\010P"
  74      B6F30E4D 
  74      71B04903 
  74      7FDEAA29 
  74      0850
  75 02f5 B8603596 		.ascii	"\270`5\226\264\214\371k\363o\015_W\323\276=\0163\333"
  75      B48CF96B 
  75      F36F0D5F 
  75      57D3BE3D 
  75      0E33DB
  76 0308 C4BEE0E3 		.ascii	"\304\276\340\343\020N\026\341b\305\362u\276\017y#\212"
  76      104E16E1 
  76      62C5F275 
  76      BE0F7923 
  76      8A
  77 0319 D93E6029 		.ascii	"\331>`)\261\261vDI\311H?\255$E\035H\212>\253dfe$g\305"
  77      B1B17644 
  77      49C9483F 
  77      AD24451D 
  77      488A3EAB 
  78 0333 A7A7A79E 		.ascii	"\247\247\247\236IV\016\245\244&\244\236\210S\224\214"
  78      49560EA5 
  78      A426A49E 
  78      8853948C 
  79 0343 6C25253E 		.ascii	"l%%>M\311\314\310:\227\255\304\235<\036\035%\342\341"
  79      4DC9CCC8 
  79      3A97ADC4 
  79      9D3C1E1D 
  79      25E2E1
ARM GAS  /tmp/cchGwNFa.s 			page 6


  80 0356 989C1CBC 		.ascii	"\230\234\034\274s*--i\177\"\371\003\3433\322\345"
  80      732A2D2D 
  80      697F22F9 
  80      03E333D2 
  80      E5
  81              		.text
  82              		.section	.gnu.lto_stm32_clock_init.bc7174a0d0f36654,"",%progbits
  83 0000 789CA558 		.ascii	"x\234\245XkL\024W\024\2363\263\217\331\027\273,oP\203"
  83      6B4C1457 
  83      149E33B3 
  83      8FD917BB 
  83      2C6F5083 
  84 0014 F11149B4 		.ascii	"\361\021I\264\253\210i\323\177\244I\223\246i\372\303"
  84      AB8869D3 
  84      7FA44993 
  84      A669FAC3 
  85 0024 A6FF9AC6 		.ascii	"\246\377\232\306\326Fm\265Xm\032\373\313YY\036\002\025"
  85      D6466DB5 
  85      586D1AFB 
  85      CB59591E 
  85      0215
  86 0036 9B52A426 		.ascii	"\233R\244&\202m\323\012-\212X_\370\\\020\272\202\010"
  86      826DD30A 
  86      2D8A585F 
  86      F85C10BA 
  86      8208
  87 0048 62D50AA2 		.ascii	"b\325\012\242\240\025\001\237T\251\002\242\333{\356"
  87      A015019F 
  87      54A902A2 
  87      DB7BEE
  88 0057 BDB3B35D 		.ascii	"\275\263\263]\323\264\263\356\217sg\356\235\375\316"
  88      D3B4B3EE 
  88      8F7367EE 
  88      9DFDCE
  89 0066 77BE73EE 		.ascii	"w\276s\356\331;k\024D\241\337%\010\257\013\202\3609"
  89      D93B6B14 
  89      44A1DF25 
  89      08AF0B82 
  89      F039
  90 0078 08024C11 		.ascii	"\010\002L\021@\334\334!\010^Y\004\211]HbZI@\020\024"
  90      40DCDC21 
  90      085E5904 
  90      895D4862 
  90      5A494010 
  91 008d ABC16716 		.ascii	"\253\301g\026\024{\032\233\3176\200\221\255\033\305"
  91      147B1A9B 
  91      CF368091 
  91      AD1BC5
  92 009c 54B66EA2 		.ascii	"T\266n\242\353\251l>\333\004f\266n\026S\330\272L\327"
  92      EBA96C3E 
  92      DB0466B6 
  92      6E1653D8 
  92      BA4CD7
  93 00af 53D87CB6 		.ascii	"S\330|\266\014\026\266n\021\223\331\272\225\256'\263"
  93      0C16B66E 
  93      1193D9BA 
  93      95AE27B3 
ARM GAS  /tmp/cchGwNFa.s 			page 7


  94 00bf F96C2BD8 		.ascii	"\371l+\330\330\272MLb\353v\272\236\304\346\263\355\020"
  94      D8BA4D4C 
  94      62EB76BA 
  94      9EC4E6B3 
  94      ED10
  95 00d1 8F23C48B 		.ascii	"\217#\304\213\211l\331A\227\023\331t\266C\214\031I "
  95      896CD941 
  95      9713D974 
  95      B6438C19 
  95      4920
  96 00e3 B3AEED2F 		.ascii	"\263\256\355/\221\331\030\321\031v\347\204X\006\355"
  96      91D918D1 
  96      1976E784 
  96      5806ED
  97 00f2 522F62C1 		.ascii	"R/b\301\315.\334b\002C\213\243h\011l>;\016\000GE\006"
  97      CD2EDC62 
  97      02438BA3 
  97      68096C3E 
  97      3B0E0047 
  98 0108 61BD28A5 		.ascii	"a\275(\245\031\214\251&s\212lI\266\332\222\354\361\211"
  98      198CA926 
  98      738A6C49 
  98      B6DA92EC 
  98      F189
  99 011a 8E18A72B 		.ascii	"\216\030\247+\326\235\020\007\353eI`\037#\037\315|\264"
  99      D69D1007 
  99      EB654960 
  99      1F231FCD 
  99      7CB4
 100 012c F0D1C6C7 		.ascii	"\360\321\306\307x>\272\371X*m\221\240\251\340F\203\230"
 100      783EBAF9 
 100      582A6D91 
 100      A0A9E046 
 100      8398
 101 013e B143211F 		.ascii	"\261C!\037\377\226\036k\276\222\227\\E\000\277\341\240"
 101      FF961E6B 
 101      BE92975C 
 101      4500BFE1 
 101      A0
 102 014f B0033204 		.ascii	"\260\0032\004\362\330\265\372\247_;L\0066\017\325`\""
 102      F2D8B5FA 
 102      A75F3B4C 
 102      06360FD5 
 102      6022
 103 0161 8913EACE 		.ascii	"\211\023\352\316\202_y\032,P\374\267\277\207\257\336"
 103      825F791A 
 103      2C50FCB7 
 103      BF87AFDE 
 104 0171 7ED12854 		.ascii	"~\321(TI`B#\243\261\240\261\242\261\241q\240q\242q\241"
 104      49604223 
 104      A3B1A0B1 
 104      A2B1A171 
 104      A071A271 
 105 0186 8945E346 		.ascii	"\211E\343F\223\200&\021M2\232\0244\251h\322\320LE3\015"
 105      93802611 
 105      4D329A14 
 105      34A968D2 
ARM GAS  /tmp/cchGwNFa.s 			page 8


 105      D04C4533 
 106 019b 4D3A9AE9 		.ascii	"M:\232\351hf\240\231\211f\026\232\331h\346\240\311@"
 106      6866A099 
 106      8966169A 
 106      D968E6A0 
 106      C940
 107 01ad 3317CD3C 		.ascii	"3\027\315<4\0364\363\321,@\223\211&\013\315\"4\202P"
 107      341E34F3 
 107      D12C4093 
 107      89260BCD 
 107      22348250 
 108 01c1 44A2219A 		.ascii	"D\242!\232\027K\"\031\244ah\032\035:\222g\305\360H\310"
 108      174B2219 
 108      A461681A 
 108      1D3A9267 
 108      C5F048C8 
 109 01d5 E5794D9D 		.ascii	"\345yM\235\346MR\225$\002*\340\333\326r\303\302n\225"
 109      E64D5295 
 109      24022AE0 
 109      DBD672C3 
 109      C26E95
 110 01e8 9142C540 		.ascii	"\221B\305@\246n\365=n0V\3016/\021o{j\225$\301O0\005"
 110      A66EF53D 
 110      6E3056C1 
 110      362F116F 
 110      7B6A9524 
 111 0200 6A4841E3 		.ascii	"jHA\343\027\356\227\237\351\267{v*>\257\222^%\031\340"
 111      17EE979F 
 111      E9B77B76 
 111      2A3EAF92 
 111      5E2519E0 
 112 0214 67A8820A 		.ascii	"g\250\202\012*+\324\202\207<p\340\374\3266#\"\032\000"
 112      2A2BD482 
 112      873C70E0 
 112      FCD63623 
 112      221A00
 113 0227 E507D849 		.ascii	"\345\007\330I\276II\264\016\230\"I\030)\211o\237\370"
 113      BE4949B4 
 113      0E982249 
 113      1829896F 
 113      9FF8
 114 0239 7659D8AD 		.ascii	"vY\330\255\322\357\245$*\333{\233\255a$LPGH\354\342"
 114      D2EFA524 
 114      2ADB7B9B 
 114      AD61244C 
 114      504748EC 
 115 024e 243A3A8B 		.ascii	"$::\213F\315a$vS\022\230<\250\247$ZvM\\\263\250$$\330"
 115      46CD6124 
 115      76531298 
 115      3CA8A724 
 115      5A764D5C 
 116 0267 C3281C1A 		.ascii	"\303(\034\032\276\310(l\223\214\021\201\246\377k\234"
 116      BEC8286C 
 116      938C1181 
 116      A6FF6B9C 
 117 0277 8020BF50 		.ascii	"\200 \277P\007\":\330K\364\037\206\334\261|`H\034lo"
 117      07223AD8 
ARM GAS  /tmp/cchGwNFa.s 			page 9


 117      4BF41F86 
 117      DCB17C60 
 117      481C6C6F 
 118 028b 73205F46 		.ascii	"s _F\217@>\373\230\277r\013\217W\207\247\375\232\247"
 118      8F403EFB 
 118      98BF720B 
 118      8F5787A7 
 118      FD9AA7
 119 029e 03E021F0 		.ascii	"\003\340!\360\344\252X\222\004\262i$\032B\367\200\231"
 119      E4AA5892 
 119      04B26924 
 119      1A42F780 
 119      99
 120 02af 3996FF37 		.ascii	"9\226\37770W\351\240\006\335\300\202\230\314o520\013"
 120      3057E9A0 
 120      06DDC082 
 120      98CC6F35 
 120      32300B
 121 02c2 C36B093E 		.ascii	"\303k\011>\362;Y\024\"\034\"8\327\301\327s\242\235\207"
 121      F23B5914 
 121      221C2238 
 121      D7C1D773 
 121      A29D87
 122 02d5 6A214FD4 		.ascii	"j!O\324\335n\030w\260'\0048\214\236\004\254\2704\201"
 122      DD6E1877 
 122      B0270438 
 122      8C9E04AC 
 122      B83481
 123 02e8 6C762896 		.ascii	"lv(\226\014\274\344\016\015\367\375\300yZ\365\011p\204"
 123      0CBCE40E 
 123      0DF7FDC0 
 123      795AF509 
 123      7084
 124 02fa B2A41BF2 		.ascii	"\262\244\033\362\250\312\222\373\2671\260c\017\363>"
 124      A8CA92FB 
 124      B731B063 
 124      0FF33E
 125 0309 630C2683 		.ascii	"c\014&\203\301\240\023\216E\257\366q\315\231\037\325"
 125      C1A0138E 
 125      45AFF671 
 125      CD991FD5 
 126 0319 B6D132A9 		.ascii	"\266\3212\251\031\342\2528\364\2415jhM\224zT\234Nh("
 126      19E2AA38 
 126      F4A1356A 
 126      684D947A 
 126      549C4E68 
 127 032e CDC8C941 		.ascii	"\315\310\311A+\300\250U\300p\013W\326\251\267\002Z4"
 127      2BC0A855 
 127      C0700B57 
 127      D6A9B702 
 127      5A34
 128 0340 E85F556D 		.ascii	"\350_Um\273y\254.\206\367x\250\254\033\230\272v\010"
 128      BB79AC2E 
 128      86F778A8 
 128      AC1B98BA 
 128      7608
 129 0352 B00AB814 		.ascii	"\260\012\270\024\252\000WX\312Sy\312M\241\224\337Qw"
ARM GAS  /tmp/cchGwNFa.s 			page 10


 129      AA005758 
 129      CA5379CA 
 129      4DA194DF 
 129      5177
 130 0364 57ACBE88 		.ascii	"W\254\276\210Oj\205\331\032\221r7\003\253k\315\013p"
 130      4F6A85D9 
 130      1A917237 
 130      03AB6BCD 
 130      0B70
 131 0376 56E3006D 		.ascii	"V\343\000m\321'\374\224\346\252\035\305u\263\326t\227"
 131      D127FC94 
 131      E6AA1DC5 
 131      75B3D674 
 131      97
 132 0387 15ABEEEE 		.ascii	"\025\253\356\356wZ\023\264\2036\236Pg3\220\355\321\251"
 132      775A13B4 
 132      83369E50 
 132      673390ED 
 132      D1A9
 133 0399 B69DA02A 		.ascii	"\266\235\240*L\202>\266g4\266]\021m'\221\201\015\336"
 133      4C823EB6 
 133      6734B65D 
 133      116D2791 
 133      810DDE
 134 03ac AD2D3133 		.ascii	"\255-13a\024\305\000g\243W\3467\315\3279T&\221\226\235"
 134      6114C500 
 134      67A357E6 
 134      37CDD739 
 134      54269196 
 135 03c1 592BBB8D 		.ascii	"Y+\273\215\001^v\311z\313\356\274\006}A\315o\003/\273"
 135      015E76C9 
 135      7ACBEEBC 
 135      067D41CD 
 135      6F032FBB 
 136 03d5 148677A2 		.ascii	"\024\206w\242\262\322'\252q\310\360{d\353I\011+\274"
 136      B2D227AA 
 136      71C8F07B 
 136      64EB4909 
 136      2BBC
 137 03e7 145E7872 		.ascii	"\024^xr\250\360J\0138\265T}1_\244\304\014H\254;B\337"
 137      A8F04A0B 
 137      38B5547D 
 137      315FA4C4 
 137      0C48AC3B 
 138 03fd 3402F63C 		.ascii	"4\002\366<}\274G\203\276\204r\246Q9-\232\234\025\252"
 138      7DBC4783 
 138      BE8472A6 
 138      51392D9A 
 138      9C15AA
 139 0410 9C53F5CA 		.ascii	"\234S\365\312\331\253A_\216\354\343\323\010\336\263"
 139      D9AB415F 
 139      8EECE3D3 
 139      08DEB3
 140 041f 8D7B5A98 		.ascii	"\215{Z\230z\311\\=k\350pPY`\215\252\370\257P\036x>\203"
 140      7AC95C3D 
 140      6BE87050 
 140      59608DAA 
ARM GAS  /tmp/cchGwNFa.s 			page 11


 140      F8AF501E 
 141 0436 3E5AFCFE 		.ascii	">Z\374\376\211{\327\371\257na\265\367e\350W\353\277"
 141      897BD7F9 
 141      AF6E61B5 
 141      F765E857 
 141      EBBF
 142 0448 7A90D77F 		.ascii	"z\220\327\177\272>\021\257j\205s-\"?\323\031X\327\300"
 142      BA3E11AF 
 142      6A85732D 
 142      223FD319 
 142      58D7C0
 143 045b 44A745AD 		.ascii	"D\247E\255\033R8\177D\237\261\353\232\263\001\314\330"
 143      1B52387F 
 143      449FB1EB 
 143      9AB301CC 
 143      D8
 144 046c 749A319B 		.ascii	"t\2321\233\226\261Z5c3\"\016(\351\377u>\271A\241\361"
 144      96B15A35 
 144      6333220E 
 144      28E9FF75 
 144      3EB941A1 
 145 0481 A71C0623 		.ascii	"\247\034\006#36\223\341]j;x.\264\221\001\206\"S83,\205"
 145      333693E1 
 145      5D6A3B78 
 145      2EB49101 
 145      86225338 
 146 0498 49348545 		.ascii	"I4\205E\222\035SX,\305#E\240\024\333\0079\305Yz\213"
 146      921D5358 
 146      2CC52345 
 146      A014DB07 
 146      39C5597A 
 147 04ad 6A588BFE 		.ascii	"jX\213\376f$\305\331\014\357T\260\344\2361\244\265\013"
 147      6624C5D9 
 147      0CEF54B0 
 147      E49E31A4 
 147      B50B
 148 04bf 6E45729C 		.ascii	"nEr\234\035\3061\221\227\231#Tf\2055\321\365\330\333"
 148      1DC63191 
 148      97992354 
 148      668535D1 
 148      F5D8DB
 149 04d2 5A8FBD43 		.ascii	"Z\217\275C\313\254\361JE\276z\270\253\376\256Y\202\273"
 149      CBACF14A 
 149      45BE7AB8 
 149      ABFEAE59 
 149      82BB
 150 04e4 6A9DF5B6 		.ascii	"j\235\365\266\362\360\347\204\267b3=d\026\3456\356\221"
 150      F2F0E784 
 150      B762333D 
 150      6416E536 
 150      EE91
 151 04f6 D9ADE2DF 		.ascii	"\331\255\342\337\254\304\220\2513W\016^\010\313\241"
 151      ACC490A9 
 151      33570E5E 
 151      08CBA1
 152 0505 0C2384C6 		.ascii	"\014#\204\306=Nc\377\203\373\245\3414\376\2444\360-"
 152      3D4E63FF 
ARM GAS  /tmp/cchGwNFa.s 			page 12


 152      83FBA5E1 
 152      34FEA434 
 152      F02D
 153 0517 04EE1381 		.ascii	"\004\356\023\201h\340Y\232\267\256M'O;\030\251/Oz\025"
 153      68E0599A 
 153      B7AE4D27 
 153      4F3B18A9 
 153      2F4F7A15 
 154 052b 111E7029 		.ascii	"\021\036p)\212\245\030a\022h\005\265\276\303\236\317"
 154      8AA51861 
 154      126805B5 
 154      BEC39ECF 
 155 053b 086767A1 		.ascii	"\010gg\241\354\274\015G\312\214\354V\351\311\245\354"
 155      ECBC0D47 
 155      CA8CEC56 
 155      E9C9A5EC 
 156 054b BA2A365C 		.ascii	"\272*6\\\2255vV\370\213\260\033\345\354nv\374x\334F"
 156      95357656 
 156      F88BB01B 
 156      E5EC6E76 
 156      FC78DC46 
 157 055f D8955176 		.ascii	"\330\225Qv6xH\331\311\310\356\221\312n\324\240\271\363"
 157      367848D9 
 157      C9C8EE91 
 157      CA6ED4A0 
 157      B9F3
 158 0571 3FA9DC17 		.ascii	"?\251\334\027\203\3706h\364\035/4\300X\210\236S\010"
 158      83F83668 
 158      F41D2F34 
 158      C058889E 
 158      5308
 159 0583 082C4397 		.ascii	"\010,C\2277>\363\226`\247\354\206v\007&\034\354V\031"
 159      373EF396 
 159      60A7EC86 
 159      7607261C 
 159      EC5619
 160 0596 636F0981 		.ascii	"co\011\201\012\245>t@\377\220\274x8`\202\360\033\347"
 160      0AA53E74 
 160      40FF90BC 
 160      78386082 
 160      F01BE7
 161 05a9 FC7C0F03 		.ascii	"\374|\017\003e\2460\365\036S~\370\356\006\2234\211\217"
 161      65A630F5 
 161      1E537EF8 
 161      EE069334 
 161      898F
 162 05bb 5A0ACA63 		.ascii	"Z\012\312c\230^y\"<\241l\212%\227p\324\304\270\364\205"
 162      985E7922 
 162      3CA16C8A 
 162      259770D4 
 162      C4B8F485 
 163 05cf B8E8F4F4 		.ascii	"\270\350\364\364T\363\024\244\236F\352{s\270\243\030"
 163      54F314A4 
 163      9E46EA7B 
 163      73B8A318 
 164 05df 5044E628 		.ascii	"PD\346(6\364\3331V\303kf\256\276v\341\025Ce\271A\374"
 164      36F4DB31 
ARM GAS  /tmp/cchGwNFa.s 			page 13


 164      56C36B66 
 164      AEBE76E1 
 164      154365B9 
 165 05f5 676F9A47 		.ascii	"go\232G\300h\023\216\262\023\345j\320>\221t\242y\224"
 165      C068138E 
 165      B213E56A 
 165      D03E9174 
 165      A27994
 166 0608 B25BEB44 		.ascii	"\262[\353D\343j\235{\364n\363<\015:_\2148\001\316'x"
 166      E36A9D7B 
 166      F46EF33C 
 166      0D3A5F8C 
 166      3801CE27 
 167 061d CF1EF9E6 		.ascii	"\317\036\371\346\023\224\255\207G\333\370\316\227\241"
 167      1394AD87 
 167      47DBF8CE 
 167      97A1
 168 062b 4054F778 		.ascii	"@T\367x\002\337\343q!1\013?b_Z\240/\340B\312\312\212"
 168      02DFE371 
 168      21310B3F 
 168      625F5AA0 
 168      2FE042CA 
 169 0641 AC364668 		.ascii	"\2546Fh\231I\300h7\214R\313\"\015\272\030\265\314\244"
 169      9949C068 
 169      378C52CB 
 169      220DBA18 
 169      B5CCA4
 170 0654 9DC2C2C0 		.ascii	"\235\302\302\300\263\364a\225P,\374\343\001\276\210"
 170      B3F46195 
 170      502CFCE3 
 170      01BE88
 171 0663 A0B98880 		.ascii	"\240\271\210\200=\017\315M\032t)\322\\$\334\201\015"
 171      3D0FCD4D 
 171      1A7429D2 
 171      5C24DC81 
 171      0D
 172 0674 DB77D452 		.ascii	"\333w\324Rx.7\020\231I\203~\315\263<g\325\007\236\245"
 172      782E3710 
 172      9949837E 
 172      CDB33C67 
 172      D5079EA5 
 173 0688 990B962E 		.ascii	"\231\013\226.\374\304\263zM\316\2625KV\255Z\361\361"
 173      FCC4B37A 
 173      4DCEB235 
 173      4B56AD5A 
 173      F1F1
 174 069a 32CF2BCB 		.ascii	"2\317+\313W\274\267\342\315\305\036O\316Z\317\362%+"
 174      57BCB7E2 
 174      CDC51E4F 
 174      CE5ACFF2 
 174      252B
 175 06ac 3DAB73D6 		.ascii	"=\253s\326|\272\326\263\370\2557\026f2\373j\326\272"
 175      7CBAD6B3 
 175      F8AD3716 
 175      6632FB6A 
 175      D6BA
 176 06be 75B8F2EE 		.ascii	"u\270\362\356\312\225K_x_\370\033\325\275\241$"
ARM GAS  /tmp/cchGwNFa.s 			page 14


 176      CA954B5F 
 176      785FF81B 
 176      D5BDA124 
 177              		.text
 178              		.section	.gnu.lto_.symbol_nodes.bc7174a0d0f36654,"",%progbits
 179 0000 789C6365 		.ascii	"x\234ce`b\320g\000\002\246\011L\365\014\014\023\316"
 179      6062D067 
 179      0002A609 
 179      4CF50C0C 
 179      13CE
 180 0012 313000A9 		.ascii	"10\000\251]\015\216@\221\211L\365\214(\"\254}L\014\215"
 180      5D0D8E40 
 180      91894CF5 
 180      8C2822AC 
 180      7D4C0C8D 
 181 0026 4A20D500 		.ascii	"J \325\000\022\235\012G"
 181      129D0A47 
 182              		.text
 183              		.section	.gnu.lto_.refs.bc7174a0d0f36654,"",%progbits
 184 0000 789C6365 		.ascii	"x\234ce`b`d\000\002\000\000I\000\011"
 184      60626064 
 184      00020000 
 184      490009
 185              		.text
 186              		.section	.gnu.lto_.decls.bc7174a0d0f36654,"",%progbits
 187 0000 789CCD59 		.ascii	"x\234\315Y{PT\327\031\337s\317\302\302\202h\3216\266"
 187      7B5054D7 
 187      19DF73CF 
 187      C2C28268 
 187      D136B6
 188 0013 A58DB566 		.ascii	"\245\215\265fB;\215+j\333L\377\350\004\027\021\246\032"
 188      423B8D2B 
 188      6ADB4CFF 
 188      E8041711 
 188      A61A
 189 0025 EDAEB14D 		.ascii	"\355\256\261Mf:\014\"\211L\004\254`\307L\323\346\312"
 189      663A0C22 
 189      894C04AC 
 189      60C74CD3 
 189      E6CA
 190 0037 43F18102 		.ascii	"C\361\201\002\212\006\024A@\205\200J|\341\013]\001\021"
 190      8A061441 
 190      4085804A 
 190      7CE10B5D 
 190      0111
 191 0049 5745834F 		.ascii	"WE\203O^\202\212+\361\201\010\212\200\010\375\3169\367"
 191      5E828A2B 
 191      F181088A 
 191      8008FDCE 
 191      39F7
 192 005b EE3D7B77 		.ascii	"\356={wM\354?\2352~\367\334\357\236\337\371\316\367"
 192      4DEC3F9D 
 192      327EF7DC 
 192      EF9EDFF9 
 192      CEF7
 193 006d 3A8F6F75 		.ascii	":\217ou\323\010\032\361\347\032M\032\326h\306!\215f"
 193      D3081AF1 
ARM GAS  /tmp/cchGwNFa.s 			page 15


 193      E71A4D1A 
 193      D668C621 
 193      8D66
 194 007f 18FEE055 		.ascii	"\030\376\340U\263[\243\374\011@{\200\312\200\000\242"
 194      B35BA3FC 
 194      09407B80 
 194      CA8000A2 
 195 008f A9D038FE 		.ascii	"\251\3208\376\375\015>\352\240\235\007\3646\320\017"
 195      FD0D3EEA 
 195      A09D07F4 
 195      36D00F
 196 009e 811F0364 		.ascii	"\201\037\003d\201\367\237A\353\007\344\001\357:h\275"
 196      81F79F41 
 196      EB07E401 
 196      EF3A68BD 
 197 00ae 817E00F4 		.ascii	"\201~\000\364\224\310\205\366\307@\203\360\376\006R"
 197      94C885F6 
 197      C74083F0 
 197      FE0652
 198 00bd E6791369 		.ascii	"\346y\023i\234\376\302\341\233\317\367\314\361\016\320"
 198      9CFEC2E1 
 198      9BCFF7CC 
 198      F10ED0
 199 00cc 6F809601 		.ascii	"o\200\226\001\375\003h\012P*\320\0322/7\237\017P?\261"
 199      FD03680A 
 199      502AD01A 
 199      322F379F 
 199      0F503FB1 
 200 00e0 05DA0169 		.ascii	"\005\332\001in\177\240O\200R\200z\340[\257dk\231\263"
 200      6E7FA04F 
 200      8052807A 
 200      E05BAF64 
 200      6B99B3
 201 00f3 2A9ACD18 		.ascii	"*\232\315\030\035J\255\256\020n\242f\004:\243Q\364+"
 201      1D4AADAE 
 201      106EA266 
 201      043AA351 
 201      F42B
 202 0105 42EC8928 		.ascii	"B\354\211(QvX\376C\210~\207\257\002}2 \375\204\344\021"
 202      517658FE 
 202      43887E87 
 202      AF027D32 
 202      20FD84E4 
 203 011a 122F48AC 		.ascii	"\022/H\254 \211\244\377\244\301\210\223\310\272\331"
 203      2089A4FF 
 203      A4C18893 
 203      C8BAD9
 204 0129 4CF21FD3 		.ascii	"L\362\037\323\231\275\320a\362h$(\023 \304\017\340\004"
 204      99BDD061 
 204      F2682428 
 204      1320C40F 
 204      E004
 205 013b 32B5A57E 		.ascii	"2\265\245~\273~\032\3058$[\377$\353\274M\337\212Z\310"
 205      BB7E1AC5 
 205      38245BFF 
 205      24EBBC4D 
 205      DF8A5AC8 
ARM GAS  /tmp/cchGwNFa.s 			page 16


 206 014f D7BCF710 		.ascii	"\327\274\367\020\375\226\265m}\031\306\340bxo\355/\012"
 206      FD96B56D 
 206      7D19C6E0 
 206      62786FED 
 206      2F0A
 207 0161 9E582AB2 		.ascii	"\236X*\262?\2177\025\267\235\036~n\031\271\016#_=\022"
 207      3F8F3715 
 207      B79D1E7E 
 207      6E19B90E 
 207      235F3D12 
 208 0175 80ADEF3A 		.ascii	"\200\255\357:\237\343\005\354\030=\032\005l\337\362"
 208      9FE305EC 
 208      183D1A05 
 208      6CDFF2
 209 0184 ABA7F463 		.ascii	"\253\247\364c7\321Q\211\342(\001\315\373\021*E~\250"
 209      37D15189 
 209      E22801CD 
 209      FB112A45 
 209      7EA8
 210 0196 04F9C1E4 		.ascii	"\004\371\301\344\273\321Xx\316\3272I\313\033vdk\307"
 210      BBD15878 
 210      CED73249 
 210      CB1B7664 
 210      6BC7
 211 01a8 E789796D 		.ascii	"\347\211ym\242\345L\325\037n\355\023\305d\030\246%0"
 211      A2E54CD5 
 211      1F6EED13 
 211      C56418A6 
 211      2530
 212 01ba 548C30FA 		.ascii	"T\2140\372\012M$*\303+<\213P+B\273\320M0h\017\032\017"
 212      0A4D242A 
 212      C32B3C8B 
 212      502B42BB 
 212      D04D3068 
 213 01d1 C3C58E63 		.ascii	"\303\305\216c\315#\361|\252\355\312\335mE\336\222\250"
 213      CD23F17C 
 213      AAEDCADD 
 213      6D45DE92 
 213      A8
 214 01e2 FBBFCE12 		.ascii	"\373\277\316\022-\011 H\240\202\366*\202\366\252\005"
 214      2D092048 
 214      A082F62A 
 214      82F6AA05 
 215 01f2 9551412D 		.ascii	"\225QA-\265\305%\030Lx[\217\210\027G\302\247\275\017"
 215      B5C52518 
 215      4C785B8F 
 215      881747C2 
 215      A7BD0F
 216 0205 8FF48F60 		.ascii	"\217\364\217`\237\210\370\372\365\335\205:\034G\337"
 216      9F88F8FA 
 216      F5DD853A 
 216      1C47DF
 217 0214 BF492ADB 		.ascii	"\277I*\333\212\231\375Z\342\307\013\331w|\230\375\343"
 217      8A99FD5A 
 217      E2C70BD9 
 217      777C98FD 
 217      E3
ARM GAS  /tmp/cchGwNFa.s 			page 17


 218 0225 366321CB 		.ascii	"6c!\313z\275R\213\374\365;\211\003,\317s\377\230\325"
 218      7ABD528B 
 218      FCF53B89 
 218      032CCF73 
 218      FF98D5
 219 0238 2D8AE350 		.ascii	"-\212\343P9\322\243\375\212\"o\353\341\231\"\212\011"
 219      39D2A3FD 
 219      8A226FEB 
 219      E199228A 
 219      09
 220 0249 625AA2E8 		.ascii	"bZ\242\350\031\242A\007\301E\007\300E\350\020\362'\223"
 220      19A24107 
 220      C14507C0 
 220      45E810F2 
 220      2793
 221 025b 121CDA07 		.ascii	"\022\034\332\007\037\277\206\2170Kqaz\276;\336\217\210"
 221      1FBF868F 
 221      304B7161 
 221      7ABE3BDE 
 221      8F88
 222 026d 0642CD89 		.ascii	"\006B\315\211\246\033Z\244\367w)\340\250\013\001L\231"
 222      A61B5AA4 
 222      F77729E0 
 222      A80B014C 
 222      99
 223 027e 7B7BC7D7 		.ascii	"{{\307\327$\023\257\034\001e\016+\312\200n,\036_\347"
 223      2413AF1C 
 223      01650E2B 
 223      CA806E2C 
 223      1E5FE7
 224 0291 E7757983 		.ascii	"\347uy\203)\244_|\232z\211|++\274\373Kl\243\363\242"
 224      29A45F7C 
 224      9A7A897C 
 224      2B2BBCFB 
 224      4B6CA3F3 
 225 02a6 A7C3DB33 		.ascii	"\247\303\3333\275\336*\020\363*!^wFgC\274<)\3708\023"
 225      BDDE2A10 
 225      F32A215E 
 225      77466743 
 225      BC3C29F8 
 226 02bc 66574243 		.ascii	"fWBC\277\034#\352T\240\267\310R\263\235\255\3213\237"
 226      BF1C23EA 
 226      54A0B7C8 
 226      52B39DAD 
 226      D1339F
 227 02cf 8908784B 		.ascii	"\211\010xK\315\332G\010\3672\261)\245\353\252\260>\205"
 227      CDDA4708 
 227      F732B129 
 227      A5EBAAB0 
 227      3E85
 228 02e1 E4CBEB18 		.ascii	"\344\313\353\030CF\334ZyY\022\327G\370\354cO\255n\214"
 228      4346DC5A 
 228      795912D7 
 228      47F8EC63 
 228      4FAD6E8C 
 229 02f5 F700B6BC 		.ascii	"\367\000\266\274\263\244|\004\013\211\205t\017W>\277"
 229      B3A47C04 
ARM GAS  /tmp/cchGwNFa.s 			page 18


 229      0B898574 
 229      0F573EBF 
 230 0305 31020FB2 		.ascii	"1\002\017\262\331V\037\272|SKf\023\331ld\220\242\367"
 230      D9561FBA 
 230      7C534B66 
 230      13D96C64 
 230      90A2F7
 231 0318 69E20B64 		.ascii	"i\342\013d\360C\223\350D\231\025\231\007}|\323(\030"
 231      F04393E8 
 231      44991599 
 231      077D7CD3 
 231      2818
 232 032a C2A8A5D6 		.ascii	"\302\250\245\326V\001\272\222\242k\220\257<\206\316"
 232      5601BA92 
 232      A26B90AF 
 232      3C86CE
 233 0339 F36D4381 		.ascii	"\363mC\201'S\243\213\360\233\217\334\356\362\301+\330"
 233      2753A38B 
 233      F09B8FDC 
 233      EEF2C12B 
 233      D8
 234 034a 7A4AAF7A 		.ascii	"zJ\257z\326\343\205W3\2469\177\343\016-Cv\020>gp0I\213"
 234      D6E38557 
 234      33A6397F 
 234      E30E2D43 
 234      76103E67 
 235 0362 D7B3CE84 		.ascii	"\327\263\316\204c\015\351\322\002k\243\311\227\260\241"
 235      630DE9D2 
 235      026BA3C9 
 235      97B0A1
 236 0371 D01D67B1 		.ascii	"\320\035g\261\316\027\235\273\272\334q\001c\312oe\236"
 236      CE179DBB 
 236      BADC7101 
 236      63CA6F65 
 236      9E
 237 0382 9426BC41 		.ascii	"\224&\274A\370\252\236\255O\274\361n\326\231\\xe\255"
 237      F8AA9EAD 
 237      4FBCF16E 
 237      D6995C78 
 237      65AD
 238 0394 0E9733E6 		.ascii	"\016\2273\346\262m{\2227C\322\260\3664\245\326x\343"
 238      B26D7B92 
 238      3743D2B0 
 238      F634A5D6 
 238      78E3
 239 03a6 53ACB3BA 		.ascii	"S\254\263\272\366\316e\017|\2161kN\037\254\221\322\273"
 239      F6CE650F 
 239      7C8E316B 
 239      4E1FAC91 
 239      D2BB
 240 03b8 962ED28E 		.ascii	"\226.\322\216\262\225\030_\225&\224<\353+y\366\311\245"
 240      B295185F 
 240      9526943C 
 240      EB2B79F6 
 240      C9A5
 241 03ca AAD59EB8 		.ascii	"\252\325\236\270\225u^X\225\221)\340{\214)\262m]'M\370"
 241      95755E58 
ARM GAS  /tmp/cchGwNFa.s 			page 19


 241      959129E0 
 241      7B8C29B2 
 241      6D5D274D 
 242 03df 2E71CD96 		.ascii	".q\315\226\256\034o\374\230\365\035/H.\366\300\375\214"
 242      AE1C6FFC 
 242      98F51D2F 
 242      482EF6C0 
 242      FD8C
 243 03f1 39567EBC 		.ascii	"9V~\274F\212\335$`\223\352R\233\275\361rL\373\366t\254"
 243      468ADD24 
 243      6093EA52 
 243      9BBDF172 
 243      4CFBF674 
 244 0406 B4E8F02A 		.ascii	"\264\350\360*\306l\351i\371V2\326\237\010\271\320_\352"
 244      C66CE969 
 244      F95632D6 
 244      9F08B9D0 
 244      5FEA
 245 0418 83D3599F 		.ascii	"\203\323Y\237\274\010}\351\"D\307\233\016\032\360\026"
 245      BC087DE9 
 245      2244C79B 
 245      0E1AF016 
 246 0428 D6B5BDE3 		.ascii	"\326\265\275\343\310\206\221\270\2201\235Iw\333\274"
 246      C88691B8 
 246      90319D49 
 246      77DBBC
 247 0437 186E2CB0 		.ascii	"\030n,\260\267Z\356\255\366\301\273Y\337\212\223\231"
 247      B75AEEAD 
 247      F6C1BB59 
 247      DF8A9399 
 248 0447 159EB89C 		.ascii	"\025\236\270\2341\362\256\346\313v\265\352\266\233\010"
 248      31F2AEE6 
 248      CB76B5EA 
 248      B69B08
 249 0456 5B58D783 		.ascii	"[X\327\203\325\226\006\001\237eL\361\221\324[n\270\236"
 249      D5960601 
 249      9F654CF1 
 249      91D45B6E 
 249      B89E
 250 0468 3177CA93 		.ascii	"1w\312\223z\265\370\032cJ\006\267]\362\304M\214\271"
 250      7AB5F81A 
 250      634A06B7 
 250      5DF2C44D 
 250      8CB9
 251 047a 74B4EDAE 		.ascii	"t\264\355\256\017\276\303\230\322\013g\232%\017\247"
 251      0FBEC398 
 251      D20B679A 
 251      250FA7
 252 0489 90C5505A 		.ascii	"\220\305PZ\324b\323I\351J\322\267\360p\333 \3026\012"
 252      D462D349 
 252      E94AD2B7 
 252      F070DB20 
 252      C2360A
 253 049c 1E575464 		.ascii	"\036WTdy\350\203&p\177\243\351\323\237\3774!_LJ\024"
 253      79E88326 
 253      707FA3E9 
 253      D39FFF34 
ARM GAS  /tmp/cchGwNFa.s 			page 20


 253      215F4C4A 
 254 04b1 2D178726 		.ascii	"-\027\207&\025\025X\327\302\372D\310\002\211z\022\026"
 254      151558D7 
 254      C2FA44C8 
 254      02897A12 
 254      16
 255 04c2 E1101AAD 		.ascii	"\341\020\032\255,\247\0234k\003\340\241a#*s1\354\225"
 255      2CA71334 
 255      6B03E0A1 
 255      61232A73 
 255      31EC95
 256 04d5 4998C26F 		.ascii	"I\230\302o\250\341\327)\374 R\360\326m\034\376\216\032"
 256      A8E1D729 
 256      FC2052F0 
 256      D66D1CFE 
 256      8E1A
 257 04e7 7FDB09DF 		.ascii	"\177\333\011\337\235\303\341\357\251\361w\325\352\014"
 257      9DC3E1EF 
 257      A9F177D5 
 257      EA0C
 258 04f5 F0EA5C50 		.ascii	"\360\352\\P\303\317;\211\277_\304\341\237\270\266V\306"
 258      C3CF3B89 
 258      BF5FC4E1 
 258      9FB8B656 
 258      C6
 259 0506 931DB0B1 		.ascii	"\223\035\260\261\010/\247xX\270\250Z\302\313\313\031"
 259      082FA778 
 259      58B8A85A 
 259      C2CBCB19 
 260 0516 9D52AB53 		.ascii	"\235R\253S\317k\377P-\276R\015\267\362\360Gj\270A\255"
 260      CF6BFF50 
 260      2DBE520D 
 260      B7F2F047 
 260      6AB841AD 
 261 052a 7C3D6FEC 		.ascii	"|=o\354\0255\274\336I:o\353Y5\374\214\032~\233\227\376"
 261      1535BCDE 
 261      493A6FEB 
 261      5935FC8C 
 261      1A7E9B97 
 262 053f 8D1A7E51 		.ascii	"\215\032~Q\201\247K\233\333{Z\015\352\202\376\307\264"
 262      81A74B9B 
 262      DB7B5A0D 
 262      EA82FEC7 
 262      B4
 263 0550 8BA0C98E 		.ascii	"\213\240\311\216\236$\370\243u\302\0044\200&\240~\240"
 263      9E24F8A3 
 263      75C20434 
 263      8026A07E 
 263      A0
 264 0561 44785F09 		.ascii	"Dx_\011\264\026\350\031\360\353\241M\007z\012\357\""
 264      B416E819 
 264      F0EBA14D 
 264      077A0AEF 
 264      22
 265 0572 B4AB8186 		.ascii	"\264\253\201\206\341=\005\332d\240\004\240\036\340W"
 265      E13D05DA 
 265      64A004A0 
ARM GAS  /tmp/cchGwNFa.s 			page 21


 265      1EE057
 266 0581 41FB02DA 		.ascii	"A\373\002\332\025\320\276\2046\025\3325@\275\360\236"
 266      15D0BE84 
 266      3615DA35 
 266      40BDF09E 
 267 0591 06ED20B4 		.ascii	"\006\355 \264\313\241\355\203\266\033\3509\232@\357"
 267      CBA1ED83 
 267      B61BE839 
 267      9A40EF
 268 05a0 1B92317C 		.ascii	"\033\2221|\332\335T\033\323\342\024\347\372m\\\234o"
 268      DADD541B 
 268      D3E214E7 
 268      FA6D5C9C 
 268      6F
 269 05b1 A9E3DCE6 		.ascii	"\251\343\334\346\024g\336\265\265\256]\313Gn\200W\247"
 269      1467DEB5 
 269      B5AE5DCB 
 269      476E8057 
 269      A7
 270 05c2 C1F5AAE1 		.ascii	"\301\365\252\341\3047\362y\361\300u\0321\361\354\234"
 270      C437F279 
 270      F1C0751A 
 270      31F1EC9C 
 271 05d2 EEDD0A78 		.ascii	"\356\335\012xq\024\201i\2443\232\271\002N{K\3576\\\014"
 271      71148169 
 271      A4339AB9 
 271      024E7B4B 
 271      EF365C0C 
 272 05e6 E7EE2A77 		.ascii	"\347\356*wz\0245\251\2455:)\333\310'\302e\327i\306\343"
 272      7A1435A9 
 272      A5353A29 
 272      DBC827C2 
 272      65D769C6 
 273 05fb 6FF3DADE 		.ascii	"o\363\332\336W\343;\324\306\335\347}\321\354Z\235\000"
 273      57E33BD4 
 273      C6DDE77D 
 273      D1EC5A9D 
 273      00
 274 060c 2532D65C 		.ascii	"%2\326\\.2\327\324\221\271\352\344:^z\253\353\300s\360"
 274      2E32D7D4 
 274      91B9EAE4 
 274      3A5E7AAB 
 274      EBC073F0 
 275 0620 6EDED63A 		.ascii	"n\336\326:\327\373\007\257;o\352\267\256M\265\247\025"
 275      D7FB07AF 
 275      3B6FEAB7 
 275      AE4DB5A7 
 275      15
 276 0631 F8FEBE2C 		.ascii	"\370\376\276,\236\270\376\222\3535\305\273\262\222\227"
 276      9EB8FE92 
 276      EB35C5BB 
 276      B29297
 277 0640 DFE97243 		.ascii	"\337\351rC\010P\244\017\344p\322m\256\367J>\311+\371"
 277      0850A40F 
 277      E470D26D 
 277      AEF74A3E 
 277      C92BF9
ARM GAS  /tmp/cchGwNFa.s 			page 22


 278 0653 CDEC9CDA 		.ascii	"\315\354\234\332\225V\247\255\236we\273\353\255\233"
 278      9556A7AD 
 278      9E7765BB 
 278      EBAD9B
 279 0662 C2E1047A 		.ascii	"\302\341\004zVZ\332\342\205\253\264\364\266y \375X\372"
 279      565ADAE2 
 279      85ABB4F4 
 279      B67920FD 
 279      58FA
 280 0674 08E43F9A 		.ascii	"\010\344?\232%\347P\021N\024E\2046\012\243Q\206`\277"
 280      25E75011 
 280      4E144584 
 280      360AA351 
 280      8660BF
 281 0687 43925C75 		.ascii	"C\222\\u\275\227\240\015\260\205\374\277l'\344f\177"
 281      BD97A00D 
 281      B085FCBF 
 281      6C27E466 
 281      7F
 282 0698 AEE929F2 		.ascii	"\256\351)\362^m\277:SK\224\013`\246\340Mk%h7cmS\302"
 282      5E6DBF3A 
 282      534B940B 
 282      60A6E04D 
 282      6B256837 
 283 06b0 B6622D1A 		.ascii	"\266b-\032\015\247-o\232r\001\334$0\273\276\004\273"
 283      0DA72D6F 
 283      9A7201DC 
 283      2430BBBE 
 283      04BB
 284 06c2 B260BECD 		.ascii	"\262`\276\315\002\277m\015m\221\327\252\274\261l\022"
 284      02BF6D0D 
 284      6D91D7AA 
 284      BCB16C12 
 285 06d2 5C9F08CC 		.ascii	"\\\237\010\314\267\266-l\341\003\312q\341\023a\275\016"
 285      B7B62D6C 
 285      E103CA71 
 285      E11361BD 
 285      0E
 286 06e3 C23A5D0A 		.ascii	"\302:]\012\223\343\227\275\257\372\244\016_d\361+\256"
 286      93E397BD 
 286      AFFAA40E 
 286      5F64F12B 
 286      AE
 287 06f4 68CED7DA 		.ascii	"h\316\327\332\343W\263\225\305o+\014\316V\342G\246t"
 287      E357B395 
 287      C56F2B0C 
 287      CE56E247 
 287      A674
 288 0706 8C9F3D93 		.ascii	"\214\237=\223\266\200m\257\262\023\346:[<\320\347\340"
 288      B6806DAF 
 288      B213E63A 
 288      5B3CD0E7 
 288      E0
 289 0717 CFAD0EFE 		.ascii	"\317\255\016\376\314\221\374\231C\374\211rn\344\237"
 289      CC91FC99 
 289      43FC8972 
 289      6EE49F
ARM GAS  /tmp/cchGwNFa.s 			page 23


 290 0726 10701355 		.ascii	"\020p\023U\014\355\033H\373\005\224l\026Z\375\3754\207"
 290      0CED1B48 
 290      FB05946C 
 290      165AFDFD 
 290      3487
 291 0738 557F09AC 		.ascii	"U\177\011\254\372\333\246\250\006\257\216E[\256@\212"
 291      FADBA6A8 
 291      06AF8E45 
 291      5BAE408A 
 292 0748 B6FEFA75 		.ascii	"\266\376\372u\311n\270\227\211\252j)+\363\300/\031#"
 292      C96EB897 
 292      89AA6A29 
 292      2BF3C02F 
 292      1923
 293 075a 171B63A4 		.ascii	"\027\033c\244b\343e\373\3116O\234\344F:\335\253v\324"
 293      62E365FB 
 293      C9364F9C 
 293      E4463ADD 
 293      AB76D4
 294 076d 1F21F729 		.ascii	"\037!\367)\377\321\312\255iBc}\273(fxS\317\026\300\314"
 294      FFD1CAAD 
 294      6942637D 
 294      BB286678 
 294      53CF16C0 
 295 0782 BB84576C 		.ascii	"\273\204Wl\320\322R\372HYIy\256\341\001\\T\033|\227"
 295      D0D252FA 
 295      48594979 
 295      AEE1015C 
 295      541B7C97 
 296 0796 138FEF72 		.ascii	"\023\217\357r\214*\357\353|\301O\332nvI\216\336\011"
 296      8C2AEFEB 
 296      7CC14FDA 
 296      6E76498E 
 296      DE09
 297 07a8 8E2E0247 		.ascii	"\216.\002G\027\003\355\000*tH\254\336\006\337\214D\261"
 297      1703ED00 
 297      2A7448AC 
 297      DE06DF8C 
 297      44B1
 298 07ba 7612D560 		.ascii	"v\022\325`\273Z\003\203j\345\017|\350\270\0139\203\231"
 298      BB5A0383 
 298      6AE50F7C 
 298      E8B80B39 
 298      8399
 299 07cc 71E0AA2F 		.ascii	"q\340\252/"
 300 07d0 DB5FB621 		.ascii	"\333_\266!\274\206\272J\310\252:\265G\260'\316\265F"
 300      BC86BA4A 
 300      C8AA3AB5 
 300      47B027CE 
 300      B546
 301 07e2 AD287AA0 		.ascii	"\255(z\240R\242\240\022\234]Ny#\333\202J\300\204\357"
 301      52A2A012 
 301      9C5D4E79 
 301      23DB824A 
 301      C084EF
 302 07f5 3307A6AC 		.ascii	"3\007\246\254\335\271\276\007\363\371S\352\220?\273"
 302      DDB9BE07 
ARM GAS  /tmp/cchGwNFa.s 			page 24


 302      F3F953EA 
 302      903FBB
 303 0804 A5FCD94D 		.ascii	"\245\374\331M\363\347\311`N\271T\003\214!\221mMK\223"
 303      F3E7C960 
 303      4EB95403 
 303      8C21916D 
 303      4D4B93
 304 0817 6ECE7924 		.ascii	"n\316y$\322\203k*\262\334_Y\333\225\011Rmw\200U\221"
 304      D2836B2A 
 304      B2DC5F59 
 304      DB950952 
 304      6D778055 
 305 082c FD49E56D 		.ascii	"\375I\345mH]\334\355\005\365\367\010\004\376\265\340"
 305      485DDCED 
 305      05F5F708 
 305      04FEB5E0 
 306 083c 2B0F22E8 		.ascii	"+\017\"\350\203\365\327{=q6u\015\312\033J\317\367\222"
 306      83F5D77B 
 306      3D713675 
 306      0DCA1B4A 
 306      CFF792
 307 084f 4BD694D7 		.ascii	"K\326\224\327)YW]m\336\3470\331~\341;&;VS\017W\274\\"
 307      2959575D 
 307      6DDEE730 
 307      D97EE13B 
 307      263B5653 
 308 0867 36596577 		.ascii	"6Yew\331.\251\224\302\244\370\315\352\2764\362\225F"
 308      D92EA994 
 308      C2A4F8CD 
 308      EABE34F2 
 308      9546
 309 0879 96CB461E 		.ascii	"\226\313F\036\022\350\274\015}\247\033\335\324F*\371"
 309      12E8BC0D 
 309      7DA71BDD 
 309      D4462AF9 
 310 0889 7698CE5B 		.ascii	"v\230\316[.\317{s\177\226M\247\326\362\225h\333\320"
 310      2ECF7B73 
 310      7F964DA7 
 310      D6F29568 
 310      DBD0
 311 089b 7EAB0E17 		.ascii	"~\253\016\0272-7d\364Y=p\021czJ\272v\270\343R\306\354"
 311      322D3764 
 311      F4593D70 
 311      11637A4A 
 311      BA76B8E3 
 312 08b2 79D67354 		.ascii	"y\326sT\257\026\372\312\"\372\313\376\355\367G\3402"
 312      AF16FACA 
 312      22FACBFE 
 312      EDF747E0 
 312      32
 313 08c3 36F451E7 		.ascii	"6\364Q\347\340^\037|\2201%\245\247\352\274\360Q\306"
 313      E05E1F7C 
 313      903125A5 
 313      A7EABCF0 
 313      51C6
 314 08d5 0CA6E5EE 		.ascii	"\014\246\345\356\367\304\026\311C\005\3332<\361i\306"
 314      F7C416C9 
ARM GAS  /tmp/cchGwNFa.s 			page 25


 314      4305DB32 
 314      3CF169C6 
 315 08e5 0CA7A564 		.ascii	"\014\247\245d\351\260\2251\033\3536\026x\341\213\214"
 315      E9B09531 
 315      1BEB3616 
 315      78E18B8C 
 316 08f5 79D1B1B1 		.ascii	"y\321\261\261\0011Gzsu\366\030\251\316\336\323\273n"
 316      0131477A 
 316      7375F618 
 316      A9CEDED3 
 316      BB6E
 317 0907 B317BECA 		.ascii	"\263\027\276\312\260\327\033\222\216HX/`\323\316\265"
 317      B0D71B92 
 317      8E48582F 
 317      60D3CEB5 
 318 0917 FEF5953E 		.ascii	"\376\365\225>?+\373\274\226\371|or{\261\007\214\365"
 318      3F2BFBBC 
 318      96F97C6F 
 318      727BB107 
 318      8CF5
 319 0929 D3C3E1C5 		.ascii	"\323\303\341\305\375\230\344\307~L:`\351\331\255\305"
 319      FD98E4C7 
 319      7E4C3A60 
 319      E9D9ADC5 
 320 0939 0D6C911D 		.ascii	"\015l\221\035:\320\236\255\347~/\232\230\274\222\374"
 320      3AD09EAD 
 320      E77E2F9A 
 320      98BC92FC 
 321 0949 4453072E 		.ascii	"DS\007.:\257,3?\373\357E]\371\"\036\253AS\350/\024\350"
 321      3AAF2C33 
 321      3FFBEF45 
 321      5DF9221E 
 321      AB4153E8 
 322 0960 02AC2B3F 		.ascii	"\002\254+?)\331\316A\230\254L\201\342\334\242\352\021"
 322      29D9CE41 
 322      98AC4C81 
 322      E2DCA2EA 
 322      11
 323 0971 F88EB48C 		.ascii	"\370\216\264\2143O\035\360\261\317po\357\370\375\364"
 323      334F1DF0 
 323      B1CF706F 
 323      EFF8FDF4 
 324 0981 47A06F60 		.ascii	"G\240o`\206\213\312\014u\302+\246\270\344z\012k\355"
 324      868BCA0C 
 324      75C22BA6 
 324      B8E47A0A 
 324      6BED
 325 0993 F954AD12 		.ascii	"\371T\255\022TD\345\325@\377i\232\317\3654S\316\312"
 325      5444E5D5 
 325      40FF699A 
 325      CFF53453 
 325      CECA
 326 09a5 9992579A 		.ascii	"\231\222W\232\365P\307\326\313kI/\310J\034p\343\245"
 326      F550C7D6 
 326      CB6B492F 
 326      C84A1C70 
 326      E3A5
ARM GAS  /tmp/cchGwNFa.s 			page 26


 327 09b7 5FFE2EE9 		.ascii	"_\376.\351\025\365\315\357\341\007,n\317\352\232\341"
 327      15F5CDEF 
 327      E1072C6E 
 327      CFEA9AE1 
 328 09c7 C2FF9831 		.ascii	"\302\377\2301I\347\316\356\322\341\036\306<,\276P\353"
 328      49E7CEEE 
 328      D2E11EC6 
 328      3C2CBE50 
 328      EB
 329 09d8 8EFB19D3 		.ascii	"\216\373\031\323n\0338\214\361\020cv>\314O\365\304\211"
 329      6E1B388C 
 329      F1106376 
 329      3ECC4FF5 
 329      C489
 330 09ea EE6C4C7B 		.ascii	"\356lL{g\235T\371\257%\301{\321u\350\212\234%\244:\277"
 330      679D54F9 
 330      AF25C17B 
 330      D175E88A 
 330      9C25A43A 
 331 09ff FFECEEB0 		.ascii	"\377\354\356\260\007^E\301o<<\220\276\303\0339V\346"
 331      075E45C1 
 331      6F3C3C90 
 331      BEC31B39 
 331      56E6
 332 0a11 F6F21C76 		.ascii	"\366\362\034v_\270\240\015\237\305-\027\255\242\330"
 332      5FB8A00D 
 332      9FC52D17 
 332      ADA2D8
 333 0a20 6641E88A 		.ascii	"fA\350\212\340\213\316\200\317m\260\305\311\3268W\301"
 333      E08BCE80 
 333      CF6DB0C5 
 333      C9D63857 
 333      C1
 334 0a31 95FFE2AA 		.ascii	"\225\377\342\252\013\011\355\272\214\334\010\362+\277"
 334      0B09EDBA 
 334      8CDC08F2 
 334      2BBF
 335 0a3f 60B7C023 		.ascii	"`\267\300# \373\240\204\266\357\301NUd7'\273Z-\333\271"
 335      20FBA084 
 335      B6EFC14E 
 335      55643727 
 335      BB5A2DDB 
 336 0a54 7EB7FE5B 		.ascii	"~\267\376[\201\237R\303\035\256\337\033\211p\011M\326"
 336      819F52C3 
 336      1DAEDF1B 
 336      8970094D 
 336      D6
 337 0a65 F73135DA 		.ascii	"\36715\332\351n?\300\251R\245F;\325hV\016}C\215\346"
 337      E96E3FC0 
 337      A952A546 
 337      3BD56856 
 337      0E7D438D 
 338 0a7a CE5CFE28 		.ascii	"\316\\\376(j\00674\321\204\261I\347\320\023H\267{p\376"
 338      6A063734 
 338      D184B149 
 338      E7D01348 
 338      B77B70FE 
ARM GAS  /tmp/cchGwNFa.s 			page 27


 339 0a8e B402DD05 		.ascii	"\264\002\335\005\352\004\372\026\250\013\350&\320-\240"
 339      EA04FA16 
 339      A80BE826 
 339      D02DA0
 340 0a9d 76A04740 		.ascii	"v\240G@\267\201\036\003u\220\373(P7\320\035r\377\004"
 340      B7811E03 
 340      7590FB28 
 340      5037D01D 
 340      72FF04
 341 0ab0 6A037A00 		.ascii	"j\003z\000\364\020\350\276\375h&>\030\370\\\361A\243"
 341      F410E8BE 
 341      FD68263E 
 341      18F85CF1 
 341      41A3
 342 0ac2 CBE0F1E5 		.ascii	"\313\340\361\345\015\347\336\223jp\243\332\005\215\234"
 342      0DE7DE93 
 342      6A70A3DA 
 342      058D9C
 343 0ad1 0BAEA9D1 		.ascii	"\013\256\251\321N\205Y\343\027\012\272E\215~\354\020"
 343      4E8559E3 
 343      170ABA45 
 343      8D7EEC10 
 344 0ae1 3A4820AB 		.ascii	":H \253\224E\007 \213\366Ih\371tr,\234h}-\241\341\324"
 344      94450720 
 344      8BF64968 
 344      F974722C 
 344      9C687D2D 
 345 0af8 A2958A03 		.ascii	"\242\225\212\003\332\271^\256\344\314\254t\035i\207"
 345      DAB95EAE 
 345      E4CCAC74 
 345      1D6987
 346 0b07 1F46383B 		.ascii	"\037F8;\257\273\016\265\003\234\223nq\235\243\016\365"
 346      AFBB0EB5 
 346      039C936E 
 346      719DA30E 
 346      F5
 347 0b18 2D27FDAA 		.ascii	"-'\375\252k/\362w\362\316Av{\263\251\357\344\304k\235"
 347      6B2FF277 
 347      F2CE4176 
 347      7BB3A9EF 
 347      E4C46B9D 
 348 0b2c 43633244 		.ascii	"Cc2Dr\017\253\000G\034\227\204\331/\316\327\325\353"
 348      720FAB00 
 348      471C9784 
 348      D92FCED7 
 348      D5EB
 349 0b3e 63805B1F 		.ascii	"c\200[\037G]\257\017\007M9\303N\270\316\016\373\305"
 349      475DAF0F 
 349      074D39C3 
 349      4EB8CE0E 
 349      FBC5
 350 0b50 ADAE35B3 		.ascii	"\255\2565\263\016\316\024\272+\011\345\327\367g\372"
 350      0ECE14BA 
 350      2B09E5D7 
 350      F767FA
 351 0b5f A0D1FEAE 		.ascii	"\240\321\376\256\326\002z\016K\340\177\261\034\244\313"
 351      D6027A0E 
ARM GAS  /tmp/cchGwNFa.s 			page 28


 351      4BE07FB1 
 351      1CA4CB
 352 0b6e EFB03BB9 		.ascii	"\357\260;\2715\366\302\204\317\224\303\306Fo\215\240"
 352      35F6C284 
 352      CF94C3C6 
 352      466F8DA0 
 353 0b7e F6A6F3CD 		.ascii	"\366\246\363\315\211:\376\362\327\353p\371\353\223."
 353      893AFEF2 
 353      D7EB70F9 
 353      EB932E
 354 0b8d 7F7DF4F2 		.ascii	"\177}\364\362w\355QN\206\033\276\315\266\351\356\354"
 354      77ED514E 
 354      861BBECD 
 354      B6E9EEEC 
 355 0b9d 9A077ADC 		.ascii	"\232\007z\334\301\230-{\276J\302\370\001c\232\217/\257"
 355      C1982D7B 
 355      BE4AC2F8 
 355      01639A8F 
 355      2FAF
 356 0baf F6C13D8C 		.ascii	"\366\301=\214\271\225\233\320\356\206\373\030s\270\342"
 356      B9959BD0 
 356      EE86FB18 
 356      73B8E2
 357 0bbe D164B6B3 		.ascii	"\321d\266\263\373\001w\264\345\211E\372\217\2536\262"
 357      FB0177B4 
 357      E58945FA 
 357      8FAB36B2 
 358 0bce D1E73EE8 		.ascii	"\321\347>\350h\363\302\203\024\352\371\362p\365vw\304"
 358      68F3C283 
 358      14EAF9F2 
 358      70F57677 
 358      C4
 359 0bdf 76747FA5 		.ascii	"vt\177\245R\230\372\202\253\024\006\301\240\004\354"
 359      5298FA82 
 359      AB1406C1 
 359      A004EC
 360 0bee 7A6FE65D 		.ascii	"zo\346]?\014\256\037\242\333\020A\023\277\257\304\376"
 360      3F0CAE1F 
 360      A2DB1041 
 360      13BFAFC4 
 360      FE
 361 0bff 28054389 		.ascii	"(\005C\211\012\224\004\264\012(\031h\005P\"\346o\372"
 361      0A9404B4 
 361      0A281968 
 361      055022E6 
 361      6FFA
 362 0c11 F59F2B39 		.ascii	"\365\237+9 b\325|N'G\367?\025\364\013\265vN\277WV~\356"
 362      2062D57C 
 362      4E2747F7 
 362      3F15F40B 
 362      B5764EBF 
 363 0c29 581738A0 		.ascii	"X\0278\240\235\366\023+\207\356W\313v^7\327^\260u\003"
 363      9DF6132B 
 363      87EE57CB 
 363      765E37D7 
 363      5EB07503 
 364 0c3d 30E75AD6 		.ascii	"0\347Z\326\366\202\253_^\272t#\177PpV\015\270\266\312"
ARM GAS  /tmp/cchGwNFa.s 			page 29


 364      F682AB5F 
 364      5EBA7423 
 364      7F507056 
 364      0DB8B6CA 
 365 0c51 BE0E5634 		.ascii	"\276\016V4\2107\274p\242\216\256\203\332\216\216\022"
 365      8837BC70 
 365      A28EAE83 
 365      DA8E8E12 
 366 0c61 2FD53A90 		.ascii	"/\325:\220\203\201\326B\014\376\233x0\263n\016\322|"
 366      8381D642 
 366      0CFE9B78 
 366      30B36E0E 
 366      D27C
 367 0c73 5E030357 		.ascii	"^\003\003Wc{>\023#\351\364\227\232\212K|\370|^\203\371"
 367      637B3E13 
 367      23E9F497 
 367      9A8A4B7C 
 367      F87C5E83 
 368 0c88 7C4EC52C 		.ascii	"|N\305,\237I\353\2750|Q\330\242E\013\302\242b\242\342"
 368      9F49EBBD 
 368      307C51D8 
 368      A2450BC2 
 368      A262A2E2 
 369 0c9c 3D66BCFF 		.ascii	"=f\274\377\3018c@\200&\324\26006:\322\260`r\300\202"
 369      C1386340 
 369      8026D4B0 
 369      30363AD2 
 369      B06072C0 
 370 0cb1 297F372C 		.ascii	")\1777,^\022\373\311\222\360\350\350\250\230O\014\306"
 370      5E12FBC9 
 370      92F0E8E8 
 370      A8984F0C 
 370      C6
 371 0cc2 8551F3A3 		.ascii	"\205Q\363\243f\233\015\206\3308\003\0145,\216]\022\037"
 371      669B0D86 
 371      D838030C 
 371      352C8E5D 
 371      121F
 372 0cd4 6730CF9D 		.ascii	"g0\317\2355e2{\006O]\266\314 \011\235\030\241\031\025"
 372      3565327B 
 372      064F5DB6 
 372      CC20099D 
 372      18A11915 
 373 0ce8 171F3D65 		.ascii	"\027\037=erX\304\242\330\210O\351\034\372\260\260\245"
 373      7258C4A2 
 373      D8884FE9 
 373      1CFAB0B0 
 373      A5
 374 0cf9 5131F1F0 		.ascii	"Q1\361\360-~\252ai\334\022C\370\222\350wbbc\"\337\211"
 374      2D7EAA61 
 374      69DC1243 
 374      F892E877 
 374      62626322 
 375 0d0f 0C9F1F65 		.ascii	"\014\237\037e\210\212\211X\264tA\244!:<baTL\244!lA\344"
 375      888A8958 
 375      B47441A4 
 375      213A3C62 
ARM GAS  /tmp/cchGwNFa.s 			page 30


 375      61544CA4 
 376 0d27 C7E14B17 		.ascii	"\307\341K\027\305\207\305\177\26682n\342B\215\207<\372"
 376      C587C57F 
 376      B638326E 
 376      E2428D87 
 376      3CFA
 377 0d39 57DF313A 		.ascii	"W\3371:\356\2638CX\\\374\002\200\302\220\221\346\317"
 377      EEB33843 
 377      585CFC02 
 377      80C29091 
 377      E6CF
 378 0d4b E2E223A3 		.ascii	"\342\342#\243\215\261K\"\215D\0177\263\3318\303\344"
 378      8DB14B22 
 378      8D440F37 
 378      B3D938C3 
 378      E4
 379 0d5c 699A6E9E 		.ascii	"i\232n\236n\2327=\350w\330h6i\247\005\031\225O\277\365"
 379      6E9A373D 
 379      E877D868 
 379      3669A705 
 379      19954FBF 
 380 0d71 0C9C336D 		.ascii	"\014\2343m\362\3149\323\3377\221\267\000\366&\367N\365"
 380      F2CC39D3 
 380      DF3791B7 
 380      00F626F7 
 380      4EF5
 381 0d83 0C0C9936 		.ascii	"\014\014\2316E\352\015\261\343B\324\270):\"\005\276"
 381      45EA0DB1 
 381      E342D4B8 
 381      293A2205 
 381      BE
 382 0d94 903680EF 		.ascii	"\2206\200\357\231\254#\022hO\210\204\010qD\004x\220"
 382      99AC2312 
 382      684F8884 
 382      08714404 
 382      7890
 383 0da6 B126F35C 		.ascii	"\261&\363\\\023y\011 /\366\276I\036d4\353\013\221A!"
 383      13790920 
 383      2FF6BE49 
 383      1E6434EB 
 383      0B914121 
 384 0dba 0C848DA1 		.ascii	"\014\204\215\241&\2551x\206I7g\346L\322\012F\223\036"
 384      26AD3178 
 384      86493767 
 384      E64CD20A 
 384      46931E
 385 0dcd 5E43279B 		.ascii	"^C'\233\011\367\347\327\012lDlttl\214!rY\274\3018\313"
 385      09F7E7D7 
 385      0A6C446C 
 385      74746C8C 
 385      217259BC 
 386 0de4 1C6A86C8 		.ascii	"\034j\206\310r\301\245\021\375x\352\244\337/[\006\316"
 386      72C1A511 
 386      FD78EAA4 
 386      DF2F5B06 
 386      CE
 387 0df5 F532198D 		.ascii	"\3652\031\215as!8A\221\037{\315\371\213I~\377\211\234"
ARM GAS  /tmp/cchGwNFa.s 			page 31


 387      61732138 
 387      41911F7B 
 387      CDF98B49 
 387      7EFF899C 
 388 0e09 58F3C323 		.ascii	"X\363\303#>]\2728lAltxT\014M\001wbQ\360G\356\241A\306"
 388      3E5DBA38 
 388      6C416C74 
 388      78540C4D 
 388      01776251 
 389 0e23 D941D309 		.ascii	"\331A\323\01179\370#\237\240i3f\031?\220\207kC\315\201"
 389      3739F823 
 389      9FA06933 
 389      66193F90 
 389      876B43CD 
 390 0e38 26EDAC59 		.ascii	"&\355\254Y\301&\034\030d\302A\320\316\0116i\003\203"
 390      C1261C18 
 390      64C241D0 
 390      CE093669 
 390      0383
 391 0e4a 49A88203 		.ascii	"I\250\202\003Mn\320\005\200 \302\207\220\207\021\036"
 391      4D6ED005 
 391      8020C287 
 391      9087111E 
 392 0e5a 6EE61008 		.ascii	"n\346\020\010%6\207\314\361dY\366nX\274Nj\261\321\010"
 392      253687CC 
 392      F16459F6 
 392      6E58BC4E 
 392      6AB1D108 
 393 0e6e 3D46935B 		.ascii	"=F\223[`\250\311h\322\316\233;\333\244\015\005\264\233"
 393      60A8C968 
 393      D2CE9B3B 
 393      DBA40D05 
 393      B49B
 394 0e80 71CE07A1 		.ascii	"q\316\007\241A\360\0144\232^/\355\235\274#g]\004$XX"
 394      41F00C34 
 394      9A5E2FED 
 394      9DBC2367 
 394      5D042458 
 395 0e95 44F45492 		.ascii	"D\364T\222\245f\3434j\212\333\3549s\215&\301l\322\301"
 395      A566E334 
 395      6A8ADBEC 
 395      39738D26 
 395      C16CD2C1 
 396 0ea9 CB9FA67F 		.ascii	"\313\237\246\177h\322\222\007\206\311\334iO\300\210"
 396      68D29207 
 396      86C9DC69 
 396      4FC088
 397 0eb8 E09981E6 		.ascii	"\340\231\201\346\020\331\354\377\000o\002\236\352"
 397      10D9ECFF 
 397      006F029E 
 397      EA
 398              		.text
 399              		.section	.gnu.lto_.symtab.bc7174a0d0f36654,"",%progbits
 400 0000 68616C5F 		.ascii	"hal_lld_init\000"
 400      6C6C645F 
 400      696E6974 
 400      00
ARM GAS  /tmp/cchGwNFa.s 			page 32


 401 000d 00       		.ascii	"\000"
 402 000e 00       		.ascii	"\000"
 403 000f 00       		.ascii	"\000"
 404 0010 00000000 		.ascii	"\000\000\000\000\000\000\000\000"
 404      00000000 
 405 0018 AE000000 		.ascii	"\256\000\000\000"
 406 001c 73746D33 		.ascii	"stm32_clock_init\000"
 406      325F636C 
 406      6F636B5F 
 406      696E6974 
 406      00
 407 002d 00       		.ascii	"\000"
 408 002e 00       		.ascii	"\000"
 409 002f 00       		.ascii	"\000"
 410 0030 00000000 		.ascii	"\000\000\000\000\000\000\000\000"
 410      00000000 
 411 0038 B0000000 		.ascii	"\260\000\000\000"
 412 003c 53797374 		.ascii	"SystemCoreClock\000"
 412      656D436F 
 412      7265436C 
 412      6F636B00 
 413 004c 00       		.ascii	"\000"
 414 004d 00       		.ascii	"\000"
 415 004e 00       		.ascii	"\000"
 416 004f 00000000 		.ascii	"\000\000\000\000\000\000\000\000"
 416      00000000 
 417 0057 BD000000 		.ascii	"\275\000\000\000"
 418              		.text
 419              		.section	.gnu.lto_.opts,"",%progbits
 420 0000 272D666D 		.ascii	"'-fmath-errno' '-fsigned-zeros' '-ftrapping-math' '"
 420      6174682D 
 420      6572726E 
 420      6F272027 
 420      2D667369 
 421 0033 2D666E6F 		.ascii	"-fno-trapv' '-fno-openmp' '-fno-openacc' '-mcpu=cor"
 421      2D747261 
 421      70762720 
 421      272D666E 
 421      6F2D6F70 
 422 0066 7465782D 		.ascii	"tex-m4' '-mno-thumb-interwork' '-mthumb' '-ggdb' '-"
 422      6D342720 
 422      272D6D6E 
 422      6F2D7468 
 422      756D622D 
 423 0099 4F322720 		.ascii	"O2' '-fomit-frame-pointer' '-falign-functions=16' '"
 423      272D666F 
 423      6D69742D 
 423      6672616D 
 423      652D706F 
 424 00cc 2D666675 		.ascii	"-ffunction-sections' '-fdata-sections' '-fno-common"
 424      6E637469 
 424      6F6E2D73 
 424      65637469 
 424      6F6E7327 
 425 00ff 2720272D 		.ascii	"' '-flto'\000"
 425      666C746F 
 425      2700
ARM GAS  /tmp/cchGwNFa.s 			page 33


 426              		.text
 427              		.comm	__gnu_lto_v1,1,1
 428              		.comm	__gnu_lto_slim,1,1
 429              		.ident	"GCC: (GNU Tools for ARM Embedded Processors 6-2017-q2-update) 6.3.1 20170215 (release) [AR
ARM GAS  /tmp/cchGwNFa.s 			page 34


DEFINED SYMBOLS
                            *ABS*:0000000000000000 hal_lld.c
                            *COM*:0000000000000001 __gnu_lto_v1
                            *COM*:0000000000000001 __gnu_lto_slim

NO UNDEFINED SYMBOLS
