ARM GAS  /tmp/ccTFtrBh.s 			page 1


   1              		.cpu cortex-m4
   2              		.eabi_attribute 20, 1
   3              		.eabi_attribute 21, 1
   4              		.eabi_attribute 23, 3
   5              		.eabi_attribute 24, 1
   6              		.eabi_attribute 25, 1
   7              		.eabi_attribute 26, 1
   8              		.eabi_attribute 30, 2
   9              		.eabi_attribute 34, 1
  10              		.eabi_attribute 18, 4
  11              		.file	"hal_st_lld.c"
  12              		.text
  13              	.Ltext0:
  14              		.section	.gnu.lto_.profile.fc4742dcfff1307f,"",%progbits
  15 0000 789C6365 		.ascii	"x\234ce`b`a```d\260\224\001\000\001\016\000b"
  15      60626061 
  15      60606064 
  15      B0940100 
  15      010E0062 
  16              		.text
  17              		.section	.gnu.lto_.icf.fc4742dcfff1307f,"",%progbits
  18 0000 789C6365 		.ascii	"x\234ce`b\340c@\000&\206\216[\033z\331\030\177\234\372"
  18      6062E063 
  18      40002686 
  18      8E5B1B7A 
  18      D9187F9C 
  19 0015 F7809701 		.ascii	"\367\200\227\001\000.\262\006k"
  19      002EB206 
  19      6B
  20              		.text
  21              		.section	.gnu.lto_.jmpfuncs.fc4742dcfff1307f,"",%progbits
  22 0000 789C6365 		.ascii	"x\234ce`b0g@\000&0\311\310\300\300\3028\235\231\361"
  22      60623067 
  22      40002630 
  22      C9C8C0C0 
  22      C2389D99 
  23 0015 E9C9C96D 		.ascii	"\351\311\311m<}\314\363\231\031\030e\030\2273\312\000"
  23      3C7DCCF3 
  23      99191865 
  23      189733CA 
  23      00
  24 0026 6580A25D 		.ascii	"e\200\242]\277\256\367q@D9\030W\200D\031\0004\214\013"
  24      BFAEF771 
  24      40443918 
  24      57804419 
  24      00348C0B 
  25 003a 59       		.ascii	"Y"
  26              		.text
  27              		.section	.gnu.lto_.inline.fc4742dcfff1307f,"",%progbits
  28 0000 789C6365 		.ascii	"x\234ce`b\260b@\000&\006\006\036QF\006&\276{\001\014"
  28      6062B062 
  28      40002606 
  28      061E5146 
  28      0626BE7B 
  29 0016 6C0BE499 		.ascii	"l\013\344\231@b\214\\p\202AD\006()\363\340\026#\\\226"
  29      40628C5C 
  29      70824144 
ARM GAS  /tmp/ccTFtrBh.s 			page 2


  29      062829F3 
  29      E016235C 
  30 002b 9907AC8B 		.ascii	"\231\007\254\213\001\000\261z\005d"
  30      0100B17A 
  30      0564
  31              		.text
  32              		.section	.gnu.lto_.pureconst.fc4742dcfff1307f,"",%progbits
  33 0000 789C6365 		.ascii	"x\234ce`b`c`\000\222\273\030\031\245\000\003\273\000"
  33      60626063 
  33      600092BB 
  33      1819A500 
  33      03BB00
  34 0013 E6       		.ascii	"\346"
  35              		.text
  36              		.section	.gnu.lto_VectorB0.fc4742dcfff1307f,"",%progbits
  37 0000 789C9554 		.ascii	"x\234\225T_lSe\024?\347~\267\177h\207\3037\037\010\351"
  37      5F6C5365 
  37      143FE77E 
  37      B77F6887 
  37      C3371F08 
  38 0015 1E9648B2 		.ascii	"\036\226H\262\360\311\237\204\275\232\031\023\314\232"
  38      F0C99F84 
  38      BD9A1913 
  38      CC9A
  39 0023 2594F765 		.ascii	"%\224\367etum\322\356\316\266,\360\264\273nXA\003\276"
  39      74756DD2 
  39      EECEB62C 
  39      F0B4BB6E 
  39      584103BE 
  40 0037 20DB74DE 		.ascii	" \333t\336\305%2\321\375a\212\332\261\225\272\001Ca"
  40      C52532D1 
  40      FD618ADA 
  40      B195BA01 
  40      4361
  41 0049 232C6834 		.ascii	"#,h4{Qp\352\306\020\204\0054\321\325s\276\226:\333D"
  41      7B5170EA 
  41      C6108405 
  41      34D1D573 
  41      BE963ADB 
  42 005e E64D7A6F 		.ascii	"\346Mzo\277\363;\177~\347\374\316\2756\320\340i\033"
  42      BFF33B7F 
  42      7EE7FCCE 
  42      BD36D0E0 
  42      691B
  43 0070 401C0176 		.ascii	"@\034\001v\001\000\332\000\2657g\001\332\235\232&\306"
  43      0100DA00 
  43      B5376701 
  43      DA9D9A26 
  43      C6
  44 0081 B680E9D2 		.ascii	"\266\200\351\322\277\221`\226\011\324sf\035\221\377"
  44      BF916096 
  44      09D47366 
  44      1D91FF
  45 0090 984E8436 		.ascii	"\230N\2046M\350\330\206\307\305I\201\223\311\237R\332"
  45      4DE8D886 
  45      C7C54981 
  45      93C99F52 
ARM GAS  /tmp/ccTFtrBh.s 			page 3


  45      DA
  46 00a1 D653265D 		.ascii	"\326S&]\231\223\351\362v\363\3603\226\000\350\246\037"
  46      9993E9F2 
  46      76F3F033 
  46      9600E8A6 
  46      1F
  47 00b2 5F780AB7 		.ascii	"_x\012\267\002\271\335<\263zb\243]\317\331q\000\355"
  47      02B9DD3C 
  47      B37A62A3 
  47      5DCFD971 
  47      00ED
  48 00c4 541786E7 		.ascii	"T\027\206\3470c\256f\223ff\245\037\263u.\001\026\225"
  48      3063AE66 
  48      936666A5 
  48      1FB3752E 
  48      011695
  49 00d7 E31BC051 		.ascii	"\343\033\300Qr\344z\257\013\215\237b\021'\307\026\177"
  49      72E47AAF 
  49      0B8D9F62 
  49      1127C716 
  49      7F
  50 00e8 4DBA39B6 		.ascii	"M\2729\266Wp\345\267\016O^s\034\023\226\320\220+\314"
  50      5770E5B7 
  50      0E4F5E73 
  50      1C1396D0 
  50      902BCC
  51 00fb 0E3EBAE7 		.ascii	"\016>\272\347\312\035\231\214N\246\376\241\207\323N"
  51      CA1D998C 
  51      4EA6FEA1 
  51      87D34E
  52 010a 0B7BDBE9 		.ascii	"\013{\333\351\354\261\204\300\323\270\031?\300\315\300"
  52      ECB184C0 
  52      D3B8193F 
  52      C0CDC0
  53 0119 FEA76756 		.ascii	"\376\247gV\0368\344\240\331\331\316\230\216\037\242"
  53      1E38E4A0 
  53      D9D9CE98 
  53      8E1FA2
  54 0128 855D8A35 		.ascii	"\205]\2125~\204\022\026\261\343\317W\273\035\271rz\256"
  54      7E841216 
  54      B1E3CF57 
  54      BB1DB972 
  54      7AAE
  55 013a E2C5ECA3 		.ascii	"\342\305\354\243L9\227@\324p\220\362\374\210\235\363"
  55      4C399740 
  55      D47090F2 
  55      FC889DF3 
  56 014a 53BBF23E 		.ascii	"S\273\362>\3440\274\234\372cc\316\001p\210\013\001w"
  56      E430BC9C 
  56      FA6363CE 
  56      0170880B 
  56      0177
  57 015c 20606C0B 		.ascii	" `l\0137\260\362\313\335i\325@\021\267\276\367\021\236"
  57      37B0F2CB 
  57      DD69D540 
  57      11B7BEF7 
  57      119E
ARM GAS  /tmp/ccTFtrBh.s 			page 4


  58 016e 446FF81F 		.ascii	"Do\370\037z#(\327\266\257S\2553\024\265\200\032\007"
  58      7A2328D7 
  58      B6AF53AD 
  58      3314B580 
  58      1A07
  59 0180 5EEF1C79 		.ascii	"^\357\034yG\260\335\206L\351\267\231\236[O\361\321\216"
  59      47B0DD86 
  59      4CE9B799 
  59      9E5B4FF1 
  59      D18E
  60 0192 1E3AFE3C 		.ascii	"\036:\376<\236\274\201\242NM\354l\372\333.We\277i&\314"
  60      9EBC81A2 
  60      4E4DEC6C 
  60      FADB2E57 
  60      65BF6926 
  61 01a7 CCDD9E67 		.ascii	"\314\335\236g{:\256\274a\366%6Y\302\201\237\240 \245"
  61      7B3AAEBC 
  61      61F62536 
  61      59C2819F 
  61      A020A5
  62 01ba F0632234 		.ascii	"\360c\"4\232o\003\317b%\005%\027\315\011\235\3639\320"
  62      9A6F03CF 
  62      62250525 
  62      17CD099D 
  62      F339D0
  63 01cd 839F12B6 		.ascii	"\203\237\022\266\204\211\233\017N\214\314aA\345\316"
  63      84899B0F 
  63      4E8CCC61 
  63      41E5CE
  64 01dc DC32DC2F 		.ascii	"\3342\334/\267)\245\273\005B\021\226\035\257z\315\017"
  64      B729A5BB 
  64      05421196 
  64      1DAF7ACD 
  64      0F
  65 01ed F819835A 		.ascii	"\370\031\203Z18u\325\023\006\374\2341Q\214\335\356\251"
  65      313875D5 
  65      1306FC9C 
  65      31518CDD 
  65      EEA9
  66 01ff A2EDC214 		.ascii	"\242\355\302\024\203z18\367\266`\222\200c\014\333\326"
  66      837A3138 
  66      F7B66092 
  66      80630CDB 
  66      D6
  67 0210 AE1D9E43 		.ascii	"\256\035\236C;\2650\316{\207\360\235F\320{\326\350\357"
  67      3BB530CE 
  67      7B87F09D 
  67      46D07BD6 
  67      E8EF
  68 0222 AE8A25CD 		.ascii	"\256\212%\3152\273h\300N\366\036\274u\316t\352\0329"
  68      32BB68C0 
  68      4EF61EBC 
  68      75CE74EA 
  68      1A39
  69 0234 4E608552 		.ascii	"N`\205R\341\336\362\215y\215,\230F]u\013x^\215u =\265"
  69      E1DEF28D 
  69      798D2C98 
ARM GAS  /tmp/ccTFtrBh.s 			page 5


  69      465D750B 
  69      785E8D75 
  70 024b 50567127 		.ascii	"PVq'\037\275\201}\357\017\215~\355V\321\031\216\306"
  70      1FBD817D 
  70      EF0F8D7E 
  70      ED56D119 
  70      8EC6
  71 025d 2F689517 		.ascii	"/h\225\0270\341Q\223\003\270\215\035\337O\274;\372r"
  71      30E15193 
  71      03B88D1D 
  71      DF4FBC3B 
  71      FA72
  72 026f F198560A 		.ascii	"\361\230V\012c\262\377\213\361\244b<\205\312\232J-\317"
  72      63B2FF8B 
  72      F1A4623C 
  72      85CA9A4A 
  72      2DCF
  73 0281 3BDAFE32 		.ascii	";\332\3762\235\226pu\323\350\031\304\013\330Fk\343~"
  73      9D967075 
  73      D3E819C4 
  73      0BD8466B 
  73      E37E
  74 0293 2C7C919C 		.ascii	",|\221\234\275O\220\363\242\222\263\260E\016\032\314"
  74      BD4F90F3 
  74      A292B3B0 
  74      450E1ACC 
  75 02a3 A5FF92F3 		.ascii	"\245\377\222\363a\201\247\263T\316\352#$\3474\203\033"
  75      6181A7B3 
  75      54CEEA23 
  75      24E73483 
  75      1B
  76 02b4 4AE5AC6E 		.ascii	"J\345\254n\006\274\314\230\253T\316\352\001\342\365"
  76      06BCCC98 
  76      AB54CEEA 
  76      01E2F5
  77 02c3 2583EE62 		.ascii	"%\203\356bp\251W0I\300\257J\345\274\242\206su\215\234"
  77      70A95730 
  77      49C0AF4A 
  77      E5BCA286 
  77      73758D9C 
  78 02d7 ABD60F69 		.ascii	"\253\326\017i\367c\245.)\245f\224R\305\262\314\026d"
  78      F763A52E 
  78      29A56694 
  78      52C5B2CC 
  78      1664
  79 02e9 E1E4EAFD 		.ascii	"\341\344\352\375\324\325\027\206\005:\262\252\336\370"
  79      D4D51786 
  79      053AB2AA 
  79      DEF8
  80 02f7 D2919751 		.ascii	"\322\221\227Q\344\265\374\274\357`\242/k\241r\344\353"
  80      E4B5FCBC 
  80      EF60A22F 
  80      6BA172E4 
  80      EB
  81 0308 282D3825 		.ascii	"(-8%\240\022\2652hD\002\262q\307\366\306\235\257\310"
  81      A012B532 
  81      684402B2 
ARM GAS  /tmp/ccTFtrBh.s 			page 6


  81      71C7F6C6 
  81      9DAFC8
  82 031b 96A8D114 		.ascii	"\226\250\321\024m\210DB\315M\262&\030\332\037\252\363"
  82      6D884442 
  82      CD4DB226 
  82      18DA1FAA 
  82      F3
  83 032c 4969C464 		.ascii	"Ii\304d\260!,[\214h<&}\373\274;w\310\332\332\027\344"
  83      B0212C5B 
  83      8C683C26 
  83      7DFBBC3B 
  83      77C8DADA 
  84 0342 BE3DDED6 		.ascii	"\276=\336\326\355\214\324\307\342\365\341p\3436?\330"
  84      ED8CD4C7 
  84      E2F5E170 
  84      E3363FD8 
  85 0352 5A1BC207 		.ascii	"Z\033\302\007\002/\256+\245\337\210D\214\346|\326\347"
  85      022FAE2B 
  85      A5DF8844 
  85      8CE67CD6 
  85      E7
  86 0363 F77A6BBC 		.ascii	"\367zk\274\007\245?\3507\242\201\372\326\335\221mAx"
  86      07A53FE8 
  86      37A281FA 
  86      D6DD916D 
  86      4178
  87 0375 E9FFA409 		.ascii	"\351\377\244\011\034\214\313\032\257o\217O\206\232\375"
  87      1C8CCB1A 
  87      AF6F8F4F 
  87      869AFD
  88 0384 E1038D01 		.ascii	"\341\003\215\001\351\217\304B\261\372&\277\237RU\257"
  88      E98FC442 
  88      B1FA26BF 
  88      9F5255AF 
  89 0394 BB492346 		.ascii	"\273I#F\267h\\=\327\035H\376\205\252\301\330\241\030"
  89      B7685C3D 
  89      D71D48FE 
  89      85AAC1D8 
  89      A118
  90 03a6 056EF2FA 		.ascii	"\005n\362\372\366z\3667\304\002-\321P\225\247\3629\320"
  90      F67AF637 
  90      C4022DD1 
  90      5095A7F2 
  90      39D0
  91 03b8 A2E08804 		.ascii	"\242\340\210\004\"F\364\020\374\015\354\002*\254"
  91      2246F410 
  91      FC0DEC02 
  91      2AAC
  92              		.text
  93              		.section	.gnu.lto_st_lld_init.fc4742dcfff1307f,"",%progbits
  94 0000 789C9D94 		.ascii	"x\234\235\224KO\023Q\024\200\357\231\333\307\264\"F"
  94      4B4F1351 
  94      1480EF99 
  94      DBC7B422 
  94      46
  95 0011 572676E1 		.ascii	"W&v\341\026\027\336\024~\202nL@\027\260'(\006\232\200"
  95      1617DE14 
ARM GAS  /tmp/ccTFtrBh.s 			page 7


  95      7E826E4C 
  95      4017B027 
  95      28069A80 
  96 0025 45202EED 		.ascii	"E .\355 P\024\023 1\026Y4\323\204\304\012\002\245\010"
  96      20501413 
  96      20311659 
  96      34D384C4 
  96      0A02A508 
  97 0039 48CBC352 		.ascii	"H\313\303RAD\241\240\01351>b\"\241\242\011\001\242F"
  97      4144A1A0 
  97      0B35313E 
  97      6222A1A2 
  97      0901A246 
  98 004d 2378CE9D 		.ascii	"#x\316\235\322\022]\321\233\314\343>\346\373\316\271"
  98      D2125DD1 
  98      9BCCE33E 
  98      E6FBCEB9 
  99 005d 8F313385 		.ascii	"\21713\205\265\233\031;\313\030;\206\027p\006JG\202"
  99      B59B193B 
  99      CB183B86 
  99      1770064A 
  99      4782
 100 006f B1065501 		.ascii	"\261\006U\001\240\027M\005\346Q\300\003\355\274\223"
 100      A0174D05 
 100      E651C003 
 100      EDBC93
 101 007e 43BC6525 		.ascii	"C\274e%\242\344\0055,\261\316\321#^\255\371\250\316"
 101      A2E40535 
 101      2CB1CED1 
 101      235EADF9 
 101      A8CE
 102 0090 19EBC28B 		.ascii	"\031\353\302\213\012\004!\217\341\260O\341\355\333\007"
 102      0A04218F 
 102      E1B04FE1 
 102      EDDB07
 103 009f 2D26A31D 		.ascii	"-&\243\035\356\201\005\360\031z\0111m{\247E\213\315"
 103      EE8105F0 
 103      197A0931 
 103      6D7BA745 
 103      8BCD
 104 00b1 74C38BE2 		.ascii	"t\303\213\342\303\012\3239\372\360f\246\233\205n\214"
 104      C30AD339 
 104      FAF066A6 
 104      9B856E8C 
 105 00c1 B5E227E4 		.ascii	"\265\342'\344\275\311\025z\362$\304\243\311\036\027"
 105      BDC9157A 
 105      F224C4A3 
 105      C91E17
 106 00d0 41FC5C41 		.ascii	"A\374\\A\266\2579\276dm\343:W\200TM\376\331\025\233"
 106      B6AF39BE 
 106      646DE33A 
 106      5780544D 
 106      FED9159B 
 107 00e4 51D5D6AF 		.ascii	"Q\325\326\257k&lZ\373\360;b\326\301\337\200Q\036\327"
 107      6B266C5A 
 107      FBF03B62 
 107      D6C1DF80 
ARM GAS  /tmp/ccTFtrBh.s 			page 8


 107      511ED7
 108 00f7 39875E70 		.ascii	"9\207^p@\0178\030\215\337\360-\177\314\021\375Z\023"
 108      400F3818 
 108      8DDFF02D 
 108      7FCC11FD 
 108      5A13
 109 0109 E8DC04F7 		.ascii	"\350\334\004\367A\207;2x\350\003\301\222\320\370\323"
 109      41873B32 
 109      78E803C1 
 109      92D0F8D3 
 110 0119 0B868B1B 		.ascii	"\013\206\213\033\272\341\2319\257J|\300\322\217\020"
 110      BAE19939 
 110      AF4A7CC0 
 110      D28F10
 111 0128 0CC867A3 		.ascii	"\014\310g\243!\3733\015dL!\020\210'P\264\247\317f\330"
 111      21FB330D 
 111      644C2110 
 111      882750B4 
 111      A7CF66D8 
 112 013c CC7B3333 		.ascii	"\314{33\313\314Z\033\247\207T\243\252\305:\264\\lZ~"
 112      CBCC5A1B 
 112      A78754A3 
 112      AAC53AB4 
 112      5C6C5A7E 
 113 0150 3FF6CA9E 		.ascii	"?\366\312\236\361Y \214\276\301\224ots\243=\343\033"
 113      F159208C 
 113      BEC1946F 
 113      7473A33D 
 113      E31B
 114 0162 923E9A77 		.ascii	"\222>\232wx\360Of\244\373/\225}\240\2073\350\021J\305"
 114      78F04F66 
 114      A4FB2F95 
 114      7DA08733 
 114      E8114AC5 
 115 0176 42A0ADD5 		.ascii	"B\240\255\325\320\215\334\024+\235\210U&\222\350\377"
 115      D08DDC14 
 115      2B9D8855 
 115      2692E8FF 
 116 0186 B16E37AA 		.ascii	"\261n7\252\264qh\211\272\007\276\317\251)[\340*\256"
 116      B4716889 
 116      BA07BECF 
 116      A9295BE0 
 116      2AAE
 117 0198 BC0A0FD1 		.ascii	"\274\012\017\3217\232\362\365.nmZ\311\327@\261\230`"
 117      379AF2F5 
 117      2E6E6D5A 
 117      C9D740B1 
 117      9860
 118 01aa 4C1A1532 		.ascii	"L\032\0252F@\340\200/\211\244_\316\215\011\226\246\031"
 118      4640E080 
 118      2F89A45F 
 118      CE8D0996 
 118      A619
 119 01bc 448D64B6 		.ascii	"D\215d\266V\307\3221\354\3230.\015r\273NH\303\332\304"
 119      56C7D231 
 119      ECD3302E 
 119      0D72BB4E 
ARM GAS  /tmp/ccTFtrBh.s 			page 9


 119      48C3DAC4 
 120 01d0 E01BB361 		.ascii	"\340\033\263a\330\301r\010&w\035\221l\035S\322a\"\307"
 120      D8C17208 
 120      26771D91 
 120      6C1D53D2 
 120      6122C7
 121 01e3 23E948CF 		.ascii	"#\351H\317\223\011\030\304v\371\321\354\3706\230\226"
 121      930918C4 
 121      76F9D1EC 
 121      F8369896 
 122 01f3 7C3CCDD4 		.ascii	"|<\315\324\271\343\013\277\2638C\324\031\030\222\313"
 122      B9E30BBF 
 122      B33843D4 
 122      191892CB 
 123 0203 16070127 		.ascii	"\026\007\001'\034r\007>\006g\3067\236m>3\322g!\340,"
 123      1C72073E 
 123      0667C637 
 123      9E6D3E33 
 123      D26721E0 
 124 0218 B2D3C089 		.ascii	"\262\323\300\211l\201O$\320J\300\271\275\300\311l\201"
 124      6C814F24 
 124      D04AC0B9 
 124      BDC0C96C 
 124      81
 125 0229 4F255025 		.ascii	"O%P%\340\274\234\361\221\226\205\260\335\230q\200g\273"
 125      E0BC9CF1 
 125      919685B0 
 125      DD987180 
 125      67BB
 126 023b FCA96CF9 		.ascii	"\374\251l\371\317%\337F\374\005\014\230\200k\320\034"
 126      CF25DF46 
 126      FC050C98 
 126      806BD01C 
 127 024b 08DEE5C4 		.ascii	"\010\336\345\304\243/\"\221\257o\255\236?\232\252s{"
 127      A32F2291 
 127      AF6FAD9E 
 127      3F9AAA73 
 127      7B
 128 025c 179D1958 		.ascii	"\027\235\031X\004\017u|\236\277\345\315\241H\016 ?\001"
 128      040F757C 
 128      9EBFE5CD 
 128      A1480E20 
 128      3F01
 129 026e 0E3AF0BF 		.ascii	"\016:\360\277^\267\251F\223\012K\340\320y\016\373\006"
 129      5EB7A946 
 129      930A4BE0 
 129      D0790EFB 
 129      06
 130 027f D702DD41 		.ascii	"\327\002\335Ayp\345\037\266\025\031\370[\304\243P(*"
 130      7970E51F 
 130      B61519F8 
 130      5BC4A350 
 130      282A
 131 0291 DDD51745 		.ascii	"\335\325\027Ey\276\263\274\340\262\250\251uW\324\226"
 131      79BEB3BC 
 131      E0B2A8A9 
 131      7557D496 
ARM GAS  /tmp/ccTFtrBh.s 			page 10


 132 02a1 5557BB2E 		.ascii	"UW\273.U\210S\225\256\363\256s\305B\270\353DeY\225\250"
 132      55885395 
 132      AEF3AE73 
 132      C542B8EB 
 132      44655995 
 133 02b6 71D7D6D7 		.ascii	"q\327\326\327\211\342\222\242\202|QXxZ\224\234)\272"
 133      89E292A2 
 133      827C5158 
 133      785A949C 
 133      29BA
 134 02c8 E2A49ED2 		.ascii	"\342\244\236\322\272\372\322\252\252\362\223\027\330"
 134      BAFAD2AA 
 134      AAF29317 
 134      D8
 135 02d5 5FB375ED 		.ascii	"_\263u\355\265"
 135      B5
 136              		.text
 137              		.section	.gnu.lto_.symbol_nodes.fc4742dcfff1307f,"",%progbits
 138 0000 789C6365 		.ascii	"x\234ce`b(d\000\002\246>\246z\006\206\011\347\030\030"
 138      60622864 
 138      0002A63E 
 138      A67A0686 
 138      09E71818 
 139 0014 80D4AE06 		.ascii	"\200\324\256\006G\240H?S=#\212\010\343\004\246z&\260"
 139      47A0483F 
 139      533D238A 
 139      08E304A6 
 139      7A26B0
 140 0027 08034343 		.ascii	"\010\003CC\203\003P`\"S=3\212\300$\246z\026d\001f l"
 140      83035060 
 140      22533D33 
 140      8AC024A6 
 140      7A166401 
 141 003e 39768C8D 		.ascii	"9v\214\215\031hOK\373\033yfF\026\206'@\232\001\000\006"
 141      19684F4B 
 141      FB1B7966 
 141      46168627 
 141      409A0100 
 142 0053 B61B1E   		.ascii	"\266\033\036"
 143              		.text
 144              		.section	.gnu.lto_.refs.fc4742dcfff1307f,"",%progbits
 145 0000 789C6365 		.ascii	"x\234ce`b`d\000\002\000\000I\000\011"
 145      60626064 
 145      00020000 
 145      490009
 146              		.text
 147              		.section	.gnu.lto_.decls.fc4742dcfff1307f,"",%progbits
 148 0000 789CCD59 		.ascii	"x\234\315YkTT\311v\356:\325\274\032h]\215\2711+\376"
 148      6B5454C9 
 148      76EE3AD5 
 148      BC1A685D 
 148      8DB9312B 
 149 0015 984CBC4B 		.ascii	"\230L\274K\356\312\272\323\202\223\334\371\221\037j"
 149      EECABAD3 
 149      8293DCF9 
 149      911F6A
 150 0024 8342AECC 		.ascii	"\203B\256\314\230ngV2\177z1\3303\260\302c\006p\242\177"
ARM GAS  /tmp/ccTFtrBh.s 			page 11


 150      986E6756 
 150      327F7A31 
 150      D833B0C2 
 150      630670A2 
 151 0039 92C3C311 		.ascii	"\222\303\303\021\3615\210/\024\024\001\021\024\024\234"
 151      F135882F 
 151      14140111 
 151      14149C
 152 0048 5144E421 		.ascii	"QD\344!\255\010\010\016\342\003y\011\"\242\202\017\004"
 152      AD08080E 
 152      E2037909 
 152      22A2820F 
 152      04
 153 0059 040495EC 		.ascii	"\004\004\225\354\252:\335\247\372t{37YY+\275\330]gW"
 153      AA3ADDA7 
 153      FA747B33 
 153      3759592B 
 153      BDD85D67 
 154 006e 7DF59D5D 		.ascii	"}\365\235]{\357SgW\343\246\022T-\213T\25207\225*\004"
 154      7BEF5367 
 154      57E3A612 
 154      542D8B54 
 154      AA303795 
 155 0084 A95473F0 		.ascii	"\251Ts\360\301*\225\252\024\004TU\231\212}`Xu\036\344"
 155      C12A95AA 
 155      14045455 
 155      998A7D60 
 155      58751EE4 
 156 0098 02C84590 		.ascii	"\002\310E\220\032\020\253\312\371\363\035L\362\201\366"
 156      1A10ABCA 
 156      F9F31D4C 
 156      F281F6
 157 00a7 0B902520 		.ascii	"\013\220% \036\240\273\2034\301\265\016d\201\304\351"
 157      1EA0BB83 
 157      34C1B50E 
 157      6481C4E9 
 158 00b7 0B7D3A10 		.ascii	"\013}:\020?\220\012\351^\023\244_\272\317_@\307_\202"
 158      3F900AE9 
 158      5E13A45F 
 158      BACF5F40 
 158      C75F82
 159 00ca FC15C85F 		.ascii	"\374\025\310_\203\374\015\310\337\"v\337\337B\273\004"
 159      83FC0DC8 
 159      DF2276DF 
 159      DF42BB04 
 160 00da E477207F 		.ascii	"\344w \177\207\230=\312\317\006\304\270lv$\202\236 "
 160      87983DCA 
 160      CF06C4B8 
 160      6C762482 
 160      9E20
 161 00ec D99104AD 		.ascii	"\331\221\004\255\210d\333:\240/\0311\273\352A4 \341"
 161      8864DB3A 
 161      A02F1931 
 161      BBEA4134 
 161      20E1
 162 00fe A06F22FE 		.ascii	"\240o\"\376P1\343&\241\301\320NA;\006\"\300\3658i%\237"
 162      5031E326 
ARM GAS  /tmp/ccTFtrBh.s 			page 12


 162      A1C1D04E 
 162      413B0622 
 162      C0F53869 
 163 0114 B8F2C57E 		.ascii	"\270\362\305~\214z\033\213O\342\235\030-\321 \342\331"
 163      8C7A1B8B 
 163      4FE29D18 
 163      2DD120E2 
 163      D9
 164 0125 79D075FA 		.ascii	"y\320u\372i\345k_\326E\020}\257\213V}T\"\262\217\247"
 164      69E56B5F 
 164      D645107D 
 164      AF8B567D 
 164      5422B28F 
 165 013a 204F6DDF 		.ascii	" Om\3375V\340\201\275)\350FjY6\241\321i\220\032\324"
 165      3556E081 
 165      BD29E846 
 165      6A5936A1 
 165      D169901A 
 166 014f 97AD071F 		.ascii	"\227\255\007\037hA]\240A\037\354\307BVsG\275\032\371"
 166      68415DA0 
 166      411FECC7 
 166      42567347 
 166      BD1AF9
 167 0162 6B0A0945 		.ascii	"k\012\011E\335\324\330\222\214-\242(\240SH\203N \214"
 167      DDD4D892 
 167      8C2DA228 
 167      A0534883 
 167      4E208C
 168 0175 8AD14764 		.ascii	"\212\321Gd\015K\310\262\322D1Y\3741E\364\012Q\241\022"
 168      0D4BC8B2 
 168      D2443159 
 168      FC3145F4 
 168      0A51A112 
 169 0189 B4089D44 		.ascii	"\264\010\235D\213T\250\024\371\023k\010\016\025A\347"
 169      8B54A814 
 169      F9136B08 
 169      0E1541E7 
 170 0199 71E884BB 		.ascii	"q\350\204\273\024\027d\344\271\343?\022\003\204\206"
 170      141764E4 
 170      B9E33F12 
 170      038486
 171 01a8 9AEEBB6A 		.ascii	"\232\356\273j\244\361w9\277\334\305|f\313\243\203\037"
 171      A4F17739 
 171      BFDCC57C 
 171      66CBA383 
 171      1F
 172 01b9 366C26B6 		.ascii	"6l&\266\224\201-\247e[\3004\322@/\334\347\334\216\313"
 172      94812DA7 
 172      655BC034 
 172      D2402FDC 
 172      E7DC8ECB 
 173 01cd D5C23DD4 		.ascii	"\325\302=\324\203`\361h>]>B\354\033Q\241\352\234\355"
 173      8360F168 
 173      3E5D3E42 
 173      EC1B51A1 
 173      EA9CED
 174 01e0 8310ED87 		.ascii	"\203\020\355\207^\201~3 \355B\266\031\222.H\252 Q\322"
ARM GAS  /tmp/ccTFtrBh.s 			page 13


 174      5E817E33 
 174      20ED42B6 
 174      19922E48 
 174      AA2051D2 
 175 01f4 3F6932E2 		.ascii	"?i2\342\030\3310\273\223\355\303\302\316.\3504\333l"
 175      18D930BB 
 175      93EDC3C2 
 175      CE2EE834 
 175      DB6C
 176 0206 24C83740 		.ascii	"$\3107@\210\237\300\0212\263\245q\273}*yq\310\026\346"
 176      889FC011 
 176      32B3A571 
 176      BB7D2A79 
 176      71C816E6 
 177 021a 97592D43 		.ascii	"\227Y-C\232>\324Kzs\227#\332\367\354\305\323\343Z\374"
 177      9A3ED44B 
 177      7A739723 
 177      DAF7ECC5 
 177      D3E35AFC 
 178 022e 1F34F457 		.ascii	"\0374\364W\346\246\352\346\261\320\013$+F[r\274Y\350"
 178      E6A6EAE6 
 178      B1D00B24 
 178      2B465B72 
 178      BC59E8
 179 0241 E7833A9D 		.ascii	"\347\203:\235t\373\222f\341>\232<)\342|\001}\361\033"
 179      74FB9266 
 179      E13E9A3C 
 179      29E27C01 
 179      7DF11B
 180 0254 740E4270 		.ascii	"t\016Bp\026B\240B\025h!|\177\245fw\332;[\224\347\375"
 180      1642A042 
 180      1568217C 
 180      7FA56677 
 180      DA3B5B94 
 181 026a 61AE98DB 		.ascii	"a\256\230\333/\326\315\025\375cu\336\017b\033L[Nq\350"
 181      2FD6CD15 
 181      FD6375DE 
 181      0F621B4C 
 181      5B4E71E8 
 182 027e 67393A70 		.ascii	"g9:p\011\337?\241>\204\316\240{`\370y\364!\261t\373"
 182      09DF3FA1 
 182      3E84CEA0 
 182      7B60F879 
 182      F421B174 
 183 0293 8BDC79F8 		.ascii	"\213\334y\370\026\242f]\316\314\031p\227\310\3565\371"
 183      16A2665D 
 183      CECC1970 
 183      97C8EE35 
 183      F9
 184 02a4 648975C9 		.ascii	"d\211u\311\"\0114\241\252\224\251*\225T\027(U\337\350"
 184      220934A1 
 184      AA94A92A 
 184      95541728 
 184      55DFE8
 185 02b7 F8556FDC 		.ascii	"\370Uo\334\317\2502\217wm\021\200\252\037\022\246\257"
 185      CFA8328F 
 185      776D1180 
ARM GAS  /tmp/ccTFtrBh.s 			page 14


 185      AA1F12A6 
 185      AF
 186 02c8 C6FF6DD9 		.ascii	"\306\377m\331\240\230\246aFU\311LU\204\211\\\\\244\014"
 186      A098A661 
 186      4655C94C 
 186      5584895C 
 186      5CA40C
 187 02db 5B2BAC3B 		.ascii	"[+\254;0\276 P\206\361\253\263\233=%\206\221\316\245"
 187      30BE2050 
 187      86F1ABB3 
 187      9B3D2586 
 187      91CEA5
 188 02ee D7CF88A9 		.ascii	"\327\317\210\251nt~\265<\277\3326\277\206\316?tk _\300"
 188      6E747EB5 
 188      3CBFDA36 
 188      BF86CE3F 
 188      746B205F 
 189 0303 3F603ABF 		.ascii	"?`:\277\376u\337|\265\300\022\222\270\013\272\322\217"
 189      FE75DF7C 
 189      B5C01292 
 189      B80BBAD2 
 189      8F
 190 0314 35CD607B 		.ascii	"5\315`{_\035\242\235\327n\214u\370\274\327\333\365\324"
 190      5F1DA29D 
 190      D76E8C75 
 190      F8BCD7DB 
 190      F5D4
 191 0326 DB9790E4 		.ascii	"\333\227\220\344\356\222\212\306;Z\311\250\331\341O"
 191      EE928AC6 
 191      3B5AC9A8 
 191      D9E14F
 192 0335 B2A85180 		.ascii	"\262\250Q\200A\265\262Q\2656\243\254\324\250\212\373"
 192      41B5B251 
 192      B536A3AC 
 192      D4A88AFB 
 193 0345 7B6BBD58 		.ascii	"{k\275X\254\357\022\212\203U\023\315nL\367$\303\317"
 193      ACEF128A 
 193      835513CD 
 193      6E4CF724 
 193      C3CF
 194 0357 4F56F8B2 		.ascii	"OV\370\262\330\327\221\341\233CGS}\330p\033\321\255"
 194      D8D791E1 
 194      9B434753 
 194      7DD8701B 
 194      D1AD
 195 0369 77AE8EAA 		.ascii	"w\256\216\252q\017[SZ\311N+\326\244\021C\177\315\363"
 195      710F5B53 
 195      5AC94E2B 
 195      D6A41143 
 195      7FCDF3
 196 037c 0A335A5A 		.ascii	"\0123ZZf[\335\360\000\233\276\355\312\331\006i\307i"
 196      665BDDF0 
 196      009BBEED 
 196      CAD90669 
 196      C769
 197 038e 24FA9E0B 		.ascii	"$\372\236\013\326*o\374\220\015>H\037\260\272\343a\246"
 197      D62A6FFC 
ARM GAS  /tmp/ccTFtrBh.s 			page 15


 197      900D3E48 
 197      1FB0BAE3 
 197      61A6
 198 03a0 D8ACD249 		.ascii	"\330\254\322IV\035\351~\325\214\360s6XUq\261AZ\301R"
 198      561DE97E 
 198      D58CF073 
 198      36585571 
 198      B1415AC1 
 199 03b5 2E7B752C 		.ascii	".{u,{\317\01555h\330\202D\004zu{\317r<.\305d\254\354"
 199      7BCF0D35 
 199      3568D882 
 199      44047A75 
 199      7BCF723C 
 200 03ce B8B4384C 		.ascii	"\270\2648L\226\2235\3266\217,Gd\313!\375\266\005\251"
 200      969335D6 
 200      368F2C47 
 200      64CB21FD 
 200      B605A9
 201 03e1 D06DB29F 		.ascii	"\320m\262\237 \375\"t\213-\245s\372J\227\233\356G\212"
 201      20FD2274 
 201      8B2DA573 
 201      FA4A979B 
 201      EE478A
 202 03f4 16C50FD4 		.ascii	"\026\305\017\3244\210\355\000\277A\341w\220\3166\211"
 202      3488ED00 
 202      BF41E177 
 202      90CE3689 
 203 0404 3E627B9F 		.ascii	">b{\237kyp\323\237\002\237\312?\266_\203\247\230\221"
 203      6B7970D3 
 203      9F029FCA 
 203      3FB65F83 
 203      A79891
 204 0417 87C67B9F 		.ascii	"\207\306{\237H\001\363\007\265p\262*\305\023\317\262"
 204      4801F307 
 204      B570B22A 
 204      C513CFB2 
 205 0427 B1CC9A9C 		.ascii	"\261\314\232\234V\017<\307\024\333\216\255\243;6J\356"
 205      560F3CC7 
 205      14DB8EAD 
 205      A33B364A 
 205      EE
 206 0438 588953D4 		.ascii	"X\211S\324t\2446cw/\302[\230\362<\365a\277\344\237\205"
 206      74A43663 
 206      772FC25B 
 206      98F23CF5 
 206      61BFE49F 
 207 044d E489BD36 		.ascii	"\344\211\2756\262\004ogC\357\032\255K\360nv\335p\256"
 207      B2046F67 
 207      43EF1AAD 
 207      4BF06E76 
 207      DD70AE
 208 0460 E838C207 		.ascii	"\3508\302\007\2302v\260aD\203\263\231\222\333\236}\336"
 208      983276B0 
 208      614483B3 
 208      9992DB9E 
 208      7DDE
 209 0472 131F614A 		.ascii	"\023\037aJ\341\364\276B\037\\\300\224[\225\267\323\274"
ARM GAS  /tmp/ccTFtrBh.s 			page 16


 209      E1F4BE42 
 209      1F5CC094 
 209      5B95B7D3 
 209      BC
 210 0483 713153D2 		.ascii	"q1S\322\312\313\017x\343R\246$WufH;L?\321\007\217\015"
 210      CACB0F78 
 210      E352A624 
 210      57756648 
 210      3B4C3FD1 
 211 049a E67A4951 		.ascii	"\346zIQq'\217B{\313\024\302\345\014\234~\356\346=\365"
 211      71278F42 
 211      7BCB14C2 
 211      E50C9C7E 
 211      EEE63DF5 
 212 04ae 7BE33062 		.ascii	"{\3430b\213\303R\032\206\275\325{\317j\225ah\000\364"
 212      8BC3521A 
 212      86BDD57B 
 212      CF6A9561 
 212      6800F4
 213 04c1 158A7E4A 		.ascii	"\025\212~J=;b\363l\333\303\374cje\034\336\207\376\315"
 213      3D3B62F3 
 213      6CDBC3FC 
 213      636A651C 
 213      DE87FECD 
 214 04d5 8BF44BAF 		.ascii	"\213\364K\257|\321\342\305\213\375\026s\037\177\372"
 214      7CD1E2C5 
 214      8BFD1673 
 214      1F7FFA
 215 04e4 9D27A6A6 		.ascii	"\235'\246\246\300\213p'~\\z}\273\230[\217(\325/\360"
 215      C08B7027 
 215      7E5C7A7D 
 215      BB985B8F 
 215      28D52FF0 
 216 04f8 DCBD447E 		.ascii	"\334\275D~\362sp\235\362\226\220o\025\2332\020\013\033"
 216      F273709D 
 216      F296906F 
 216      159B3210 
 216      0B1B
 217 050a 592AA6F0 		.ascii	"Y*\246\360F%\374\252\023\274\231\203\267*\341\327(<"
 217      4625FCAA 
 217      13BC9983 
 217      B72AE1D7 
 217      283C
 218 051c 80A033A4 		.ascii	"\200\2403\2445-W\253\320\023\030\177L\207\010\032\236"
 218      352D57AB 
 218      D013187F 
 218      4C87081A 
 218      9E
 219 052d 41F40E1E 		.ascii	"A\364\016\036\307q\264\030\215\201\314\200L\201L\200"
 219      C771B418 
 219      8D81CC80 
 219      4C814C80 
 220 053d 240B8BD1 		.ascii	"$\013\213\321$\264oA\246AfA\346@D\350\177\015m\012\264"
 220      24B46F41 
 220      A6416641 
 220      E64044E8 
 220      7F0D6D0A 
ARM GAS  /tmp/ccTFtrBh.s 			page 17


 221 0552 CFA11D05 		.ascii	"\317\241\035\005y\003\362\012\344\005H\222\260\230n"
 221      7903F20A 
 221      E4054892 
 221      B0986E
 222 0561 2ACCC6AE 		.ascii	"*\314\306\256h\331\306!\245\215z\345\212\3329\364#\227"
 222      68D9C621 
 222      A58D7AE5 
 222      8ADA39F4 
 222      2397
 223 0573 E800193C 		.ascii	"\350\000\031<\306\201\037(\3017\220\002\335\3059\253"
 223      C6811F28 
 223      C1379002 
 223      DDC539AB 
 224 0583 D9B56F39 		.ascii	"\331\265o9t}\214\214\276\257D\367)\321\303\234%\203"
 224      747D8C8C 
 224      BEAF44F7 
 224      29D1C39C 
 224      2583
 225 0595 4AF415A7 		.ascii	"J\364\025\247\270\265s\344\367\224\360\036%\371\030"
 225      B8B573E4 
 225      F794F01E 
 225      25F918
 226 05a4 87BEAB44 		.ascii	"\207\276\253D\267)\321\003\234)\017]\233\302;\205\343"
 226      B729D103 
 226      9C290F5D 
 226      9BC23B85 
 226      E3
 227 05b5 EE756D89 		.ascii	"\356um\211\203\341\234\017[\\'\234C~r\354\375\256\235"
 227      83E19C0F 
 227      5B5C279C 
 227      437E72EC 
 227      FDAE9D
 228 05c8 C8E0AC5A 		.ascii	"\310\340\254Z\273\376T\227$\212\210\300T\322\033J\316"
 228      BBFE5497 
 228      248A88C0 
 228      54D21B4A 
 228      CE
 229 05d9 A3A167BA 		.ascii	"\243\241g\272\314\024\261q)%\353V\222u:E\204\273u\227"
 229      CC14B171 
 229      2925EB56 
 229      92753A45 
 229      84BB7597 
 230 05ed 6BB4DDD2 		.ascii	"k\264\335\322$\200\307&Q\3703\244C\303\022\334\366\350"
 230      2480C726 
 230      51F833A4 
 230      43C312DC 
 230      F6E8
 231 05ff A3CB4AF2 		.ascii	"\243\313J\362\031\316\307\003\256\023\217'\237\211a"
 231      19CEC703 
 231      AE138F27 
 231      9F8961
 232 060e E41D407E 		.ascii	"\344\035@~S\202\333\366w)\200\014N\012\366\226;EZ\234"
 232      5382DBF6 
 232      7729800C 
 232      4E0AF696 
 232      3B455A9C 
 233 0622 EC46ABDE 		.ascii	"\354F\253\336\372\303\027\263\240\260\366c\356\231|"
ARM GAS  /tmp/ccTFtrBh.s 			page 18


 233      FAC317B3 
 233      A0B0F663 
 233      EE997C
 234 0631 EE0E153A 		.ascii	"\356\016\025:\372A\360C\251\202\375\025N\234\345\372"
 234      FA41F043 
 234      A982FD15 
 234      4E9CE5FA 
 235 0641 09479B05 		.ascii	"\011G\233\005\377\377\363\207\234\274\031\236\354\272"
 235      FFFFF387 
 235      9CBC199E 
 235      ECBA
 236 064f 2FF8A4DB 		.ascii	"/\370\244\333+sj\241\274'o\021|h\211\001-\200oOW\317"
 236      2B736AA1 
 236      BC276F11 
 236      7C688901 
 236      2D806F4F 
 237 0665 F8E09D74 		.ascii	"\370\340\235t}\352\376\374\261\021w\344\277\010!\015"
 237      7DEAFEFC 
 237      B11177E4 
 237      BF08210D 
 238 0675 48A1ED10 		.ascii	"H\241\355\020\242B\333\004\015J\023\260\355 sP\204\015"
 238      A242DB04 
 238      0D4A13B0 
 238      ED207350 
 238      840D
 239 0687 7FF43F49 		.ascii	"\177\364?I7;A\214\346\211x\241\012-\243\033=\332\012"
 239      373B418C 
 239      E68978A1 
 239      0A2DA31B 
 239      3DDA0A
 240 069a EB24432A 		.ascii	"\353$C*\264]X\204\322\205E0\301\223\366\300\015\267"
 240      B45D5884 
 240      D2854530 
 240      C193F6C0 
 240      0DB7
 241 06ac 3FBB71C0 		.ascii	"?\273q\300G\336\325\021\345\226\213\246\035\202\274"
 241      47DED511 
 241      E5968BA6 
 241      1D82BC
 242 06bb AB1385BC 		.ascii	"\253\023\205\274\177fK/H\357J\362\372\231:\235{\335"
 242      7F664B2F 
 242      48EF4AF2 
 242      FA993A9D 
 242      7BDD
 243 06cd F7BD6F9C 		.ascii	"\367\275o\234]\202\364\306\331)\320W\316D\372\346)\251"
 243      5D82F4C6 
 243      D929D057 
 243      CE44FAE6 
 243      29A9
 244 06df 6EF100B5 		.ascii	"n\361\000\265h({\247\017{\227}\002jw[I\203\257\322\230"
 244      68287BA7 
 244      0F7B977D 
 244      026A775B 
 244      4983AFD2 
 245 06f4 0C30FA47 		.ascii	"\0140\372G\201\220\355\246\306PJ\252\220Ju\272\343\236"
 245      8190EDA6 
 245      C6504AAA 
ARM GAS  /tmp/ccTFtrBh.s 			page 19


 245      904A75BA 
 245      E39E
 246 0706 0FEF5C52 		.ascii	"\017\357\\RV\312\267\317\024|l\211\220I\375\373\350"
 246      56CAB7CF 
 246      147C6C89 
 246      9049FDFB 
 246      E8
 247 0717 B838A5C5 		.ascii	"\2708\245\305\231\324\277hk\371MZq\327A\221<U\202\267"
 247      99D4BF68 
 247      6BF94D5A 
 247      71D74191 
 247      3C5582B7 
 248 072b 96973525 		.ascii	"\226\2275%\211\013R\275(\311\0369\207\366\010\212*y"
 248      890B52BD 
 248      28C91E39 
 248      87F6088A 
 248      2A79
 249 073d AF40CAC1 		.ascii	"\257@\312\301\321\311k\031\030\3671\256\243\315'\036"
 249      D1C96B19 
 249      18F731AE 
 249      A3CD271E 
 250 074d 60896BA4 		.ascii	"`\211k\244\363\223\2213\242\010'+8\367\021\256}2\327"
 250      F3939133 
 250      A208272B 
 250      38F711AE 
 250      7D32D7
 251 0760 3E25D77E 		.ascii	">%\327~\312e\235\274S\352\201G\031\327\017{\212\337"
 251      CA659DBC 
 251      53EA8147 
 251      19D70F7B 
 251      8ADF
 252 0772 B9495CDD 		.ascii	"\271I\\\3355\213\217\344\323\223@n\010+\272\017\310"
 252      358B8FE4 
 252      D393406E 
 252      082BBA0F 
 252      C8
 253 0783 64079464 		.ascii	"d\007\224dY\224\254pjz\233\026\247\270S\262\315o\307"
 253      5994AC70 
 253      6A7A9B16 
 253      A7B853B2 
 253      CD6FC7
 254 0796 FAB51259 		.ascii	"\372\265\022Y\373A\314N\002G\331I\340\240LuPIu\210R"
 254      FB41CC4E 
 254      0247D949 
 254      E0A04C75 
 254      50497588 
 255 07ab 750CD5AF 		.ascii	"u\014\325\257\307;\030\323\211\322\303eZ|\210)\333\352"
 255      C73B18D3 
 255      89D2C365 
 255      5A7C8829 
 255      DBEA
 256 07bd ADD9EE50 		.ascii	"\255\331\356P\200\243\034\232\207\256\253\364\313e'"
 256      80A31C9A 
 256      87AEABF4 
 256      CB6527
 257 07cc DF6ADF5B 		.ascii	"\337j\337["
 258 07d0 90E70AA4 		.ascii	"\220\347\012\244 ?\"H\005\371\320\241}e\266h\374\322"
ARM GAS  /tmp/ccTFtrBh.s 			page 20


 258      203F2248 
 258      05F9D0A1 
 258      7D65B668 
 258      FCD2
 259 07e2 8A7716DF 		.ascii	"\212w\026\337\203\332 I\\\336(\020$\312\266\331\212"
 259      83DA2049 
 259      5CDE2810 
 259      24CAB6D9 
 259      8A
 260 07f3 0E0B6AA2 		.ascii	"\016\013j\2429\232{\224\232;\375\352\322%O<\301L\254"
 260      399A7B94 
 260      9A3BFDEA 
 260      D2254F3C 
 260      C14CAC
 261 0806 3EF7EC26 		.ascii	">\367\354&\222\303\273\353'>\274y\362\322\363\224\\"
 261      92C3BBEB 
 261      273EBC79 
 261      F2D2F394 
 261      5C
 262 0817 F9942BEF 		.ascii	"\371\224+\357n\347\031w\234\346A\271Z\016m\033\367\222"
 262      6EE71977 
 262      9CE641B9 
 262      5A0E6D1B 
 262      F792
 263 0829 B806B63A 		.ascii	"\270\006\266:z\261@\246*PR\035\243T{\216]\335\252\306"
 263      7AB140A6 
 263      2A50521D 
 263      A3547B8E 
 263      5DDDAAC6 
 264 083d 398CAAA9 		.ascii	"9\214\252\251v\346\224\233=S\374\237;dJ\241\314U\250"
 264      76E6949B 
 264      3D53FC9F 
 264      3B644AA1 
 264      CC55A8
 265 0850 E43A4EB9 		.ascii	"\344:N\271\232\006K\353\265\270\214qeu\215\034\360\262"
 265      9A064BEB 
 265      B5B88C71 
 265      65758D1C 
 265      F0B2
 266 0862 67CAD222 		.ascii	"g\312\322\"\307L)\222\311\212\224d\305\224\254\377\310"
 266      C74C2992 
 266      C98A9464 
 266      C594ACFF 
 266      C8
 267 0873 A34C5F7C 		.ascii	"\243L_|\205\221]\253\311\277m3\254=\307q\215'd\252\023"
 267      85915DAB 
 267      C9BF6D33 
 267      AC3DC771 
 267      8D2764AA 
 268 0888 4AAA9394 		.ascii	"J\252\223\224\312vX\320I\207\205\272\206\355\317\020"
 268      CA7658D0 
 268      498785BA 
 268      86EDCF10 
 269 0898 BEC1A8D3 		.ascii	"\276\301\250\323\356o\271)\015N\023}\256~\352\256/\356"
 269      EE6FB929 
 269      0D4E137D 
 269      AE7EEAAE 
ARM GAS  /tmp/ccTFtrBh.s 			page 21


 269      2FEE
 270 08aa 6083734F 		.ascii	"`\203sO:\363\245*}\224\350\373+\007F\265\370>\033\314"
 270      3AF3A52A 
 270      7D94E8FB 
 270      2B0746B5 
 270      F83E1BCC 
 271 08be B0BE1A87 		.ascii	"\260\276\032\207\203\015Sz\362\366\034S3\344c\242\347"
 271      830D537A 
 271      F2F61C53 
 271      33E463A2 
 271      E7
 272 08cf BC7993AA 		.ascii	"\274y\223\252\306\303l\260=9\263\300\035O0e\366\371"
 272      C6C36CB0 
 272      3D39B3C0 
 272      1D4F3065 
 272      F6F9
 273 08e1 F15177FC 		.ascii	"\361Qw\374\216)\326\361\354\227>8\315\223=\017\005\267"
 273      8E29D6F1 
 273      EC973E38 
 273      CD933D0F 
 273      05B7
 274 08f3 B67BE0DD 		.ascii	"\266{\340\335L\031\357\336\321\340\203\263\231r\271"
 274      4C19EFDE 
 274      D1E083B3 
 274      9972B9
 275 0902 F1C14D4F 		.ascii	"\361\301MO\\\310\224\244\307e[0.c\312\3136k\272\027"
 275      5CC894A4 
 275      C7655B30 
 275      2E63CACB 
 275      366BBA17 
 276 0916 BEC094D6 		.ascii	"\276\300\224\326\255\273\367\012\270\236)\266\015L\307"
 276      ADBBF70A 
 276      B89E29B6 
 276      0D4CC7
 277 0925 36B0B943 		.ascii	"6\260\271C\2439>\270\231\215]\314\337\\\354\211o1%\365"
 277      A3393EB8 
 277      998D5DCC 
 277      DF5CEC89 
 277      6F3125F5 
 278 0939 FA8E1E1F 		.ascii	"\372\216\036\037\334\303\224S\217\267\324y\340A\011"
 278      DCC39453 
 278      8FB7D479 
 278      E04109
 279 0948 D6FABA44 		.ascii	"\326\372\272D\213\237JJ\367Y=\236d\327G\037Wf\316\303"
 279      8B9F4A4A 
 279      F7593D9E 
 279      64D7471F 
 279      5766CEC3 
 280 095c 734CB9DF 		.ascii	"sL\271\337\373(]\213\323\274\330\006Q\273\267\332\013"
 280      FB285D8B 
 280      D3BCD806 
 280      51BBB7DA 
 280      0B
 281 096d EF66CAE5 		.ascii	"\357f\312\345~\250\221\016\261\353\221\364\272N\001"
 281      7EA8910E 
 281      B1EB91F4 
 281      BA4E01
ARM GAS  /tmp/ccTFtrBh.s 			page 22


 282 097c 1730A5B8 		.ascii	"\0270\245\270r\307}7\\\312\224\007\025\251\223j\\\316"
 282      72C77D37 
 282      5CCA9407 
 282      15A9936A 
 282      5CCE
 283 098e 94936F0E 		.ascii	"\224\223o\016\267y\341sLi\273\320\377P\213k\230R\322"
 283      B779E173 
 283      4C69BBD0 
 283      FF508B6B 
 283      9852D2
 284 09a1 7AB547DA 		.ascii	"z\265G\332\237\323H\024K\212z\207<\2443-9\343\026\234"
 284      9FD34814 
 284      4B8A7A87 
 284      3CA4332D 
 284      39E3169C 
 285 09b5 EF7F83F0 		.ascii	"\357\177\203\360%\012\376\240\250\250\356\251\026\361"
 285      250AFEA0 
 285      A8A8EEA9 
 285      16F1
 286 09c3 F5BD1F57 		.ascii	"\365\275\037W\345\333>\254&xT\351\266\375l\001<\200"
 286      E5DB3EAC 
 286      267854E9 
 286      B6FD6C01 
 286      3C80
 287 09d5 050B695D 		.ascii	"\005\013i]P\012\011\325\313\275\010Q\211\240,1\217`"
 287      500A09D5 
 287      CBBD0851 
 287      89A02C31 
 287      8F60
 288 09e7 B98CB8A8 		.ascii	"\271\214\270\250\204;\037\016\232\017s\370\313J\274"
 288      843B1F0E 
 288      9A0F73F8 
 288      CB4ABC
 289 09f6 73B13696 		.ascii	"s\2616\226\303\341\257*\361N5\354\014o\316Y%\374\261"
 289      C3E1AF2A 
 289      F14E35EC 
 289      0C6FCE59 
 289      25FCB1
 290 0a09 13FD7011 		.ascii	"\023\375p\021\207os\275Z\033\236\224/]E\230\225Ap\220"
 290      876F73BD 
 290      5A1B9E94 
 290      2F5D4598 
 290      95417090 
 291 0a1d 42A725BC 		.ascii	"B\247%\274\275\306:\245\364N;o\3755%\275S!\333\314\303"
 291      BDC63AA5 
 291      F44E3B6F 
 291      FD3525BD 
 291      5321DBCC 
 292 0a32 5B9470E7 		.ascii	"[\224p\347s\006\277\330\013J\270\323i\240\231_\353\031"
 292      7306BFD8 
 292      0B4AB8D3 
 292      69A0995F 
 292      EB19
 293 0a44 25BC4C69 		.ascii	"%\274Li\373\000\317~^\011\347\312I\276l\373\005\312"
 293      FB00CF7E 
 293      5E09E7CA 
 293      49BE6CFB 
ARM GAS  /tmp/ccTFtrBh.s 			page 23


 293      05CA
 294 0a56 80EB9489 		.ascii	"\200\353\224\211\240I\315\366\000\352\232gP\177u\202"
 294      A049CDF6 
 294      00EA9A67 
 294      507F7582 
 295 0a66 DC051900 		.ascii	"\334\005\031\000\031\002\031\001\271E\3522\220Q\220"
 295      19021901 
 295      B945EA32 
 295      905190
 296 0a75 9B207D20 		.ascii	"\233 } O@\356\201<\002\031\004\271\017\322\016\362\030"
 296      4F40EE81 
 296      3C021904 
 296      B90FD20E 
 296      F218
 297 0a87 A40BE421 		.ascii	"\244\013\344!H\017\310S\220a\220\333 /@\272A\372A:@"
 297      480FC853 
 297      906190DB 
 297      202F40BA 
 297      41FA413A 
 298 0a9c 6E80DC71 		.ascii	"n\200\334q8\300\015\360iwI\271\2306\244\214s\373a.\316"
 298      38C00DF0 
 298      697749B9 
 298      9836A48C 
 298      73FB612E 
 299 0ab1 56659C9D 		.ascii	"Ve\234\235\012\365v\336\265\345\256]\313Gn\2067\247"
 299      0AF576DE 
 299      B5E5AE5D 
 299      CB476E86 
 299      37A7
 300 0ac3 DAF553C3 		.ascii	"\332\365S\303\037p\370\274hv\235F\374\031d2\033\360"
 300      1F70F8BC 
 300      68769D46 
 300      FC196432 
 300      1BF0
 301 0ad5 E27C0273 		.ascii	"\342|\002s<\203@\001V7y\030\027\303\333l\253;-\001j"
 301      3C834001 
 301      56377918 
 301      17C3DB6C 
 301      AB3B2D01 
 302 0aea 956C354E 		.ascii	"\225l5N\306v\361\211P\351:\315\034\316\377\274\265M"
 302      C676F189 
 302      50E93ACD 
 302      1CCEFFBC 
 302      B54D
 303 0afc 4ABCD391 		.ascii	"J\274\323\221v\230\367E\235ks\002\344\3104\037\341\""
 303      7698F745 
 303      9D6B7302 
 303      E4C8341F 
 303      E122
 304 0b0e 53A58CCC 		.ascii	"S\245\214\3145'\327\361\354\365\256\003\317\037S\371"
 304      3527D7F1 
 304      ECF5AE03 
 304      CF1F53F9 
 305 0b1e B59E73BD 		.ascii	"\265\236s\275\177\360\266\363Kmt\275T{Z\201\357\207"
 305      7FF0B6F3 
 305      4B6D74BD 
 305      547B5A81 
ARM GAS  /tmp/ccTFtrBh.s 			page 24


 305      EF87
 306 0b30 6DF4C4F5 		.ascii	"m\364\304\365\025\256\237)\336\225\365<\177\253\313"
 306      15AE9F29 
 306      DE95F53C 
 306      7FABCB
 307 0b3f 0D214066 		.ascii	"\015!@f\237\311\341\330\033\\\357\225|\222\327\363\233"
 307      9FC9E1D8 
 307      1B5CEF95 
 307      7C92D7F3 
 307      9B
 308 0b50 D9CF4A57 		.ascii	"\331\317JW\376\344\264\325\363\256\274\342z\353\016"
 308      FEE4B4D5 
 308      F3AEBCE2 
 308      7AEB0E
 309 0b5f 904E80AF 		.ascii	"\220N\200\257JJz\275\361a\372\337\031\341\347\214\252"
 309      4A4A7ABD 
 309      F161FADF 
 309      19E1E78C 
 309      AA
 310 0b70 0C5FFB09 		.ascii	"\014_\373\011\360]\021N!\007\344q\230\375R.XH\256\272"
 310      F05D114E 
 310      2107E471 
 310      98FD522E 
 310      5848AEBA 
 311 0b84 DE4BD018 		.ascii	"\336K\320\030l!\377_\266\023X\333\351k\335\023\210?"
 311      6C21FF5F 
 311      B61358DB 
 311      E96BDD13 
 311      883F
 312 0b96 CD8C3B1C 		.ascii	"\315\214;\034\025'\244\243\342\004=\312\274n\337\271"
 312      1527A4A3 
 312      E2043DCA 
 312      BC6EDFB9 
 313 0ba6 D90D9F60 		.ascii	"\331\015\237`\377\246\262\366\226\225y\342r\246\274"
 313      FFA6B2F6 
 313      969579E2 
 313      72A6BC
 314 0bb5 1DACEDF7 		.ascii	"\035\254\355\367\302\347\251\342n=\326^I^\322\376~\266"
 314      C2E7A9E2 
 314      6E3DD65E 
 314      495ED2FE 
 314      7EB6
 315 0bc7 57F1F52E 		.ascii	"W\361\365.\335n\373O\005S\340\247\331\367=\363Rt\276"
 315      DD6EFB4F 
 315      0553E0A7 
 315      D9F73DF3 
 315      5274BE
 316 0bda 9483F3CA 		.ascii	"\224\203\363\3125<@\336!\206:\331\257\024\263\216;\004"
 316      353C40DE 
 316      21863AD9 
 316      AF14B38E 
 316      3B04
 317 0bec EF7EF9C7 		.ascii	"\357~\371\307\333Y\311\3673\340\3737\340\213\267\344"
 317      DB59C9F7 
 317      33E0FB37 
 317      E08BB7E4 
 318 0bfc 580D32ED 		.ascii	"X\0152\355\260\305Nvr\006O*-P\376\3545\363\257\216\211"
ARM GAS  /tmp/ccTFtrBh.s 			page 25


 318      B0C54E76 
 318      72064F2A 
 318      2D50FEEC 
 318      35F3AF8E 
 319 0c11 ED0CB6FF 		.ascii	"\355\014\266\377\232p`\360m?\302\265,\227\262\254\227"
 319      9A7060F0 
 319      6D3FC2B5 
 319      2C97B2AC 
 319      97
 320 0c22 4E09F65C 		.ascii	"N\011\366\\\272\323\245&\277&\210\330\017\275\223Si"
 320      BAD3A526 
 320      BF2688D8 
 320      0FBD9353 
 320      69
 321 0c33 D62995EC 		.ascii	"\326)\225\354?T\314\301\022\376\273\345\300-\033\013"
 321      3F54CCC1 
 321      12FEBBE5 
 321      C02D1B0B 
 322 0c43 778D633E 		.ascii	"w\215c>\304\344\016r\210\2230\0131\264\000~\332s\246"
 322      C4E40E72 
 322      8893300B 
 322      31B4007E 
 322      DA73A6
 323 0c56 49CD83EB 		.ascii	"I\315\203\353\035N\267\311\022\230\264\236\253?\375"
 323      1D4EB7C9 
 323      1298B49E 
 323      AB3FFD
 324 0c65 FC034340 		.ascii	"\374\003C@\200Jc6o\210\212M\\\026hN\374X\277!!^\037"
 324      804A6336 
 324      6F888A4D 
 324      5C16684E 
 324      FC58BF21 
 325 0c7c 1E1FF3FB 		.ascii	"\036\037\363\373\330\270X\313\357-\341_E\351\243b#\242"
 325      D8B858CB 
 325      EF2DE15F 
 325      45E9A362 
 325      23A2
 326 0c8e 37ACB7E8 		.ascii	"7\254\267\350c\302#\"\243b-z\363z\313\327\341\033\242"
 326      63C22322 
 326      A3622D7A 
 326      F37ACBD7 
 326      E11BA2
 327 0ca1 13CD899B 		.ascii	"\023\315\211\233\276\265$|\024\251\362\264\315\376\335"
 327      BEB5247C 
 327      14A9F2B4 
 327      CDFEDD
 328 0cb0 9F989DB0 		.ascii	"\237\230\235\260)AoNH\\\017P2\345\013KDb\\\374\312\245"
 328      29416F4E 
 328      485C0F50 
 328      32E50B4B 
 328      44625CFC 
 329 0cc6 6BF49171 		.ascii	"k\364\221q1\026\375\372\300\200\365\313\276\323\177"
 329      3116FDFA 
 329      C080F5CB 
 329      BED37F
 330 0cd5 1B1FF74D 		.ascii	"\033\037\367M|xLLT\3547zCd\324WQ\237\231\364\372\270"
 330      7C784C4C 
ARM GAS  /tmp/ccTFtrBh.s 			page 26


 330      54EC377A 
 330      4364D457 
 330      519F99F4 
 331 0ceb 047D6478 		.ascii	"\004}dx\264\376\333\270\370\304\004\275i]\330\262@\375"
 331      B4FEDBB8 
 331      F8C404BD 
 331      695DD8B2 
 331      40FD
 332 0cfd 9A3541FA 		.ascii	"\2325A\372u\241a\337\007\220\021`5GG\257\377(B\345\315"
 332      75A161DF 
 332      07901160 
 332      354747AF 
 332      FF2842E5 
 333 0d12 AECC51B1 		.ascii	"\256\314Q\261Q\211:3\231`\216\212\377\316l\3716*:\356"
 333      51893A33 
 333      99608E8A 
 333      FFCE6CF9 
 333      362A3AEE 
 334 0d26 9B0D9655 		.ascii	"\233\015\226U\277\352^\021q11q\261\322\355V\030\303"
 334      BFEA5E11 
 334      71313171 
 334      B1D2ED56 
 334      18C3
 335 0d38 0C611BF5 		.ascii	"\014a\033\365\021\221\021q\361\026\363\367\177\210\001"
 335      11911171 
 335      F116F3F7 
 335      7F8801
 336 0d47 DB751191 		.ascii	"\333u\021\221\246M\011\353\242b,\361!\341\261\353\243"
 336      A64D09EB 
 336      A2622CF1 
 336      21E1B1EB 
 336      A3
 337 0d58 2DF1A19F 		.ascii	"-\361\241\237\374*\346\370D\2737\"\"\301\037\3005?\366"
 337      FC2AE6F8 
 337      44BB3722 
 337      22C11FC0 
 337      353FF6
 338 0d6b FBA888E0 		.ascii	"\373\250\210\340\330\360\257\242-\314#A\177\246?$k%"
 338      D8F0AFA2 
 338      2DCC2341 
 338      7FA63F24 
 338      6B25
 339 0d7d 3B091BB0 		.ascii	";\011\033\260\272\031\014a\306e\302gFuP\330\012#\016"
 339      BA190C61 
 339      C665C267 
 339      467550D8 
 339      0A230E
 340 0d90 3218D52B 		.ascii	"2\030\325+\203\326\031\261\301`\304F\220\025F#^k2`\303"
 340      83D619B1 
 340      C160C446 
 340      90154623 
 340      5E6B3260 
 341 0da5 A7EBD406 		.ascii	"\247\353\324\006C\260\221\342\003\351w\000\016^m\024"
 341      43B091E2 
 341      03E97700 
 341      0E5E6D14 
 342 0db5 4C303334 		.ascii	"L034\330\2506\205\001\332`\014\004\011\000\344\277\030"
ARM GAS  /tmp/ccTFtrBh.s 			page 27


 342      D8A83685 
 342      01DA600C 
 342      040900E4 
 342      BF18
 343 0dc7 FFF8BF0C 		.ascii	"\377\370\277\014WBb\014I\224(\342Go\273bNTGD\206\307"
 343      5742620C 
 343      499428E2 
 343      476FBB62 
 343      4E544744 
 344 0ddd EBE212C2 		.ascii	"\353\342\022\302\243\301\265k\342\"\376mU|\\L\250\311"
 344      A3C1B56B 
 344      E222FE6D 
 344      557C5C4C 
 344      A8C9
 345 0def F8EB1C4B 		.ascii	"\370\353\034K\356G\346\022\017\223\2268\226\006\211"
 345      EE47E612 
 345      0F939638 
 345      960689
 346 0dfe 63D2D174 		.ascii	"c\322\321t\210\206\016\363\327\320c\216J\210\367\262"
 346      88860EF3 
 346      D7D0638E 
 346      4A88F7B2 
 347 0e0e 77F99ACD 		.ascii	"w\371\232\315\011\226D\363\312\025\246\340\265\306P"
 347      099644F3 
 347      CA15A6E0 
 347      B5C650
 348 0e1d DFF0E87F 		.ascii	"\337\360\350\177\017\337\224\000i\024\015\371\376O\177"
 348      0FDF9400 
 348      69140DF9 
 348      FE4F7F
 349 0e2c 4ED65836 		.ascii	"N\326X6&\352\015a\246P\223\034\351\230\204\250\004\363"
 349      26EA0D61 
 349      A650931C 
 349      E99884A8 
 349      04F3
 350 0e3e 3711242E 		.ascii	"7\021$.~\304\270\317\034Sg\201\264\350\317c\2439c\251"
 350      7EC4B8CF 
 350      1C536781 
 350      B4E8CF63 
 350      A33963A9 
 351 0e52 F50E5D0B 		.ascii	"\365\016]\013\250\261\033b\035V\340\315u\272\231L\206"
 351      A8B11B62 
 351      1D56E0CD 
 351      75BA994C 
 351      86
 352 0e63 D5462F63 		.ascii	"\325F/c\260)\330\370Ep\320?`\203\211\204\335 w\375\275"
 352      B029D8F8 
 352      4570D03F 
 352      60838984 
 352      DD2077FD 
 353 0e78 D78AB52B 		.ascii	"\327\212\265+\003\327\254\015\376\324H\256\002\330\225"
 353      03D7AC0D 
 353      FED448AE 
 353      02D895
 354 0e87 6DF463AF 		.ascii	"m\364c\257\025!+\227I\243!v\\\210\022\267\314\203\260"
 354      15212B97 
 354      49A32176 
ARM GAS  /tmp/ccTFtrBh.s 			page 28


 354      5C8812B7 
 354      CC83B0
 355 0e9a 400F6903 		.ascii	"@\017i\003\370\221@\017\302@GB$D\210#\"\300\223\314"
 355      F891400F 
 355      C2404742 
 355      24448823 
 355      22C093CC 
 356 0eae 359AD619 		.ascii	"5\232\326\031\311E\000\271\260\217-\365$\263\331X\210"
 356      C94500B9 
 356      B08F2DF5 
 356      24B3D958 
 356      88
 357 0ebf 0D14C240 		.ascii	"\015\024\302@\330\020jT\033V\2556z\254]\263\206\264"
 357      D8106A54 
 357      1B56AD36 
 357      7AAC5DB3 
 357      86B4
 358 0ed1 82C1A881 		.ascii	"\202\301\250\201\313\320@\023\321\376\371\177\026\""
 358      CBD04013 
 358      D1FEF97F 
 358      1622
 359 0edf D33A969F 		.ascii	"\323:\226\237\253>\336\270\221e\346\327\037/\375\303"
 359      AB3EDEB8 
 359      9165E6D7 
 359      1F2FFDC3 
 360 0eef C68D2437 		.ascii	"\306\215$7\215\006\203y\035\354oA\226\257\335\211\251"
 360      8D068379 
 360      1DEC6F41 
 360      96AFDD89 
 360      A9
 361 0f00 ABBE740F 		.ascii	"\253\276t\017\0152|\026\024L\264\300U_j\203V\256\016"
 361      0D327C16 
 361      144CB4C0 
 361      555F6A83 
 361      56AE0E
 362 0f13 337C6EC3 		.ascii	"3|n\303\374\027'\033\375\033"
 362      FC17271B 
 362      FD1B
 363              		.text
 364              		.section	.gnu.lto_.symtab.fc4742dcfff1307f,"",%progbits
 365 0000 56656374 		.ascii	"VectorB0\000"
 365      6F724230 
 365      00
 366 0009 00       		.ascii	"\000"
 367 000a 00       		.ascii	"\000"
 368 000b 00       		.ascii	"\000"
 369 000c 00000000 		.ascii	"\000\000\000\000\000\000\000\000"
 369      00000000 
 370 0014 B8000000 		.ascii	"\270\000\000\000"
 371 0018 73745F6C 		.ascii	"st_lld_init\000"
 371      6C645F69 
 371      6E697400 
 372 0024 00       		.ascii	"\000"
 373 0025 00       		.ascii	"\000"
 374 0026 00       		.ascii	"\000"
 375 0027 00000000 		.ascii	"\000\000\000\000\000\000\000\000"
 375      00000000 
ARM GAS  /tmp/ccTFtrBh.s 			page 29


 376 002f BA000000 		.ascii	"\272\000\000\000"
 377 0033 5F706F72 		.ascii	"_port_irq_epilogue\000"
 377      745F6972 
 377      715F6570 
 377      696C6F67 
 377      756500
 378 0046 00       		.ascii	"\000"
 379 0047 02       		.ascii	"\002"
 380 0048 00       		.ascii	"\000"
 381 0049 00000000 		.ascii	"\000\000\000\000\000\000\000\000"
 381      00000000 
 382 0051 BC000000 		.ascii	"\274\000\000\000"
 383 0055 63685379 		.ascii	"chSysTimerHandlerI\000"
 383      7354696D 
 383      65724861 
 383      6E646C65 
 383      724900
 384 0068 00       		.ascii	"\000"
 385 0069 02       		.ascii	"\002"
 386 006a 00       		.ascii	"\000"
 387 006b 00000000 		.ascii	"\000\000\000\000\000\000\000\000"
 387      00000000 
 388 0073 BE000000 		.ascii	"\276\000\000\000"
 389 0077 6E766963 		.ascii	"nvicEnableVector\000"
 389      456E6162 
 389      6C655665 
 389      63746F72 
 389      00
 390 0088 00       		.ascii	"\000"
 391 0089 02       		.ascii	"\002"
 392 008a 00       		.ascii	"\000"
 393 008b 00000000 		.ascii	"\000\000\000\000\000\000\000\000"
 393      00000000 
 394 0093 C3000000 		.ascii	"\303\000\000\000"
 395              		.text
 396              		.section	.gnu.lto_.opts,"",%progbits
 397 0000 272D666D 		.ascii	"'-fmath-errno' '-fsigned-zeros' '-ftrapping-math' '"
 397      6174682D 
 397      6572726E 
 397      6F272027 
 397      2D667369 
 398 0033 2D666E6F 		.ascii	"-fno-trapv' '-fno-openmp' '-fno-openacc' '-mcpu=cor"
 398      2D747261 
 398      70762720 
 398      272D666E 
 398      6F2D6F70 
 399 0066 7465782D 		.ascii	"tex-m4' '-mno-thumb-interwork' '-mthumb' '-ggdb' '-"
 399      6D342720 
 399      272D6D6E 
 399      6F2D7468 
 399      756D622D 
 400 0099 4F322720 		.ascii	"O2' '-fomit-frame-pointer' '-falign-functions=16' '"
 400      272D666F 
 400      6D69742D 
 400      6672616D 
 400      652D706F 
 401 00cc 2D666675 		.ascii	"-ffunction-sections' '-fdata-sections' '-fno-common"
ARM GAS  /tmp/ccTFtrBh.s 			page 30


 401      6E637469 
 401      6F6E2D73 
 401      65637469 
 401      6F6E7327 
 402 00ff 2720272D 		.ascii	"' '-flto'\000"
 402      666C746F 
 402      2700
 403              		.text
 404              		.comm	__gnu_lto_v1,1,1
 405              		.comm	__gnu_lto_slim,1,1
 406              		.ident	"GCC: (GNU Tools for ARM Embedded Processors 6-2017-q2-update) 6.3.1 20170215 (release) [AR
ARM GAS  /tmp/ccTFtrBh.s 			page 31


DEFINED SYMBOLS
                            *ABS*:0000000000000000 hal_st_lld.c
                            *COM*:0000000000000001 __gnu_lto_v1
                            *COM*:0000000000000001 __gnu_lto_slim

NO UNDEFINED SYMBOLS
