ARM GAS  /tmp/cc20KoBh.s 			page 1


   1              		.cpu cortex-m4
   2              		.eabi_attribute 20, 1
   3              		.eabi_attribute 21, 1
   4              		.eabi_attribute 23, 3
   5              		.eabi_attribute 24, 1
   6              		.eabi_attribute 25, 1
   7              		.eabi_attribute 26, 1
   8              		.eabi_attribute 30, 2
   9              		.eabi_attribute 34, 1
  10              		.eabi_attribute 18, 4
  11              		.file	"hal_pal_lld.c"
  12              		.text
  13              	.Ltext0:
  14              		.section	.gnu.lto_.profile.1c5d873e5878f510,"",%progbits
  15 0000 789C6365 		.ascii	"x\234ce`b`c```d\270\314x\221\021\000\005\240\001\265"
  15      60626063 
  15      60606064 
  15      B8CC7891 
  15      110005A0 
  16              		.text
  17              		.section	.gnu.lto_.icf.1c5d873e5878f510,"",%progbits
  18 0000 789C6365 		.ascii	"x\234ce`b\340c@\000&\206U}\007\257\2623^\177\274\366"
  18      6062E063 
  18      40002686 
  18      557D07AF 
  18      B2335E7F 
  19 0016 212B0300 		.ascii	"!+\003\000.\246\006;"
  19      2EA6063B 
  20              		.text
  21              		.section	.gnu.lto_.jmpfuncs.1c5d873e5878f510,"",%progbits
  22 0000 789C6365 		.ascii	"x\234ce`b\020`@\000&\006FF\306zFf \311^__\317\000\000"
  22      60621060 
  22      40002606 
  22      4646C67A 
  22      466620C9 
  23 001a 0D4C0227 		.ascii	"\015L\002'"
  24              		.text
  25              		.section	.gnu.lto_.inline.1c5d873e5878f510,"",%progbits
  26 0000 789C6365 		.ascii	"x\234ce`b\330\305\200\000L\014\014\355\214m\214\214"
  26      6062D8C5 
  26      80004C0C 
  26      0CED8C6D 
  26      8C8C
  27 0012 EC0C0A8C 		.ascii	"\354\014\012\214\014\314\012`\322\001L&\200\311\006"
  27      0CCC0A60 
  27      D2014C26 
  27      80C906
  28 0021 4630B500 		.ascii	"F0\265\000B\035\200P\014\002\207\030/\274\346f\260{"
  28      421D8050 
  28      0C028718 
  28      2FBCE666 
  28      B07B
  29 0033 70859989 		.ascii	"p\205\231\211\201\361\005;\013\204\004\021\034`&\007"
  29      81F1053B 
  29      0B840411 
  29      1C602607 
  30 0043 88100033 		.ascii	"\210\020\0003\005@\204\002\230\251\000\"\034\300L\007"
ARM GAS  /tmp/cc20KoBh.s 			page 2


  30      05408402 
  30      98A90022 
  30      1CC04C07 
  31 0053 10D1C0C8 		.ascii	"\020\321\300\310\004\241\300$\023\204\303\004r\026#"
  31      04A1C024 
  31      1384C304 
  31      721623
  32 0062 C33986BD 		.ascii	"\3039\206\275L\214\214L@\353\030\230\363Z\316+0H\314"
  32      4C8C8C4C 
  32      40EB1898 
  32      F35ACE2B 
  32      3048CC
  33 0075 B908B44C 		.ascii	"\271\010\264Ll\316.&\026\260\313\001-] \311"
  33      6CCE2E26 
  33      16B0CB01 
  33      2D5D20C9 
  34              		.text
  35              		.section	.gnu.lto_.pureconst.1c5d873e5878f510,"",%progbits
  36 0000 789C6365 		.ascii	"x\234ce`b`e`\000\222R\214R\000\001\005\000D"
  36      60626065 
  36      60009252 
  36      8C520001 
  36      050044
  37              		.text
  38              		.section	.gnu.lto__pal_lld_init.1c5d873e5878f510,"",%progbits
  39 0000 789CA59B 		.ascii	"x\234\245\233iPTW\032\206\373\334\333\264\354\270k\242"
  39      69505457 
  39      1A86FBDC 
  39      DBB4ECB8 
  39      6BA2
  40 0012 49482231 		.ascii	"IH\"1jbGMLb\366hbe*3\231T\346\307\374\231\232\3122c"
  40      6A62474D 
  40      4C62F668 
  40      62652A33 
  40      9954E6C7 
  41 002c AC4AA293 		.ascii	"\254J\242\223\244\346\257\215\242 \270\340.\032\204"
  41      A4E6AF8D 
  41      A220B8E0 
  41      2E1A84
  42 003b 04151001 		.ascii	"\004\025\020\001\025q\0011\210\202;.\340\036\027T\300"
  42      15710131 
  42      88823B2E 
  42      E01E1754 
  42      C0
  43 004c 76057157 		.ascii	"v\005qW`\316\367\3669\234n\241\213\276g\254\362\223"
  43      60CEF7F6 
  43      399C6EA1 
  43      8BBE67AC 
  43      F293
  44 005e 86EB739F 		.ascii	"\206\353s\237\276\367\343\001\332$\310f\330\366\216"
  44      BEF7E301 
  44      DA24C866 
  44      D8F68E
  45 006d B4D9FE61 		.ascii	"\264\331\376a\263\331\372\361\337\314\2641#\271\322"
  45      B3D9FAF1 
  45      DFCCB431 
  45      23B9D2
ARM GAS  /tmp/cc20KoBh.s 			page 3


  46 007c 668B0D36 		.ascii	"f\213\0156\030\2437\\\301\3146\311`\223\330ls\221\311"
  46      18A3375C 
  46      C1CC36C9 
  46      6093D86C 
  46      7391C9
  47 008f CAE2EB36 		.ascii	"\312\342\3536\033\2032]\374W\351\242\006\3074\327\324"
  47      1B83325D 
  47      FC57E9A2 
  47      06C734D7 
  47      D4
  48 00a0 BE69A6CD 		.ascii	"\276i\246\315\226\302\177\323/\226\311\006\361\243\016"
  48      96C27FD3 
  48      2F96C906 
  48      F1A30E
  49 00af C5ADF9C5 		.ascii	"\305\255\371\305\234e\246\231\214\331\371\303\306\375"
  49      9C65A699 
  49      8CD9F9C3 
  49      C6FD
  50 00bd 4B2E44D2 		.ascii	"K.D\322C\203E\363\207\356\226\374z\273\3719\263\361"
  50      438345F3 
  50      87EE96FC 
  50      7ABBF939 
  50      B3F1
  51 00cf B7B3CF2C 		.ascii	"\267\263\317,\375|\340\012\227k\262\253\364\352|\323"
  51      FD7CE00A 
  51      976BB2AB 
  51      F4EA7CD3 
  52 00df 3520CD34 		.ascii	"5 \3154\331*fr\036\313f\375Y\026\353o\343\357\262\261"
  52      D92A6672 
  52      1ECB66FD 
  52      5916EB6F 
  52      E3EFB2B1 
  53 00f3 1C36900E 		.ascii	"\0346\220\016?\277\266eA\204\303\3569\037[\315\034\214"
  53      3FBFB665 
  53      4184C3EE 
  53      391F5BCD 
  53      1C8C
  54 0105 FF997F98 		.ascii	"\377\231\177\230\225\272ZZ\3439b\005;\364\247xf\360"
  54      95BA5A5A 
  54      E3396205 
  54      3BF4A778 
  54      66F0
  55 0117 BF633769 		.ascii	"\277c7i\004\321p\320\010f\304\010\2417Ci\204\321\010"
  55      04D170D0 
  55      0866C408 
  55      A1374369 
  55      84D108
  56 012a A7114123 		.ascii	"\247\021A#\222F\024\215\2564\272\321\350N\243\007\215"
  56      9246148D 
  56      AE34BAD1 
  56      E84EA307 
  56      8D
  57 013b 9E347AD1 		.ascii	"\2364z\321\350M\243\017\215\2764\236\240\361$\215~4"
  57      E84DA30F 
  57      8DBE349E 
  57      A0F1248D 
  57      7E34
ARM GAS  /tmp/cc20KoBh.s 			page 4


  58 014d 48D6FE14 		.ascii	"H\326\376\024\215\247i<C#\232\306\2634\236\243\361<"
  58      8DA7693C 
  58      43239AC6 
  58      B3349EA3 
  58      F13C
  59 015f 8D013462 		.ascii	"\215\0014bh\274@c \215\027i\014\2421\230\306\020\032"
  59      68BC4063 
  59      208D1769 
  59      0CA23198 
  59      C6101A
  60 0172 2FD17899 		.ascii	"/\321x\231\306P\032N\032\257\320\030Fc8\215\0214^\245"
  60      C6501A4E 
  60      1AAFD018 
  60      4663388D 
  60      11345EA5 
  61 0186 F11A8D91 		.ascii	"\361\032\215\2214^\247\361\006\2157i\214\242\361\026"
  61      345EA7F1 
  61      068D3769 
  61      8CA2F116 
  62 0196 8DB769BC 		.ascii	"\215\267i\274C\343]\032\357\321x\237\306\0074>\2441"
  62      43E35D1A 
  62      EFD1789F 
  62      C607343E 
  62      A431
  63 01a8 9AC6181A 		.ascii	"\232\306\030\032\037\321\370\230\306X\0326[\"\277\350"
  63      1FD1F898 
  63      C6581A36 
  63      5B22BFE8 
  64 01b8 B41149A6 		.ascii	"\264\021I\246A\177\232nVV\344>\276=\224\356C\252i\360"
  64      417F9A6E 
  64      5656E43E 
  64      BE3D94EE 
  64      43AA69F0 
  65 01cc DBB3706A 		.ascii	"\333\263pj\331\201.t\243\203ps\343R\313\353B<\017]\015"
  65      D9812E74 
  65      A3837073 
  65      E352CBEB 
  65      423C0F5D 
  66 01e1 092E5A85 		.ascii	"\011.Z\205+g\037n\016Jc\251\261|\201\242\323L\007\313"
  66      2B671F6E 
  66      0E4A63A9 
  66      B17C81A2 
  66      D34C07CB 
  67 01f5 E3773997 		.ascii	"\343w9\227\337e:\376\346\302\203\347\302\235\271\256"
  67      DF653AFE 
  67      E6C283E7 
  67      C29DB9AE 
  68 0205 38966676 		.ascii	"8\226fva\371,\215-\306^\2615\314is\263)\367\2461\317"
  68      61F92C8D 
  68      2DC65EB1 
  68      35CC6973 
  68      B329F7A6 
  69 021b B94CCFE9 		.ascii	"\271L\317\351\222\217\354\235i'\276\235\265\232l-\247"
  69      928FEC9D 
  69      6927BE9D 
  69      B59A6C2D 
  69      A7
ARM GAS  /tmp/cc20KoBh.s 			page 5


  70 022c 70A58521 		.ascii	"p\245\205!t\214\265S\255S\247*`N\316'PQ\366\011\323"
  70      748CB553 
  70      AD53A72A 
  70      604ECE27 
  70      5051F609 
  71 0241 73BA206B 		.ascii	"s\272 k\264\365\240\321f\262\302\307\304\011\366\377"
  71      B4F5A0D1 
  71      66B2C2C7 
  71      C409F6FF 
  72 0251 886E50E8 		.ascii	"\210nP\350\215$\352\260\325\262\311\351\031\263M\201"
  72      8D24EAB0 
  72      D5B2C9E9 
  72      19B34D81 
  73 0261 3AF6DBD6 		.ascii	":\366\333\326y\221\203\263\360\351YQd\244\244\007\247"
  73      799183B3 
  73      F0E95951 
  73      64A4A407 
  73      A7
  74 0272 99C136F1 		.ascii	"\231\3016\361\271\271\211\015\366\276G&\356\321\335"
  74      B9B9890D 
  74      F6BE4726 
  74      EED1DD
  75 0281 9D7B12C2 		.ascii	"\235{\022\302\305\3119\210v%$\325\014f\233\305\371\227"
  75      C5C93988 
  75      762524D5 
  75      0C669BC5 
  75      F997
  76 0293 2DDED414 		.ascii	"-\336\324\024\311\317\237\014\267PV\004\003\303\206"
  76      C9CF9F0C 
  76      B7505604 
  76      03C386
  77 02a2 0F166ED9 		.ascii	"\017\026n\3311jR3},=\222\237\210\0253'\211\330\330\026"
  77      316A5233 
  77      7D2C3D92 
  77      9F881533 
  77      2789D8D8 
  78 02b7 3689CCA2 		.ascii	"6\211\314\242\205VRmV\254a\376\035'\274qh\333\024\026"
  78      8556526D 
  78      56AC61FE 
  78      1D27BC71 
  78      68DB1416 
  79 02cb 93814FF9 		.ascii	"\223\201O\371\212\245\341)\256\3228\016\016c%\276\237"
  79      8AA5E129 
  79      AED2380E 
  79      0E6325BE 
  79      9F
  80 02dc F530DECA 		.ascii	"\3650\336\312b\370\337\270u\352|%#\3430\346r\3615b\277"
  80      62F8DFB8 
  80      75EA7C25 
  80      23E330E6 
  80      72F13562 
  81 02f1 F38FFB3E 		.ascii	"\363\217\373>\357\005-S3C\333A\203\037O\011\240\245"
  81      EF052D53 
  81      3343DB41 
  81      831F4F09 
  81      A0A5
  82 0303 2C862E05 		.ascii	",\206.\005\277\005\223\213\334\255?\267U%\316s\325\226"
ARM GAS  /tmp/cc20KoBh.s 			page 6


  82      BF05938B 
  82      DCAD3FB7 
  82      5525CE73 
  82      D596
  83 0315 3970043F 		.ascii	"9p\004?5\002\223\342\271L2<l\033\177z6VF7\363\003\357"
  83      350293E2 
  83      B94C323C 
  83      6C1B7F7A 
  83      36564637 
  84 032c AB19EC73 		.ascii	"\253\031\354s5\371\315\012\247\253\270\275\375ULo\255"
  84      35F9CD0A 
  84      A7ABB8BD 
  84      FD554C6F 
  84      AD
  85 033d E28747B0 		.ascii	"\342\207G\260\035\270\220\246\207\310\312\261(e\013"
  85      1DB890A6 
  85      87C8CAB1 
  85      28650B
  86 034c 770F26B6 		.ascii	"w\017&\26678\014\340\330\302\213sB=\340Hz\376\254B\220"
  86      37380CE0 
  86      D8C28B73 
  86      423DE048 
  86      7AFEAC42 
  87 0361 9BEFD5CC 		.ascii	"\233\357\325\314\211\242\375\210u\245\177E+\262\023"
  87      89A2FD88 
  87      75A57F45 
  87      2BB213
  88 0370 5C61CA76 		.ascii	"\\a\312v\321\226|\340y\256\011\333#=\342\037\006f\032"
  88      D1967CE0 
  88      79AE09DB 
  88      233DE21F 
  88      06661A
  89 0383 4D9ABB81 		.ascii	"M\232\273\201\013\022\270=\217k\006\356\265\027 \207"
  89      0B12B83D 
  89      8F6B06EE 
  89      B5172087 
  90 0393 00ED23AF 		.ascii	"\000\355#\257\017=^\323\245\327h\013^\373\201\353\""
  90      0F3D5ED3 
  90      A5D7680B 
  90      5EFB81EB 
  90      22
  91 03a4 7095FA5E 		.ascii	"p\225\372^\007\000\012\026\240\203\3445\332\343\225"
  91      07000A16 
  91      A083E435 
  91      DAE395
  92 03b3 28BDC658 		.ascii	"(\275\306X\360:\004\\\210\300\035\326\367\252\002(T"
  92      F03A045C 
  92      88C01DD6 
  92      F7AA0228 
  92      54
  93 03c4 80AAC96B 		.ascii	"\200\252\311k\214\307+Iz}d\301\353\010pa\002wT\337\353"
  93      8CC72B49 
  93      7A7D64C1 
  93      EB087061 
  93      027754DF 
  94 03d9 1840E102 		.ascii	"\030@\341\002t\234\274>\362x\315\220^\037[\360:\001"
  94      749CBC3E 
ARM GAS  /tmp/cc20KoBh.s 			page 7


  94      F278CD90 
  94      5E1F5BF0 
  94      3A01
  95 03eb 5C84C09D 		.ascii	"\\\204\300\235\324\367:\005P\244\000\375A^\037{\274"
  95      D4F73A05 
  95      50A400FD 
  95      415E1F7B 
  95      BC
  96 03fc 664AAFB1 		.ascii	"fJ\257\261\026\274N\003\027%pg\364\275\316\002\324U"
  96      16BC4E03 
  96      17257067 
  96      F4BDCE02 
  96      D455
  97 040e 80CE91D7 		.ascii	"\200\316\221\327X\357z\2414m\261\244\366\340QznT M\257"
  97      58EF7AA1 
  97      346DB1A4 
  97      F6E0517A 
  97      6E54204D 
  98 0423 41D37D22 		.ascii	"A\323}\"\236\337y\304\317\303\251[\307\021\277 #~\321"
  98      9EDF79C4 
  98      CFC3A95B 
  98      C711BF20 
  98      237ED1
  99 0436 37E256C2 		.ascii	"7\342V\302]\213p/){\270=D\204;\201\302]'\302\235\257"
  99      5D8B702F 
  99      297BB83D 
  99      44843B81 
  99      C25D27C2 
 100 044c 15EE7A9E 		.ascii	"\025\356z\236\345\032\277\341>\303\303MG\324\372\011"
 100      E51ABFE1 
 100      3EC3C34D 
 100      47D4FA09 
 101 045c F72584DB 		.ascii	"\367%\204\333M{0\212\277\277v\367\274i\341\236p\367"
 101      4D7B308A 
 101      BFBF76F7 
 101      BC69E19E 
 101      70F7
 102 046e E70F1BE6 		.ascii	"\347\017\033\346lkb^kqY\\\271=\263\227\247\204\373\206"
 102      6C6B625E 
 102      6B71595C 
 102      B93DB397 
 102      A784FB86 
 103 0482 FB8A0C37 		.ascii	"\373\212\0147\021\331U\265\031n<\243\311GRoD\310\315"
 103      11D955B5 
 103      196E3CA3 
 103      C947526F 
 103      44C8CD
 104 0495 A8F3DA8C 		.ascii	"\250\363\332\214\272\035\361\313\354\336\233qM\226\032"
 104      BA1DF1CB 
 104      ECDE9B71 
 104      4D961A
 105 04a4 A0EBB419 		.ascii	"\240\353\264\031\243T\251a\372V`j\330\330\033\262\324"
 105      A354A961 
 105      FA56606A 
 105      D8D81BB2 
 105      D4
 106 04b5 C035E87B 		.ascii	"\3005\350{5\312R\003t\223\274\336R\245\206\327\333\026"
ARM GAS  /tmp/cc20KoBh.s 			page 8


 106      35CA5203 
 106      7493BCDE 
 106      52A586D7 
 106      DB16
 107 04c7 BC9A64A9 		.ascii	"\274\232d\251\201\273\245\357u[\226\032\240;\344\365"
 107      81BBA5EF 
 107      755B961A 
 107      A03BE4F5 
 108 04d7 B62A35BC 		.ascii	"\266*5\274\336\261\340uW\226\032\270{\372^\367e\251"
 108      DEB1E075 
 108      57961AB8 
 108      7BFA5EF7 
 108      65A9
 109 04e9 017A405E 		.ascii	"\001z@^\357\250R\303\353]\013^\017e\251\201{\244\357"
 109      EFA852C3 
 109      EB5D0B5E 
 109      0F65A981 
 109      7BA4EF
 110 04fc D52C4B0D 		.ascii	"\325,K\015P\013y\275\253J\015\257\367,x\265\312R\003"
 110      500B79BD 
 110      AB4A0DAF 
 110      F72C78B5 
 110      CA5203
 111 050f E732B4BD 		.ascii	"\3472\264\275b\015Qj\200&\033\334\353=Ujx\275o\301k"
 111      620D516A 
 111      80261BDC 
 111      EB3D556A 
 111      78BD6FC1 
 112 0524 8A214A0D 		.ascii	"\212!J\015\\\234\276\327TC\224\032\240i\344\365\276"
 112      5C9CBED7 
 112      5443941A 
 112      A069E4F5 
 112      BE
 113 0535 77AE9016 		.ascii	"w\256\220\026U\352zY\352\315\001\225:\336hW\352\342"
 113      55EA7A59 
 113      EACD0195 
 113      3ADE6857 
 113      EAE2
 114 0547 CE4B9D00 		.ascii	"\316K\235\000\247\356\035\227z\272!J\235hh\227:\311"
 114      A7EE1D97 
 114      7ABA214A 
 114      9D686897 
 114      3AC9
 115 0559 A052CF2F 		.ascii	"\240R\317/K\251\216\020\245N\246R\3170<\245.\326*\365"
 115      4BA98E10 
 115      A54EA652 
 115      CF303CA5 
 115      2ED62AF5 
 116 056d 4C23869E 		.ascii	"L#\206\236\257\237R\337\341\245\246#\370\251;,\365,"
 116      AF9F52DF 
 116      E1A5A623 
 116      F8A93B2C 
 116      F52C
 117 057f 834A3DDB 		.ascii	"\203J=\333\340{0\202J}x\303\316HO\251\337\240\257\274"
 117      E07B3082 
 117      4A7D78C3 
 117      CE484FA9 
ARM GAS  /tmp/cc20KoBh.s 			page 9


 117      DFA0AFBC 
 118 0593 AE532BBC 		.ascii	"\256S+\274\277\200'\033\236+7}\327\262\353a\276\245"
 118      BF80271B 
 118      9E2B377D 
 118      D7B2EB61 
 118      BEA5
 119 05a5 9E638852 		.ascii	"\236c\210R\023\221\315U\233\301\331t\273\3522\324\327"
 119      1391CD55 
 119      9BC1D974 
 119      BBEA32D4 
 119      D7
 120 05b6 70FE84DB 		.ascii	"p\376\204\3336c\325\255\031\005!\336\2331\317\020\245"
 120      3663D5AD 
 120      190521DE 
 120      9B31CF10 
 120      A5
 121 05c7 06683E6D 		.ascii	"\006h>m\306\010Uj\230\276\032\230\0326v\201!J\015\334"
 121      C608556A 
 121      98BE1A98 
 121      1A367681 
 121      214A0DDC 
 122 05db 427DAF45 		.ascii	"B}\257E\206(5@\213\311\353UUjx\275f\301+\305\020\245"
 122      86283540 
 122      8BC9EB55 
 122      556A78BD 
 122      66C12BC5 
 123 05f1 066E89BE 		.ascii	"\006n\211\276\327RC\224\032\240_\310\3535Ujx\215\264"
 123      D7524394 
 123      1AA05FC8 
 123      EB35556A 
 123      788DB4
 124 0604 E0956A88 		.ascii	"\340\225j\210R\003\267L\337+\315\020\245\006(\235\274"
 124      5203B74C 
 124      DF2BCD10 
 124      A506289D 
 124      BC
 125 0615 46AA52C3 		.ascii	"F\252R\303\353u\013^\277\032\242\324\300\375\246\357"
 125      EB750B5E 
 125      BF1AA2D4 
 125      C0FDA6EF 
 126 0625 95618852 		.ascii	"\225a\210R\003\264\234\274^W\245\206W\200\253\017\257"
 126      03B49CBC 
 126      5E57A586 
 126      5780AB0F 
 126      AF
 127 0636 15862835 		.ascii	"\025\206(5p+\365\2752e\251\001\312\"\2577T\251\341\365"
 127      702BF5BD 
 127      3265A901 
 127      CA22AF37 
 127      54A9E1F5 
 128 064a A605AF6C 		.ascii	"\246\005\257lYj\340V\351{\345\310R\003\264\232\274\336"
 128      596AE056 
 128      E97BE5C8 
 128      5203B49A 
 128      BCDE
 129 065c F4CE15D2 		.ascii	"\364\316\025\322\242J=S<J\257\015\250\324\271\355K]"
 129      A24A3D53 
ARM GAS  /tmp/cc20KoBh.s 			page 10


 129      3C4AAF0D 
 129      A8D4B9ED 
 129      4B5D
 130 066e DF79A9F3 		.ascii	"\337y\251\363\340\324\243\343R\347\313R\257\321/\365"
 130      E0D4A3E3 
 130      52E7CB52 
 130      AFD12FF5 
 131 067e 5A943A21 		.ascii	"Z\224:!g~\206)J\275\230J\275N\224\272^\253\324\005\274"
 131      677E8629 
 131      4ABD984A 
 131      BD4E94BA 
 131      5EABD405 
 132 0693 C3B97E4B 		.ascii	"\303\271~K]\231\346\300\021k\375\224z=J]H{\360\022\177"
 132      5D99E6C0 
 132      116BFD94 
 132      7A3D4A5D 
 132      487BF012 
 133 06a8 FF83823C 		.ascii	"\377\203\202<\267\370\236\272\232\216\253\272]\340\016"
 133      B7F89EBA 
 133      9A8EABBA 
 133      5DE00E
 134 06b7 F2DA8B0D 		.ascii	"\362\332\213\015b/.\337XW\021\352\233\352\2152\325\204"
 134      622F2EDF 
 134      585711EA 
 134      9BEA8D32 
 134      D584
 135 06c9 649BD46A 		.ascii	"d\233\324j\024b5\226&\265\324:\344j\254\363Z\215#M["
 135      14623596 
 135      26B5D43A 
 135      E46AACF3 
 135      5A8D234D 
 136 06de 673BBC57 		.ascii	"g;\274Wc\263L5@E\264\032/\251TC\365\345\300\324\260"
 136      63B34C35 
 136      4045B41A 
 136      2FA95443 
 136      F5E5C0D4 
 137 06f3 B2C532D5 		.ascii	"\262\3052\325\300m\321\367*\221\251\006h+y\275\254R"
 137      C06DD1F7 
 137      2A91A906 
 137      682B79BD 
 137      AC52
 138 0705 0DAFA116 		.ascii	"\015\257\241\026\274~\227\251\006\256T\337k\233L5@e"
 138      BC7E97A9 
 138      06AE54DF 
 138      6B9B4C35 
 138      4065
 139 0717 E43554A5 		.ascii	"\3445T\245\032^N\013^\333e\252\201\333\241\357U.S\015"
 139      1A5E4E0B 
 139      5EDB65AA 
 139      81DBA1EF 
 139      552E530D 
 140 072b 50057939 		.ascii	"P\005y9U\252\341\365\212\005\257\2352\325\300\355\322"
 140      55AAE1F5 
 140      8A05AF9D 
 140      32D5C0ED 
 140      D2
 141 073c F7DA2D53 		.ascii	"\367\332-S\015\320\036\362zE\245\032^\303,x\355\225"
ARM GAS  /tmp/cc20KoBh.s 			page 11


 141      0DD01EF2 
 141      7A45A51A 
 141      5EC32C78 
 141      ED95
 142 074e A9066E9F 		.ascii	"\251\006n\237\276\327~\231j\200*\311k\230J5\274\206"
 142      BED77E99 
 142      6A802AC9 
 142      6B984A35 
 142      BC86
 143 0760 5BF03A20 		.ascii	"[\360: S\015\334A}\257C2\325\000\035&\257\341\336\275"
 143      530DDC41 
 143      7DAF4332 
 143      D5001D26 
 143      AFE1DEBD 
 144 0774 425B54AA 		.ascii	"B[T\252\013d\252\033\003JuU\373T7u\236\352j8\365\354"
 144      0B64AA1B 
 144      034A7555 
 144      FB543775 
 144      9EEA6A38 
 145 078a 38D54764 		.ascii	"8\325Gd\252\217\352\247\372\030R}*\177\377\225`\221"
 145      AA8FEAA7 
 145      FA18527D 
 145      2A7FFF95 
 145      6091
 146 079c EA744AF5 		.ascii	"\352tJ\365q\221\352&\255T\237\340!\256\362\233\352:"
 146      7191EA26 
 146      AD549FE0 
 146      21AEF29B 
 146      EA3A
 147 07ae 9E6A3AE2 		.ascii	"\236j:\342\230\237T\237D\252O\321\036\220[M\354\201"
 147      989F549F 
 147      44AA4FD1 
 147      1E905B4D 
 147      EC81
 148 07c0 4B619E54 		.ascii	"Ka\236T7\340*\254]^\025\354\265\027\177\310"
 148      37E02AAC 
 148      5D5E15EC 
 148      B5177FC8 
 149 07d0 BD70E75D 		.ascii	"\275p\347]t\370\246\372\264L5!\331\031\265\032\247\260"
 149      74F8A6FA 
 149      B44C3521 
 149      D919B51A 
 149      A7B0
 150 07e2 1AE77725 		.ascii	"\032\347w%\266\375\270u\334k3\266\315\272\2642\302\347"
 150      B6FDB875 
 150      DC6B33B6 
 150      CDBAB432 
 150      C2E7
 151 07f4 8531596A 		.ascii	"\2051Yjp\316\321f\304\250R\303\364\205\300\314\260\261"
 151      70CED166 
 151      C4A852C3 
 151      F485C0CC 
 151      B0B1
 152 0806 35B2D4C0 		.ascii	"5\262\324\300\235\327\326\272 C\015\316E\322zA\205\032"
 152      9DD7D6BA 
 152      20430DCE 
 152      45D27A41 
ARM GAS  /tmp/cc20KoBh.s 			page 12


 152      851A
 153 0818 5A032D68 		.ascii	"Z\003-h\325\312P\003W\247\255U/;\015\316%\322\032\250"
 153      D5CA5003 
 153      57A7AD55 
 153      2F3B0DCE 
 153      25D21AA8 
 154 082c 3A0DAD17 		.ascii	":\015\255\027-h\271e\247\201\273\254\255uEf\032\234"
 154      2D68B965 
 154      A781BBAC 
 154      AD754566 
 154      1A9C
 155 083e ABA4F5A2 		.ascii	"\253\244\365\242\3124\264\006Y\320\272&3\015\334um\255"
 155      CA34B406 
 155      59D0BA26 
 155      330DDC75 
 155      6DAD
 156 0850 1BB2D2E0 		.ascii	"\033\262\322\3404\220\326 Uih\015\266\240\325(+\015"
 156      3490D620 
 156      5569680D 
 156      B6A0D528 
 156      2B0D
 157 0862 DC4D6DAD 		.ascii	"\334Mm\255&\031ipn\221\326`\025ih\015\261\240u[F\032"
 157      26196970 
 157      6E91D660 
 157      1569680D 
 157      B1A0755B 
 158 0878 B83BDA5A 		.ascii	"\270;\332Zwe\243\301\271GZC\274C\205\250\250F\237\220"
 158      7765A3C1 
 158      B9475A43 
 158      BC4385A8 
 158      A8469F90 
 159 088c 8D6E0EA8 		.ascii	"\215n\016\250\321\367\3337\272\265\363F?\200S\257\216"
 159      D1F7DB37 
 159      BAB5F346 
 159      3F8053AF 
 159      8E
 160 089d 1BFD5036 		.ascii	"\033\375P6\372\221~\243\233\321\350\203\231\365\011"
 160      FA917EA3 
 160      9BD1E883 
 160      99F509
 161 08ac 41A2D159 		.ascii	"A\242\321Y\324\350\026\321\350V\255F\267\362\002\337"
 161      D4E816D1 
 161      E856AD46 
 161      B7F202DF 
 162 08bc F7DBE816 		.ascii	"\367\333\350\026\336h:\242\331O\243]&5:\226\376\225"
 162      DE683AA2 
 162      D94FA35D 
 162      26353A96 
 162      FE95
 163 08ce F869FEFE 		.ascii	"\370i\376\376\274\273+w3O\243g0zv%\025\256(\257\265"
 163      BCBB2B77 
 163      334FA367 
 163      307A7625 
 163      15AE28AF 
 164 08e3 986C7A2E 		.ascii	"\230lz.\235;cn\356c\257|L1E\243\011\311\342\314\266"
 164      9D3B636E 
 164      EE63AF7C 
ARM GAS  /tmp/cc20KoBh.s 			page 13


 164      4C3145A3 
 164      09C9E2CC 
 165 08f8 CDE0707A 		.ascii	"\315\340pz\351kN\346\351\020\271\032-^\253q\263\361"
 165      E96B4EE6 
 165      E910B91A 
 165      2D5EAB71 
 165      B3F1
 166 090a D8FE609F 		.ascii	"\330\376`\237\327\304L\021i\200\246\231|5\236V\221\206"
 166      D7C44C11 
 166      6980A699 
 166      7C359E56 
 166      9186
 167 091c EA3381A9 		.ascii	"\3523\201\251ac\343M\021i\340\022\364\275\246\233\242"
 167      6163E34D 
 167      1169E012 
 167      F4BDA69B 
 167      A2
 168 092d D2002592 		.ascii	"\322\000%\222\3273\252\322\360\212\266\340\225d\212"
 168      D733AAD2 
 168      F08AB6E0 
 168      95648A
 169 093c 4A033743 		.ascii	"J\0037C\337k\246)2\015\320,\362\212V\231\206\327\263"
 169      DF6BA629 
 169      320DD02C 
 169      F28A5699 
 169      86D7B3
 170 094f 16BC669B 		.ascii	"\026\274f\233\"\323\300%\353{\3151E\247\001\232K^\317"
 170      22D3C025 
 170      EB7BCD31 
 170      45A7019A 
 170      4B5ECF
 171 0962 AA4EC3EB 		.ascii	"\252N\303\3539\013^\363L\321i\340\346\353{-0E\250\001"
 171      390B5EF3 
 171      4CD169E0 
 171      E6EB7B2D 
 171      3045A801 
 172 0976 5A485ECF 		.ascii	"ZH^\317\251P\303\353y\013^\213L\021j\340\026\353{\245"
 172      A950C3EB 
 172      790B5E8B 
 172      4C116AE0 
 172      16EB7BA5 
 173 098a 98A2D400 		.ascii	"\230\242\324\000-!\257\347U\251\3415\300\202\327RS\224"
 173      2D21AFE7 
 173      55A9E135 
 173      C082D752 
 173      5394
 174 099c 1AB85FF4 		.ascii	"\032\270_\364\275RM\221j\200\226\221\327\000\357^\241"
 174      BD524D91 
 174      6A809691 
 174      D700EF5E 
 174      A1
 175 09ad 2D2AD5AD 		.ascii	"-*\325\2552\325\331=\003Iu\232\331.\3259\363;Mu:\234"
 175      32D5D93D 
 175      0349759A 
 175      D92ED539 
 175      F33B4D75 
 176 09c3 7A779CEA 		.ascii	"zw\234\352_M\221\352\337L\355Tg\340[\326y\2673kd\252"
ARM GAS  /tmp/cc20KoBh.s 			page 14


 176      5F4D91EA 
 176      DF4CED54 
 176      67E05BD6 
 176      79B7336B 
 177 09d9 D750AA97 		.ascii	"\327P\252\227\233\236T\347\314\327I\365\0123\206\236"
 177      9B9E54E7 
 177      CCD749F5 
 177      0A33869E 
 178 09e9 AF9F541F 		.ascii	"\257\237T\037\315r\340\010~\352\016S\275\022\251\316"
 178      CD72E008 
 178      7EEA0E53 
 178      BD12A9CE 
 179 09f9 A43DE8C3 		.ascii	"\244=\350\303\337_\333\332jzJ\235E\245\276\177\373\340"
 179      DF5FDBDA 
 179      6A7A4A9D 
 179      45A5BE7F 
 179      FBE0
 180 0a0b 9A50AFB5 		.ascii	"\232P\257\265\310\022k\361h\311\331\243]|K\235-KMD\266"
 180      C8126BF1 
 180      68C9D9A3 
 180      5D7C4B9D 
 180      2D4B4D44 
 181 0a20 4A6D4626 		.ascii	"JmF&6\243dn\301\206\266\327\304\370\023n\333\214\214"
 181      36A3646E 
 181      C186B6D7 
 181      C4F8136E 
 181      DB8C8C
 182 0a33 9BAB8B7D 		.ascii	"\233\253\213}~\320\312\221\245\006h5mF\037Uj\230\366"
 182      7ED0CA91 
 182      A5066835 
 182      6D461F55 
 182      6A98F6
 183 0a46 0D4C0D1B 		.ascii	"\015L\015\033\233+K\015\\\236\276W\276,5@k\310\253\257"
 183      9B2B4B0D 
 183      5C9EBE57 
 183      BE2C3540 
 183      6BC8ABAF 
 184 0a5a 2A35BC9E 		.ascii	"*5\274\236\260\340\265V\226\032\270u\372^\005\262\324"
 184      B0E0B556 
 184      961AB875 
 184      FA5E05B2 
 184      D4
 185 0a6b 00AD27AF 		.ascii	"\000\255'\257'T\251\341\365\244\005\257BYj\3406\350"
 185      2754A9E1 
 185      F5A405AF 
 185      42596AE0 
 185      36E8
 186 0a7d 7B6D94A5 		.ascii	"{m\224\245\006h\023y=\251J\015\257~\026\2746\313R\003"
 186      06681379 
 186      3DA94A0D 
 186      AF7E16BC 
 186      36CB5203 
 187 0a91 57A4EF55 		.ascii	"W\244\357U,K\015\320\026\362\352\247J\015\257\376\026"
 187      2C4B0DD0 
 187      16F2EAA7 
 187      4A0DAFFE 
 187      16
ARM GAS  /tmp/cc20KoBh.s 			page 15


 188 0aa2 BC4A64A9 		.ascii	"\274Jd\251\201\333\252\357\365\273,5@\245\344\325_\225"
 188      81DBAAEF 
 188      F5BB2C35 
 188      40A5E4D5 
 188      5F95
 189 0ab4 1A5E4F59 		.ascii	"\032^OY\360\332&K\015\\\231\276\327vYj\200v\220\327"
 189      F0DA264B 
 189      0D5C99BE 
 189      D776596A 
 189      807690D7 
 190 0ac8 53DEB942 		.ascii	"S\336\271BZT\251W\210G\351\205\001\225\272\274}\251"
 190      5A54A957 
 190      8847E985 
 190      0195BABC 
 190      7DA9
 191 0ada 37765EEA 		.ascii	"7v^\352\0128\365\351\270\324;e\251w\351\227z7J]\276"
 191      0A38F5E9 
 191      B8D43B65 
 191      A977E997 
 191      7A374A5D 
 192 0aef 3EA75A96 		.ascii	">\247Z\226z\023\225z\217(\365F\255R\357\345\035.\367"
 192      7A13957A 
 192      8F28F546 
 192      AD52EFE5 
 192      1D2EF7
 193 0b02 5BEAEBBC 		.ascii	"[\352\353\274\324t\304n?\245\336\207R\357\247=\350J"
 193      D474C46E 
 193      3FA5DE87 
 193      52EFA73D 
 193      E84A
 194 0b14 2F50E5C4 		.ascii	"/P\345\304\026\004{R\275\203R}\347~\363\020\257\265"
 194      16047B52 
 194      BD83527D 
 194      E77EF310 
 194      AFB5
 195 0b26 A8146B91 		.ascii	"\250\024k\221V\230\310\177\230\365)\365\001Yj\"\262"
 195      5698C87F 
 195      98F529F5 
 195      01596A22 
 195      B2
 196 0b37 836A33F6 		.ascii	"\203j3\366c3\256>,q\267\275$\266\307k3\246\344U\327"
 196      6333AE3E 
 196      2C71B7BD 
 196      24B6C76B 
 196      33A6E455 
 197 0b4c FBFC3BF3 		.ascii	"\373\374;\363!Yj\200\016\323ftU\245\206i\267\200\314"
 197      21596A80 
 197      0ED36674 
 197      55A58669 
 197      B780CC
 198 0b5f B0B05532 		.ascii	"\260\260U2\324\240U\353k\035\221\241\006\350(iuS\241"
 198      D4A055EB 
 198      6B1D91A1 
 198      06E82869 
 198      7553A1
 199 0b72 8656F7C0 		.ascii	"\206V\367\300\265\216\311N\203v\\_\353\204\3544@'I\253"
 199      B58EC94E 
ARM GAS  /tmp/cc20KoBh.s 			page 16


 199      83765C5F 
 199      EB84EC34 
 199      402749AB 
 200 0b86 BBEA34B4 		.ascii	"\273\3524\264z\004\256uJf\032\264?\364\265N\313L\003"
 200      7A04AE75 
 200      4A661AB4 
 200      3FF4B54E 
 200      CB4C03
 201 0b99 7486B47A 		.ascii	"t\206\264z\250LC\253g\340Zge\245A;\247\257U#+\015\320"
 201      A84C43AB 
 201      67E05A67 
 201      65A5413B 
 201      A7AF5523 
 202 0bb0 79D2EAA9 		.ascii	"y\322\352\251*\015\255^\201k]\220\221\006\355\242\276"
 202      2A0DAD5E 
 202      816B5D90 
 202      9106EDA2 
 202      BE
 203 0bc1 56AD8C34 		.ascii	"V\255\2144@u\244\325KE\032Z\275\003\327\252\227\215"
 203      4075A4D5 
 203      4B451A5A 
 203      BD03D7AA 
 203      978D
 204 0bd3 06ED92BE 		.ascii	"\006\355\222\276\226[6\032\240\313\244\325\333;T\210"
 204      965B361A 
 204      A0CBA4D5 
 204      DB3B5488 
 205 0be3 8A6AF45E 		.ascii	"\212j\364^\331\350\232\200\032}\245}\243/t\336\350\253"
 205      D9E89A80 
 205      1A7DA57D 
 205      A32F74DE 
 205      E8AB
 206 0bf5 70EADB71 		.ascii	"p\352\333q\243\257\311F_\327o\364\0154\372Amy\222|q"
 206      A3AFC946 
 206      5FD76FF4 
 206      0D34FA41 
 206      6D79927C 
 207 0c0a BA941ADD 		.ascii	"\272\224\032\335 \032}A\253\321\215\274\300W\3746\272"
 207      201A7D41 
 207      ABD18DBC 
 207      C057FC36 
 207      BA
 208 0c1b 22DB8123 		.ascii	"\"\333\201#n\370i\364M4\272\211\326 \204\277\377hu\311"
 208      6EF869F4 
 208      4D34BA89 
 208      D62084BF 
 208      FF6875C9 
 209 0c2f AFE2858F 		.ascii	"\257\342\205\217s\324\350\252\342}\364\335m\333^\334"
 209      73D4E8AA 
 209      E27DF4DD 
 209      6DDB5EDC 
 210 0c3f 127BB128 		.ascii	"\022{\261(\377d\354c\337N\337\226\221&$\273\243V\243"
 210      FF64EC63 
 210      DF4EDF96 
 210      912624BB 
 210      A356A3
 211 0c52 09ABB1E0 		.ascii	"\011\253\261\340\321Ez-\317\263\032\015^\253\3610\341"
ARM GAS  /tmp/cc20KoBh.s 			page 17


 211      D1457A2D 
 211      CFB31A0D 
 211      5EABF130 
 211      E1
 212 0c63 5C9CCF0F 		.ascii	"\\\234\317\017Zwe\244\001\272G\253\021\242\"\015\325"
 212      5A7765A4 
 212      01BA47AB 
 212      11A2220D 
 212      D5
 213 0c74 D0C0D4B0 		.ascii	"\320\300\324\260\262\367e\245\201{\240\357\365PV\032"
 213      B2F765A5 
 213      817BA0EF 
 213      F550561A 
 214 0c84 A047E415 		.ascii	"\240G\344\025\252*\015\2570\013^\3152\323\300\265\350"
 214      AA2A0DAF 
 214      300B5ECD 
 214      32D3C0B5 
 214      E8
 215 0c95 7BB5CA4C 		.ascii	"{\265\312L\003\344\262s\2570\225ix\205[\360\212\265"
 215      03E4B273 
 215      AF309569 
 215      78855BF0 
 215      8AB5
 216 0ca7 8B4E0337 		.ascii	"\213N\0037\331\256\3555\305.:\015P\034y\205\253N\303"
 216      D9AEED35 
 216      C52E3A0D 
 216      501C7985 
 216      AB4EC3
 217 0cba 2BC282D7 		.ascii	"+\302\202\327T\273\0105p\323\364\275\342\355\"\324\000"
 217      54BB0835 
 217      70D3F4BD 
 217      E2ED22D4 
 217      00
 218 0ccb 25905784 		.ascii	"%\220W\204\0125\274\"-xM\267\213R\003\227\250\357\225"
 218      0A35BC22 
 218      2D784DB7 
 218      8B520397 
 218      A8EF95
 219 0cde 6417A506 		.ascii	"d\027\245\006h\006yE\252R\303+\312\202\327L\273H5p\263"
 219      68067945 
 219      AA52C32B 
 219      CA82D74C 
 219      BB483570 
 220 0cf3 F4BD66DB 		.ascii	"\364\275f\333E\252\001J&\257(\357^\241-*\325\215\364"
 220      45AA014A 
 220      26AF28EF 
 220      5EA12D2A 
 220      D58DF4
 221 0d06 E81AFD57 		.ascii	"\350\032\375W\326\013\360\277\336\240R\211<;\311\225"
 221      D60BF0BF 
 221      DEA05289 
 221      3C3BC995 
 222 0d16 36C366FB 		.ascii	"6\303f\373\213\363\333\011\337\377\313\371\315\360a"
 222      8BF3DB09 
 222      DFFFCBF9 
 222      CDF061
 223 0d25 DF8CF88F 		.ascii	"\337\214\370\217s\342\217\023\306\375\370\345\367\337"
ARM GAS  /tmp/cc20KoBh.s 			page 18


 223      73E28F13 
 223      C6FDF8E5 
 223      F7DF
 224 0d33 8FFF619C 		.ascii	"\217\377a\234s\364\267\343\277\032\377\331\027N\347"
 224      73F4B7E3 
 224      BF1AFFD9 
 224      174EE7
 225 0d42 849F9CDF 		.ascii	"\204\237\234\337~\371\235s\342\204\037\177\376\311\371"
 225      7EF99D73 
 225      E2841F7F 
 225      FEC9F9
 226 0d51 C5DFFE3C 		.ascii	"\305\337\376<b\270\363\323O\3078\307\376\365\223\317"
 226      62B8F3D3 
 226      4FC738C7 
 226      FEF593CF 
 227 0d61 FE3B9C3E 		.ascii	"\376;\234>\364\317\211\374\367w\337}3\364k\233\343\353"
 227      F4CF89FC 
 227      F777DF7D 
 227      33F46B9B 
 227      E3EB
 228 0d73 093FFC7B 		.ascii	"\011?\374{\374\270\240q\023\307O\230\370?\235\015n#"
 228      FCB8A071 
 228      13C74F98 
 228      F83F9D0D 
 228      6E23
 229              		.text
 230              		.section	.gnu.lto__pal_lld_setgroupmode.1c5d873e5878f510,"",%progbits
 231 0000 789CA557 		.ascii	"x\234\245W{P\224\327\025\277\347\273\337>Xv\301Gj\210"
 231      7B5094D7 
 231      15BFE7BB 
 231      DF3E5876 
 231      C1476A88 
 232 0014 12431229 		.ascii	"\022C\022)\321 \253\220D\3078\352D\035\037\203\002M"
 232      D120AB90 
 232      44C738EA 
 232      441D1F83 
 232      024D
 233 0026 A7D399FE 		.ascii	"\247\323\231\376\321\230\302D\246 \024h\332\316d\322"
 233      D198C244 
 233      A6201468 
 233      DACE64D2 
 234 0036 55707D62 		.ascii	"Up}bL\024\255L\030l\022c4\342#h\"V[\024\0251\001C4M"
 234      4C14AD4C 
 234      186C1263 
 234      34E22368 
 234      22565B14 
 235 0050 8098F804 		.ascii	"\200\230\370\004WCU\320\212\004\261\347\234\373-\373"
 235      574355D0 
 235      8A04B1E7 
 235      9CFB2DFB 
 236 0060 703B0E03 		.ascii	"p;\016\0033\337\341~\347\376~\347\236\337\275\347\336"
 236      33DFE17E 
 236      E7FE7EE7 
 236      9EDFBDE7 
 236      DE
 237 0071 EFAE4968 		.ascii	"\357\256Ihb\321\020!J\204\020\373\360\201H\001\332\332"
 237      62D11021 
ARM GAS  /tmp/cc20KoBh.s 			page 19


 237      4A8410FB 
 237      F0814801 
 237      DADA
 238 0083 0621165B 		.ascii	"\006!\026[5\220\252!5}y\234p\331\354d\355\272f\272\361"
 238      3590AA21 
 238      357D799C 
 238      70D9EC64 
 238      EDBA66BA 
 239 0098 337C0BDB 		.ascii	"3|\013\333<\021\337L\232\231\373,\334g\006\253\242X"
 239      3C11DF4C 
 239      9A99FB2C 
 239      DC6706AB 
 239      A258
 240 00aa BC0D2BD8 		.ascii	"\274\015+\330U#L\26310\234\2016\257;\334\333\260k\021"
 240      55234CB3 
 240      31309C81 
 240      36AF3BDC 
 240      DBB06B11 
 241 00be 4516EC77 		.ascii	"E\026\354w\254\256\025\010p\250\301\017[#\000\250\341"
 241      ACAE1508 
 241      70A8C10F 
 241      5B2300A8 
 241      E1
 242 00cf B282F8AB 		.ascii	"\262\202\370\253&u\223\331b\015\263\205\333\035\021"
 242      267593D9 
 242      620DB385 
 242      DB1D11
 243 00de 80AF42FD 		.ascii	"\200\257B\375\275%7J8\262\254\265J\033\275\325\205\177"
 243      BD25374A 
 243      38B2ACB5 
 243      4A1BBDD5 
 243      857F
 244 00f0 D51B7B6D 		.ascii	"\325\033{mn\327\322\250r\004l2@\260\025F#\252\261h\367"
 244      6ED7D2A8 
 244      72046C32 
 244      40B01546 
 244      23AAB168 
 245 0105 BB728D2C 		.ascii	"\273r\215,\227\000:\276\336\254/\275\030A\257\032\304"
 245      97003ABE 
 245      DEAC2FBD 
 245      1841AF1A 
 245      C4
 246 0116 E06B4DC3 		.ascii	"\340kM\303\375\3756\231\006\002\333K\336\333t\324\021"
 246      FDFD3699 
 246      0602DB4B 
 246      DEDB74D4 
 246      11
 247 0127 B7C5E55A 		.ascii	"\267\305\345Z\342\252\356Y/]\243\312\245\204\355 1 "
 247      E2AAEE59 
 247      2F5DA3CA 
 247      A584ED20 
 247      3120
 248 0139 6C8368F8 		.ascii	"l\203h\370\010\242\005\272\004|\014q\010\277\377\341"
 248      08A205BA 
 248      047C0C71 
 248      08BFFFE1 
 249 0149 EE1556F9 		.ascii	"\356\025V\371+\246\336-9Q\006\006\365\370\216!%\205"
ARM GAS  /tmp/cc20KoBh.s 			page 20


 249      2BA6DE2D 
 249      39510606 
 249      F5F88E21 
 249      2585
 250 015b AED9E552 		.ascii	"\256\331\345R\207\035\301d]@\005\223;+\267\254\013\227"
 250      871DC164 
 250      5D400593 
 250      3B2BB7AC 
 250      0B97
 251 016d BF61F2E7 		.ascii	"\277a\362\347k\016\375\332\3406\354\030\276\236\271"
 251      6B0EFDDA 
 251      E036EC18 
 251      BE9EB9
 252 017c 26D819CC 		.ascii	"&\330\031\3145\011\330\005qDX\275x\3339)_a\362\345\323"
 252      3509D805 
 252      714458BD 
 252      78DB3929 
 252      5F61F2E5 
 253 0191 17AF40EC 		.ascii	"\027\257@\354\373j\344\212\250\267\013]'\\z\2714\303"
 253      FB6AE48A 
 253      A8B70B5D 
 253      275C7AB9 
 253      34C3
 254 01a3 EE403EFD 		.ascii	"\356@>\375!|\333\375S\357Xe:S\177\372\262\307m5\250"
 254      217CDBFD 
 254      53EF5865 
 254      3A537FFA 
 254      B2C76D35 
 255 01b8 DDF19B5C 		.ascii	"\335\361\233\\\325E1D\374$$\361\372\272c\365\232\314"
 255      D5453144 
 255      FC2424F1 
 255      FABA63F5 
 255      9ACC
 256 01ca 64E29AF2 		.ascii	"d\342\232\362\372\363\021\006\261\303G\334\033\222\330"
 256      FAF31106 
 256      B1C347DC 
 256      1B92D8
 257 01d9 FA6DE126 		.ascii	"\372m\341&\263\314a\342\3255{O\333\014\342U\037\361"
 257      B3CC61E2 
 257      D5357B4F 
 257      DB0CE255 
 257      1FF1
 258 01eb D390C4B5 		.ascii	"\323\220\304\265\367\232\\f\371'&6vVn\327\015\342\005"
 258      F79A5C66 
 258      F9272636 
 258      76566ED7 
 258      0DE205
 259 01fe 1F717F48 		.ascii	"\037q\177Hb\361\365\256\277\353\362M&\326~\327x\305"
 259      62F1F5AE 
 259      BFEBF24D 
 259      26D67ED7 
 259      78C5
 260 0210 9B6AB38F 		.ascii	"\233j\263\217x $\361\302\236\336\022\207Y\207\177@,"
 260      782024F1 
 260      C29EDE12 
 260      8759877F 
 260      402C
ARM GAS  /tmp/cc20KoBh.s 			page 21


 261 0222 54E1F319 		.ascii	"T\341\363\031>\373\360\251\304g\017\304\252\312\202"
 261      3EFBF0A9 
 261      C4670FC4 
 261      AACA82
 262 0231 83600621 		.ascii	"\203`\006!l\377\017\205q\356y\366|l\223E\300\031|x\360"
 262      6CFF0F85 
 262      71EE79F6 
 262      7C6C9345 
 262      C0197C78 
 263 0246 5EB13783 		.ascii	"^\2617\203\357+\006\275\323\267@\207\036\314\001\376"
 263      EF2B06BD 
 263      D3B74087 
 263      1ECC01FE 
 264 0256 C9FC124F 		.ascii	"\311\374\022O\353\036]\026+~G\357\361\037\274\013|f"
 264      EB1E5D16 
 264      2B7E47EF 
 264      F11FBC0B 
 264      7C66
 265 0268 9D747DE0 		.ascii	"\235t}\340\322\210\375\257\020\354jf\027_{k\025\356"
 265      D288FDAF 
 265      10EC6A66 
 265      175F7B6B 
 265      15EE
 266 027a 25C56E73 		.ascii	"%\305ns_+\264\033\354[>\366\341\020\354#\314^}~\363"
 266      5F2BB41B 
 266      EC5B3EF6 
 266      E110EC23 
 266      CC5E7D7E 
 267 028f D630B94E 		.ascii	"\3260\271N\261W\356\277\364s\357\320\353\373\3105!\310"
 267      B157EEBF 
 267      F473EFD0 
 267      EBFBC835 
 267      21C8
 268 02a1 472176D7 		.ascii	"G!v\327WP\355\352\275\277\014\2538\276e\357\231\241"
 268      5750EDEA 
 268      BDBF0CAB 
 268      38BE65EF 
 268      99A1
 269 02b3 BF002E76 		.ascii	"\277\000.vM\320L!\036\347\012\313\037g\013\013\031\347"
 269      4DD04C21 
 269      1EE70ACB 
 269      1F670B0B 
 269      19E7
 270 02c5 CB2C68B6 		.ascii	"\313,h\266l@E\035\316\030;\026\271\305\301\300\010j"
 270      6C40451D 
 270      CE183B16 
 270      B9C5C1C0 
 270      086A
 271 02d7 46327A10 		.ascii	"F2z\0205\0073e\0105\207\012\232\351G\200b\017#\307\243"
 271      35073365 
 271      0835870A 
 271      9AE94780 
 271      620F23C7 
 272 02ec 64A2C83C 		.ascii	"d\242\310<\306\0238\034\233\326\021<\033\264m,\217\323"
 272      C613381C 
 272      9BD6113C 
 272      1BB46D2C 
ARM GAS  /tmp/cc20KoBh.s 			page 22


 272      8FD3
 273 02fe FB48D6F7 		.ascii	"\373H\326\367\0045c8\333'\201\266\361S\004x\232\314"
 273      04356338 
 273      DB2781B6 
 273      F1530478 
 273      9ACC
 274 0310 2832B164 		.ascii	"(2\261d\342\310<Cf4\2311d\342\311\214%\223@f\034\231"
 274      E2C83C43 
 274      66349931 
 274      64E2C98C 
 274      25934066 
 275 0326 F16412C9 		.ascii	"\361d\022\311$\221y\236\314\013d&\220\231Hf\022\231"
 275      2491799E 
 275      CC0B6426 
 275      90994866 
 275      1299
 276 0338 17C94C26 		.ascii	"\027\311L&3\205\314T2\323\310\274Df:\231\031df\222\231"
 276      3385CC54 
 276      32D3C8BC 
 276      44663A99 
 276      19646692 
 277 034d 45663699 		.ascii	"Ef6\2319d\346\222I\346y\234\307\0233\237\347$\205\247"
 277      3964E692 
 277      49E6799C 
 277      C713339F 
 277      E72485A7 
 278 0361 2395672D 		.ascii	"#\225g-\215\347Q\210\225X\234x\236\256\222\032\376\223"
 278      8DE75188 
 278      95589C78 
 278      9EAE921A 
 278      FE93
 279 0373 1E28EC71 		.ascii	"\036(\354q\037j\312\245j-\223\341e\322F\007f\307\356"
 279      1F6ACAA5 
 279      6A2D93E1 
 279      65D24607 
 279      66C7EE
 280 0386 AD763AFB 		.ascii	"\255v:\373, \341\030.\335eX\022\303\365\214q\020%\220"
 280      2C20E118 
 280      2EDD6558 
 280      12C3F58C 
 280      71102590 
 281 039a D5E1AE6F 		.ascii	"\325\341\256o\332-\025\315\256h\307\356\337\251\216"
 281      DA2D15CD 
 281      AE68C7EE 
 281      DFA98E
 282 03a9 249A1534 		.ascii	"$\232\02548\2164\016^g\200\034\210C\320\336\243\265"
 282      388E340E 
 282      5E67801C 
 282      8843D0DE 
 282      A3B5
 283 03bb 6EAB8A0D 		.ascii	"n\253\212\015P\353\037\273\212b;T\354\263M{\015Z\004"
 283      50EB1FBB 
 283      8A623B54 
 283      ECB34D7B 
 283      0D5A04
 284 03ce C686F8A0 		.ascii	"\306\206\370\240X\221\350\017L\3543\"G*r{_b\203Tbu\037"
 284      5891E80F 
ARM GAS  /tmp/cc20KoBh.s 			page 23


 284      4CEC3322 
 284      472A727B 
 284      5F628354 
 285 03e5 1CE8B1AB 		.ascii	"\034\350\261\253\304Lp\"8\261\301\210\013\014\266\217"
 285      C44C7022 
 285      38B1C188 
 285      0B0CB68F 
 286 03f5 820D56C1 		.ascii	"\202\015V\301\3565\2353pCT\260[+\227\336\221*\230\005"
 286      EE359D33 
 286      704354B0 
 286      5B2B97DE 
 286      912A9805 
 287 0409 EA82830D 		.ascii	"\352\202\203\015E\034\202vv\334\332iV*#\341\244\177"
 287      451C8276 
 287      76DCDA69 
 287      562A23E1 
 287      A47F
 288 041b EC4A8A3D 		.ascii	"\354J\212=\224\3367\237\037\306\036u\026lXz\344\224"
 288      94DE379F 
 288      1FC61E75 
 288      166C587A 
 288      E494
 289 042d 85187868 		.ascii	"\205\030xh\300\347\274]V\3417\004\277p\3622h\274ve\322"
 289      C0E7BC5D 
 289      56E13704 
 289      BF70F232 
 289      68BC7665 
 290 0442 2CB8CDF9 		.ascii	",\270\315\371\231T\233\205\353\252\3153(U\233WJSm\254"
 290      99549B85 
 290      EBAACD33 
 290      28559B57 
 290      4A536DAC 
 291 0456 8A32092A 		.ascii	"\2122\011*\321\212\2267T\246\303\320\305\013p\011\212"
 291      D18A9637 
 291      54A6C3D0 
 291      C50B7009 
 291      8A
 292 0467 5A6A8E82 		.ascii	"Zj\216\202\341\305Tv\375Xu\327\241\222\027\360\205\332"
 292      E1C55476 
 292      FD5875D7 
 292      A19217F0 
 292      85DA
 293 0479 B9B701CA 		.ascii	"\271\267\001\312\344#\232(\223\311\216\356\213\215p"
 293      E4239A28 
 293      93C98EEE 
 293      8B8D70
 294 0488 1B342C04 		.ascii	"\0334,\004\255\373\223\363\350Ou\034hkB\227\304\365"
 294      ADFB93F3 
 294      E84F751C 
 294      686B4297 
 294      C4F5
 295 049a D34A2BC9 		.ascii	"\323J+\3115\317q\262\025=:.\212\266\275\022\035\363"
 295      35CF71B2 
 295      153D3A2E 
 295      8AB6BD12 
 295      1DF3
 296 04ac 1DDDAD1E 		.ascii	"\035\335\255\036\364\230pf\265f\306\2448J\231f&\275"
ARM GAS  /tmp/cc20KoBh.s 			page 24


 296      F4987066 
 296      B566C6A4 
 296      384A9966 
 296      26BD
 297 04be 5AE9A7E4 		.ascii	"Z\351\247\344Ks4\267\035\006\224\256\213\345q\252:\317"
 297      4B7334B7 
 297      1D0694AE 
 297      8BE571AA 
 297      3ACF
 298 04d0 B66CD6FC 		.ascii	"\266l\326\374\016]\334\271\264ei\233\322\376\344s\026"
 298      0E5DDCB9 
 298      B465699B 
 298      D2FEE473 
 298      16
 299 04e1 0F967ACA 		.ascii	"\017\226z\312\376Q\234\"\377%\262\340\0225\250%*u7\205"
 299      FE519C22 
 299      FF25B2E0 
 299      1235A825 
 299      2A753785 
 300 04f5 295014E2 		.ascii	")P\024\342\374\277\367\026\320\341\224\002\335p\257"
 300      FCBFF716 
 300      D0E19402 
 300      DD70AF
 301 0504 3029D063 		.ascii	"0)\320c\274\224Qj\335\320C\303\242W\201\332[\376\254"
 301      BC94516A 
 301      DDD043C3 
 301      A25781DA 
 301      5BFEAC
 302 0517 50C3E1D9 		.ascii	"P\303\341\331hZ\025\017,\351X\266M*\347\010\364\373"
 302      685A150F 
 302      2CE958B6 
 302      4D2AE708 
 302      F4FB
 303 0529 78D5C41B 		.ascii	"x\325\304\033\2412\270\327\262\037\024&Z%\332\267c,"
 303      A132B8D7 
 303      B21F1426 
 303      5A25DAB7 
 303      632C
 304 053b B863BEF4 		.ascii	"\270c\276\364\346\3401\002=\216u\217\320\300\350#\321"
 304      E6E03102 
 304      3D8E758F 
 304      D0C0E823 
 304      D1
 305 054c EF8B7E84 		.ascii	"\357\213~\204\242\217T\264\342\263o(\310\023\376\005"
 305      A28F54B4 
 305      E2B36F28 
 305      C813FE05 
 306 055c 68C5026C 		.ascii	"h\305\002l\204h\322\022\020'\006q\2768G)N\014\"\216"
 306      8468D212 
 306      10270671 
 306      BE384729 
 306      4E0C228E 
 307 0570 1CF07896 		.ascii	"\034\360x\226F*\310S\376e)\371\240\277S{r\271\275\034"
 307      462AC853 
 307      FE6529F9 
 307      A0BF537B 
 307      72B9BD1C 
ARM GAS  /tmp/cc20KoBh.s 			page 25


 308 0584 CA16E35D 		.ascii	"\312\026\343]\012?\220ae\362I\370\212*\004\373\276\351"
 308      0A3F9061 
 308      65F249F8 
 308      8A2A04FB 
 308      BEE9
 309 0596 E8A8B13B 		.ascii	"\350\250\261;+\\E\213\251\313\006\247\241\034\376\306"
 309      2B5C458B 
 309      A9CB06A7 
 309      A11CFEC6 
 310 05a6 772C3803 		.ascii	"w,8\003N\032\275\327}\327X\203\247\2159\351\351[\225"
 310      4E1ABDD7 
 310      7DD75883 
 310      A78D39E9 
 310      E95B95
 311 05b9 51381EFA 		.ascii	"Q8\036\372\311\331\345\256\013WN*g\354\242\2746\324"
 311      C9D9E5AE 
 311      0B574E2A 
 311      67ECA2BC 
 311      36D4
 312 05cb 8D255F50 		.ascii	"\215%_P\016\233\027\211\207d\361\265/\213\177\203\023"
 312      0E9B1789 
 312      8764F1B5 
 312      2F8B7F83 
 312      13
 313 05dc 432A9157 		.ascii	"C*\221W\275\"\343\372\251\352\033\216\007\024\357[\257"
 313      BD22E3FA 
 313      A9EA1B8E 
 313      0714EF5B 
 313      AF
 314 05ed AA1546BA 		.ascii	"\252\025F\272\317\030k\321\343\366\030\252F\343\000"
 314      CF186BD1 
 314      E3F618AA 
 314      46E300
 315 05fc E857AA9A 		.ascii	"\350W\252\232\014\330\030\334\260\3305\020UM\276,\232"
 315      0CD818DC 
 315      B0D83510 
 315      554DBE2C 
 315      9A
 316 060d 49D518A5 		.ascii	"I\325\030\245\352\232WU|?U\265p<\215\342}\307\252\350"
 316      EA9A5755 
 316      7C3F55B5 
 316      703C8DE2 
 316      7DC7AAE8 
 317 0621 4833348C 		.ascii	"H34\214ea\361JC\225\241!\001\017 \354\032\210\206\263"
 317      6561F14A 
 317      4395A121 
 317      010F20EC 
 317      1A8886B3 
 318 0635 BE31BF27 		.ascii	"\2761\277'\015\011t\0225\327\264\356|N\015\021\316;"
 318      0D097412 
 318      35D7B4EE 
 318      7C4E0D11 
 318      CE3B
 319 0647 42F04168 		.ascii	"B\360Ah\022]6\211\335\247jzwNT\3354`\335\311\215\037"
 319      125D3689 
 319      DDA76A7A 
 319      774E54DD 
ARM GAS  /tmp/cc20KoBh.s 			page 26


 319      3460DDC9 
 320 065d D9D5A169 		.ascii	"\331\325\241i\201\037\372\320fq\320$yB\272\266\030\023"
 320      811FFAD0 
 320      6671D024 
 320      7942BAB6 
 320      1813
 321 066f 32AE9F13 		.ascii	"2\256\237\023r\216\223\343{\334y\3572{\027u\274\332"
 321      728E93E3 
 321      7BDC79EF 
 321      327B1775 
 321      BCDA
 322 0681 2A7E5394 		.ascii	"*~S\224\210\003\240?p\212\222\370\024ITS\224\020j\212"
 322      8803A03F 
 322      708A92F8 
 322      14495453 
 322      94106A8A 
 323 0695 DE7CD814 		.ascii	"\336|\330\024]\360eq\221\246(\211\345Y\372\344u{\345"
 323      5DF06571 
 323      91A62889 
 323      E559FAE4 
 323      757BE5
 324 06a8 3DDF4F79 		.ascii	"=\337Oy\2278\260N\201/\007\313{\341\001y\023p\000\364"
 324      9738B04E 
 324      812F07CB 
 324      7BE10179 
 324      137000F4 
 325 06bc 07CA9BC8 		.ascii	"\007\312\233\310\362&\014D^\253/\2136\2227\221\345Y"
 325      F2260C44 
 325      5EAB2F8B 
 325      36923791 
 325      E559
 326 06ce 69AD59DE 		.ascii	"i\255Y\336O\307\014y\223\372)\357\012\0076Q`\217\267"
 326      4FC70C79 
 326      93FA29EF 
 326      0A073651 
 326      608FB7
 327 06e1 9CBDF25E 		.ascii	"\234\275\362^\344r\236\024\270%'\343\267\022\273\224"
 327      E4729E14 
 327      B82527E3 
 327      B712BB94 
 328 06f1 18672831 		.ascii	"\030g(1\257?L\314U\337\230\327H\314d\026\023&\326F+"
 328      AF3F4CCC 
 328      55DF98D7 
 328      48CC6416 
 328      1326D646 
 329 0706 31CB6B0D 		.ascii	"1\313k\0151S\372)\346G_\340\366`1SY\314\224@1\323X\314"
 329      3153FA29 
 329      E6475FE0 
 329      F6603153 
 329      59CC9440 
 330 071e D48188F9 		.ascii	"\324\201\210\371\217o\314\353$f\232\340\315\327\260"
 330      8F6FCCEB 
 330      24669AE0 
 330      CDD7B0
 331 072d DFBBF9FC 		.ascii	"\337\273\371\374v\233M,\217P\022Wn5$\276\324O\2117|"
 331      769B4D2C 
 331      8F501257 
ARM GAS  /tmp/cc20KoBh.s 			page 27


 331      6E3524BE 
 331      D44F8937 
 332 0742 757E33B8 		.ascii	"u~3\270\034\247?P\2163p\000\364\007\226\343L.\307\031"
 332      1CA73F50 
 332      8E337000 
 332      F40796E3 
 332      4C2EC719 
 333 0756 0329C70E 		.ascii	"\003)\307\016_\026\235$z&\313\013\357\223\267\332+o"
 333      5F169D24 
 333      7A26CB0B 
 333      EF93B7DA 
 333      2B6F
 334 0768 563FE5DD 		.ascii	"V?\345\335\362\325\371\355`y\263\037\2207\007\007@\177"
 334      F2D5F9ED 
 334      6079B31F 
 334      90370707 
 334      407F
 335 077a A0BCB92C 		.ascii	"\240\274\271,o\316@\344\375\327\227\305\035\2227\227"
 335      6FCE40E4 
 335      FDD797C5 
 335      1D923797 
 336 078a E5D9F98A 		.ascii	"\345\331\371\212\251\256\2727\027\252K`2]\015\237\365"
 336      A9AEBA37 
 336      17AA4B60 
 336      325D0D9F 
 336      F5
 337 079b BBB4F205 		.ascii	"\273\264\362\0052Y\235\317\307\253\306\031(\377\353"
 337      32599DCF 
 337      C7ABC619 
 337      28FFEB
 338 07aa 818E57C5 		.ascii	"\201\216W\305\256\276\222p\210\325\265\034\364\206\273"
 338      AEBE9270 
 338      88D5B51C 
 338      F486BB
 339 07b9 A2D3F86D 		.ascii	"\242\323\370m1\017\277\345\001A\371\266:O\335]\016u"
 339      310FBFE5 
 339      0141F9B6 
 339      3A4FDD5D 
 339      0E75
 340 07cb 1628D47C 		.ascii	"\026(\324|\374"
 340      FC
 341 07d0 36F26F87 		.ascii	"6\362o\207\300\233\375|\005\253\357\314R\260\024\374"
 341      C09BFD7C 
 341      05ABEFCC 
 341      52B014FC 
 342 07e0 FC04C2F8 		.ascii	"\374\004\302\370N\234\242`_\347+T*n\204@\024\337\212"
 342      4E9CA260 
 342      5FE72B54 
 342      2A6E8440 
 342      14DF8A
 343 07f3 5309B5C1 		.ascii	"S\011\265\301\335\336\371\212\202\245\251\217\311\276"
 343      DDDEF98A 
 343      82A5A98F 
 343      C9BE
 344 0801 655FECB1 		.ascii	"e_\354\261\251\217\011\300]\177\026\337\275\323XY\004"
 344      A98F09C0 
 344      5D7F16DF 
ARM GAS  /tmp/cc20KoBh.s 			page 28


 344      BDD35859 
 344      04
 345 0812 FD686AC7 		.ascii	"\375hj\307\313{\333\273\026u\363\024\364\223\012\320"
 345      CB7BDBBB 
 345      1675F314 
 345      F4930AD0 
 346 0822 8D5FB2F9 		.ascii	"\215_\262\371\316\2059\331\031\316\364\304\361\351I"
 346      CE8539D9 
 346      19CEF4C4 
 346      F1E949
 347 0831 7F70E6E6 		.ascii	"\177p\346\346\345\274\226\267 ;;s\321k\316\351\0133"
 347      E5BC96B7 
 347      203B3B73 
 347      D16BCEE9 
 347      0B33
 348 0843 5FCD4C79 		.ascii	"_\315Ly\331\351\314\311w.\\\220\345\314\315\311+\310"
 348      D9E9CCC9 
 348      772E5C90 
 348      E5CCCDC9 
 348      2BC8
 349 0855 77BEFCCB 		.ascii	"w\276\374\313yI\211\316\344\344\031\316Y\251sR^O\244"
 349      794989CE 
 349      E4E419CE 
 349      59A97352 
 349      5E4FA4
 350 0868 AEDFE6E2 		.ascii	"\256\337\346\342\223\225\225\236\360;\241\023J\317^"
 350      9395959E 
 350      F03BA113 
 350      4ACF5E
 351 0877 90FF7B3D 		.ascii	"\220\377{=;'=C\276\232Y\240/\310*\3103\345\37617=\317"
 351      3B273D43 
 351      BE9A59A0 
 351      2FC82AC8 
 351      33E5FE31 
 352 088e 92939F9B 		.ascii	"\222\223\237\233\221\221\236g\316)\370KnF\236\211 y"
 352      91919E67 
 352      CE29F84B 
 352      6E469E89 
 352      2079
 353 08a0 56EA2786 		.ascii	"V\352'\206\226=^\313N\324\262\237\373\037\246\241\007"
 353      963D5ECB 
 353      4ED4B29F 
 353      FB1FA6A1 
 353      07
 354 08b1 E5       		.ascii	"\345"
 355              		.text
 356              		.section	.gnu.lto_.symbol_nodes.1c5d873e5878f510,"",%progbits
 357 0000 789C6365 		.ascii	"x\234ce`bPc\000\002\246~\246z\006\206\011\347\030\030"
 357      60625063 
 357      0002A67E 
 357      A67A0686 
 357      09E71818 
 358 0014 80D4AE06 		.ascii	"\200\324\256\006G\240\310\004\246zF\024\021\006\000"
 358      47A0C804 
 358      A67A4614 
 358      110600
 359 0023 B6670904 		.ascii	"\266g\011\004"
ARM GAS  /tmp/cc20KoBh.s 			page 29


 360              		.text
 361              		.section	.gnu.lto_.refs.1c5d873e5878f510,"",%progbits
 362 0000 789C6365 		.ascii	"x\234ce`b`d\000\002\000\000I\000\011"
 362      60626064 
 362      00020000 
 362      490009
 363              		.text
 364              		.section	.gnu.lto_.decls.1c5d873e5878f510,"",%progbits
 365 0000 789CCD59 		.ascii	"x\234\315YkPTI\226\256\274YU@Y\240\001\356\206\023\321"
 365      6B505449 
 365      96AEBC59 
 365      554059A0 
 365      01EE8613 
 366 0015 3161184C 		.ascii	"1a\030L7\363\350.Agv\"v\036\255\200\342\014\3352EOo"
 366      37F3E82E 
 366      41677622 
 366      761EAD80 
 366      E20CDD32 
 367 002c 6CC44610 		.ascii	"l\304F\020\264\240\022\313k\240\334pb\377\\\004-\036"
 367      B4A012CB 
 367      6BA0DC70 
 367      62FF5C04 
 367      2D1E
 368 003e A2E0ABA5 		.ascii	"\242\340\253\245\025|\201\202\320\342\013\020\001E\004"
 368      157C8182 
 368      D0E20B10 
 368      014504
 369 004d 4410A441 		.ascii	"D\020\244A\021yH\011\002\212\312S\020\021eOf\336\342"
 369      11794809 
 369      028ACA53 
 369      1011654F 
 369      66DEE2
 370 0060 269762A7 		.ascii	"&\227b\247\347\361cnp*\363d~y\362\234\223\231'\317\275"
 370      E7F1636E 
 370      702AF364 
 370      7E79F29C 
 370      939927CF 
 371 0075 685482EA 		.ascii	"hT\202\352w?T\251.`\225\352\277\220J5\003\017TU\337"
 371      773F54A9 
 371      2E6095EA 
 371      BF904A35 
 371      030F5455 
 372 008a AAE44700 		.ascii	"\252\344G\000\032\003\372%R\315{\372\241m1\224_\002"
 372      1A03FA25 
 372      52CD7BFA 
 372      A16D3194 
 372      5F02
 373 009c 39032D05 		.ascii	"9\003-\005\032\004\372\010h\027\364\355$c\200\342\201"
 373      1A04FA08 
 373      6817F4ED 
 373      246380E2 
 373      81
 374 00ad 5E423501 		.ascii	"^B5\001J\017 3P\"\320J\240\037@\373\377B\031\012d\201"
 374      4A0F2033 
 374      5022D04A 
 374      A01F40FB 
 374      FF42190A 
ARM GAS  /tmp/cc20KoBh.s 			page 30


 375 00c3 7A2DD00A 		.ascii	"z-\320\012\250\327\0209PVC\371S(oA\3711\224uP\272BY"
 375      A8D71039 
 375      505643F9 
 375      53286F41 
 375      F9319475 
 376 00db 09E58FA0 		.ascii	"\011\345\217\240\254\202\362'P\366@\331\013\324\015"
 376      AC82F227 
 376      50F640D9 
 376      0BD40D
 377 00ea F418A88F 		.ascii	"\364\030\250\217\350\007\364\014\350\011g\307^\033v"
 377      E807F40C 
 377      E80967C7 
 377      5E1B76
 378 00f9 FC093A17 		.ascii	"\374\011:\027)\354\3709\340\336B9\001T\"\331\344\247"
 378      29ECF839 
 378      E0DE4239 
 378      015422D9 
 378      E4A7
 379 010b 623A139B 		.ascii	"b:\023\233\264\222\236DG\242\037\321\211\350CtA\013"
 379      B4929E44 
 379      47A21FD1 
 379      89E84374 
 379      410B
 380 011d F8EB6B8C 		.ascii	"\370\353k\214\012\223+\313\204G\250\003\301\224h\011"
 380      0A932BCB 
 380      8447A803 
 380      C1946809 
 381 012d 6D4588FD 		.ascii	"mE\210\375\"J\224\235\261>\010\321vh\025T\222`k\023"
 381      224A949D 
 381      B13E08D1 
 381      76681554 
 381      92606B13 
 382 0141 B28E9078 		.ascii	"\262\216\220xAb\005I$\375\223\006#N\"\353f3Y\037f\022"
 382      41620549 
 382      24FD9306 
 382      234E22EB 
 382      6633591F 
 383 0157 ABD061D6 		.ascii	"\253\320a\326\321H\220'@\210\037\300\011djK\375\263"
 383      D1489027 
 383      40881FC0 
 383      09646A4B 
 383      FDB3
 384 0169 FAA964E3 		.ascii	"\372\251d\343\220\325\372\221\264;}\272.\324IZ\217\177"
 384      90D5FA91 
 384      B43B7DBA 
 384      2ED4495A 
 384      8F7F
 385 017b 8A68DBD9 		.ascii	"\212h\333\331\274\264^\007, R\357z\223\275\356\223<"
 385      BCB45E07 
 385      2C2052EF 
 385      7A93BDEE 
 385      933C
 386 018d 913DF66E 		.ascii	"\221=\366n\262\333\276\213;\177\024\357\301\310Y\207"
 386      B2DBBE8B 
 386      3B7F14EF 
 386      C1C85987 
 387 019d D4444EFD 		.ascii	"\324DN\3757=N\300.\325\241\345\300^\355\034)_\304z-"
ARM GAS  /tmp/cc20KoBh.s 			page 31


 387      373D4EC0 
 387      2ED5A1E5 
 387      C05EED1C 
 387      295FC47A 
 388 01b2 08F82B65 		.ascii	"\010\370+e/=\030\373\001\327\273T\352=_\032\367\322"
 388      2F3D18FB 
 388      01D7BB54 
 388      EA3D5F1A 
 388      F7D2
 389 01c4 89759713 		.ascii	"\211u\227\023>i\347\336\004;\374\003\252\300`\\\257"
 389      3E69E7DE 
 389      043BFC03 
 389      AAC0605C 
 389      AF
 390 01d5 4592B40C 		.ascii	"E\222\264\014\330\246\341;\351\022\273\004\330\216\204"
 390      D8A6E13B 
 390      E912BB04 
 390      D88E84
 391 01e4 5D195ABC 		.ascii	"]\031Z\274\234\";krr\211F\037\351\020\361\302bh\312"
 391      9C223B6B 
 391      72728946 
 391      1FE910F1 
 391      C26268CA 
 392 01f8 7F51FCC6 		.ascii	"\177Q\374\306\2215\021D\323\336\321L;\374#R\027\322"
 392      91351144 
 392      D3DED14C 
 392      3BFC2352 
 392      17D2
 393 020a 6A1F54A8 		.ascii	"j\037T\250\221\233\35641\254\374\326\304G\251fQ\024"
 393      919BEE34 
 393      31ACFCD6 
 393      C447A966 
 393      5114
 394 021c 5031D2A1 		.ascii	"P1\322\241\"\004>@\237\0207}\244\203\337xQ\334!\246"
 394      22043E40 
 394      9F10377D 
 394      A483DF78 
 394      51DC21A6 
 395 0230 C48A0E3E 		.ascii	"\304\212\016>*\224\207>@\271\350\003\025\272\202\334"
 395      2A94873E 
 395      40B9E803 
 395      15BA82DC 
 396 0240 88588243 		.ascii	"\210X\202C\205\320X\000\2150ENf\352I-\016\246ST_koU"
 396      85D05800 
 396      8D30454E 
 396      66EA492D 
 396      0EA65354 
 397 0258 239D9BCD 		.ascii	"#\235\233\315\361\2456\3063]^\247\257\250\336It)\001"
 397      F1A536C6 
 397      335D5EA7 
 397      AFA8DE49 
 397      742901
 398 026b 5DAECABA 		.ascii	"]\256\312\272\200j\314\365\335W;b\004|\030Q\233\276"
 398      806ACCF5 
 398      DD573B62 
 398      047C1851 
 398      9BBE
ARM GAS  /tmp/cc20KoBh.s 			page 32


 399 027d 297955AB 		.ascii	")yU\253a\016\261\007vh\177U\275\200\217\262\276\276"
 399      610EB107 
 399      76687F55 
 399      BD808FB2 
 399      BEBE
 400 028f D6D8342D 		.ascii	"\326\3304->\311\230\224w\017E->\313\230\344\241\311"
 400      3EC99894 
 400      770F452D 
 400      3ECB98E4 
 400      A1C9
 401 02a1 136A7C81 		.ascii	"\023j|\2011\017c_\2678\342\"\3128\354\312\277rY\217"
 401      310F635F 
 401      B738E222 
 401      CA38ECCA 
 401      BF72598F 
 402 02b5 5CC9E3E2 		.ascii	"\\\311\343\342\352\352v\222\350^\336\237\377\263\232"
 402      EAEA7692 
 402      E85EDE9F 
 402      FFB39A
 403 02c4 D127A2B8 		.ascii	"\321'\242\270OO\225\272\011J\335F.\2621\027\341G\205"
 403      4F4F95BA 
 403      094ADD46 
 403      2EB23117 
 403      E14785
 404 02d7 DCE147C5 		.ascii	"\334\341G\305\006L\375&M,\217\303\024]\241D\033\024"
 404      064CFD26 
 404      4D2C8FC3 
 404      145DA144 
 404      1B14
 405 02e9 E081DFCA 		.ascii	"\340\201\337\312\340\353J\3605*:\017q\2629x\231\022"
 405      E0EB4AF0 
 405      352A3A0F 
 405      71B23978 
 405      9912
 406 02fb 7E49A949 		.ascii	"~I\251I\033\207.\267-\234\242S\211\357SD\361S\265\012"
 406      1B872EB7 
 406      2D9CA253 
 406      89EF5344 
 406      F153B50A 
 407 030f E543FF39 		.ascii	"\345C\3779\332E\320\340~t\007V\253\012\271\242Z\240"
 407      DA45D0E0 
 407      7E740756 
 407      AB0AB9A2 
 407      5AA0
 408 0321 1AA06AA0 		.ascii	"\032\240j\240[@u@\225\310\225\036\0126_-7\337\015\233"
 408      5B407540 
 408      95C8951E 
 408      0A365F2D 
 408      37DF0D9B 
 409 0335 96F3B6D4 		.ascii	"\226\363\266\324\372\310\350\313\266map\2665\006\257"
 409      FAC8E8CB 
 409      B66D6170 
 409      B63506AF 
 410 0345 39C78822 		.ascii	"9\307\210\"\"0\225\264-\244\343x\375}\\\243\026'\321"
 410      223095B4 
 410      2DA4E378 
 410      FD7D5CA3 
ARM GAS  /tmp/cc20KoBh.s 			page 33


 410      1627D1
 411 0358 432B6426 		.ascii	"C+d&\336)\264G.n\266lBw\301\224\277\306,6s_\215\026"
 411      DE29B447 
 411      2E6EB66C 
 411      4277C194 
 411      BFC62C36 
 412 0370 CE3F6A80 		.ascii	"\316?j\200\201\365\362\226$z\320\351\307\262/f\330\263"
 412      81F5F296 
 412      247AD0E9 
 412      C7B22F66 
 412      D8B3
 413 0382 5D984D4E 		.ascii	"]\230MN\360\263w\325\31758\203\305\220\274\372[\035"
 413      F0B377D5 
 413      CF353883 
 413      C590BCFA 
 413      5B1D
 414 0394 52A88827 		.ascii	"R\250\210'\235\315\257\033\315:\234\305:g\236=<\345"
 414      9DCDAF1B 
 414      CD3A9CC5 
 414      3A679E3D 
 414      3CE5
 415 03a6 C03A8709 		.ascii	"\300:\207\011\237X\260\377\324b\234\307:\233\373N\304"
 415      9F58B0FF 
 415      D4629CC7 
 415      3A9BFB4E 
 415      C4
 416 03b7 E9596723 		.ascii	"\351Yg#\341\367\354\275tA\207/\261\316\354\276\243{"
 416      E1F7ECBD 
 416      7441872F 
 416      B1CEECBE 
 416      A37B
 417 03c9 A4CE5F02 		.ascii	"\244\316_\002[P\177\345\221\006_e}\035\243-\346E\370"
 417      5B507FE5 
 417      91065F65 
 417      7D1DA32D 
 417      E645F8
 418 03dc 0663F2A7 		.ascii	"\006c\362\247\017\234\321\342\032\306\324vL>\266c\243"
 418      0F9CD1E2 
 418      1AC6D476 
 418      4C3EB663 
 418      A3
 419 03ed A6893203 		.ascii	"\246\2112\003\3113\035z)\026\221\220a\256\037?#\340"
 419      C9331D7A 
 419      29169190 
 419      61AE1F3F 
 419      23E0
 420 03ff BB14BCE8 		.ascii	"\273\024\274\350~W\377\244#rq\225\0367W\336\243\235"
 420      7E57FFA4 
 420      23727195 
 420      1E3757DE 
 420      A39D
 421 0411 E0D10EBA 		.ascii	"\340\321\016\272D]\222;\237\202;-\340\272\036\240^\240"
 421      445D923B 
 421      9F823B2D 
 421      E0BA1EA0 
 421      5EA0
 422 0423 6EA0C740 		.ascii	"n\240\307@}@\375@\317\200\236\310\273\005\334Z]\353"
ARM GAS  /tmp/cc20KoBh.s 			page 34


 422      7D40FD40 
 422      CF809EC8 
 422      BB05DC5A 
 422      5DEB
 423 0435 BC5F146B 		.ascii	"\274_\024kVR\307\266\203c\211\250\331\245\232sP\000"
 423      5652C7B6 
 423      836389A8 
 423      D9A59A73 
 423      5000
 424 0447 5DE11B43 		.ascii	"]\341\033Cw\013\001\337W\202\357!\005\272\373\3672\372"
 424      770B01DF 
 424      5782EF21 
 424      05BAFBF7 
 424      32FA
 425 0459 8112DD32 		.ascii	"\201\022\3352\367X\021\370\357dx\233\022~q\036\274\342"
 425      F75811F8 
 425      EF64789B 
 425      127E711E 
 425      BCE2
 426 046b 7319FE48 		.ascii	"s\031\376H\011\377V\251K\005\247\313C%\272u\236\346"
 426      09FF56A9 
 426      4B05A7CB 
 426      4325BA75 
 426      9EE6
 427 047d 9C9DCD4A 		.ascii	"\234\235\315Jt\323|U>\223\341\337)\341\215\262p\351"
 427      74D37C55 
 427      3E93E1DF 
 427      29E18DB2 
 427      70E9
 428 048f 0CDD6667 		.ascii	"\014\335fg\250k\356\031b\242\372\352\271\365\270\240"
 428      A86BEE19 
 428      62A2FAEA 
 428      B9F5B8A0 
 429 049f 94759E9B 		.ascii	"\224u\236\233\032\266\312\2157/v.\306-\354\314\345&"
 429      1AB6CA8D 
 429      372F762E 
 429      C62DECCC 
 429      E526
 430 04b1 3DB76815 		.ascii	"=\267h\025g\316\272C\320\013\330\030\177\313&a\032\267"
 430      67CEBA43 
 430      D00BD818 
 430      7FCB2661 
 430      1AB7
 431 04c3 DCA567EF 		.ascii	"\334\245g\3579\010\030\220\317^\227\365\354ugX\216;"
 431      39081890 
 431      CF5E97F5 
 431      EC756758 
 431      8E3B
 432 04d5 B948F3C6 		.ascii	"\271H\363\306/4\257\352{O\012\"\307\257\364\3249\351"
 432      2F34AFEA 
 432      7B4F0A22 
 432      C7AFF4D4 
 432      39E9
 433 04e7 1367EF2D 		.ascii	"\023g\357-\364\222\213K*4\210\364\022\360Vae\215\203"
 433      F4928B4B 
 433      2A3488F4 
 433      12F05661 
ARM GAS  /tmp/cc20KoBh.s 			page 35


 433      658D83
 434 04fa 5A606DE8 		.ascii	"Z`m\350+5i\253\232y]\276\230\2350\201\273\261\227\262"
 434      2B3569AB 
 434      9A795DBE 
 434      989D3081 
 434      BBB197B2 
 435 050e 1B3B7677 		.ascii	"\033;vwV\256\303\262C4\237\210\025\227\010\350\313\177"
 435      56AEC3B2 
 435      43349F88 
 435      159708E8 
 435      CB7F
 436 0520 45232079 		.ascii	"E# y\230J\036E\313\340w\010\251\231\370\013\271\343"
 436      984A1E45 
 436      CBE07708 
 436      A999F80B 
 436      B9E3
 437 0532 979C561C 		.ascii	"\227\234V\034\027\217[\340\212\356X~$o\227\330\010\343"
 437      178F5BE0 
 437      8AEE587E 
 437      246F97D8 
 437      08E3
 438 0544 3EA54094 		.ascii	">\245@\224#;\003\252\360\233\015\306\2423\260\035Uh"
 438      233B03AA 
 438      F09B0DC6 
 438      A233B01D 
 438      5568
 439 0556 0CAD80F1 		.ascii	"\014\255\200\361/\263b\367/\306\371\230\236\374\263"
 439      2FB362F7 
 439      2FC6F998 
 439      9EFCB3
 440 0565 F539D36A 		.ascii	"\3659\323j\\E\031!\271\342\350\013\375Bw\363\353\005"
 440      5C451921 
 440      B9E2E80B 
 440      FD4277F3 
 440      EB05
 441 0577 EFE6FEFC 		.ascii	"\357\346\376\374\225\255\367Dq9\232\200\200=.\317_b"
 441      95ADF744 
 441      71399A80 
 441      803D2ECF 
 441      5F62
 442 0589 BD9BAFEE 		.ascii	"\275\233\257\356\315\232\304\324!\004\301\034\022W9"
 442      CD9AC4D4 
 442      2104C11C 
 442      125739
 443 0598 91EA881B 		.ascii	"\221\352\210\033\330\304{\252n\275\321\314\346\035S"
 443      D8C47BAA 
 443      6EBDD1CC 
 443      E61D53
 444 05a7 1BC9CABE 		.ascii	"\033\311\312\276\005\350\033\2450\233\232M\331\316:"
 444      05E81BA5 
 444      309B9A4D 
 444      D9CE3A
 445 05b6 C6CDBD0D 		.ascii	"\306\315\275\015\210\316JDM\":\355\221\261\316gRdu\343"
 445      88CE4A44 
 445      4D223AED 
 445      91B1CE67 
 445      526475E3 
ARM GAS  /tmp/cc20KoBh.s 			page 36


 446 05ca 32346796 		.ascii	"24g\226\241M\236x\262O\300\355\3145\361y{nb]<Y\221\357"
 446      A14D9E78 
 446      B24FC0ED 
 446      CC35F179 
 446      7B6E625D 
 447 05e2 93A79094 		.ascii	"\223\247\220\224m\346\200\305\021[\330\360o'\273\012"
 447      6DE680C5 
 447      115BD8F0 
 447      6F27BB0A 
 448 05f2 35B89731 		.ascii	"5\270\2271\311\007**\324x\2001\247\322R\315\032<\304"
 448      C9072A2A 
 448      D4788031 
 448      A7D252CD 
 448      1A3CC4
 449 0605 989C7D29 		.ascii	"\230\234})\347ux\2041\207\317>\230r\300c\214\311\232"
 449      E7757884 
 449      3187CF3E 
 449      9872C063 
 449      8CC99A
 450 0618 7A3B4C6E 		.ascii	"z;Ln\210\017I\352\206\271\304\355C\226\270]\257\273"
 450      880F49EA 
 450      86B9C4ED 
 450      4396B85D 
 450      AFBB
 451 062a 7D5A8FDF 		.ascii	"}Z\217\3370\017\246\234\310Mr\260.\035h\254qS\315\356"
 451      300FA69C 
 451      C84D72B0 
 451      2E1D68AC 
 451      7153CDEE 
 452 063e 209424B8 		.ascii	" \224$\270\221AT\335x\341\003d\026\254Kw\253\360\207"
 452      914154DD 
 452      78E10364 
 452      16AC4B77 
 452      ABF087
 453 0651 C5A2B804 		.ascii	"\305\242\270\004%\012:\224 \314:\373Ci\341\256\245\266"
 453      250A3A94 
 453      20CC3AFB 
 453      4369E1AE 
 453      A5B6
 454 0663 F7E9709C 		.ascii	"\367\351p\234\232N1\035{hHN\016_\247{T\322\204l\017"
 454      9A4E311D 
 454      7B68484E 
 454      0E5FA77B 
 454      54D2846C 
 455 0678 0CDD2D0F 		.ascii	"\014\335-\017\005I\326uR\252\221lC\015\230d\307\344"
 455      0549D675 
 455      52AA916C 
 455      430D9864 
 455      C7E4
 456 068a C9527B9C 		.ascii	"\311R{\234L'Q\217M\354n\323\221\313E\216\031\202\212"
 456      4C27518F 
 456      4DEC6ED3 
 456      91CB458E 
 456      19828A
 457 069d 3B652902 		.ascii	";e)\002\013\030\373A\326>\301\025\245\012|\236\321\237"
 457      0B18FB41 
 457      D63EC115 
ARM GAS  /tmp/cc20KoBh.s 			page 37


 457      A50A7C9E 
 457      D19F
 458 06af EF5A366A 		.ascii	"\357Z6j\021\305D=Uk\027\250E\006\314j@\357\216\021."
 458      11C5443D 
 458      556B17A8 
 458      4506CC6A 
 458      40EF8E11 
 459 06c4 D5A8F8F5 		.ascii	"\325\250\370\365a\261|\007\246\350\2756\321\\\220|_"
 459      61B17C07 
 459      A6E8BD36 
 459      D15C907C 
 459      5F
 460 06d5 AA231B13 		.ascii	"\252#\033\0230s\363\014\365\275G\203\373\020r]\352\346"
 460      3073F30C 
 460      F5BD4783 
 460      FB10725D 
 460      EAE6
 461 06e7 CA02664B 		.ascii	"\312\002fK\231S\014\025K\304\355\004\261\007\205\245"
 461      99530C15 
 461      4BC4ED04 
 461      B10785A5 
 462 06f7 B632BD7D 		.ascii	"\2662\275}\324\304X\032\026e\023\011\230\230x\010L\374"
 462      D4C4581A 
 462      16651309 
 462      98987808 
 462      4CFC
 463 0709 1A4C3C20 		.ascii	"\032L< \360qo\260t\031\215\324\200RDj0g\242\324y\177"
 463      F0716FB0 
 463      74198DD4 
 463      8052446A 
 463      3067A2D4 
 464 071f 2C89D424 		.ascii	",\211\324$u\212[xb\360\372hi\335\035a)h\020\263\240"
 464      758A5B78 
 464      62F0FA68 
 464      69DD1D61 
 464      296810B3 
 465 0734 06AA39D3 		.ascii	"\006\2529\323\2233{\363~\201\036\247\322\225B\275u\371"
 465      93337BF3 
 465      7E811EA7 
 465      D29542BD 
 465      75F9
 466 0746 3BECF141 		.ascii	";\354\361A\306d\324\237\253\323\3404\306\224\344\236"
 466      C664D49F 
 466      ABD3E034 
 466      C694E49E 
 467 0756 6B12F031 		.ascii	"k\022\3601\306\344\025\017'!|\2061#\346|\023>\307\352"
 467      C6E4150F 
 467      27217C86 
 467      3123E67C 
 467      133EC7EA 
 468 076a 71E92977 		.ascii	"q\351)w\005v\364~\006\354\241\204\243\026\265\224r\220"
 468      0576F47E 
 468      06ECA184 
 468      A316B594 
 468      7290
 469 077c 0879B125 		.ascii	"\010y\261%\273\304\036_\246X\307\224\234\224\"\035\222"
 469      BBC41E5F 
ARM GAS  /tmp/cc20KoBh.s 			page 38


 469      A658C794 
 469      9C94221D 
 469      92
 470 078d D26F9675 		.ascii	"\322o\226u\234\024\343ba\375~\305RE\021\326/\035\354"
 470      9C14E362 
 470      61FD7EC5 
 470      524511D6 
 470      2F1DEC
 471 07a0 3D2D2C94 		.ascii	"=-,\224X\022\364\324\257e\364\011%\372\035\177\341\022"
 471      5812F4D4 
 471      AF65F409 
 471      25FA1D7F 
 471      E112
 472 07b2 F400878E 		.ascii	"\364\000\207\216Q\242\337+\321\243\034z\006\331D3U\370"
 472      51A2DF2B 
 472      D1A31C7A 
 472      06D94433 
 472      55F8
 473 07c4 BBF0389C 		.ascii	"\273\3608\234\202c\002\351;-\355\353"
 473      826302E9 
 473      3B2DEDEB 
 474 07d0 73B0E867 		.ascii	"s\260\350g\301\353'\201\316\000\345\002\345\000}\013"
 474      C1EB2781 
 474      CE00E502 
 474      E5007D0B 
 475 07e0 9407940D 		.ascii	"\224\007\224\015\224\011\224\005tjv\357\023\005j9W\034"
 475      94099405 
 475      746A76EF 
 475      13056A39 
 475      571C
 476 07f2 55AA7B4D 		.ascii	"U\252{M\251n7\247\356\016%znbC\340m\234\360o\224\360"
 476      A96E37A7 
 476      EE0E257A 
 476      6E6243E0 
 476      6D9CF06F 
 477 0808 4B4AE153 		.ascii	"KJ\341S\377.\2433l\256\012\007n\342D\037\261\255\367"
 477      FF2EA333 
 477      6CAE0A07 
 477      6EE2441F 
 477      B1ADF7
 478 081b AC2670AA 		.ascii	"\254&p\252\036\225\351\030\3760l\322X\333\232s\322\373"
 478      1E95E918 
 478      FE306CD2 
 478      58DB9A73 
 478      D2FB
 479 082d AC278288 		.ascii	"\254'\202\210O\263\255\371\234\227\211\022\226\010\235"
 479      4FB3ADF9 
 479      9C978912 
 479      96089D
 480 083c 561E7254 		.ascii	"V\036rT^?yY\203\257\260X\370\354\310\323\\;Ebc]Lt\001"
 480      5E3F7959 
 480      83AFB058 
 480      F8ECC8D3 
 480      5C3B4562 
 481 0855 D6F0EF59 		.ascii	"\326\360\357YO\246I\3655\232\340\234\007A\371rx%zQu"
 481      4FA649F5 
 481      359AE09C 
ARM GAS  /tmp/cc20KoBh.s 			page 39


 481      0741F972 
 481      78257A51 
 482 086a 126BDBF6 		.ascii	"\022k\333\366\316\311F\316\013|6rQ\320KC\000[\224p\270"
 482      CEC946CE 
 482      0B7C3672 
 482      51D04B43 
 482      005B9470 
 483 087f DF115731 		.ascii	"\337\021W1\325\3577\214\024;!7=\233\245\241mI,\261\267"
 483      D5EF378C 
 483      143B2137 
 483      3D9BA5A1 
 483      6D492CB1 
 484 0894 00F097E4 		.ascii	"\000\360\227\344i`8\024\013HG\227\301\2509\023\234h"
 484      69603814 
 484      0B484797 
 484      C1A83913 
 484      9C68
 485 08a6 ED4977A2 		.ascii	"\355Iw\242W-\2213\315\256\332\206CY\265x\301\244\246"
 485      572D9133 
 485      CDAEDA86 
 485      4359B578 
 485      C1A4A6
 486 08b9 4820494D 		.ascii	"H IM\241 %5\323%\346>\365lR\363\253\\9\251\001 z%\347"
 486      A1202535 
 486      D325E63E 
 486      F56C52F3 
 486      AB5C39A9 
 487 08d2 01AF9449 		.ascii	"\001\257\224I\315\025\201$5\205}\267\253u,\232\210\344"
 487      CD158124 
 487      35857DB7 
 487      AB752C9A 
 487      88E4
 488 08e4 0DA6BC7A 		.ascii	"\015\246\274z\367K\204\033Y\250\211\177ln\226:'\251"
 488      F74B841B 
 488      59A8897F 
 488      6C6E963A 
 488      27A9
 489 08f6 3F06738B 		.ascii	"?\006s\213\034Y\254)\247\257[\025\257[\035q\013\003"
 489      1C59AC29 
 489      A7AF5B15 
 489      AF5B1D71 
 489      0B03
 490 0908 2716363F 		.ascii	"'\0266?R\223k_\224L\207Q\262_\257\221\353\015\3660Z"
 490      52936B5F 
 490      944C8751 
 490      B25FAF91 
 490      EB0DF630 
 491 091d 49EFAE83 		.ascii	"I\357\256\203e\007\013\234\234S\244]\260\\M\003o)l\004"
 491      65070B9C 
 491      9C53A45D 
 491      B05C4D03 
 491      6F296C04 
 492 0931 B671AF0B 		.ascii	"\266q\257\013\316\3261\004\375uq\367\260\023\266\260"
 492      CED63104 
 492      FD7571F7 
 492      B013B6B0 
 493 0941 79526F8E 		.ascii	"yRo\216\217-\302O\030\323q\362@\226\232i\370\224\360"
ARM GAS  /tmp/cc20KoBh.s 			page 40


 493      8F2DC24F 
 493      18D371F2 
 493      40969A69 
 493      F894F0
 494 0954 E9D3D371 		.ascii	"\351\323\323qj\374\214u\356(y\230*\345\216\026\372\305"
 494      6AFC8C75 
 494      EE287998 
 494      2AE58E16 
 494      FAC5
 495 0966 66C7FE4C 		.ascii	"f\307\376L-\036c\235o\007\317\014k\361;\306\024=>x]"
 495      2D1E639D 
 495      6F07CF0C 
 495      6BF13BC6 
 495      143D3E78 
 496 097b CA6E5A09 		.ascii	"\312nZ\011\177s\354\350\210\036\2335\264sg\346\275\335"
 496      7F73ECE8 
 496      881E9B35 
 496      B47367E6 
 496      BDDD
 497 098d 76389531 		.ascii	"v8\2251c\355\311\325z|\2041\2255=\315\3668\2131IU\005"
 497      63EDC9D5 
 497      7A7C8431 
 497      95353DCD 
 497      F6388B31 
 498 09a4 D5D28B69 		.ascii	"\325\322\213i\015\341c\236\2367c\234\317:\255\236s\226"
 498      0DE1639E 
 498      9E37639C 
 498      CF3AAD9E 
 498      7396
 499 09b6 3C37D278 		.ascii	"<7\322x3\321\001\027\263\316\372\204}\007\005|\2031"
 499      33D10117 
 499      B3CEFA84 
 499      7D07057C 
 499      8331
 500 09c8 334786D3 		.ascii	"3G\206\323\365\3706cJO\355\314\261\307\315\214))*\255"
 500      F5F83663 
 500      4A4FEDCC 
 500      B1C7CD8C 
 500      29292AAD 
 501 09dc 963ECEAC 		.ascii	"\226>\316\254$\367@Cr\207\036\267\263\276sO\315\345"
 501      24F74043 
 501      72871EB7 
 501      B3BE734F 
 501      CDE5
 502 09ee 76B8471A 		.ascii	"v\270G\032U\377&\317\011?\227\230\366\002\003\036g\365"
 502      55FF26CF 
 502      093F9798 
 502      F602031E 
 502      67F5
 503 0a00 134F8B21 		.ascii	"\023O\213!\203}\317\230\307\235\375\211N\330\254\245"
 503      837DCF98 
 503      C79DFD89 
 503      4ED8ACA5 
 504 0a10 CCAEEB07 		.ascii	"\314\256\353\007\313\034p*c*-\360\016\366\015\253?O"
 504      CB1C702A 
 504      632A2DF0 
 504      0EF60DAB 
ARM GAS  /tmp/cc20KoBh.s 			page 41


 504      3F4F
 505 0a22 2C7F28E0 		.ascii	",\177(\340S\214\311)N~\254\301y\214\351)\212\233P\343"
 505      538CC929 
 505      4E7EACC1 
 505      798CE929 
 505      8A9B50E3 
 506 0a36 F38CC99D 		.ascii	"\363\214\311\235\316ht\300\005\214i\274j\351u\302e\214"
 506      CE6874C0 
 506      058C69BC 
 506      6AE975C2 
 506      658C
 507 0a48 C9CBEEEC 		.ascii	"\311\313\356\354\263\223\366\014\371\246\224y\3052\215"
 507      B393F60C 
 507      F9A69479 
 507      C5328D
 508 0a57 7039ED5C 		.ascii	"p9\355\\\236\235]\376\302\011\271r\217\213\364n\314"
 508      9E9D5DFE 
 508      C209B972 
 508      8F8BF46E 
 508      CC
 509 0a68 3F2C2275 		.ascii	"?,\"u=\304\273\0132o\307\210\231\313hP\272\012\247n"
 509      3DC4BB0B 
 509      326FC788 
 509      99CB6850 
 509      BA0AA76E 
 510 0a7c 883F5DC5 		.ascii	"\210?]\305\202\"\206U\034\303r\210\274\253\2047\010"
 510      82228655 
 510      1CC37288 
 510      BCAB8437 
 510      08
 511 0a8d CA605D9B 		.ascii	"\312`]\233\301\341\037(\361\357\347\005\367\321t\016"
 511      C1E11F28 
 511      F1EFE705 
 511      F7D1740E 
 512 0a9d DFA6C4CF 		.ascii	"\337\246\304\317\013\251S\274:UJx\345<u\006\2629|\267"
 512      0BA953BC 
 512      3A554A78 
 512      E53C7506 
 512      B2397CB7 
 513 0ab1 6D6BF937 		.ascii	"mk\3717\327\266l\314^]\341\364\2402\011o=S\250D\351"
 513      D7B66CCC 
 513      5E5DE1F4 
 513      A032096F 
 513      3D53A844 
 514 0ac6 9D265EFB 		.ascii	"\235&^\373GJ\361\363.\276Z\036\336\245\204\317K\031"
 514      474AF1F3 
 514      2EBE5A1E 
 514      DEA584CF 
 514      4B19
 515 0ad8 9A7863EB 		.ascii	"\232xc\353\224\360\226y\322y[o(\341\367\224\360n^\372"
 515      94F09679 
 515      D2795B6F 
 515      28E1F794 
 515      F06E5EFA 
 516 0aec 6D25FC96 		.ascii	"m%\374\226l*\177\317<\006W\260\367\375!\351\222\031"
 516      6C2A7FCF 
 516      3C0657B0 
ARM GAS  /tmp/cc20KoBh.s 			page 42


 516      F7FD21E9 
 516      9219
 517 0afe 87783C03 		.ascii	"\207x<\003\027\310s\240\001\240W@\223@\357\200\372\200"
 517      17C873A0 
 517      01A05740 
 517      9340EF80 
 517      FA80
 518 0b10 44EC8A76 		.ascii	"D\354\212v\000\365B}\004\350-\3200\320\033\240\011\240"
 518      00F5427D 
 518      04E82DD0 
 518      30D01BA0 
 518      09A0
 519 0b22 31A02740 		.ascii	"1\240'@S@/\200^\003\015\002\275\007\232\006\352\007"
 519      53402F80 
 519      5E030D02 
 519      BD079A06 
 519      EA07
 520 0b34 8A81F12F 		.ascii	"\212\201\361/\241\034\005z\006\324\003\364tN\002\322"
 520      A11C057A 
 520      06D403F4 
 520      744E02D2 
 521 0b44 CD6FBB7B 		.ascii	"\315o\273{Jc\232\347\255sS\006\267\316-\312u\236\227"
 521      4A639AE7 
 521      AD735306 
 521      B7CE2DCA 
 521      759E97
 522 0b57 8E35F1AE 		.ascii	"\2165\361\256-\267\355\3329\311\036\257N\243\355S\303"
 522      2DB7EDDA 
 522      39C91EAF 
 522      4EA3ED53 
 522      C3
 523 0b68 896FE3F7 		.ascii	"\211o\343\367E\247\355m\304'\012\023G\001\017oNC\202"
 523      45A7ED6D 
 523      C4270A13 
 523      47010F6F 
 523      4E4382
 524 0b7b F28B09C9 		.ascii	"\362\213\011\311\3033p\316EQL\320\322\373\340;\245\264"
 524      C33370CE 
 524      45514CD0 
 524      D2FBE03B 
 524      A5B4
 525 0b8d D6F9F915 		.ascii	"\326\371\371\025\277\021jmo3\036\337\315k\333\241\304"
 525      BF116A6D 
 525      6F331EDF 
 525      CD6BDBA1 
 525      C4
 526 0b9e CF4BC806 		.ascii	"\317K\310\006x_4\331V\207\373\324T{\214[\231z\345\312"
 526      785F34D9 
 526      5687FBD4 
 526      547B8C5B 
 526      997AE5CA 
 527 0bb2 DC99E73A 		.ascii	"\334\231\347:^\372}\333\013\317g\312\274\255\325\266"
 527      5EFA7DDB 
 527      0BCF67CA 
 527      BCADD5B6 
 528 0bc2 E307AF3B 		.ascii	"\343\007\257;oj\273mS\371\257\307\003V\361\304\3655"
 528      6F6ABB6D 
ARM GAS  /tmp/cc20KoBh.s 			page 43


 528      53F9AFC7 
 528      0356F1C4 
 528      F535
 529 0bd4 B6CF14EF 		.ascii	"\266\317\024\357\312\012^\276\305f@\340\277\341\247"
 529      CA0A5EBE 
 529      C56640E0 
 529      BFE1A7
 530 0be3 73D21FDA 		.ascii	"s\322\037\332\216\225s>\303\361\301\354\246\322\225"
 530      8E95733E 
 530      C3F1C1EC 
 530      A6D295
 531 0bf2 15F3423D 		.ascii	"\025\363B=\357\312V\333\241\333\372\0067\236\227\327"
 531      EFCA56DB 
 531      A1DBFA06 
 531      379E97D7 
 532 0c02 B908A7DB 		.ascii	"\271\010\247\333\321\254\356rjI\252#rs\221\336T\263"
 532      D1ACEE72 
 532      6A49AA23 
 532      727391DE 
 532      54B3
 533 0c14 31CDEA76 		.ascii	"1\315\352vb\027\024\213gs\247!\232<\332\212%(\016\273"
 533      6217148B 
 533      6773A721 
 533      9A3CDA8A 
 533      25280EBB 
 534 0c28 FDD38413 		.ascii	"\375\323\204\023\362\251\243\256\375\025\342\263[b\211"
 534      F2A9A3AE 
 534      FD15E2B3 
 534      5B6289
 535 0c37 9C85EDC2 		.ascii	"\234\205\355\302\364[\033)\311?q\314\315\375\216s\276"
 535      F45B1B29 
 535      C93F71CC 
 535      CDFD8E73 
 535      BE
 536 0c48 F5D9FAAE 		.ascii	"\365\331\372\256\257\372\213\037\365A\324\213\351\273"
 536      AFFA8B1F 
 536      F541D48B 
 536      E9BB
 537 0c56 B7EDF879 		.ascii	"\267\355\370y\315s\346\215\227\346\215\247\363^l\310"
 537      CD73E68D 
 537      97E68DA7 
 537      F35E6CC8 
 538 0c66 3EE86073 		.ascii	">\350`s^\325\367\237\024%`\027\220\365t\244/m\221N\372"
 538      5ED5F79F 
 538      14256017 
 538      90F574A4 
 538      2F6D914E 
 539 0c7b BC15FF17 		.ascii	"\274\025\377\027?6\241D\254#\271\352\256\241\007\030"
 539      3F36A144 
 539      AC23B9EA 
 539      AEA10718 
 540 0c8b E7D02D80 		.ascii	"\347\320-\200\216\355\023/hi\022\016\352I_\331\246\332"
 540      8EED132F 
 540      6869120E 
 540      EA495FD9 
 540      A6DA
 541 0c9d BEBEA7A1 		.ascii	"\276\276\247\241m$_\337\215icRs^\216\343\202\211\371"
ARM GAS  /tmp/cc20KoBh.s 			page 44


 541      6D245FDF 
 541      8D696352 
 541      735E8EE3 
 541      8289F9
 542 0cb0 1E4C12F3 		.ascii	"\036L\022\363d,%\346\371\007j\273\021$\346\34541_\375"
 542      642C25E6 
 542      F9076ABB 
 542      1124E6E5 
 542      34315FFD 
 543 0cc4 E0144DCC 		.ascii	"\340\024M\314\217\177J\201(I\336\\P\235\233\230\357"
 543      8F7F4A81 
 543      2849DE5C 
 543      509D9B98 
 543      EF
 544 0cd5 C52B548E 		.ascii	"\305+T\216\001\221\201\241\001\241\241A\001!\341!&\373"
 544      019181A1 
 544      01A1A141 
 544      0121E121 
 544      26FB
 545 0ce7 F59FFF71 		.ascii	"\365\237\377q\271\247\273\273J\353\347\343\025h\012"
 545      B9A7BBBB 
 545      4AEBE7E3 
 545      15680A
 546 0cf6 54076E8E 		.ascii	"T\007n\216\012\325\005\004l\013\0117\255\362\0100\255"
 546      0AD50504 
 546      6C0B0937 
 546      ADF20830 
 546      AD
 547 0d07 366C8B8E 		.ascii	"6l\213\2162\004F\205}\034\036\021\036\374qp\340W!\206"
 547      32044685 
 547      7D1C1E11 
 547      1EFC7170 
 547      E0572186 
 548 0d1b 90F04DA1 		.ascii	"\220\360M\241\333\202\202\015a\201\233\266\206\204\007"
 548      DB82820D 
 548      61819BB6 
 548      868407
 549 0d2a 1B028282 		.ascii	"\033\002\202\2027\007n\0135\005\230\376\034\031\034"
 549      37076E0B 
 549      350598FE 
 549      1C191C
 550 0d39 FDC95695 		.ascii	"\375\311V\225\275u\364\217\377\237\321\321\177\2166"
 550      BD75F48F 
 550      FF9FD1D1 
 550      7F8E36
 551 0d48 04449B82 		.ascii	"\004D\233\202\000\012CpDP\224&r[dP\224]DtdppP\2246\202"
 551      000A4370 
 551      44509426 
 551      725B6450 
 551      945D4474 
 552 0d63 888BD284 		.ascii	"\210\213\322\204E\004\005G\021\265\266~n\330\032\021"
 552      45040547 
 552      11B5B67E 
 552      6ED81A11 
 553 0d73 166C08F2 		.ascii	"\026l\010\362p\017Z\365'CdT\304\226\250\300\260\260"
 553      700F5AF5 
 553      27436454 
ARM GAS  /tmp/cc20KoBh.s 			page 45


 553      C496A8C0 
 553      B0B0
 554 0d85 90F02D06 		.ascii	"\220\360-\006\317\255!_\205l\3647\030\"\242\015[\003"
 554      CFAD215F 
 554      856CF437 
 554      1822A20D 
 554      5B03
 555 0d97 430D9111 		.ascii	"C\015\221\021Q\246h\203\377\027\237\255\3620\370\372"
 555      51A66883 
 555      FF179FAD 
 555      F230F8FA 
 556 0da7 7A19D6FB 		.ascii	"z\031\326\373m\330\370?\036\244\313j<L\351\034m\012"
 556      6DD8F83F 
 556      1EA4CB6A 
 556      3C4CE91C 
 556      6D0A
 557 0db9 0325B744 		.ascii	"\003%\267D\206D\004D\007\233\266E\006\230\264~\353\211"
 557      86440444 
 557      079BB645 
 557      0698B47E 
 557      EB89
 558 0dcb 13B47EEB 		.ascii	"\023\264~\353X\341\315\012/Vx\262b-+\326\260b\003)\034"
 558      58E1CD0A 
 558      2F5678B2 
 558      622D2BD6 
 558      B0620329 
 559 0de0 FCD6F87A 		.ascii	"\374\326\370zF\204o\016\331\362\017\325q\223\352_f\027"
 559      46846F0E 
 559      D9F20FD5 
 559      7193EA5F 
 559      6617
 560 0df2 0B34DC12 		.ascii	"\0134\334\022\025\261-\222\270\303>$\202\024\001&}H"
 560      15B12D92 
 560      B8C33E24 
 560      82140126 
 560      7D48
 561 0e04 04111316 		.ascii	"\004\021\023\026\030\375\337\001&\365\232uF\037\362"
 561      18FDDF01 
 561      26F59A75 
 561      461FF2
 562 0e13 E3ABF6F5 		.ascii	"\343\253\366\365\374\275Q\275\326\337hD\377\201|4\233"
 562      FCBD51BD 
 562      D6DF6844 
 562      FF817C34 
 562      9B
 563 0e24 428303A3 		.ascii	"B\203\003\243\2445u\377E\200\311\336Z\301 \024o\364"
 563      A43575FF 
 563      4580C9DE 
 563      5AC12014 
 563      6FF4
 564 0e36 32E20D5E 		.ascii	"2\342\015^F\215\337\037\375\274\214v\033\375\375\274"
 564      468DDF1F 
 564      FDBC8C76 
 564      1BFDFDBC 
 565 0e46 BDBD8CDA 		.ascii	"\275\275\214\332\215_\374\247\237\267Q\363\331F/o#^"
 565      8D5FFCA7 
 565      9FB751F3 
ARM GAS  /tmp/cc20KoBh.s 			page 46


 565      D9462F6F 
 565      235E
 566 0e58 6B34EA39 		.ascii	"k4\3529g\231tl\332\220\240\000\223\306\337\337s\275"
 566      6799746C 
 566      DA90A000 
 566      93C6DFDF 
 566      73BD
 567 0e6a D1C1E8ED 		.ascii	"\321\301\350\355\357m\374\322\333\353\027\330\323\037"
 567      EF6DFCD2 
 567      DBEB17D8 
 567      D31F
 568 0e78 66F6F294 		.ascii	"f\366\362\224\233~\356\260\306o\255\207\257\237\367"
 568      9B7EEEB0 
 568      C66FAD87 
 568      AF9FF7
 569 0e87 E7465273 		.ascii	"\347FRsg5k\357j\2075>kWI\275>\2638\037%n\225\035\221"
 569      67356BEF 
 569      6A87353E 
 569      6B5749BD 
 569      3EB3381F 
 570 0ea0 022DA474 		.ascii	"\002-\244t\347{<\354\210\004\332\343#!|\346\"\334\355"
 570      E77B3CEC 
 570      8804DAE3 
 570      23217CE6 
 570      22DCED
 571 0eb3 C958A3FF 		.ascii	"\311X\243\377\027FRq'\225\331\276\225\366d4\353\363"
 571      17465271 
 571      2795D9BE 
 571      95F66434 
 571      EBF3
 572 0ec5 B1827C18 		.ascii	"\261\202|\030\010{n0\252=\327\2557\332\371\371\372\222"
 572      087B6E30 
 572      AA3DD7AD 
 572      37DAF9F9 
 572      FA92
 573 0ed7 52F034EA 		.ascii	"R\3604\352\240\272\301\303\237p\177\370^K\275)\",,\""
 573      A0BAC1C3 
 573      9F707FF8 
 573      5E4BBD29 
 573      222C2C22 
 574 0eeb DC10BCDD 		.ascii	"\334\020\274\335d\360\374\314\177\203?\2548[\364u\253"
 574      64F0FCCC 
 574      7F833FAC 
 574      385BF475 
 574      AB
 575 0efc B76F3750 		.ascii	"\267o7P\257n^\275\362\337\266o\207\035\271\310\350\351"
 575      AF6E5EBD 
 575      F2DFB66F 
 575      871DB9C8 
 575      E8E9
 576 0f0e 19F005EC 		.ascii	"\031\360\005\354z\257\340\315\366\344t\022w\377\037"
 576      7AAFE0CD 
 576      F6E47412 
 576      77FF1F
 577 0f1d 03D492A2 		.ascii	"\003\324\222\242"
 578              		.text
 579              		.section	.gnu.lto_.symtab.1c5d873e5878f510,"",%progbits
ARM GAS  /tmp/cc20KoBh.s 			page 47


 580 0000 5F70616C 		.ascii	"_pal_lld_init\000"
 580      5F6C6C64 
 580      5F696E69 
 580      7400
 581 000e 00       		.ascii	"\000"
 582 000f 00       		.ascii	"\000"
 583 0010 00       		.ascii	"\000"
 584 0011 00000000 		.ascii	"\000\000\000\000\000\000\000\000"
 584      00000000 
 585 0019 F3000000 		.ascii	"\363\000\000\000"
 586 001d 5F70616C 		.ascii	"_pal_lld_setgroupmode\000"
 586      5F6C6C64 
 586      5F736574 
 586      67726F75 
 586      706D6F64 
 587 0033 00       		.ascii	"\000"
 588 0034 00       		.ascii	"\000"
 589 0035 00       		.ascii	"\000"
 590 0036 00000000 		.ascii	"\000\000\000\000\000\000\000\000"
 590      00000000 
 591 003e 38010000 		.ascii	"8\001\000\000"
 592              		.text
 593              		.section	.gnu.lto_.opts,"",%progbits
 594 0000 272D666D 		.ascii	"'-fmath-errno' '-fsigned-zeros' '-ftrapping-math' '"
 594      6174682D 
 594      6572726E 
 594      6F272027 
 594      2D667369 
 595 0033 2D666E6F 		.ascii	"-fno-trapv' '-fno-openmp' '-fno-openacc' '-mcpu=cor"
 595      2D747261 
 595      70762720 
 595      272D666E 
 595      6F2D6F70 
 596 0066 7465782D 		.ascii	"tex-m4' '-mno-thumb-interwork' '-mthumb' '-ggdb' '-"
 596      6D342720 
 596      272D6D6E 
 596      6F2D7468 
 596      756D622D 
 597 0099 4F322720 		.ascii	"O2' '-fomit-frame-pointer' '-falign-functions=16' '"
 597      272D666F 
 597      6D69742D 
 597      6672616D 
 597      652D706F 
 598 00cc 2D666675 		.ascii	"-ffunction-sections' '-fdata-sections' '-fno-common"
 598      6E637469 
 598      6F6E2D73 
 598      65637469 
 598      6F6E7327 
 599 00ff 2720272D 		.ascii	"' '-flto'\000"
 599      666C746F 
 599      2700
 600              		.text
 601              		.comm	__gnu_lto_v1,1,1
 602              		.comm	__gnu_lto_slim,1,1
 603              		.ident	"GCC: (GNU Tools for ARM Embedded Processors 6-2017-q2-update) 6.3.1 20170215 (release) [AR
ARM GAS  /tmp/cc20KoBh.s 			page 48


DEFINED SYMBOLS
                            *ABS*:0000000000000000 hal_pal_lld.c
                            *COM*:0000000000000001 __gnu_lto_v1
                            *COM*:0000000000000001 __gnu_lto_slim

NO UNDEFINED SYMBOLS
