ARM GAS  /tmp/ccN3uCSV.s 			page 1


   1              		.cpu cortex-m4
   2              		.eabi_attribute 20, 1
   3              		.eabi_attribute 21, 1
   4              		.eabi_attribute 23, 3
   5              		.eabi_attribute 24, 1
   6              		.eabi_attribute 25, 1
   7              		.eabi_attribute 26, 1
   8              		.eabi_attribute 30, 2
   9              		.eabi_attribute 34, 1
  10              		.eabi_attribute 18, 4
  11              		.file	"hal_st.c"
  12              		.text
  13              	.Ltext0:
  14              		.section	.gnu.lto_.profile.aca821cd3f46d079,"",%progbits
  15 0000 789C6365 		.ascii	"x\234ce`b`a```d\220\342\001\000\000\300\0003"
  15      60626061 
  15      60606064 
  15      90E20100 
  15      00C00033 
  16              		.text
  17              		.section	.gnu.lto_.icf.aca821cd3f46d079,"",%progbits
  18 0000 789C6365 		.ascii	"x\234ce`bP`@\000V\206\205??\354\345a\274\366\357\375"
  18      60625060 
  18      40005686 
  18      853F3FEC 
  18      E561BCF6 
  19 0016 136EA67D 		.ascii	"\023n\246}\027\036\254ga\276\263\265\373\0203\313\261"
  19      171EAC67 
  19      61BEB3B5 
  19      FB1033CB 
  19      B1
  20 0027 BFE7B7B3 		.ascii	"\277\347\267\2631\000\000\032\271\020\215"
  20      3100001A 
  20      B9108D
  21              		.text
  22              		.section	.gnu.lto_.jmpfuncs.aca821cd3f46d079,"",%progbits
  23 0000 789C6365 		.ascii	"x\234ce`b\020c@\000V\020\301\010\004\365L\014\014\314"
  23      60621063 
  23      40005610 
  23      C10804F5 
  23      4C0C0CCC 
  24 0014 209A0528 		.ascii	" \232\005(\000\000\016\012\0011"
  24      00000E0A 
  24      0131
  25              		.text
  26              		.section	.gnu.lto_.inline.aca821cd3f46d079,"",%progbits
  27 0000 789C6365 		.ascii	"x\234ce`bHe@\000V\006\006\026\036F\240 \003\003\333"
  27      60624865 
  27      40005606 
  27      06161E46 
  27      A0200303 
  28 0015 027910C5 		.ascii	"\002y\020\305\300\310\005\"\030\330X\201\302l\037\364"
  28      C0C80522 
  28      18D85881 
  28      C26C1FF4 
  29 0025 E0E24C0C 		.ascii	"\340\342L\014,\314@!\246\013\374p!fL!\026L!\006\000"
  29      2CCC4021 
ARM GAS  /tmp/ccN3uCSV.s 			page 2


  29      A60BFC70 
  29      21664C21 
  29      164C2106 
  30 003a 9CEB0870 		.ascii	"\234\353\010p"
  31              		.text
  32              		.section	.gnu.lto_.pureconst.aca821cd3f46d079,"",%progbits
  33 0000 789C6365 		.ascii	"x\234ce`b\340f```e\220`\224b\222b\226b\221\002\000\004"
  33      6062E066 
  33      60606065 
  33      90609462 
  33      92629662 
  34 0018 1000A2   		.ascii	"\020\000\242"
  35              		.text
  36              		.section	.gnu.lto_stInit.aca821cd3f46d079,"",%progbits
  37 0000 789C6365 		.ascii	"x\234ce`bX\314\300\300`\001\304\322@\314\310\314\300"
  37      606258CC 
  37      C0C06001 
  37      C4D240CC 
  37      C8CCC0
  38 0013 C834E11C 		.ascii	"\3104\341\034\003C#\007\023##\210\321\300\301\310P\317"
  38      03432307 
  38      13232388 
  38      D1C0C1C8 
  38      50CF
  39 0025 C458CFD8 		.ascii	"\304X\317\330\317<\235\231\361P\373\263\235L\232\313"
  39      CF3C9D99 
  39      F150FBB3 
  39      9D4C9ACB 
  40 0035 1B80E0C0 		.ascii	"\033\200\340\300\364\037\222\015+\0160\316gf`\230\011"
  40      F41F920D 
  40      2B0E30CE 
  40      67666098 
  40      09
  41 0046 C420C0B8 		.ascii	"\304 \300\270\234Q\223\001\250\354\321\306\177Sy\331"
  41      9C519301 
  41      A8ECD1C6 
  41      7F5379D9 
  42 0056 5820E28C 		.ascii	"X \342\214+\030\331\030\201\364\372K\214\007\032\376"
  42      2B18D918 
  42      81F4FA4B 
  42      8C071AFE 
  43 0066 FD6F6F38 		.ascii	"\375oo8pg\021\343\177V\240T\027\020\203\354\350ff\002"
  43      706711E3 
  43      7F56A054 
  43      171083EC 
  43      E8666602 
  44 007a D1CCAF19 		.ascii	"\321\314\257\031\233\027\374\226\006\251\007\031\262"
  44      9B17FC96 
  44      06A90719 
  44      B2
  45 0087 73E79BDB 		.ascii	"s\347\233\333\354\365\177\0338\34633\316d\006\232\300"
  45      ECF57F1B 
  45      38E63333 
  45      CE64069A 
  45      C0
  46 0098 B892B19E 		.ascii	"\270\222\261\236a>P\355[\306\246\005\377\271\301\352"
  46      613E50ED 
ARM GAS  /tmp/ccN3uCSV.s 			page 3


  46      5BC6A605 
  46      FFB9C1EA 
  47 00a8 40A00B28 		.ascii	"@\240\013(\011\324\316\304\300`\246\237\221\237\233"
  47      09D4CEC4 
  47      C060A69F 
  47      919F9B
  48 00b7 AA9F6264 		.ascii	"\252\237bd\230b\\\250_P\224\237^\224\230\233\233\231"
  48      98625CA8 
  48      5F50949F 
  48      5E94989B 
  48      9B99
  49 00c9 97AEEF9C 		.ascii	"\227\256\357\234\221\231\224\351\037\254\257\237_\254"
  49      919994E9 
  49      1FACAF9F 
  49      5FAC
  50 00d7 9F9198A3 		.ascii	"\237\221\230\243_\\\224\014\242\343\213K\364\222\031"
  50      5F5C940C 
  50      A2E38B4B 
  50      F49219
  51 00e6 00715F4A 		.ascii	"\000q_J\214"
  51      8C
  52              		.text
  53              		.section	.gnu.lto_stStartAlarm.aca821cd3f46d079,"",%progbits
  54 0000 789C9D92 		.ascii	"x\234\235\222_H\323Q\024\307\357\367w\347oc\224\275"
  54      5F48D351 
  54      14C7EFF7 
  54      77E76F63 
  54      94BD
  55 0012 45D01E7C 		.ascii	"E\320\036|H\304\036\274L!\350%\210\"\010&=\350\273\314"
  55      48C41EBC 
  55      4C21E825 
  55      88220826 
  55      3DE8BBCC 
  56 0026 4DDC606B 		.ascii	"M\334`k\266\215\036\363\347\330\222\246Y\030i\223\344"
  56      B68D1EF3 
  56      E7D892A6 
  56      59186993 
  56      E4
  57 0037 3758319D 		.ascii	"7X1\235\315mV\346\277h\254\240'\355\337k\302(\024\003"
  57      CD6D56E6 
  57      BF68ACA0 
  57      27EDDF6B 
  57      C2281403 
  58 004b 83A25144 		.ascii	"\203\242QD\240\235\373\333\012{\223.\334\337\275\347"
  58      A09DFBDB 
  58      0A7B932E 
  58      DCDFBDE7 
  59 005b FCCEFD9C 		.ascii	"\374\316\375\234\3579\367\3261\205-)\214\2152\306\216"
  59      EF39F7D6 
  59      31852D29 
  59      8C8D32C6 
  59      8E
  60 006c D2046750 		.ascii	"\322\004gPn\25616`Q\000\271\321,`\375\012\372q\203\217"
  60      6EAE3136 
  60      605100B9 
  60      D12C60FD 
  60      0AFA7183 
ARM GAS  /tmp/ccN3uCSV.s 			page 4


  61 0081 73940637 		.ascii	"s\224\0067\027\225\346\264F\2438\276\240^\325bGt\316"
  61      1795E6B4 
  61      46A338BE 
  61      A05ED562 
  61      4774CE
  62 0094 5882A61C 		.ascii	"X\202\246\034H\243\231\242\336D\363w\371\010\3279`\""
  62      48A399A2 
  62      DE44F377 
  62      F908D739 
  62      6022
  63 00a6 F3EBEAC4 		.ascii	"\363\353\352\304\307zi*h \363W&\377\376\020?\011F\373"
  63      C77A692A 
  63      6820F357 
  63      26FFFE10 
  63      3F0946FB 
  64 00ba AD67E551 		.ascii	"\255g\345Q4\335\327\264\210V\334\276\305\265c:\347\310"
  64      34DDD7B4 
  64      8856DCBE 
  64      C5B5633A 
  64      E7C8
  65 00cc 801310D3 		.ascii	"\200\023\020\323\260a\0126F.\206\0314\311\370\017\205"
  65      B0610A36 
  65      462E8619 
  65      34C9F80F 
  65      85
  66 00dd 9DDB0755 		.ascii	"\235\333\007US\352ON<\200\012ZsoQ\324vv\007\265b\345"
  66      53EA4F4E 
  66      3C800A5A 
  66      736F51D4 
  66      767607B5 
  67 00f3 1EDE9D53 		.ascii	"\036\336\235SI\274<\301\342\024$\253\030\342\212\\\371"
  67      49BC3CC1 
  67      E21424AB 
  67      18E28A5C 
  67      F9
  68 0104 061489B9 		.ascii	"\006\024\211\271V\214\277\260\362\323\206\004=3\277"
  68      568CBFB0 
  68      F2D38604 
  68      3D33BF
  69 0113 8DC69421 		.ascii	"\215\306\224!a3q \241\025\243\015RE\366_\025Fy\263h"
  69      61337120 
  69      A115A30D 
  69      5245F65F 
  69      154679B3 
  70 0128 9C24D227 		.ascii	"\234$\322'\224&~\216<_\217\230\377J\212V[\362Z\3452"
  70      94267E8E 
  70      3C5F8F98 
  70      FF4A8A56 
  70      5BF25AE5 
  71 013d C8D095E0 		.ascii	"\310\320\225\340\330#\231!\007\225\020y\250\344\034"
  71      D8239921 
  71      07951079 
  71      A8E41C
  72 014c 8B955E99 		.ascii	"\213\225^\231eKLF\314Z\366\307\027k\325\224\034\331"
  72      654B4C46 
  72      CC5AF6C7 
  72      176BD594 
ARM GAS  /tmp/ccN3uCSV.s 			page 5


  72      1CD9
  73 015e B4D4ECF7 		.ascii	"\264\324\354\367\227\026\035\223\320y\035\346HDA\212"
  73      97161D93 
  73      D0791DE6 
  73      4844418A 
  74 016e A01F99D5 		.ascii	"\240\037\231\325\3127\263\310j\321\001\255\274<|x\346"
  74      CA37B3C8 
  74      6AD101AD 
  74      BC3C7C78 
  74      E6
  75 017f 94CE553C 		.ascii	"\224\316U<\204\216;T\253\221\204\202v\307\012\353\252"
  75      848E3B54 
  75      AB918482 
  75      76C70AEB 
  75      AA
  76 0190 3D278392 		.ascii	"='\203\222s\2040\343\021\004\216\333j\021x\014{\255"
  76      738430E3 
  76      11048EDB 
  76      6A11780C 
  76      7BAD
  77 01a2 90CAD64A 		.ascii	"\220\312\326J\254\276\246j?9\223W$m\336\310\207\032"
  77      ACBEA66A 
  77      3F399357 
  77      246DDEC8 
  77      871A
  78 01b4 ED09C4DE 		.ascii	"\355\011\304\336\232\314\344_\240\223\006\375\351\177"
  78      9ACCE45F 
  78      A09306FD 
  78      E97F
  79 01c2 D0170DBA 		.ascii	"\320\027\015\272R\243/\031\364\025}x\332Z\245+X\246"
  79      52A32F19 
  79      F4157D78 
  79      DA5AA52B 
  79      58A6
  80 01d4 931B8894 		.ascii	"\223\033\210\224\207\246\\\306\013\220-g\237\021I\246"
  80      87A65CC6 
  80      0B902D67 
  80      9F1149A6 
  81 01e4 AF433A8C 		.ascii	"\257C:\214\333\212\223>\272sz\335'\204'\340\357\021"
  81      DB8A933E 
  81      BA737ADD 
  81      278427E0 
  81      EF11
  82 01f6 EE56BBBB 		.ascii	"\356V\273\273\355\222\350\013\006z\203N\277\337{\261"
  82      ED92E80B 
  82      067A834E 
  82      BFDF7BB1 
  83 0206 579CF178 		.ascii	"W\234\361x\273\275\027:\204\010\204\204\307\351\023"
  83      BBBD173A 
  83      84088484 
  83      C7E913
  84 0215 A1A04BAE 		.ascii	"\241\240K\256]\241p\213\213\231\235\335\241\260\327"
  84      5DA1708B 
  84      8B999DDD 
  84      A1B0D7
  85 0224 DF63921F 		.ascii	"\337c\222\037\307\276\031}\201`8$::\333\333Z\205\303"
  85      C7BE197D 
ARM GAS  /tmp/ccN3uCSV.s 			page 6


  85      81603824 
  85      3A3ADBDB 
  85      5A85C3
  86 0237 7156749E 		.ascii	"qVt\236o\277l\257Q\273|>w\213\207\375\006a\230\023\033"
  86      6FBF6CAF 
  86      51BB7C3E 
  86      778B87FD 
  86      06619813 
  87              		.text
  88              		.section	.gnu.lto_stStopAlarm.aca821cd3f46d079,"",%progbits
  89 0000 789C8D50 		.ascii	"x\234\215P1KBQ\024>\337\273\366\224\240\275\310\255"
  89      314B4251 
  89      143EDFBB 
  89      F694A0BD 
  89      C8AD
  90 0012 C9C58B0A 		.ascii	"\311\305\213\012\375\201\"\010\224\206\334\3054T\320"
  90      FD812208 
  90      9486DCC5 
  90      3454D0
  91 0021 3495569F 		.ascii	"4\225V\237\241\011\012\325\222\346\020op\260,\225\306"
  91      A1090AD5 
  91      92E6106F 
  91      70B02C95 
  91      C6
  92 0032 A0402468 		.ascii	"\240@$h\312\240_ \015EC\020)e\004\326}\317\010\307\016"
  92      CAA05F20 
  92      0D454310 
  92      296504D6 
  92      7DCF08C7 
  93 0047 7C9C7BBF 		.ascii	"|\234{\277s\316\367\235{'H\"+\210\262D4+\000F\220\366"
  93      73CEF79D 
  93      7B274822 
  93      2B88B244 
  93      342B0046 
  94 005d 3B446993 		.ascii	";Di\223\004h\007\305\004JIHa\217\225\030\332\271\307"
  94      046807C5 
  94      044A4948 
  94      618F9518 
  94      DAB9C7
  95 0070 0BC95255 		.ascii	"\013\311RUD\264J}yG\311N\253\214\250,\240\005\252\260"
  95      44B44A7D 
  95      7947C94E 
  95      AB8CA82C 
  95      A005AAB0 
  96 0084 90687B38 		.ascii	"\220h{8\037\036L\311\206\021\217c\310\302\202\232\367"
  96      1F1E4CC9 
  96      86118F63 
  96      C8C2829A 
  96      F7
  97 0095 6829C3EF 		.ascii	"h)\303\357\234\322\272\256\340kI\224\362\002\232G\201"
  97      9CD2BAAE 
  97      E06B4994 
  97      F2029A47 
  97      81
  98 00a6 495A66CF 		.ascii	"IZf\317h\367\007\237\227E\353\237Df\3444\220\231.Sf"
  98      68F7079F 
  98      9745EB9F 
ARM GAS  /tmp/ccN3uCSV.s 			page 7


  98      4466E434 
  98      90992E53 
  99 00bb 1897C709 		.ascii	"\030\227\307\011d\241_\203,\310b\266}g\334e*\203\336"
  99      64A15F83 
  99      2CC862B6 
  99      7D67DC65 
  99      2A83DE
 100 00ce D3A97FBC 		.ascii	"\323\251\177\274N\216\256\232\206AP\225\306\373\215"
 100      4E8EAE9A 
 100      86415095 
 100      C6FB8D
 101 00dd 49C51154 		.ascii	"I\305\021T&\341\014f\234\302LZo\355\266\3373\362\272"
 101      26E10C66 
 101      9CC24C5A 
 101      6FEDB6DF 
 101      33F2BA
 102 00f0 92492BDD 		.ascii	"\222I+\335\247\336\314\233\230b\250C\305\241XP7A\003"
 102      A7DECC9B 
 102      9862A843 
 102      C5A15850 
 102      374103
 103 0103 7CDC43EC 		.ascii	"|\334C\354\201\246\230~\301v\267p5\247\355\246\177@"
 103      81A6987E 
 103      C176B770 
 103      35A7EDA6 
 103      7F40
 104 0115 5E14C44B 		.ascii	"^\024\304K$\242y\036\214F\326\271\337n\363;6y,\036\015"
 104      24A2791E 
 104      8C46D6B9 
 104      DF6EF33B 
 104      36792C1E 
 105 012a C4BD9148 		.ascii	"\304\275\221Hh#\300\027\202\241\265\320\312*\347\321"
 105      6823C017 
 105      82A1B5D0 
 105      CA2AE7D1 
 106 013a 040F7AC3 		.ascii	"\004\017z\303<\021\367i\331\223HZ}\344\374\367X,\032"
 106      3C11F769 
 106      D993485A 
 106      7DE4FCF7 
 106      582C1A
 107 014d 4F26F8AA 		.ascii	"O&\370\252\333\345\260s\247s\221\273\227][\266_!O8\354"
 107      DBE5B073 
 107      A77391BB 
 107      975D5BB6 
 107      5F214F38 
 108 0162 B706E907 		.ascii	"\267\006\351\007\336\254\2246"
 108      DEAC9436 
 109              		.text
 110              		.section	.gnu.lto_stSetAlarm.aca821cd3f46d079,"",%progbits
 111 0000 789C8D90 		.ascii	"x\234\215\220Mh\023A\030\206\277wg\273\033\212?7\021"
 111      4D681341 
 111      1886BF77 
 111      67BB1B8A 
 111      3F3711
 112 0013 CCA1074B 		.ascii	"\314\241\007K\251\207\016iA\360\"\210\202\010)\036\332"
 112      A9870E69 
 112      41F02288 
ARM GAS  /tmp/ccN3uCSV.s 			page 8


 112      8208291E 
 112      DA
 113 0024 7B4993D2 		.ascii	"{I\223\322\004\022S\263\301k\247!\265\230J\224\212\255"
 113      041253B3 
 113      C16BA721 
 113      B5984A94 
 113      8AAD
 114 0036 29862D44 		.ascii	")\206-D\251F\363W\177Pzp\211\242\247V\364\034!h+\012"
 114      A946F357 
 114      7F507A70 
 114      89A2A756 
 114      F41C2168 
 115 004c 0A8A3F45 		.ascii	"\012\212?E\204\324\231m\025\27590;\363\315\274\373\316"
 115      84D4996D 
 115      15BD3930 
 115      3BF3CDBC 
 115      FBCE
 116 005e F37E6DA4 		.ascii	"\363~m\244Q\013D3D\264ON0\202vq\225h\302\243\001j#<"
 116      510B4433 
 116      44B44F4E 
 116      30827671 
 116      9568C2A3 
 117 0076 A0710DE3 		.ascii	"\240q\015\343\270\300\346\030\352So\037j\335\213B\016"
 117      B8C0E618 
 117      EA536F1F 
 117      6ADD8B42 
 117      0E
 118 0087 67AE6A9E 		.ascii	"g\256j\236\025\223{mF\224\223S\015,\242[\252^\244\253"
 118      15937B6D 
 118      46949353 
 118      0D2CA25B 
 118      AA5EA4AB 
 119 009b 575996D9 		.ascii	"WY\226\331\014\320e\371ye\376\315.Uj\350\220\345\317"
 119      0CD065F9 
 119      7965FECD 
 119      2E556AE8 
 119      90E5CF
 120 00ae 62B5B19B 		.ascii	"b\265\261\233\035\002\311\375\273G\315\031t]\027\"%"
 120      1D02C9FD 
 120      BB47CD19 
 120      745D1722 
 120      25
 121 00bf 9CC62526 		.ascii	"\234\306%&\366\333\214\241\010&\015q\023^\334\200\227"
 121      F6DB8CA1 
 121      08260D71 
 121      135EDC80 
 121      97
 122 00d0 E411E116 		.ascii	"\344\021\341\026\272\224\376u\255uy\247\241\027~\277"
 122      BA94FE75 
 122      AD7579A7 
 122      A1177EBF 
 123 00e0 89DB3024 		.ascii	"\211\3330$>U^\302\021\255\315)\341\254]\303\362q]\302"
 123      3E555EC2 
 123      11ADCD29 
 123      E1AC5DC3 
 123      F2715DC2 
 124 00f4 AB3F2823 		.ascii	"\253?(#E*\3054\323\324\312\326\241)\233sN\346I;;\342"
ARM GAS  /tmp/ccN3uCSV.s 			page 9


 124      452AC534 
 124      D3D4CAD6 
 124      A1299B73 
 124      4EE6493B 
 125 010a 22D8C5FB 		.ascii	"\"\330\305\373\037\320Yp\021\236\346w\344\204\223\356"
 125      1FD05970 
 125      119EE677 
 125      E48493EE 
 126 011a 5014A57F 		.ascii	"P\024\245\177)\334xet\346\245\323{\324\347\177d\037"
 126      29DC7865 
 126      74E6A5D3 
 126      7BD4E77F 
 126      641F
 127 012c 7F4B997F 		.ascii	"\177K\231\177\220\322[-y`2%r\271r\014\177!\023*0\244"
 127      90D25B2D 
 127      79603225 
 127      72B9720C 
 127      7F21132A 
 128 0142 4515863C 		.ascii	"E\025\206<\234\235\254?7UKtW\263Z\332\370\324\276U*"
 128      9C9DAC3F 
 128      37554B74 
 128      57B35ADA 
 128      F8D4BE55 
 129 0157 1FD5B442 		.ascii	"\037\325\264B\371\3733\217\215<l\326\206%\011QS\020"
 129      F9FB338F 
 129      8D3C6CD6 
 129      86250951 
 129      5310
 130 0169 F2A2B8F2 		.ascii	"\362\242\270\362\365\213\311K\"=!\232\313\347\367\224"
 130      F58BC94B 
 130      223D219A 
 130      CBE7F794 
 131 0179 0FDBCCC0 		.ascii	"\017\333\314\300\035\330\270\"\263\272\217H\321\346"
 131      1DD8B822 
 131      B3BA8F48 
 131      D1E6
 132 0187 6CED95E1 		.ascii	"l\355\225\341\253(\321\302\222\2640q\027\034\007\274"
 132      AB28D1C2 
 132      92B43071 
 132      171C07BC 
 133 0197 DB0ADC83 		.ascii	"\333\012\334\203O\005YG\2529\335\010\272]T\330\364\021"
 133      4F055947 
 133      AA39DD08 
 133      BA5D54D8 
 133      F411
 134 01a9 A9858D2C 		.ascii	"\251\205\215,\324\201\2338#3\310\276iD\007y8\036\033"
 134      D4819B38 
 134      2333C8BE 
 134      69440779 
 134      381E1B
 135 01bc E1A15E5F 		.ascii	"\341\241^_\250\3574\037K\304G\023\201X,rj\224\037\015"
 135      A8EF341F 
 135      4BC44713 
 135      81582C72 
 135      6A941F0D 
 136 01d0 47862327 		.ascii	"G\206#'\0078\217[<\034\210r+\021T\353\220\225\354\011"
 136      07388F5B 
ARM GAS  /tmp/ccN3uCSV.s 			page 10


 136      3C1C8872 
 136      2B1154EB 
 136      9095EC09 
 137 01e4 921918B6 		.ascii	"\222\031\030\266\222\221\330\210\256>\376\377\366\030"
 137      9291D888 
 137      AE3EFEFF 
 137      F618
 138 01f2 8B279216 		.ascii	"\213'\222\026\037\030\354\357\353\345~\3771>x\242\377"
 138      1F18ECEF 
 138      EBE57EFF 
 138      313E78A2 
 138      FF
 139 0203 8C6FDB75 		.ascii	"\214o\333u(\032\015\365\204\351\027p\217\326\314"
 139      281A0DF5 
 139      84E91770 
 139      8FD6CC
 140              		.text
 141              		.section	.gnu.lto_stGetAlarm.aca821cd3f46d079,"",%progbits
 142 0000 789C8D4F 		.ascii	"x\234\215OMK[Q\020\235\363n|/\025\354\017\260\001\335"
 142      4D4B5B51 
 142      109DF36E 
 142      7C2F15EC 
 142      0FB001DD 
 143 0014 DA859728 		.ascii	"\332\205\227(\370\007,\210\020q\241\373\220&\305\004"
 143      F8072C88 
 143      1071A1FB 
 143      9026C504 
 144 0024 923E4DA4 		.ascii	"\222>M\244[\257\222 VhE\321\030SyB\026\361\2431I\227"
 144      5BAF9220 
 144      566845D1 
 144      18537942 
 144      16F1A331 
 145 003a 5D941017 		.ascii	"]\224\020\027\256\2645{A\264 ]\024,\026?P\324\271Q\304"
 145      AEB4357B 
 145      41B4205D 
 145      142C163F 
 145      50D4B951 
 146 004f A517863B 		.ascii	"\245\027\206;g\346\314\3149\015d\220\015\242\024\021"
 146      67E6CCCC 
 146      390D6490 
 146      0DA21411 
 147 005f BDE28020 		.ascii	"\275\342\200 \0303\273D\343n\003\320\211r\203\306\014"
 147      1833BB44 
 147      E36E03D0 
 147      897283C6 
 147      0C
 148 0070 8CE1B348 		.ascii	"\214\341\263H\013\354%K_\304'\3410\315\305\360\337\316"
 148      0BEC254B 
 148      5FC427E1 
 148      30CDC5F0 
 148      DFCE
 149 0082 D2D14B0D 		.ascii	"\322\321K\015\201V\206YU\233\262\332\362JM\250J\372"
 149      81568659 
 149      559BB2DA 
 149      F24A4DA8 
 149      4AFA
 150 0094 C4CA7EFB 		.ascii	"\304\312~\373\245^8\302\240\014\323W\341A\036\036}c"
ARM GAS  /tmp/ccN3uCSV.s 			page 11


 150      A55E38C2 
 150      A00CD357 
 150      E1411E1E 
 150      7D63
 151 00a6 0D6DC4EC 		.ascii	"\015m\304\354\303\362\315|\223\351\312\011\322\004\256"
 151      C3F2CD7C 
 151      93E9CA09 
 151      D204AE
 152 00b5 AFC36429 		.ascii	"\257\303d)T\254\241\242nn'U\345w\016W=<\357\010\356"
 152      54ACA1A2 
 152      6E6E2755 
 152      E5770E57 
 152      3D3CEF08 
 153 00ca 7FE4D082 		.ascii	"\177\344\320\202\246\271\300\277\370\203\352\217\313"
 153      A6B9C0BF 
 153      F883EA8F 
 153      CB
 154 00d7 CBEB74F3 		.ascii	"\313\353t\363\343\252\244\342W\231\273\260\352\2532"
 154      E3AAA4E2 
 154      5799BBB0 
 154      EAAB32
 155 00e6 024FAE10 		.ascii	"\002O\256\0206`\362\215\2570\227\205\301\365\205T\365"
 155      3660F28D 
 155      AF309785 
 155      C1F58554 
 155      F5
 156 00f7 A7A5A5BB 		.ascii	"\247\245\245\273\352\264\335\302\371I\343=\324[\264"
 156      EAB4DDC2 
 156      F949E33D 
 156      D45BB4
 157 0106 B9DCE6D9 		.ascii	"\271\334\346\331\266\333\3012\034\321\200M\226_\320"
 157      B6DBC132 
 157      1CD1804D 
 157      965FD0
 158 0115 F2B9B1BE 		.ascii	"\362\271\261\276\363\377\324\222\005\225\034W\007\307"
 158      F3FFD492 
 158      05951C57 
 158      07C7
 159 0123 A72DB3EC 		.ascii	"\247-\263\354\321D\021\016\026Yb\375\016\223n\027\312"
 159      D144110E 
 159      165962FD 
 159      0E936E17 
 159      CA
 160 0134 FBA6B7A8 		.ascii	"\373\246\267\250I+\337\015GX(A\342\265\347\201\2012"
 160      492BDF0D 
 160      47582841 
 160      E2B5E781 
 160      8132
 161 0146 BCF41713 		.ascii	"\274\364\027\023\007\323\327[\246\226\313\252\330;\273"
 161      07D3D75B 
 161      A696CBAA 
 161      D83BBB
 162 0155 8476C779 		.ascii	"\204v\307y\227\014\333\261w2\324\341\015u\216\310\341"
 162      970CDBB1 
 162      7732D4E1 
 162      0D758EC8 
 162      E1
ARM GAS  /tmp/ccN3uCSV.s 			page 12


 163 0166 B83D140F 		.ascii	"\270=\024\017\304b\221\367C\262;\034y\033\351\037\220"
 163      C46291F7 
 163      43B23B1C 
 163      791BE91F 
 163      90
 164 0177 D24EC870 		.ascii	"\322N\310p *\023\361\240\376\375\211\321\366 \371\236"
 164      202A13F1 
 164      A0FEFD89 
 164      D1F620F9 
 164      9E
 165 0188 3D366CC7 		.ascii	"=6l\307G\023r`\260\257\263C\372|o\344`o\337\007\357"
 165      47137260 
 165      B0AFB343 
 165      FA7C6FE4 
 165      606FDF07 
 166 019d C3227F34 		.ascii	"\303\"\1774\032j\017\323\0354\025\250\332"
 166      1A6A0FD3 
 166      1D3415A8 
 166      DA
 167              		.text
 168              		.section	.gnu.lto_.symbol_nodes.aca821cd3f46d079,"",%progbits
 169 0000 789C55C8 		.ascii	"x\234U\310A\015\200@\014\005\321\351_\326\027\210\342"
 169      410D8040 
 169      0C05D1E9 
 169      5FD61788 
 169      E2
 170 0011 DC2A8005 		.ascii	"\334*\200\005,\240\002\021h@\011a\303\255s\231\344U"
 170      2CA00211 
 170      68400961 
 170      C3AD7399 
 170      E455
 171 0023 C44C4F8B 		.ascii	"\304LO\213\034\332\015}WL]V\271eire\331\344%\313.\037"
 171      1CDA0D7D 
 171      574C5D56 
 171      B9656972 
 171      65D9E425 
 172 003a 92D821AF 		.ascii	"\222\330!\257\277@\304\010\205\312\371\274\306\007\276"
 172      BF40C408 
 172      85CAF9BC 
 172      C607BE
 173 0049 4D1CE1   		.ascii	"M\034\341"
 174              		.text
 175              		.section	.gnu.lto_.refs.aca821cd3f46d079,"",%progbits
 176 0000 789C6365 		.ascii	"x\234ce`b`d\000\002\000\000I\000\011"
 176      60626064 
 176      00020000 
 176      490009
 177              		.text
 178              		.section	.gnu.lto_.decls.aca821cd3f46d079,"",%progbits
 179 0000 789CB557 		.ascii	"x\234\265W{L\024I\032\357\352\032\020\206\227;\032\343"
 179      7B4C1449 
 179      1AEFEA1A 
 179      1086973B 
 179      1AE3
 180 0012 E5BC3B63 		.ascii	"\345\274;c0p\027\227\0211\353\376sF\027=\317\334\272"
 180      30701797 
 180      1131EBFE 
ARM GAS  /tmp/ccN3uCSV.s 			page 13


 180      7346173D 
 180      CFDCBA
 181 0025 7B193C73 		.ascii	"{\031<s\377l&\010\254\220\360\360`\274d\377\332\026"
 181      FF6C2608 
 181      AC90F0F0 
 181      60BC64FF 
 181      DA16
 182 0037 50595611 		.ascii	"PYV\021\024PPy\210<\\P^\012\"\210#(\"\202 >\020\004"
 182      14505079 
 182      883C5C50 
 182      5E0A2288 
 182      23282282 
 183 004f 41C5B722 		.ascii	"A\305\267\"\202\012\242.\367\325\243\351\246\035<\223"
 183      820AA22E 
 183      F7D5A3E9 
 183      A61D3C93 
 184 005f CB75A6BA 		.ascii	"\313u\246\272\353\253\372}\277\357U\325]c'\210\302\211"
 184      EBABFA7D 
 184      BFEF55D5 
 184      5D632788 
 184      C289
 185 0071 CF04A146 		.ascii	"\317\004\241F\024\204CH\020\306\341\262\027\004\341"
 185      14844348 
 185      10C6E1B2 
 185      1704E1
 186 0080 88A05C44 		.ascii	"\210\240\\D>\012\3554\2643\320\352\2415@k\024>\274\276"
 186      3E0AED34 
 186      B433D0EA 
 186      A135406B 
 186      143EBCBE 
 187 0094 030E0CCF 		.ascii	"\003\016\014\317u\320.\250xD\316aK\347G\320q\340:\006"
 187      75D02EA8 
 187      7844CE61 
 187      4BE747D0 
 187      71E03A06 
 188 00a8 6833A155 		.ascii	"h3\241UCs\201qgh=\320o\025\030\257#\310c\360|\3179\211"
 188      43738171 
 188      67683DD0 
 188      6F1518AF 
 188      23C863F0 
 189 00c0 4F6E3006 		.ascii	"On0\006?\341\367h2o\014\310:\316+s\021\036\244\322'"
 189      3FE1F768 
 189      326F0CC8 
 189      3ACE2B73 
 189      111EA4D2 
 190 00d5 F1CCD5E8 		.ascii	"\361\314\325\350\221k\333'\372\204\270O\"\317\313<\356"
 190      916BDB27 
 190      FA84B84F 
 190      22CFCB3C 
 190      EE
 191 00e6 CB9F349C 		.ascii	"\313\2374\234;8\237\232\313\343\277\360\221\034/\340"
 191      3B389F9A 
 191      CBE3BFF0 
 191      911C2FE0 
 192 00f6 7C5E1ABE 		.ascii	"|^\032\276=\030U\3548{J\274\205\272\021`\321t:\212\020"
 192      3D1855EC 
 192      387B4ABC 
ARM GAS  /tmp/ccN3uCSV.s 			page 14


 192      85BA1160 
 192      D1743A8A 
 193 010b BB23DAA8 		.ascii	"\273#\332\2508._\010\321q\030\025\005N*\017!Y\203\313"
 193      382E5F08 
 193      D1711815 
 193      054E2A0F 
 193      215983CB 
 194 011f 2217454E 		.ascii	"\"\027ENI\177\\\031\251\030\3314\263$_,\006\326\241"
 194      497F5C19 
 194      A918D934 
 194      B3245F2C 
 194      06D6A1
 195 0132 6AB23612 		.ascii	"j\2626\022\025\003\010\251\025T\204\314m>?\341\237\240"
 195      150308A9 
 195      155484CC 
 195      6D3E3FE1 
 195      9FA0
 196 0144 0487E4E8 		.ascii	"\004\207\344\350_\2445\337\327\367\242\0362\232\265"
 196      5FA435DF 
 196      D7F7A21E 
 196      329AB5
 197 0153 0CD1B16D 		.ascii	"\014\321\261me\003\275vXD\244\337\373\246\340/^E\022"
 197      6503BD76 
 197      5844A4DF 
 197      FBA6E02F 
 197      5E4512
 198 0166 BB1C7EA3 		.ascii	"\273\034~\243\244\355\334\370\210\325-\001#\203\036"
 198      A4EDDCF8 
 198      88D52D01 
 198      23831E
 199 0175 8920B60F 		.ascii	"\211 \266\0176\037p\002q\246\036M\007qt\363\2653\372"
 199      361F7002 
 199      71A61E4D 
 199      077174F3 
 199      B533FA
 200 0188 D9A9542B 		.ascii	"\331\251T+F\232.\242u\263P\021\232\203\012\321\0340"
 200      469A2EA2 
 200      75B35011 
 200      9A830AD1 
 200      1C30
 201 019a 7E04CD86 		.ascii	"~\004\315\206\373z\035c\262F\357>2m^\226\224\325'Y;"
 201      FB7A1D63 
 201      B246EF3E 
 201      326D5E96 
 201      94D52759 
 202 01af A2FF901A 		.ascii	"\242\377\220\032#\025\200\326\\\202B\207\021F\277 /"
 202      231580D6 
 202      5C824287 
 202      1146BF20 
 202      2F
 203 01c0 E23174E1 		.ascii	"\3421t\341^\200z\021\312G\267 \236\243h\036h\307\024"
 203      5E807A11 
 203      CA47B720 
 203      9EA3681E 
 203      68C714
 204 01d3 75C5DBE1 		.ascii	"u\305\333\341\325\324\331\236\306\303\205\030\234\360"
 204      D5D4D99E 
ARM GAS  /tmp/ccN3uCSV.s 			page 15


 204      C6C38518 
 204      9CF0
 205 01e1 D0239207 		.ascii	"\320#\222\0077\030*~Z\365\306\205\015\021D\373\316\241"
 205      37182A7E 
 205      5AF5C685 
 205      0D1144FB 
 205      CEA1
 206 01f3 43D3F03A 		.ascii	"C\323\360:\332\277\034[\262\037\263\010t$\023-\351w"
 206      DABF1C5B 
 206      B21FB308 
 206      7424132D 
 206      E977
 207 0205 5D590473 		.ascii	"]Y\004s\367`1\255\251\243N\207<\365y$\004k\353\376\245"
 207      F76031AD 
 207      A9A34E87 
 207      3CF57924 
 207      046BEBFE 
 208 021a 6943C4A9 		.ascii	"iC\304\251\012\244Ge\212S\036z\270\307IR\264\224\030"
 208      0AA44765 
 208      8A531E7A 
 208      B8C74952 
 208      B49418
 209 022d 2339FE55 		.ascii	"#9\376U@\307 \310r\010\022\035G\236\304(\301\241R\030"
 209      40C720C8 
 209      7208121D 
 209      479EC428 
 209      C1A15218 
 210 0241 2C8141B0 		.ascii	",\201A\260r\370P\322A{\234\212\210\007bC\355\315\033"
 210      72F850D2 
 210      417B9C8A 
 210      88076243 
 210      EDCD1B
 211 0254 3AA4F7B4 		.ascii	":\244\367\264IPe\203\20093^8\257a\213$\211\350\0048"
 211      49506583 
 211      8039335E 
 211      38AF618B 
 211      2489E804 
 212 0269 53A93803 		.ascii	"S\2518\003\276\261\214\356<~\363\235\033\276\300\214"
 212      BEB18CEE 
 212      3C7EF39D 
 212      1BBEC08C 
 213 0279 A417670F 		.ascii	"\244\027g\017\343\251\214\324Li\244\367\344\202<j\244"
 213      E3A98CD4 
 213      4C69A4F7 
 213      E4823C6A 
 213      A4
 214 028a 1A8C9C54 		.ascii	"\032\214\234T\214\234\220\215\324f\216\036\023ud\323"
 214      8C9C908D 
 214      D4668E1E 
 214      137564D3 
 215 029a 10041413 		.ascii	"\020\004\024\023\306\032\253\306\372\361\224e\257\245"
 215      C61AABC6 
 215      FAF19465 
 215      AFA5
 216 02a8 653F8578 		.ascii	"e?\205x\335\023\263\313$\021\352\336G\353\356q\273L"
 216      DD13B3CB 
 216      2411EADE 
ARM GAS  /tmp/ccN3uCSV.s 			page 16


 216      47EBEE71 
 216      BB4C
 217 02ba 92C0A0A4 		.ascii	"\222\300\240\244#8T\254X,\326\026\3764-\374\205\267"
 217      233854AC 
 217      582CD616 
 217      FE342DFC 
 217      85B7
 218 02cc 65AE3889 		.ascii	"e\2568\211\255\322S\205\255\337q\246\366\337\246I\326"
 218      ADD25385 
 218      ADDF71A6 
 218      F6DFA649 
 218      D6
 219 02dd 6889784E 		.ascii	"h\211xN\026\220U\341\261jy\316P\236]\345#\231v\370\000"
 219      169055E1 
 219      B16A79CE 
 219      509E5DE5 
 219      239976F8 
 220 02f2 236AAE7C 		.ascii	"#j\256|\330a\317\231\352~7\301D<\252S\230\352\264L\365"
 220      D861CF99 
 220      EA7E37C1 
 220      443CAA53 
 220      98EAB44C 
 221 0307 94A9E865 		.ascii	"\224\251\350e[\231\013.`LwK.=\020\325\251 YRrqn\322"
 221      5B990B2E 
 221      604C774B 
 221      2E3D10D5 
 221      A9205952 
 222 031f 16282ECD 		.ascii	"\026(.\315]\302\2556d\316J\222w\000\200\320Y\305\354"
 222      5DC2AD36 
 222      64CE4A92 
 222      770080D0 
 222      59C5EC
 223 0332 59ADD906 		.ascii	"Y\255\331\006j\366\305\366\347Yn\270\234\231\315,O\330"
 223      6AF6C5F6 
 223      E7596EB8 
 223      9C99CD2C 
 223      4FD8
 224 0344 E942A8C8 		.ascii	"\351B\250\310:i]\220Y\322/\305\351\351\216C\347\025"
 224      3A695D90 
 224      59D22FC5 
 224      E9E98E43 
 224      E715
 225 0356 A6F38489 		.ascii	"\246\363\204\211t\032)C\357h\307-g\347\370\211\005B"
 225      741A2943 
 225      EF68C72D 
 225      67E7F889 
 225      0542
 226 0368 E1F21A11 		.ascii	"\341\362\032\021\320\005\344,+B\027\360\225\267SN;\262"
 226      D005E42C 
 226      2B4217F0 
 226      95B7534E 
 226      3BB2
 227 037a 9D738318 		.ascii	"\235s\203\030M\257~\331d\307d\0072=PX\351\302v\222\225"
 227      4DAF7ED9 
 227      64C76407 
 227      323D5058 
 227      E9C27692 
ARM GAS  /tmp/ccN3uCSV.s 			page 17


 228 038f 4C5FB99F 		.ascii	"L_\271\237\035\353\314\246\333\210\\\177\375\374\240"
 228      1DEBCCA6 
 228      DB885C7F 
 228      FDFCA0
 229 039e 0E6FC7D4 		.ascii	"\016o\307\324\341\270\242\204z\254\217#I\372\224\035"
 229      E1B8A284 
 229      7AAC8F23 
 229      49FA941D 
 230 03ae 406AD4FC 		.ascii	"@j\324\374\266\305\016\357b\352?\237;\336\3007q#\221"
 230      B6C50EEF 
 230      62EA3F9F 
 230      3BDEC037 
 230      712391
 231 03c1 934FD657 		.ascii	"\223O\326W;\341\0246y7\376N\275=Ng\202\354\225\201{"
 231      3BE11436 
 231      7937FE4E 
 231      BD3D4E67 
 231      82EC9581 
 232 03d6 9579F355 		.ascii	"\225y\363U\023\302\031l\262\272\262\246\201G\260P\365"
 232      13C2196C 
 232      B2BAB2A6 
 232      8147B050 
 232      F5
 233 03e7 3633B0B7 		.ascii	"63\260\267Y\305\375\013\015z\026\220\204\310rk\357^"
 233      59C5FD0B 
 233      0D7A1690 
 233      84C8726B 
 233      EF5E
 234 03f9 86739866 		.ascii	"\206s\230f\335PI>\017\016\223p\322\206\332\334H8\022"
 234      DD50493E 
 234      0F0E9370 
 234      D286DADC 
 234      483812
 235 040c 4F258C2B 		.ascii	"O%\214+\231\274I6\0172\316A],\224\316\321s]v\206D\212"
 235      99BC4936 
 235      0F32CE41 
 235      5D2C94CE 
 235      D1735D76 
 236 0423 8682EBE8 		.ascii	"\206\202\353\350\216\276\001\360\016\012\357F\006Y\211"
 236      8EBE01F0 
 236      0E0AEF46 
 236      065989
 237 0432 BE725306 		.ascii	"\276rS\006\\\325\340\326\217\201\217\346\344\356\321"
 237      5CD5E0D6 
 237      8F818FE6 
 237      E4EED1
 238 0441 E37CE6E4 		.ascii	"\343|\346\344\276\341\236G\274`\236 \346\275\256\216"
 238      BEE19E47 
 238      BC609E20 
 238      E6BDAE8E 
 239 0451 71C0856C 		.ascii	"q\300\205lnw\355\201\226i\270\230\011\362K\320@_\202"
 239      6E77ED81 
 239      9669B898 
 239      09F24BD0 
 239      405F82
 240 0464 28BAE32B 		.ascii	"(\272\343+\\\316fN'\355\352A\270\222\011\003\261\367"
 240      5CCE664E 
ARM GAS  /tmp/ccN3uCSV.s 			page 18


 240      27EDEA41 
 240      B8920903 
 240      B1F7
 241 0476 FA787E66 		.ascii	"\372x~f\203\230r\361\211\007\256aS\2776\326{\340:\326"
 241      839872F1 
 241      8907AE61 
 241      53BF36D6 
 241      7BE03AD6 
 242 048a 6FA828C8 		.ascii	"o\250(\310G\270\221\011C\351\015O\364\270\231\011Y\355"
 242      47B89109 
 242      43E90D4F 
 242      F4B89909 
 242      59ED
 243 049c FB4F38E0 		.ascii	"\373O8\340V&\344\215\246\3469\343\253L\270Zu-\316\011"
 243      5626E48D 
 243      A6E639E3 
 243      AB4CB85A 
 243      752DCE09 
 244 04b0 77F2C551 		.ascii	"w\362\305QZ\272\327\011\3670!\272\2723\211\177q\372"
 244      5ABAD709 
 244      F73021BA 
 244      BA33897F 
 244      71FA
 245 04c2 88DC9FDB 		.ascii	"\210\334\237\333\237\345\310\253b\017r|{\363\010\302"
 245      9FE5C8AB 
 245      620F727C 
 245      7BF308C2 
 246 04d2 B71938BE 		.ascii	"\267\0318\276\342\312-\335\224ux!\327a!-C\312\251\224"
 246      E2CA2DDD 
 246      94757821 
 246      D761212D 
 246      43CAA994 
 247 04e6 E3AEDA32 		.ascii	"\343\256\33224\003\372\"E\017\321\314\276\2203\333v"
 247      3403FA22 
 247      450FD1CC 
 247      BE9033DB 
 247      76
 248 04f7 2F2757A7 		.ascii	"/'W\247\255\303T\350Y\317\343\317\274rA\356\356\356"
 248      ADC354E8 
 248      59CFE3CF 
 248      BC7241EE 
 248      EEEE
 249 0509 33DC5597 		.ascii	"3\334U\227'\275\037\224bc$\353\310\273\271\003C\375"
 249      27BD1F94 
 249      626324EB 
 249      C8BBB903 
 249      43FD
 250 051b 92B4CB99 		.ascii	"\222\264\313\2312]\203m:\202f(\333\340*\245=F\356\002"
 250      325D836D 
 250      3A826628 
 250      DBE02AA5 
 250      3D46EE02 
 251 052f D3B8130E 		.ascii	"\323\270\023\016o\246XL\341\227\264\360\226\017\340"
 251      6FA6584C 
 251      E197B4F0 
 251      960FE0
 252 053e 4D2AF815 		.ascii	"M*\370\025-\3742\205{\023t\022\017i\231N@\317a~\200"
ARM GAS  /tmp/ccN3uCSV.s 			page 19


 252      2DFC3285 
 252      7B137412 
 252      0F69994E 
 252      40CF617E 
 253 0553 4E11346C 		.ascii	"N\0214lA\024+z\2427\310\035\215B\223Dw\364\036\236c"
 253      41142B7A 
 253      A237C81D 
 253      8D429344 
 253      77F41E9E 
 254 0568 D0E2A0FF 		.ascii	"\320\342\240\377\016\2361\360\374\025\236\233\341\271"
 254      0E9E31F0 
 254      FC159E9B 
 254      E1B9
 255 0576 05DA5668 		.ascii	"\005\332Vh\343 \377\004\317\227\360|\015-\032\372o\341"
 255      E320FF04 
 255      CF97F07C 
 255      0D2D1AFA 
 255      6FE1
 256 0588 F90ADA36 		.ascii	"\371\012\3326\321\235\276\203\230\217]\241\212\217O"
 256      D19DBE83 
 256      988F5DA1 
 256      8A8F4F
 257 0597 B53E1AB5 		.ascii	"\265>\032\265\021\265\253\320\317l\242\275\025\360\220"
 257      11B5ABD0 
 257      CF6CA2BD 
 257      15F090
 258 05a6 0AFC480B 		.ascii	"\012\374H\013\356@\032t\227*Ym\266s\253B\327\205)\350"
 258      EE401A74 
 258      972A596D 
 258      B673AB42 
 258      D78529E8 
 259 05ba 075AF43D 		.ascii	"\007Z\364=-\372\261\312\223\307Z\364\305\017\352\326"
 259      2DFAB1CA 
 259      93C75AF4 
 259      C50FEAD6 
 260 05ca AE22EFD7 		.ascii	"\256\"\357\327\302\357h\311\207T\350[Z\364u-\372\216"
 260      C2EF68C9 
 260      8754E85B 
 260      5AF4752D 
 260      FA8E
 261 05dc CA9527B6 		.ascii	"\312\225'\266]Q'E\305}\327\266'\223\034W\345\260\335"
 261      5D512745 
 261      C57DD7B6 
 261      27931C57 
 261      E5B0DD
 262 05ef F6829BB4 		.ascii	"\366\202\233\264>U\354\367m'\221\301\331\311\344\322"
 262      3E55ECF7 
 262      6D2791C1 
 262      D9C9E4D2 
 263 05ff 53C36649 		.ascii	"S\303fIB\004&\360\357\222\262\216\356?3\354\216\221"
 263      420426F0 
 263      EF92B28E 
 263      EE3F33EC 
 263      8E91
 264 0611 1A1752B2 		.ascii	"\032\027R\262\333Z\262\336\017*\2422\335g\033=\341\351"
 264      DB5AB2DE 
 264      0F2AA232 
ARM GAS  /tmp/ccN3uCSV.s 			page 20


 264      DD671B3D 
 264      E1E9
 265 0623 6680876F 		.ascii	"f\200\207o\246\360ad@\203\034.\357|\324\244%\037S\345"
 265      A6F06164 
 265      40831C2E 
 265      EF7CD4A4 
 265      251F53E5 
 266 0637 F8A1ED85 		.ascii	"\370\241\355\205\247&\037\013c\344=@\336\311\341\362"
 266      A7261F0B 
 266      63E43D40 
 266      DEC9E1F2 
 267 0647 EB9D1790 		.ascii	"\353\235\027\220\301\311I\267\371z\201+.\323\321\023"
 267      C1C949B7 
 267      F97A812B 
 267      2ED3D113 
 268 0657 5E5D464D 		.ascii	"^]FM\032\034Ug\260\364\274\036\260\207\223:\332.\316"
 268      1A1C5567 
 268      B0F4BC1E 
 268      B087933A 
 268      DA2ECE
 269 066a 40F1E2C4 		.ascii	"@\361\342\304\027\237$\313\366\016G?\303\306\376\177"
 269      179F24CB 
 269      F60E473F 
 269      C3C6FE7F 
 270 067a 6F72F261 		.ascii	"or\362ax\264\363\266\250>d\020\017\225W\362\016\321"
 270      78B4F3B6 
 270      A83E6410 
 270      0F9557F2 
 270      0ED1
 271 068c 999E48E0 		.ascii	"\231\236H\340\011\340\354\362\227\351.\270\226\306\207"
 271      09E0ECF2 
 271      97E92EB8 
 271      96C687
 272 069b CA2E9F4F 		.ascii	"\312.\237Op\2053\215\265\217\234i\334\013o\300\313\022"
 272      7085338D 
 272      B58F9C69 
 272      DC0B6FC0 
 272      CB12
 273 06ad 7862113B 		.ascii	"xb\021;*&(QBw\362\011i\247H\3167)\303\031m\256\3702"
 273      2A262851 
 273      4277F209 
 273      69A748CE 
 273      3729C319 
 274 06c5 63CB795C 		.ascii	"c\313y\\U\317?\365. v\037L\316\325\261\257\310C2\235"
 274      55CF3FF5 
 274      2E20761F 
 274      4CCED5B1 
 274      AFC84332 
 275 06da DD329CAA 		.ascii	"\3352\234\252\307\275\014\373\366ar'bX\342U\375\323"
 275      C7BD0CFB 
 275      F6617227 
 275      6258E255 
 275      FDD3
 276 06ec 6323537F 		.ascii	"c#S\177\334SD\376QI\026\351W\345\332\350\2511g\374\220"
 276      DC5344FE 
 276      514916E9 
 276      57E5DAE8 
ARM GAS  /tmp/ccN3uCSV.s 			page 21


 276      A93167FC 
 277 0701 32E9FA72 		.ascii	"2\351\372r\206\236\330#\3179\010\351\241\345\311\177"
 277      869ED823 
 277      CF3908E9 
 277      A1E5C97F 
 278 0711 A8049426 		.ascii	"\250\004\224&\352Q\252\210\345?\244\351\022\320\017"
 278      EA51AA88 
 278      E53FA4E9 
 278      12D00F
 279 0720 FE4886D9 		.ascii	"\376H\206\331\377\212\301\203\022\236- \037\372\255"
 279      FF8AC183 
 279      129E2D20 
 279      1FFAAD
 280 072f 427BA03E 		.ascii	"B{\240>i\324N\2728\007\355\005C\351Pk2\002\006O\264"
 280      69D44EBA 
 280      3807ED05 
 280      43E9506B 
 280      3202064F 
 281 0744 55ED7352 		.ascii	"U\355sR>L\210r\357\002\\\222H\374\333'\032d/\351\361"
 281      3E4C8872 
 281      EF025C92 
 281      48FCDB27 
 281      1A642FE9 
 282 0759 BB257B9F 		.ascii	"\273%{\237\243\236\333\210\373\250\015@\227wn\335\353"
 282      A39EDB88 
 282      FBA80D40 
 282      97776EDD 
 282      EB
 283 076a A8E6DEFF 		.ascii	"\250\346\336\3771\356\341\350\263\311\366\363s\2446"
 283      31EEE1E8 
 283      B3C9F6F3 
 283      73A436
 284 0779 2B1CEDEB 		.ascii	"+\034\355\353<J\243\255R\3142t@4\240\335P,8\277\253"
 284      3C4AA3AD 
 284      52CC3274 
 284      4034A0DD 
 284      502C38BF 
 285 078e 54136164 		.ascii	"T\023ad-\374\227\316\020\347\203\346\315\361\252,\027"
 285      2DFC97CE 
 285      10E783E6 
 285      CDF1AA2C 
 285      17
 286 079f FC8CA57F 		.ascii	"\374\214\245\177k|t\251\375D\341\027\027\251\012ON\250"
 286      6B7C74A9 
 286      FD44E117 
 286      17A90A4F 
 286      4EA8
 287 07b1 994AE133 		.ascii	"\231J\3413\265\205\317\242\205?\375\350P\272\016\217"
 287      B585CFA2 
 287      853FFDE8 
 287      50BA0E8F 
 288 07c1 33B6B1EE 		.ascii	"3\266\261\356\355?\271q\266&/v\266\317f"
 288      ED3FB971 
 288      B6262F76 
 288      B6CF66
 289 07d0 67FB6C85 		.ascii	"g\373l\205)[\313t\2202\355O\266\036s\303\211v\224\251"
 289      295BCB74 
ARM GAS  /tmp/ccN3uCSV.s 			page 22


 289      9032ED4F 
 289      B61E73C3 
 289      897694A9 
 290 07e4 A333B68A 		.ascii	"\2433\266\212/\013'\325qx&?\016\277\037l{\317\217\204"
 290      2F0B27D5 
 290      7178263F 
 290      0EBF1F6C 
 290      7BCF8F84 
 291 07f8 7A104F46 		.ascii	"z\020OF\227\364\332M\271j\362\345U\223\307\022\335\231"
 291      97F4DA4D 
 291      B96AF2E5 
 291      5593C712 
 291      DD99
 292 080a F0BA5BA7 		.ascii	"\360\272[\247-b.d\353\020\315V\001Mt\276\234\350\372"
 292      2D622E64 
 292      EB10CD56 
 292      014D74BE 
 292      9CE8FA
 293 081d CE97352E 		.ascii	"\316\2275.\332\262L\211\256M\254\356R\312\362\005/\313"
 293      DAB24C89 
 293      AE4DACEE 
 293      52CAF205 
 293      2FCB
 294 082f 615E16F8 		.ascii	"a^\026\370\023\243R\315\341e\371\205\226\245bO\312R"
 294      13A352CD 
 294      E165F985 
 294      96A5624F 
 294      CA52
 295 0841 9CC1A24F 		.ascii	"\234\301\242O|\220\224\352\240T\245xH\251\012\371\303"
 295      7C9094EA 
 295      A054A578 
 295      48A90AF9 
 295      C3
 296 0852 52A8E4B2 		.ascii	"R\250\344\262P\233\313\"\232\313\247y\227}p1#\313\330"
 296      509BCB22 
 296      9ACBA779 
 296      977D7031 
 296      23CBD8
 297 0865 FA748BDD 		.ascii	"\372t\213\335\204KK5.5Lr\351\010w\351\2508_\260\217"
 297      844B4B35 
 297      2E354C72 
 297      E90877E9 
 297      A8385FB0 
 298 087a B2AC0E0F 		.ascii	"\262\254\016\017\2618\254\372\346\037s}\275\275\205"
 298      B138ACFA 
 298      E61F737D 
 298      BDBD85
 299 0889 2F8CC111 		.ascii	"/\214\301\021aA\306\300E\336\201>\3772n\214\214\330"
 299      6141C6C0 
 299      45DE813E 
 299      FF326E8C 
 299      8CD8
 300 089b 10E91F16 		.ascii	"\020\351\037\026\026\022\276\301\350\033\034\262>\344"
 300      1612BEC1 
 300      E81B1CB2 
 300      3EE4
 301 08a9 5B3FA331 		.ascii	"[?\2431\"\312\030\354\037j\214\212\014 Os\224\305+@"
ARM GAS  /tmp/ccN3uCSV.s 			page 23


 301      22CA18EC 
 301      1F6A8C8A 
 301      0C204F73 
 301      94C52B40 
 302 08bd 708EB2F8 		.ascii	"p\216\262\370Y\374#-\313C\375#\303\364f\363\246\220"
 302      59FC232D 
 302      CB43FD23 
 302      C3F466F3 
 302      A690
 303 08cf 708BCF22 		.ascii	"p\213\317\"\263e\261qST\244\021\306>\017\217\010\017"
 303      B365B171 
 303      5354A411 
 303      C63E0F8F 
 303      080F
 304 08e1 FA3CC87F 		.ascii	"\372<\310\177}\2101$< tS`\2201\314? 8$<\310h\016\014"
 304      7D883124 
 304      3C207453 
 304      609031CC 
 304      3F203824 
 305 08fa FADE7F53 		.ascii	"\372\336\177S\250\305l\371acP\224W\260\340 k\377\361"
 305      A8C56CF9 
 305      61635094 
 305      57B0E020 
 305      6BFFF1
 306 090d 23DA513F 		.ascii	"#\332Q?D\031\301v @A\305\021DKHX\220\331\362\347O\012"
 306      4419C176 
 306      204041C5 
 306      11444B48 
 306      5890D9F2 
 307 0924 20D23241 		.ascii	" \3222A\024\020Lt\271i'\022G\304F\026\006\364\203,r"
 307      14104C74 
 307      B9692712 
 307      47C44616 
 307      06F4832C 
 308 0939 7715EF02 		.ascii	"w\025\357\002\302\034\032\032h\016\201\254}\375\311"
 308      C21C1A1A 
 308      680E81AC 
 308      7DFDC9
 309 0948 C9DA1811 		.ascii	"\311\332\030\021i\2112\372\255]\343\263\310\370\365"
 309      698932FA 
 309      AD5DE3B3 
 309      C8F8F5
 310 0957 D72B8C6B 		.ascii	"\327+\214kW\257\371\2677O\037\241\003\323v\276\276k"
 310      57AFF9B7 
 310      374F1FA1 
 310      03D376BE 
 310      BE6B
 311 0969 4C3EE2B7 		.ascii	"L>\342\267&\335\2125\313Mx\205\257I\367\325\212\265"
 311      26DD8A35 
 311      CB4D7885 
 311      AF49F7D5 
 311      8AB5
 312 097b 26ECEB6B 		.ascii	"&\354\353k\302&h\313M&\374w?_\354\373\315Z\235\257\357"
 312      C22668CB 
 312      4D26FC77 
 312      3F5FECFB 
 312      CD5A9DAF 
ARM GAS  /tmp/ccN3uCSV.s 			page 24


 313 0990 4A13C52F 		.ascii	"J\023\305/\242wo\274r\225I\364\003\315\325+M:\2775\200"
 313      A2776FBC 
 313      729549F4 
 313      03CDD52B 
 313      4D3ABF35 
 314 09a5 F6352D82 		.ascii	"\3665-\202\346\015\310\177\232\376\366?\272\031e\011"
 314      E60DC87F 
 314      9AFEF63F 
 314      BA196509 
 315 09b5 23D50809 		.ascii	"#\325\010\011c\011\342\202\331b\340\251\210\"\2257\373"
 315      6309E282 
 315      D962E0A9 
 315      88229537 
 315      FB
 316 09c6 93ECB898 		.ascii	"\223\354\270\230\315\337o\012\0170\233\275\226x/Y\342"
 316      CDDF6F0A 
 316      0F309BBD 
 316      96782F59 
 316      E2
 317 09d7 204BBA80 		.ascii	" K\272\200`\377\310\317&\340\021\033\031z\272<\022d"
 317      60FFC8CF 
 317      26E0111B 
 317      197ABA3C 
 317      1264
 318 09e9 43FDCBC5 		.ascii	"C\375\313\305\362\364\006\233\323_\376\007s7\003k"
 318      F2F4069B 
 318      D35FFE07 
 318      7337036B 
 319              		.text
 320              		.section	.gnu.lto_.symtab.aca821cd3f46d079,"",%progbits
 321 0000 7374496E 		.ascii	"stInit\000"
 321      697400
 322 0007 00       		.ascii	"\000"
 323 0008 00       		.ascii	"\000"
 324 0009 00       		.ascii	"\000"
 325 000a 00000000 		.ascii	"\000\000\000\000\000\000\000\000"
 325      00000000 
 326 0012 AE000000 		.ascii	"\256\000\000\000"
 327 0016 73745374 		.ascii	"stStartAlarm\000"
 327      61727441 
 327      6C61726D 
 327      00
 328 0023 00       		.ascii	"\000"
 329 0024 00       		.ascii	"\000"
 330 0025 00       		.ascii	"\000"
 331 0026 00000000 		.ascii	"\000\000\000\000\000\000\000\000"
 331      00000000 
 332 002e BF000000 		.ascii	"\277\000\000\000"
 333 0032 73745374 		.ascii	"stStopAlarm\000"
 333      6F70416C 
 333      61726D00 
 334 003e 00       		.ascii	"\000"
 335 003f 00       		.ascii	"\000"
 336 0040 00       		.ascii	"\000"
 337 0041 00000000 		.ascii	"\000\000\000\000\000\000\000\000"
 337      00000000 
 338 0049 C1000000 		.ascii	"\301\000\000\000"
ARM GAS  /tmp/ccN3uCSV.s 			page 25


 339 004d 73745365 		.ascii	"stSetAlarm\000"
 339      74416C61 
 339      726D00
 340 0058 00       		.ascii	"\000"
 341 0059 00       		.ascii	"\000"
 342 005a 00       		.ascii	"\000"
 343 005b 00000000 		.ascii	"\000\000\000\000\000\000\000\000"
 343      00000000 
 344 0063 C3000000 		.ascii	"\303\000\000\000"
 345 0067 73744765 		.ascii	"stGetAlarm\000"
 345      74416C61 
 345      726D00
 346 0072 00       		.ascii	"\000"
 347 0073 00       		.ascii	"\000"
 348 0074 00       		.ascii	"\000"
 349 0075 00000000 		.ascii	"\000\000\000\000\000\000\000\000"
 349      00000000 
 350 007d C6000000 		.ascii	"\306\000\000\000"
 351 0081 73745F6C 		.ascii	"st_lld_init\000"
 351      6C645F69 
 351      6E697400 
 352 008d 00       		.ascii	"\000"
 353 008e 02       		.ascii	"\002"
 354 008f 00       		.ascii	"\000"
 355 0090 00000000 		.ascii	"\000\000\000\000\000\000\000\000"
 355      00000000 
 356 0098 C8000000 		.ascii	"\310\000\000\000"
 357              		.text
 358              		.section	.gnu.lto_.opts,"",%progbits
 359 0000 272D666D 		.ascii	"'-fmath-errno' '-fsigned-zeros' '-ftrapping-math' '"
 359      6174682D 
 359      6572726E 
 359      6F272027 
 359      2D667369 
 360 0033 2D666E6F 		.ascii	"-fno-trapv' '-fno-openmp' '-fno-openacc' '-mcpu=cor"
 360      2D747261 
 360      70762720 
 360      272D666E 
 360      6F2D6F70 
 361 0066 7465782D 		.ascii	"tex-m4' '-mno-thumb-interwork' '-mthumb' '-ggdb' '-"
 361      6D342720 
 361      272D6D6E 
 361      6F2D7468 
 361      756D622D 
 362 0099 4F322720 		.ascii	"O2' '-fomit-frame-pointer' '-falign-functions=16' '"
 362      272D666F 
 362      6D69742D 
 362      6672616D 
 362      652D706F 
 363 00cc 2D666675 		.ascii	"-ffunction-sections' '-fdata-sections' '-fno-common"
 363      6E637469 
 363      6F6E2D73 
 363      65637469 
 363      6F6E7327 
 364 00ff 2720272D 		.ascii	"' '-flto'\000"
 364      666C746F 
 364      2700
ARM GAS  /tmp/ccN3uCSV.s 			page 26


 365              		.text
 366              		.comm	__gnu_lto_v1,1,1
 367              		.comm	__gnu_lto_slim,1,1
 368              		.ident	"GCC: (GNU Tools for ARM Embedded Processors 6-2017-q2-update) 6.3.1 20170215 (release) [AR
ARM GAS  /tmp/ccN3uCSV.s 			page 27


DEFINED SYMBOLS
                            *ABS*:0000000000000000 hal_st.c
                            *COM*:0000000000000001 __gnu_lto_v1
                            *COM*:0000000000000001 __gnu_lto_slim

NO UNDEFINED SYMBOLS
