ARM GAS  /tmp/ccjiJaP4.s 			page 1


   1              		.cpu cortex-m4
   2              		.eabi_attribute 20, 1
   3              		.eabi_attribute 21, 1
   4              		.eabi_attribute 23, 3
   5              		.eabi_attribute 24, 1
   6              		.eabi_attribute 25, 1
   7              		.eabi_attribute 26, 1
   8              		.eabi_attribute 30, 2
   9              		.eabi_attribute 34, 1
  10              		.eabi_attribute 18, 4
  11              		.file	"hal_pal.c"
  12              		.text
  13              	.Ltext0:
  14              		.section	.gnu.lto_.profile.31c2113ff47f6914,"",%progbits
  15 0000 789C6365 		.ascii	"x\234ce`b`a```d\320\220\001\000\000\354\000Q"
  15      60626061 
  15      60606064 
  15      D0900100 
  15      00EC0051 
  16              		.text
  17              		.section	.gnu.lto_.icf.31c2113ff47f6914,"",%progbits
  18 0000 789C6365 		.ascii	"x\234ce`b\020a@\000f\206\343\227n\235fc\334\276\377"
  18      60621061 
  18      40006686 
  18      E3976E9D 
  18      6663DCBE 
  19 0015 D00F76A6 		.ascii	"\320\017v\246u;\036\256\342e\000\000hQ\011\233"
  19      753B1EAE 
  19      E2650000 
  19      6851099B 
  20              		.text
  21              		.section	.gnu.lto_.jmpfuncs.31c2113ff47f6914,"",%progbits
  22 0000 789C6365 		.ascii	"x\234ce`bPb@\000f\006FF\306zF&FF\346\372z&0\305\310"
  22      60625062 
  22      40006606 
  22      4646C67A 
  22      46264646 
  23 001b 069162AA 		.ascii	"\006\221b\252d\004Q\0009\324\002\300"
  23      64045100 
  23      39D402C0 
  24              		.text
  25              		.section	.gnu.lto_.inline.31c2113ff47f6914,"",%progbits
  26 0000 789C6365 		.ascii	"x\234ce`b\370\316\200\000\314\014\014\234\034\214\314"
  26      6062F8CE 
  26      8000CC0C 
  26      0C9C1C8C 
  26      CC
  27 0011 0C0A8C20 		.ascii	"\014\012\214 &\210t\000\223\012\034l\037\364\030\330"
  27      26887400 
  27      930A1C6C 
  27      1FF418D8 
  28 0021 16C83331 		.ascii	"\026\310310\276`g\201\220 \202\003\314\344\000\021\002"
  28      30BE6067 
  28      81902082 
  28      03CCE400 
  28      1102
  29 0033 60A600C8 		.ascii	"`\246\000\310\030F\006>^F\026\210)\214@\022b\224\002"
ARM GAS  /tmp/ccjiJaP4.s 			page 2


  29      1846063E 
  29      5E461688 
  29      298C4012 
  29      629402
  30 0046 C4406EA6 		.ascii	"\304@n\246\013\374\030F\001\305P\014aY /\001b)010\357"
  30      0BFC1846 
  30      01C5500C 
  30      6159202F 
  30      01622930 
  31 005d 10576000 		.ascii	"\020W`\000Zo\0012\231\211\201[\030\305}PC9\201r\304"
  31      5A6F0132 
  31      9989815B 
  31      18C57D50 
  31      43398172 
  32 0072 390F6893 		.ascii	"9\017h\223\004\310$\026^\240w'\370\201 \003\000\006"
  32      04C82416 
  32      5EA07727 
  32      F8812003 
  32      0006
  33 0084 0820CB   		.ascii	"\010 \313"
  34              		.text
  35              		.section	.gnu.lto_.pureconst.31c2113ff47f6914,"",%progbits
  36 0000 789C6365 		.ascii	"x\234ce`b`g```f\220b\224b\222\004\000\001\307\000b"
  36      60626067 
  36      60606066 
  36      90629462 
  36      92040001 
  37              		.text
  38              		.section	.gnu.lto_palReadBus.31c2113ff47f6914,"",%progbits
  39 0000 789C9591 		.ascii	"x\234\225\221;o\023A\020\307\347\177s\276;C\340\013"
  39      3B6F1341 
  39      10C7E77F 
  39      73BE3B43 
  39      E00B
  40 0012 90C20552 		.ascii	"\220\302\005R\224\206\025P !Q!\321R\360\001\220\223"
  40      94861550 
  40      20215121 
  40      D152F001 
  40      9093
  41 0024 A0D8528C 		.ascii	"\240\330R\214\203-\352\254\217$@\"\022\204H\314\313"
  41      832DEAAC 
  41      8F244022 
  41      128448CC 
  41      CB
  42 0035 5C015108 		.ascii	"\\\001Q\010\220'\217\"\225\225 !!\361H\032*\004\002"
  42      90278F22 
  42      95952021 
  42      21F1481A 
  42      2A0402
  43 0048 1A4B50E0 		.ascii	"\032KP\340\206\006\005f\326\211\344\202&\305\315\316"
  43      86060566 
  43      D689E482 
  43      26C5CDCE 
  44 0058 ECCCFC66 		.ascii	"\354\314\374f\376\267)\362\250\354\021\235 \242\003"
  44      FEB729F2 
  44      A8EC119D 
  44      20A203
ARM GAS  /tmp/ccjiJaP4.s 			page 3


  45 0067 F28109DE 		.ascii	"\362\201\011\336\365wD\225\310\003\324\261\021h\310"
  45      F5774495 
  45      C803D4B1 
  45      1168C8
  46 0076 C31026B9 		.ascii	"\303\020&\271\312\330\030^\272\307\023\234H\231/\341"
  46      CAD8185E 
  46      BAC7139C 
  46      48992FE1 
  47 0086 AFB777BE 		.ascii	"\257\267w\276\355\327\020\310Hx\327n^\015\273g\255\215"
  47      EDD710C8 
  47      4878D76E 
  47      5E0DBB67 
  47      AD8D
  48 0098 6DBD7A23 		.ascii	"m\275z#\270\277\362\301\246\023\366\350\266\224?B'f"
  48      B8BFF2C1 
  48      A613F6E8 
  48      B6943F42 
  48      2766
  49 00aa D1A933E6 		.ascii	"\321\2513\346\320-\305#\033\325Q\346\343 \361?}\376"
  49      D02DC523 
  49      1BD551E6 
  49      E320F13F 
  49      7DFE
  50 00bc 321775CD 		.ascii	"2\027u\315\270\306W7\331\036L\230\361\030\334\336(W"
  50      B8C65737 
  50      D91E4C98 
  50      F118DCDE 
  50      2857
  51 00ce 8427E8D2 		.ascii	"\204'\350\322\372\257\313[S\373\002\377\001\223\262"
  51      FAAFCB5B 
  51      53FB02FF 
  51      0193B2
  52 00dd 05F91401 		.ascii	"\005\371\024\001\344\\\334D\335n\375\275l\353?\036\242"
  52      E45CDC44 
  52      DD6EFDBD 
  52      6CEB3F1E 
  52      A2
  53 00ee 762A2D1A 		.ascii	"v*-\032\244\203\245\327\367\305\244Rb\202@\275PMD\272"
  53      A483A5D7 
  53      F7C5A452 
  53      628240BD 
  53      504D44BA 
  54 0102 1D8D0942 		.ascii	"\035\215\011B\245\216K '7\020\2576\256\255\007J\255"
  54      A58E4B20 
  54      273710AF 
  54      36AEAD07 
  54      4AAD
  55 0114 B1CA9E1E 		.ascii	"\261\312\236\036Y{\037\252Nv\353\376~\375\346JG\202"
  55      597B1FAA 
  55      4E76EBFE 
  55      7EFDE64A 
  55      4782
  56 0126 5AC55A9B 		.ascii	"Z\305Z\233I8\254\261\207y\325&\271\231\357\361Bh\346"
  56      4938ACB1 
  56      8779D526 
  56      B999EFF1 
  56      4268E6
ARM GAS  /tmp/ccjiJaP4.s 			page 4


  57 0139 6D2B1561 		.ascii	"m+\025a\001\011n\351\216\204E\030j`m5\335\002\373\355"
  57      01096EE9 
  57      8E844518 
  57      6A606D35 
  57      DD02FBED 
  58 014d E0E87FE0 		.ascii	"\340\350\177\340\264L\307\3226\370c\263\271\336!\340"
  58      B44CC7D2 
  58      36F863B3 
  58      B9DE21E0 
  59 015d E18AA6F6 		.ascii	"\341\212\246\366`\331\201U5V\0348\336\001\247v\265\342"
  59      60D98155 
  59      35561C38 
  59      DE01A776 
  59      B5E2
  60 016f 5E3C7324 		.ascii	"^<s$OI\317\035\351Rs\024-\224\256)\300vz\270+\272\207"
  60      4F49CF1D 
  60      E9527314 
  60      2D94AE29 
  60      C0767AB8 
  61 0186 178EEE5E 		.ascii	"\027\216\356^\351e\213\376g\207\036\271\001!\375D\234"
  61      E9658BFE 
  61      67871EB9 
  61      0121FD44 
  61      9C
  62 0197 D9BED11F 		.ascii	"\331\276\321\0375&\252\344\035d\241c&W,\2343}G\016\367"
  62      3526AAE4 
  62      1D64A163 
  62      26572C9C 
  62      337D470E 
  63 01ac 1DBD6006 		.ascii	"\035\275`\006K\305\376R\266P\310\237\3577's\371\236"
  63      4BC5FE52 
  63      B650C89F 
  63      EF372773 
  63      F99E
  64 01be FCE933C6 		.ascii	"\374\3513\306\024\313&\227\0350\345R\257\236g\007\263"
  64      14CB2697 
  64      1D30E552 
  64      AF9E6707 
  64      B3
  65 01cf 03877A89 		.ascii	"\003\207z\211{.\226\377\001F\210\322T"
  65      7B2E96FF 
  65      014688D2 
  65      54
  66              		.text
  67              		.section	.gnu.lto_palWriteBus.31c2113ff47f6914,"",%progbits
  68 0000 789C9553 		.ascii	"x\234\225SKk\023Q\024\276\337\334\311d&\231\250K\301"
  68      4B6B1351 
  68      14BEDFDC 
  68      C9642699 
  68      A84BC1
  69 0013 2EBA1042 		.ascii	".\272\020B7\016\352Bp\341B\301\245.\374\001\222\244"
  69      370EEA42 
  69      70E142C1 
  69      A52EFC01 
  69      92A4
  70 0025 D2041A53 		.ascii	"\322\004\032S\023]w\022\233TZ|\2004\251\3220\242\324"
  70      135D7712 
ARM GAS  /tmp/ccjiJaP4.s 			page 5


  70      9B545A7C 
  70      8034A9D2 
  70      30A2D4
  71 0038 1AB52FDF 		.ascii	"\032\265/\337\351BB\\\024\244*\355B7\212b\253\320\205"
  71      E942425C 
  71      14A42AED 
  71      42378A62 
  71      ABD085
  72 004b 508BA00B 		.ascii	"P\213\240\013I=\347\246\321*nz\341\236{\317\353\273"
  72      493DE7A6 
  72      D12A6E7A 
  72      E19E7BCF 
  72      EBBB
  73 005d E77C67C6 		.ascii	"\347|g\306'4qD\012qP\010\261\2036\244\200v\351\245\020"
  73      27347144 
  73      0A715008 
  73      B18336A4 
  73      8076E9A5 
  74 0072 595303F8 		.ascii	"YS\003\370\342\232\020\275\032zqQ\226$\352\375\237\253"
  74      E29A10BD 
  74      1A7A7151 
  74      9624EAFD 
  74      9FAB
  75 0084 5AC7984B 		.ascii	"Z\307\230K\253V\372f\024\334\374v\217\322\257\320\346"
  75      AB56FA66 
  75      14DCFC76 
  75      8FD2AFD0 
  75      E6
  76 0095 85317450 		.ascii	"\2051tP\324|\337\324\210\274 =\011\350\244~}quq\013"
  76      D47CDFD4 
  76      88BC203D 
  76      09E8A47E 
  76      7D717571 
  77 00aa AB1ADA49 		.ascii	"\253\032\332I\315\317\227\012R\356\207\240\373\273\367"
  77      CDCF970A 
  77      52EE87A0 
  77      FBBBF7
  78 00b9 1F2A6678 		.ascii	"\037*fx\324usnm\356\262twzR\3426$\001\242\2026\334B"
  78      D475736E 
  78      6DEEB274 
  78      777A52E2 
  78      362401A2 
  79 00d1 9B2093C0 		.ascii	"\233 \223\300\035\204)\274\334\270>\033\224\007Tj\325"
  79      1D8429BC 
  79      DCB83E1B 
  79      9407546A 
  79      D5
  80 00e2 1BA918EB 		.ascii	"\033\251\030\353\251o\207T\252\216\273\377\246\352\002"
  80      A96F8754 
  80      AA8EBBFF 
  80      A6EA02
  81 00f1 E30873FC 		.ascii	"\343\010s\374\307\351\306P\310\320o\264\312\305\004"
  81      C7E9C650 
  81      C8D06FB4 
  81      CAC504
  82 0100 0CD039B9 		.ascii	"\014\3209\271\200\232\333X\353\247\002nb\355\360V\352"
  82      809ADB58 
ARM GAS  /tmp/ccjiJaP4.s 			page 6


  82      EBA7026E 
  82      62EDF056 
  82      EA
  83 0111 9B1E9394 		.ascii	"\233\036\223\224\353\323\301\311>\272\032\006\013?\013"
  83      EBD3C1C9 
  83      3EBA1A06 
  83      0B3F0B
  84 0120 9384DF62 		.ascii	"\223\204\337b\021`5\310\302f\021b!\304\000\2013q\203"
  84      116035C8 
  84      C2661162 
  84      21C40081 
  84      337183
  85 0133 52E3532E 		.ascii	"R\343S.#7\263\3744\306\317\225%sX\314\327_\371\231\016"
  85      2337B3FC 
  85      34C6CF95 
  85      257358CC 
  85      D75FF999 
  86 0148 A9FAF83E 		.ascii	"\251\372\370>\373\374\234\355\241\234%N\333=i\226\211"
  86      FBFC9CED 
  86      A19C254E 
  86      DB3D6996 
  86      89
  87 0159 A649AA9D 		.ascii	"\246I\252\235}\243K\271\011\2773\3566]\026\246\340a"
  87      7DA34BB9 
  87      09BF33EE 
  87      365D16A6 
  87      E061
  88 016b 58718D69 		.ascii	"Xq\215i8\202\240\033\0054\221}e\352\225\337\262\232"
  88      3882A01B 
  88      0534917D 
  88      65EA95DF 
  88      B29A
  89 017d BAB12968 		.ascii	"\272\261)h\035\367\0244\023\202\373\012\372\354\317"
  89      1DF71434 
  89      1382FB0A 
  89      FAECCF
  90 018c 16B45FA1 		.ascii	"\026\264_\241\033\033\321\315M\241\007\360@\241k\214"
  90      1B1BD1CD 
  90      4DA107F0 
  90      40A16B8C 
  91 019c FEB0895E 		.ascii	"\376\260\211^l\241[M\264\205\225\271r\220Y\361c\033"
  91      6CA15B4D 
  91      B48595B9 
  91      729059F1 
  91      631B
  92 01ae 1E110CC5 		.ascii	"\036\021\014\305\254\264b\002\252\010\353\257\252\202"
  92      ACB46202 
  92      AA08EBAF 
  92      AA82
  93 01bc D470B3AA 		.ascii	"\324p\263\252?q\2662\233l\373\321\262\205T\272M\266"
  93      3F71B632 
  93      9B6CFBD1 
  93      B28554BA 
  93      4DB6
  94 01ce 7A5155BF 		.ascii	"zQU\277q\004\326\377F@\020\022\217\327;y\263\272\372"
  94      7104D6FF 
  94      46401012 
ARM GAS  /tmp/ccjiJaP4.s 			page 7


  94      8FD73B79 
  94      B3BAFA
  95 01e1 CCA64EFA 		.ascii	"\314\246N\372\262\354\262\361Du\3023 \347\340\322\247"
  95      B2ECB2F1 
  95      4475C233 
  95      20E7E0D2 
  95      A7
  96 01f2 D7BEDFCE 		.ascii	"\327\276\337\316\020\252p\206i\014\324\345\014\034z"
  96      10AA7086 
  96      690CD4E5 
  96      0C1C7A
  97 0201 5A7C41EE 		.ascii	"Z|A\356\332\332yU\211\372A\006\210a\372(\210\210}N<"
  97      DADA7955 
  97      89FA4106 
  97      8861FA28 
  97      88887D4E 
  98 0216 953CE174 		.ascii	"\225<\341t\356\331\335\271\367\224\323\223Nu\245#\311"
  98      EED9DDB9 
  98      F794D393 
  98      4E75A523 
  98      C9
  99 0227 64E26497 		.ascii	"d\342d\227s(\236\210&\216\036s\234T\306\211G\272\235"
  99      73289E88 
  99      268E1E73 
  99      9C54C689 
  99      47BA9D
 100 023a 4C3AC6E7 		.ascii	"L:\306\347\361\236H\367\256\230\220\3213\031=\2328\235"
 100      F19E48F7 
 100      AE9890D1 
 100      33193D9A 
 100      389D
 101 024c F905C86B 		.ascii	"\371\005\310k\022\253"
 101      12AB
 102              		.text
 103              		.section	.gnu.lto_palSetBusMode.31c2113ff47f6914,"",%progbits
 104 0000 789C9592 		.ascii	"x\234\225\222?h\223A\030\306\337\347\336/\371\276\330"
 104      3F689341 
 104      18C6DFE7 
 104      DE2FF9BE 
 104      D8
 105 0011 D659B043 		.ascii	"\326Y\260C\006!t\361P\007\301\301A\007\307\016.n\222"
 105      062174F1 
 105      5007C1C1 
 105      4107C70E 
 105      2E6E92
 106 0024 26A50934 		.ascii	"&\245\0114\246&8\347\032MZ*\264\205Rc\305\360\011\022"
 106      A62638E7 
 106      1A4D5A2A 
 106      B4855263 
 106      C5F00912 
 107 0038 6AD5FEB3 		.ascii	"j\325\376\263*D\021B\027\301\277\264\253\026EE(ZP\034"
 107      2A441142 
 107      17C1BFB4 
 107      AB164545 
 107      285A501C 
 108 004c 5CB4FADE 		.ascii	"\\\264\372\336E\007\335zpw\357\335\275\317\357\336{"
 108      4507DD7A 
ARM GAS  /tmp/ccjiJaP4.s 			page 8


 108      7077EFDD 
 108      BDCFEFDE 
 108      7B
 109 005d B808294A 		.ascii	"\270\010)J+\242cD\264W:\230\240&_\020\015\007\012\260"
 109      2BA26344 
 109      B4573A98 
 109      A0265F10 
 109      0D070AB0 
 110 0071 81094025 		.ascii	"\201\011@%\205\022&\270\306X\035\371\330T=\263FZ\253"
 110      851226B8 
 110      C6581DF9 
 110      D8543DB3 
 110      465AAB
 111 0084 B6EE574D 		.ascii	"\266\356WMeO\310D3\322m\303,z$k\355\302\322U\036\347"
 111      654FC844 
 111      33D26DC3 
 111      2C7A246B 
 111      EDC2D255 
 112 009a 90014F96 		.ascii	"\220\001O\226_\237_y\277\333.\025\342\262\254\254\325"
 112      5F9F5F79 
 112      BFDB2E15 
 112      E2B2ACAC 
 112      D5
 113 00ab AACC4740 		.ascii	"\252\314G@\022o\274y;\027$\032\306\224M\353\365\024"
 113      126FBC79 
 113      3B17241A 
 113      C6944DEB 
 113      F514
 114 00bd 9B7D2133 		.ascii	"\233}!3n\202\005\2109t\343\006\272I\266\010\267\220"
 114      6E820588 
 114      3974E306 
 114      BA49B608 
 114      B790
 115 00cf 90F46F2B 		.ascii	"\220\364o+\215\251\016>\352\244O\307\037\235\372\243"
 115      8DA90E3E 
 115      EAA44FC7 
 115      1F9DFAA3 
 116 00df 7C36ED94 		.ascii	"|6\355\224\036n\377\257\364\010\363H\330\364w\313\333"
 116      1E6EFFAF 
 116      F408F348 
 116      D8F477CB 
 116      DB
 117 00f0 D35D51EF 		.ascii	"\323]Q\357\372\337j\261\200(d^\\G\313l\377\0321\255"
 117      FADF6AB1 
 117      8028645E 
 117      5C47CB6C 
 117      FF1A31AD 
 118 0104 1F0D6C9C 		.ascii	"\037\015l\234\210\311\263\345.\026m\304\223!\032\221"
 118      88C9B3E5 
 118      2E166DC4 
 118      93211A91 
 119 0114 C18FDAC8 		.ascii	"\301\217\332\310\207c\321\230\310\2553\027Y\331\231"
 119      8763D198 
 119      C8AD3317 
 119      59D999
 120 0123 37517EB0 		.ascii	"7Q~\260\271\225\262\300:[\223.UV_\372\366\275\354\012"
 120      B995B2C0 
ARM GAS  /tmp/ccjiJaP4.s 			page 9


 120      3A5B932E 
 120      55565FFA 
 120      F6BDEC0A 
 121 0137 FDFEF8C9 		.ascii	"\375\376\370\311hg\210\372\260\230\026\0179\250\213"
 121      686788FA 
 121      B098160F 
 121      39A88B
 122 0146 0F8B529D 		.ascii	"\017\213R\235=k|(/\370z\336\264\217bXB\210\313\316L"
 122      3D6B7C28 
 122      2FF87ADE 
 122      B48F6258 
 122      4288CBCE 
 123 015b 2C439345 		.ascii	",C\223E\307\332`oG\244]\270\343H\366\205X\371\227\024"
 123      C7DA606F 
 123      47A45DB8 
 123      E348F685 
 123      58F99714 
 124 016f D911A903 		.ascii	"\331\021\251\003w\035IY\322=G:\377\245\2126\312\326"
 124      771D4959 
 124      D23D473A 
 124      FFA58A36 
 124      CAD6
 125 0181 2540FA84 		.ascii	"%@\372\204j\334\356Xy\263\371\371\225_\372i\202\220"
 125      6ADCEE58 
 125      79B3F9F9 
 125      955FFA69 
 125      8290
 126 0193 3B676C01 		.ascii	";gl\001\270\217\022\2113.\335\017\271\213\266P\276\366"
 126      B88F1289 
 126      332EDD0F 
 126      B98BB650 
 126      BEF6
 127 01a5 70C231DC 		.ascii	"p\3021\334\267\031\2234qR\2568\2543\371\\\277N\037<"
 127      B7199334 
 127      7152AE38 
 127      AC33F95C 
 127      BF4E1F3C 
 128 01b9 903E7456 		.ascii	"\220>tV\017\025\362\003\205d.\227=3\240\217g\262}\331"
 128      0F15F203 
 128      85642E97 
 128      3D33A08F 
 128      67B27DD9 
 129 01cd DE935AE7 		.ascii	"\336\223Z\347\213:\223\034\324\305B\312\316\247\207"
 129      8B3A931C 
 129      D4C542CA 
 129      CEA787
 130 01dc 9283FB53 		.ascii	"\222\203\373S\304}\347\212^.\237\356\377\015Q\020\320"
 130      C47DE78A 
 130      5E2E9FEE 
 130      FF0D5110 
 130      D0
 131 01ed 1D       		.ascii	"\035"
 132              		.text
 133              		.section	.gnu.lto_.symbol_nodes.31c2113ff47f6914,"",%progbits
 134 0000 789C6365 		.ascii	"x\234ce`b\010d\000\002\246>\246z\006\206\011\347\030"
 134      60620864 
 134      0002A63E 
ARM GAS  /tmp/ccjiJaP4.s 			page 10


 134      A67A0686 
 134      09E718
 135 0013 1880D4AE 		.ascii	"\030\200\324\256\006G\240H?S=#\252\310\004\246z&\024"
 135      0647A048 
 135      3F533D23 
 135      AAC804A6 
 135      7A2614
 136 0026 11C6C94C 		.ascii	"\021\306\311L\365\314`\021\006\206\206\006\007\006\006"
 136      F5CC6011 
 136      06868606 
 136      070606
 137 0035 66266686 		.ascii	"f&f\206%\017\37712\000\0005\263\023\334"
 137      250FFF31 
 137      32000035 
 137      B313DC
 138              		.text
 139              		.section	.gnu.lto_.refs.31c2113ff47f6914,"",%progbits
 140 0000 789C6365 		.ascii	"x\234ce`b`d\000\002\000\000I\000\011"
 140      60626064 
 140      00020000 
 140      490009
 141              		.text
 142              		.section	.gnu.lto_.decls.31c2113ff47f6914,"",%progbits
 143 0000 789CA558 		.ascii	"x\234\245XyP\024W\032\357\257\337\014\016\315\200\026"
 143      79501457 
 143      1AEFAFDF 
 143      0C0ECD80 
 143      16
 144 0011 B859AB62 		.ascii	"\270Y\253bRn\012u\262\2258\202\326\232\255$Un\242I\254"
 144      526E0A75 
 144      B2953882 
 144      D69AAD24 
 144      556EA249 
 145 0026 D5608D26 		.ascii	"\325`\215&\331\255\375c\212\300\250S\313\3412\303V\345"
 145      D9ADFD63 
 145      8AC0A853 
 145      CBE132C3 
 145      56E5
 146 0038 AF344782 		.ascii	"\2574G\202'\207\032\002\210.\202\027\202B\274\021P\026"
 146      27871A02 
 146      882E8217 
 146      8242BC11 
 146      5016
 147 004a F1088807 		.ascii	"\361\010\210\007Q9\004!\336'r\005\021\017\366{\357\365"
 147      51390421 
 147      DE277205 
 147      110FF67B 
 147      EFF5
 148 005c 4CB7E38C 		.ascii	"L\267\343\214e\325v\361\372\365{\375\373\276\357\367"
 148      65D576F1 
 148      FAF57BFD 
 148      FBBEEFF7 
 149 006c 1DEFF51B 		.ascii	"\035\357\365\033\364\202(\030B\004a\271(\0102\010\302"
 149      F4822818 
 149      420461B9 
 149      28083208 
 149      C2
ARM GAS  /tmp/ccjiJaP4.s 			page 11


 150 007d 085E3A41 		.ascii	"\010^:A\020v\012\352E\307\001\370n\014\266q\330\336"
 150      10760AEA 
 150      45C701F8 
 150      6E0CB671 
 150      D8DE
 151 008f 04E185EB 		.ascii	"\004\341\205\353\367(o\304>\030\333Xl\025\330\014\210"
 151      F7286FC4 
 151      3E18DB58 
 151      6C15D80C 
 151      88
 152 00a0 1BC07E32 		.ascii	"\033\300~2\266\010l\243p\374\020\373>l\207\261=St\003"
 152      B6086CA3 
 152      70FC10FB 
 152      3E6C87B1 
 152      3D537403 
 153 00b4 CEDFA54A 		.ascii	"\316\337\245J\260\027\201u\314\036\355\337\365\260\365"
 153      B0178175 
 153      CC1EEDDF 
 153      F5B0F5
 154 00c3 07B41384 		.ascii	"\007\264\023\204\375\227\032[\324\016\265\347\315\326"
 154      FD971A5B 
 154      D40EB5E7 
 154      CDD6
 155 00d1 33C55EAB 		.ascii	"3\305^\253bS\257\330\243v\250\201n\354Z\370#\363\217"
 155      6253AFD8 
 155      A376A881 
 155      6EEC5AF8 
 155      23F38F
 156 00e4 F6E11E36 		.ascii	"\366\341\0366\303|\330\014\361\341_\205bw\032\216\337"
 156      C37CD80C 
 156      F1E15F85 
 156      62771A8E 
 156      DF
 157 00f5 C0463C6C 		.ascii	"\300F<l\242:w\034\351\324\373\036\366~$\260\177u]\265"
 157      A23A771C 
 157      E9D4FB1E 
 157      F67E24B0 
 157      7F755DB5 
 158 0109 7819DA01 		.ascii	"x\031\332\001\2610\206\315\002\360;\260\306\206#\256"
 158      B13086CD 
 158      02F03BB0 
 158      C68623AE 
 159 0119 0B80CDE3 		.ascii	"\013\200\315\343\254((J]S\340\222P\306\2422\024\025"
 159      AC28284A 
 159      5D53E092 
 159      50C6A232 
 159      1415
 160 012b 95EC4F11 		.ascii	"\225\354O\021\006\215F\376\232[r]\234>\177`b.i\020U"
 160      068D46FE 
 160      9A5B725D 
 160      9C3E7F60 
 160      622E6910 
 161 0140 03005A01 		.ascii	"\003\000Z\001\215BN[y\357\346'\250\316\201\313\373\336"
 161      8D424E5B 
 161      79EFE627 
 161      A8CE81CB 
 161      FBDE
ARM GAS  /tmp/ccjiJaP4.s 			page 12


 162 0152 DC5337A4 		.ascii	"\334S7\244N\350\240\263\0053\201\315\375\332T\365\324"
 162      4EE8A0B3 
 162      053381CD 
 162      FDDA54F5 
 162      D4
 163 0163 403084F8 		.ascii	"@0\204\370\334\371h\373'SJe~\031\336P\303v.\265<\237"
 163      DCF968FB 
 163      27534A65 
 163      7E19DE50 
 163      C3762EB5 
 164 0179 A4130896 		.ascii	"\244\023\010\226@G\3654\346]\015\302\341X\011&\3400"
 164      4047F534 
 164      E65D0DC2 
 164      E1580926 
 164      E030
 165 018b AF72A05E 		.ascii	"\257r\240^\317\337\032p8\262\265|\271\201\274\3064v"
 165      CFDF1A70 
 165      38B2B57C 
 165      B981BCC6 
 165      3476
 166 019d 9C2C2EA1 		.ascii	"\234,.\241\202\223%\240dG\343T\331\275\212G\201|\212"
 166      829325A0 
 166      6447E354 
 166      D9BD8A47 
 166      817C8A
 167 01b0 229A32FA 		.ascii	"\"\2322\3726\217\"\257\323g1\267\276\271V\007&i+\265"
 167      368F22AF 
 167      D36731B7 
 167      BEB95607 
 167      26692BB5 
 168 01c4 5FF37060 		.ascii	"_\363p`rV\232,\213\260\007$\370\011\010\354\200)\324"
 168      72569A2C 
 168      8BB00724 
 168      F80908EC 
 168      8029D4
 169 01d7 9BC912DE 		.ascii	"\233\311\022\336\227\311r\262\234\231\"\373\177&@)\214"
 169      97C972B2 
 169      9C9922FB 
 169      7F264029 
 169      8C
 170 01e8 8712182F 		.ascii	"\207\022\030/\300n0Q\265\024\007\3458Y\206\223h\242"
 170      C06E3051 
 170      B51407E5 
 170      38598693 
 170      68A2
 171 01fa 787356A1 		.ascii	"xsV\241\037\371\0073q\374\360\245\026\035H&\257\362"
 171      1FF90733 
 171      71FCF0A5 
 171      161D4826 
 171      AFF2
 172 020c FBBDC873 		.ascii	"\373\275\310s.7\363\337:\376\035\345\262\017\271\354"
 172      2E37F3DF 
 172      3AFE1DE5 
 172      B20FB9EC 
 173 021c 55B92035 		.ascii	"U\271 5\036\241\324\272\301\254@\222\016\314H\372\261"
 173      1EA1D4BA 
 173      C1AC4092 
ARM GAS  /tmp/ccjiJaP4.s 			page 13


 173      0ECC48FA 
 173      B1
 174 022d 138FF46E 		.ascii	"\023\217\364n?:K>8s^\226'@\005\312\036Pe\367\201OG\016"
 174      3F3A4B3E 
 174      38735E96 
 174      274005CA 
 174      1E5065F7 
 175 0245 7A77E442 		.ascii	"zw\344Bo_v\020\271\303\214\300\372\376\216\333\376<"
 175      6F5F7610 
 175      B9C38CC0 
 175      FAFE8EDB 
 175      FE3C
 176 0257 EA264D4E 		.ascii	"\352&MN\202yN\2066][#\222^\016]V\232~\224Hh)\345\225"
 176      82794E86 
 176      365D5B23 
 176      925E0E5D 
 176      569A7E94 
 177 0270 5C4689F2 		.ascii	"\\F\211\362\221u]\201d\220\213w\247^\357\012\340\252"
 177      91755D81 
 177      64908B77 
 177      A75EEF0A 
 177      E0AA
 178 0282 C7E170E7 		.ascii	"\307\341p\347P\347~=y\314\337\255^W[\253#2\257\237\242"
 178      50E77E3D 
 178      79CCDFAD 
 178      5E575BAB 
 178      2332AF9F 
 179 0297 DCAC343D 		.ascii	"\334\2544=\371\216\017\212\327d\226K$\215\017\232zN"
 179      F98E0F8A 
 179      D764964B 
 179      248D0F9A 
 179      7A4E
 180 02a9 6D08E015 		.ascii	"m\010\340\0253\006\207\307F\036\326\214\346\032E\034"
 180      330687C7 
 180      461ED68C 
 180      E61A451C 
 181 02b9 E6EC681E 		.ascii	"\346\354h\036\366'\3139t\313\360\343\036Z2\223h\311"
 181      F627CB39 
 181      74CBF0E3 
 181      1E5A3293 
 181      68C9
 182 02cb 104DC14C 		.ascii	"\020M\301L\342\005s\244\341\347\255F\222\301\300b\346"
 182      E20573A4 
 182      E1E7AD46 
 182      92C1C062 
 182      E6
 183 02dc A69295FE 		.ascii	"\246\222\225\376\256t\242{z\223\000\307\320\215\343"
 183      AE74A27B 
 183      7A9300C7 
 183      D08DE3
 184 02eb D4B753E8 		.ascii	"\324\267S\350\333$\305\267\237q\362\244;\235\017\367"
 184      DB24C5B7 
 184      9F71F2A4 
 184      3B9D0FF7 
 185 02fb BE5921CB 		.ascii	"\276Y!\313c\240\0013R\257fd\222\222\314\303Y\227nH$"
 185      63A00133 
 185      52AF6664 
ARM GAS  /tmp/ccjiJaP4.s 			page 14


 185      9292CCC3 
 185      59976E48 
 186 0310 8F9B7892 		.ascii	"\217\233x\222\222\375@-\312\233\371\341u\254\020\316"
 186      92FD402D 
 186      CA9BF9E1 
 186      75AC10CE 
 187 0320 A068A32A 		.ascii	"\240h\243*\332\240&\323\223\306i/4\320H\362Pa\225\201"
 187      DAA026D3 
 187      93C6692F 
 187      34D048F2 
 187      50619581 
 188 0334 143123BA 		.ascii	"\0241#\272\376\301Um\022\204\204\206\232\262\250\231"
 188      FEC1556D 
 188      12848486 
 188      9AB2A899 
 189 0344 4C599E29 		.ascii	"LY\236)\252Y\022\340\034\204P\005p\036u\375\002\241"
 189      AA5912E0 
 189      1C845005 
 189      701E75FD 
 189      02A1
 190 0356 D004A16C 		.ascii	"\320\004\241lm\026R\203Xa\241\325}]\262\274\302\310"
 190      6D165283 
 190      5861A1D5 
 190      7D5DB2BC 
 190      C2C8
 191 0368 689D405A 		.ascii	"h\235@ZT\300\315\300LU\034\243\212\024\201\332\017s"
 191      54C0CDC0 
 191      4C551CA3 
 191      8A1481DA 
 191      0F73
 192 037a E49A64C2 		.ascii	"\344\232d\302\320g\275\242\303(\230\273\374\254J\302"
 192      D067BDA2 
 192      C32898BB 
 192      FCAC4AC2 
 193 038a DD806204 		.ascii	"\335\200b\004\305[\276+\350\316_\356^\003\020:\326\024"
 193      C55BBE2B 
 193      E8CE5FEE 
 193      5E03103A 
 193      D614
 194 039c 5AC88017 		.ascii	"Z\310\200\027\253\203\222\230Z\252\256\016\325^\204"
 194      AB839298 
 194      5AAAAE0E 
 194      D55E84
 195 03ab B16AA5A9 		.ascii	"\261j\245\251j\3270\027S\344\231:\255\213\024L]lF\027"
 195      6AD73017 
 195      53E4993A 
 195      AD8B144C 
 195      5D6C4617 
 196 03bf 5BD0C50B 		.ascii	"[\320\305\013\212\213\234Dw\325\270$Y\006\212\322\262"
 196      8A8B9C44 
 196      77D5B824 
 196      59068AD2 
 196      B2
 197 03d0 E0EE0C56 		.ascii	"\340\356\014V\005\257M\221ONe\253\363\250o\303\030\365"
 197      05AF4D91 
 197      4F4E65AB 
 197      F3A86FC3 
ARM GAS  /tmp/ccjiJaP4.s 			page 15


 197      18F5
 198 03e2 BEAA8653 		.ascii	"\276\252\206S\342Xd\220\344\223\201\360\234yM\361\006"
 198      E2586490 
 198      E49381F0 
 198      9C794DF1 
 198      06
 199 03f3 F3E24D3D 		.ascii	"\363\342M=za\237\221l\343\325z\275\241,\331@J\370`c"
 199      7A619F91 
 199      6CE3D57A 
 199      BDA12CD9 
 199      404AF860 
 200 0408 E3AE063D 		.ascii	"\343\256\006=)\343\203\312\222]M\"\331\307\007\245\025"
 200      29E383CA 
 200      925D4D22 
 200      D9C707A5 
 200      15
 201 0419 3D2B8154 		.ascii	"=+\201T\363AoZ\231\223\324\361\347\324\015\231gD\256"
 201      F3416F5A 
 201      9993D4F1 
 201      E7D40D99 
 201      6744AE
 202 042c FB1D1C66 		.ascii	"\373\035\034f/\317\357\322\361u\322EW\306\356\213\333"
 202      2FCFEFD2 
 202      F175D245 
 202      57C6EE8B 
 202      DB
 203 043d 2B0DA49E 		.ascii	"+\015\244\236a\0033\2133\017H\020\212WH(\277L\205rj"
 203      6103338B 
 203      330F4810 
 203      8A574828 
 203      BF4C8572 
 204 0452 0AA6F383 		.ascii	"\012\246\363\203\\\271&\025\353\026\335\357D\367oa\374"
 204      5CB92615 
 204      EB16DDEF 
 204      44F76F61 
 204      FC
 205 0463 9F77BF54 		.ascii	"\237w\277TI>E\017\177\250\242\257z\242+\301\035-\216"
 205      493E450F 
 205      7FA8A2AF 
 205      7AA22BC1 
 205      1D2D8E
 206 0476 BEA3411F 		.ascii	"\276\243A\037\361DWy\242\3734\350j\357hN\305]\346\230"
 206      F1445779 
 206      A2FB34E8 
 206      6AEF684E 
 206      C55DE698 
 207 048a 812B08F8 		.ascii	"\201+\010\370\225\275\273\245\224y\017\326\300=L\302"
 207      95BDBBA5 
 207      94790FD6 
 207      C03D4CC2 
 208 049a 356CB7B1 		.ascii	"5l\267\261\335\307v\027\333\003l\335\330\356`\273\201"
 208      DDC77617 
 208      DB036CDD 
 208      D8EE60BB 
 208      81
 209 04ab ED26B6EB 		.ascii	"\355&\266\353\356\245@\011\324kBq\331\223\300NO\272"
 209      EEA54009 
ARM GAS  /tmp/ccjiJaP4.s 			page 16


 209      D46B4271 
 209      D993C04E 
 209      4FBA
 210 04bd 573474FF 		.ascii	"W4t\377\353\211\256\001\317\310\265i\224\267{\302\333"
 210      EB89AE01 
 210      CFC8B569 
 210      94B77BC2 
 210      DB
 211 04ce 3C950FBF 		.ascii	"<\225\017\277\257\242\273\274fE\003n\322\250\356\360"
 211      AFA2BBBC 
 211      6645036E 
 211      D2A8EEF0 
 212 04de CEDBCD04 		.ascii	"\316\333\315\004\027\331\345j\211\343[\261fk\2753\327"
 212      17D9E56A 
 212      89E35BB1 
 212      666BBD33 
 212      D7
 213 04ef 68BFE15A 		.ascii	"h\277\341Z T\375%\357\314\271ze\265U\006\263\325v\313"
 213      2054FD25 
 213      EFCCB97A 
 213      65B55506 
 213      B3D576CB 
 214 0503 73CD434D 		.ascii	"s\315CM\343\320^=9\315\267\306\333\353o\225\214\202"
 214      E3D05E3D 
 214      39CDB7C6 
 214      DBEB6F95 
 214      8C82
 215 0515 1093B764 		.ascii	"\020\223\267dB?\346\360\377\311'gr\374\260\037\335|"
 215      423FE6F0 
 215      FFC92767 
 215      72FCB01F 
 215      DD7C
 216 0527 FA5051AF 		.ascii	"\372PQ\257\272\333R^\214\316\212\372\266\214 \343\012"
 216      BADB525E 
 216      8CCE8AFA 
 216      B68C20E3 
 216      0A
 217 0538 F7379401 		.ascii	"\3677\224\001\325\025=\000FE\004\261\007\226\347\334"
 217      D5153D00 
 217      464504B1 
 217      0796E7DC 
 218 0548 0C249738 		.ascii	"\014$\2278\365\013\247{+\202\300d\344VN\267\215I\241"
 218      F50BA77B 
 218      2B82C064 
 218      E4564EB7 
 218      8D49A1
 219 055b FE3E44FC 		.ascii	"\376>D\374o\252\031\024\307\316\207v\030D\247\2363\360"
 219      6FAA1914 
 219      C7CE8776 
 219      1844A79E 
 219      33F0
 220 056d F8D6BA56 		.ascii	"\370\326\272V\340k\331H7\370\312\326\254\321\312Z\246"
 220      E06BD948 
 220      37F8CAD6 
 220      ACD1CA5A 
 220      A6
 221 057e AF07D6B6 		.ascii	"\257\007\326\266u\006\221\033\342s\007\243\210\027\017"
ARM GAS  /tmp/ccjiJaP4.s 			page 17


 221      7506911B 
 221      E27307A3 
 221      88170F
 222 058d 4611FC3B 		.ascii	"F\021\374;w\357\354\231_\200\334\347t\3536^\335\355"
 222      77EFEC99 
 222      5F80DCE7 
 222      74EB365E 
 222      DDED
 223 059f E7EBD832 		.ascii	"\347\353\3302\202D\"\224\017\314\023\234|\354\376\316"
 223      82442294 
 223      0FCC139C 
 223      7CECFECE 
 224 05af 3577860F 		.ascii	"5w\206\017\262#\3243\314\373S\325\261\010\376\241\323"
 224      B223D433 
 224      CCFB53D5 
 224      B108FEA1 
 224      D3
 225 05c0 9FAFAECF 		.ascii	"\237\257\256\317\321\323\035%\304\304w\322\221\273\023"
 225      D1D31D25 
 225      C4C477D2 
 225      91BB13
 226 05cf 4AFAAEC9 		.ascii	"J\372\256\311\362\032#\023\031F\221\024\321\327\012"
 226      F21A2313 
 226      19469114 
 226      D1D70A
 227 05de A2027D6F 		.ascii	"\242\002}o\363:\244\221;\344\2116{\200\257\374\221\203"
 227      F33AA491 
 227      3BE48936 
 227      7B80AFFC 
 227      9183
 228 05f0 E9416897 		.ascii	"\351Ah\227W\360\213\233\303#|?\304\254R4-\246T\321\004"
 228      57F08B9B 
 228      C3237C3F 
 228      C4AC5234 
 228      2DA654D1 
 229 0605 49622824 		.ascii	"Ib($c\223Em\261\\,\346e\213H\217\262}T\334?@\310%\302"
 229      6393456D 
 229      B15C2CE6 
 229      658B488F 
 229      B27D54DC 
 230 061e 8F67DD43 		.ascii	"\217g\335Cy\0060\205(\271/a\025\226\206\332\277\023"
 230      79063085 
 230      28B92F61 
 230      159686DA 
 230      BF13
 231 0630 DD11A22A 		.ascii	"\335\021\242*\274\023\201\357\321\376\313\270\240\271"
 231      BC1381EF 
 231      D1FECBB8 
 231      A0B9
 232 063e 8B99E9DB 		.ascii	"\213\231\351\333\003\264e\231&j\313r\231hT\200\207Z"
 232      03B46599 
 232      266ACB72 
 232      99685480 
 232      875A
 233 0650 EE5E1375 		.ascii	"\356^\023u\"\237\203\257utneF\365f\377q\331\354\020"
 233      229F83AF 
 233      75746E65 
ARM GAS  /tmp/ccjiJaP4.s 			page 18


 233      46F566FF 
 233      71D9EC10 
 234 0664 9E228F11 		.ascii	"\236\"\217\021Y\270\\_g\001V\210\343\360\276\\\324q"
 234      59B85C5F 
 234      67015688 
 234      E3F0BE5C 
 234      D471
 235 0676 0DCBDA0F 		.ascii	"\015\313\332\017\236\200\267\012\344\202.\271\346\314"
 235      9E80B70A 
 235      E4822EB9 
 235      E6CC
 236 0684 93D09C2A 		.ascii	"\223\320\234*\314\236\244\243((V\023\216\217x\337\216"
 236      CC9EA4A3 
 236      28285613 
 236      8E8F78DF 
 236      8E
 237 0695 5F07D886 		.ascii	"_\007\330\206\373\242\000+\305\267Px[NJC\000\311\325"
 237      FBA2002B 
 237      C5B75078 
 237      5B4E4A43 
 237      00C9D5
 238 06a8 B182CBEB 		.ascii	"\261\202\313\353h\277&1.\324 \347r\256\343\324\317:"
 238      68BF2631 
 238      2ED420E7 
 238      72AEE3D4 
 238      CF3A
 239 06ba 37BFD522 		.ascii	"7\277\325\"\233\374\245r[\215AK\360\313\3274\3742\030"
 239      9BFCA572 
 239      5B8D414B 
 239      F0CBD734 
 239      FC3218
 240 06cd BF7417BF 		.ascii	"\277t\027\277\013\311\015\025D\341wq\275\021\013\000"
 240      0BC90D15 
 240      44E17771 
 240      BD110B00 
 241 06dd 4F485891 		.ascii	"OHX\221\010\203Uj\274\361\361y\202\231\214\340\323\313"
 241      0883556A 
 241      BCF1F179 
 241      82998CE0 
 241      D3CB
 242 06ef 57FB44B2 		.ascii	"W\373D\262\205\023\334\321X\374DG\366\260\201\270\272"
 242      8513DCD1 
 242      58FC4447 
 242      F6B081B8 
 242      BA
 243 0700 36FF9ED1 		.ascii	"6\377\236\321\327\212X'\372:\310w\226Lma\207\361\265"
 243      D78A5827 
 243      FA3AC877 
 243      964C6D61 
 243      87F1B5
 244 0713 A2046B44 		.ascii	"\242\004kD\217\3038\315H\306\226!\302<\246\010\036\205"
 244      8FC338CD 
 244      48C69621 
 244      C23CA608 
 244      1E85
 245 0725 4EB9EF1E 		.ascii	"N\271\357\036qG\341\007\036\205\353\017\206\177\034"
 245      7147E107 
ARM GAS  /tmp/ccjiJaP4.s 			page 19


 245      1E85EB0F 
 245      867F1C
 246 0734 E5330A3F 		.ascii	"\3453\012?\262(d\273\242pp}\373\306Qj\2266\226~/\237"
 246      B22864BB 
 246      A270707D 
 246      FBC6516A 
 246      9636967E 
 247 074a 45B9990C 		.ascii	"E\271\231\014\010Y*\217,\3178\344\2608\334\337\222\262"
 247      08592A8F 
 247      2CCF38E4 
 247      B038DCDF 
 247      92B2
 248 075c 7634A9E2 		.ascii	"v4\251\342q\360F\361\267\264\353\247\301\235\274<Nq"
 248      71F046F1 
 248      B7B4EBA7 
 248      C19DBC3C 
 248      4E71
 249 076e 53CBD50D 		.ascii	"S\313\325\015Al\222.\317\365|\362t\366\226z\342\223"
 249      416C922E 
 249      CFF57CF2 
 249      74F6967A 
 249      E293
 250 0780 F706C63B 		.ascii	"\367\006\306;\337\305\273\367\334\275\235~\310\273\213"
 250      DFC5BBF7 
 250      DCBD9D7E 
 250      C8BB8B
 251 078f 876E55CA 		.ascii	"\207nU\312\361U\362&`0\310UY\347R\326\364a#c\233\272"
 251      F155F226 
 251      6030C855 
 251      59E752D6 
 251      F4612363 
 252 07a5 B6BF4C24 		.ascii	"\266\277L$M\234mskj\205\262+\006\320]\370\327\037\216"
 252      4D9C6D73 
 252      6B6A85B2 
 252      2B06D05D 
 252      F8D71F8E 
 253 07b9 F8F35DB1 		.ascii	"\370\363]\261\205ql\354\317\226H\027\307>\3559\373\324"
 253      85716CEC 
 253      CF964817 
 253      C73EED39 
 253      FBD4
 254 07cb C8B11275 		.ascii	"\310\261\022u4"
 254      34
 255 07d0 B9BC534F 		.ascii	"\271\274SO\177\267\310\3122\302yu\025m\0261e\270m@\221"
 255      7FB7C8CA 
 255      32C27975 
 255      156D1631 
 255      65B86D40 
 256 07e5 C87F1D0D 		.ascii	"\310\177\035\015U\017\033\311m\246I\327U\324w\327\017"
 256      550F1BC9 
 256      6DA649D7 
 256      55D477D7 
 256      0F
 257 07f6 4CE30124 		.ascii	"L\343\001$l[]\277i1\264\030\262-\012]\274\362dT\337"
 257      6C5B5DBF 
 257      6931B418 
 257      B22D0A5D 
ARM GAS  /tmp/ccjiJaP4.s 			page 20


 257      BCF26454 
 258 080b F32D9DE6 		.ascii	"\363-\235\346\247\367\236B\231\214\023`\332x\230\212"
 258      A7F79E42 
 258      998C1360 
 258      DA78988A 
 259 081b 85B4150B 		.ascii	"\205\264\025\013i;\263S,\216\207mh(\017\367\012:\203"
 259      693BB353 
 259      2C8E876D 
 259      68280FF7 
 259      0A3A83
 260 082e 065BD307 		.ascii	"\006[\323\007\333u\301\231\312\0361\001\230\356M\210"
 260      DB75C199 
 260      CA1E3101 
 260      98EE4D88 
 261 083e 2B1029BF 		.ascii	"+\020)\277\035b\260\213%Eg6nZ\357/)6\226\275\324\006"
 261      1D62B08B 
 261      25456736 
 261      6E5AEF2F 
 261      293696BD 
 262 0854 A28FB60E 		.ascii	"\242\217\266\016T\005ju\227\274L\367`I\313\267\023\213"
 262      54056A75 
 262      97BC4CF7 
 262      6049CBB7 
 262      138B
 263 0866 E4B335B4 		.ascii	"\344\2635\264\272\336\311\331*/+G\232\245b0\024b\222"
 263      BADEC9D9 
 263      2A2F2B47 
 263      9AA56230 
 263      146292
 264 0879 70AD6B44 		.ascii	"p\255kD\377\2033\013\361\307\305Nq\"\375(\335\272\322"
 264      FF83330B 
 264      F1C7C54E 
 264      7122FD28 
 264      DDBAD2
 265 088c 1844BA79 		.ascii	"\030D\272y\3703\033:\377\3463\334e\256p\027p\206I\375"
 265      F8331B3A 
 265      FFE633DC 
 265      65AE7017 
 265      708649FD 
 266 08a0 4577033D 		.ascii	"Ew\003=\275Ww\353r\306\260\314\305\260\271\340f\235"
 266      BD5777EB 
 266      72C6B0CC 
 266      C5B0B9E0 
 266      669D
 267 08b2 D1D31F9F 		.ascii	"\321\323\037\237\350\354\023\235w\002\024\207\256\274"
 267      E8EC139D 
 267      77021487 
 267      AEBC
 268 08c0 9E545093 		.ascii	"\236TP\2234\001~R\274\301\215A#\270K\361f7\363\346\344"
 268      34017E52 
 268      BCC18D41 
 268      23B84BF1 
 268      6637F3E6 
 269 08d5 89DA0B44 		.ascii	"\211\332\013D\273\357\322:U]\330\303\367]\332#8\177"
 269      BBEFD23A 
 269      555DD8C3 
 269      F75DDA23 
ARM GAS  /tmp/ccjiJaP4.s 			page 21


 269      387F
 270 08e7 5DCDDED1 		.ascii	"]\315\336\321\344\211Ry\355I\317\224sx\020\375\037\306"
 270      E4895279 
 270      ED49CF94 
 270      737810FD 
 270      1FC6
 271 08f9 EDD622A5 		.ascii	"\355\326\"\245J{\330/\333;\025G\225\177q\004\342\360"
 271      4A7BD82F 
 271      DB3B1547 
 271      957F7104 
 271      E2F0
 272 090b 595D4F73 		.ascii	"Y]Os\240\317H\035tE\352\000\217TFsG\262\277g\244\366"
 272      A0CF481D 
 272      7445EA00 
 272      8F544673 
 272      47B2BF67 
 273 0921 6342F6B1 		.ascii	"cB\366\261\204T0\337\017\272|\257;\237z\211xF\312'\372"
 273      845430DF 
 273      0FBA7CAF 
 273      3B9F7A89 
 273      7846CA27 
 274 0936 548B1CAF 		.ascii	"T\213\034\257\004\252\355M\036\250CJ\240p\347\320\310"
 274      04AAED4D 
 274      1EA8434A 
 274      A070E7D0 
 274      C8
 275 0947 ED550255 		.ascii	"\355U\002U)N\024\244\245\2211\026[d\364G\211\016\303"
 275      294E14A4 
 275      A5913116 
 275      5B64F447 
 275      890EC3
 276 095a A79F7F31 		.ascii	"\247\237\1771\341\343\2600A\027\033\351\370\247d\265"
 276      E1E3B030 
 276      41171BE9 
 276      F8A764B5 
 277 096a 26DAE39C 		.ascii	"&\332\343\234\323\302\255\316\351\346DG\20292!\366\335"
 277      D3C2ADCE 
 277      E9E64447 
 277      82393221 
 277      F6DD
 278 097c B8F838DB 		.ascii	"\270\3708\333\273\266\310\257\355f{\\TLb\264\315\034"
 278      BBB6C8AF 
 278      ED667B5C 
 278      544C62B4 
 278      CD1C
 279 098e 1B19B5C4 		.ascii	"\033\031\265\304\036g3[\243m\213\"\023c\234V\3477Km"
 279      1E67335B 
 279      A36D8B22 
 279      13639C56 
 279      E7374B6D 
 280 09a2 8E294B04 		.ascii	"\216)K\004\203K\372\355\227H;\276q\230\255\016g4BQ\304"
 280      834BFAED 
 280      97483BBE 
 280      7198AD0E 
 280      67344251 
 281 09b7 688F5F1A 		.ascii	"h\217_\032\237\340\244\326\255\316\317\315K\342cm\346"
 281      9FE0A4D6 
ARM GAS  /tmp/ccjiJaP4.s 			page 22


 281      ADCECFCD 
 281      4BE2636D 
 281      E6
 282 09c8 E8F0B0E8 		.ascii	"\350\360\260\350i\3772/M\210_\234\020\031\033k\217["
 282      69FF322F 
 282      4D885F9C 
 282      10191B6B 
 282      8F5B
 283 09da 6CFE7889 		.ascii	"l\376x\211\375k{\304\002\2639\336a^\022\031c\2462\016"
 283      FD6B7BC4 
 283      02B339DE 
 283      615E1219 
 283      63A6320E 
 284 09ee F38285F3 		.ascii	"\363\202\205\363\246\205\233\347\316\235e\376t\376\234"
 284      A6859BE7 
 284      CE9D65FE 
 284      74FE9C
 285 09fd 887F87D3 		.ascii	"\210\177\207\323WVt\316\032\023\023\215\272\375(\312"
 285      575674CE 
 285      1A13138D 
 285      BAFD28CA 
 286 0a0d 1EADFBCB 		.ascii	"\036\255\373\313'\226\317\350m\256n\356\307\177\265"
 286      2796CFE8 
 286      6DAE6EEE 
 286      C77FB5
 287 0a1c E83E5A60 		.ascii	"\350>Z`\261\300W\360\231>*\306\026\231\240\370\034\366"
 287      B1C057F0 
 287      993E2AC6 
 287      1699A0F8 
 287      1CF6
 288 0a2e 27ABD3E0 		.ascii	"'\253\323\340z \016\233\223D\314\262\2209\263,\372\371"
 288      7A200E9B 
 288      9344CCB2 
 288      9039B32C 
 288      FAF9
 289 0a40 5FCC9F65 		.ascii	"_\314\237e\031\025\261`\376\354\331\263,~\021\013\377"
 289      1915B160 
 289      FEECD9B3 
 289      2C7E110B 
 289      FF
 290 0a51 3E7FB645 		.ascii	">\177\266E?/b\326l\013\371\310b1:\234\261\350\361\342"
 290      3F2F62D6 
 290      6C0BF9C8 
 290      62313A9C 
 290      B1E8F1E2 
 291 0a65 A5F678AB 		.ascii	"\245\366x\253S\342\316\330\243\255N\277\370E\213P\213"
 291      53E2CED8 
 291      A3AD4EBF 
 291      F8458B50 
 291      8B
 292 0a76 91AAB42E 		.ascii	"\221\252\264.\212t8\337\263:C_\026\025W@\336\177\345"
 292      8A7438DF 
 292      B33A435F 
 292      16155740 
 292      DE7FE5
 293 0a89 18B84415 		.ascii	"\030\270D\025\247QV?'\002s:\343\22558\022\242\334\322"
 293      A751563F 
ARM GAS  /tmp/ccjiJaP4.s 			page 23


 293      2702733A 
 293      E3953538 
 293      12A2DCD2 
 294 0a9d 51420076 		.ascii	"QB\000v_%\330\2356\324\021\210\317\013lN|\232\027\037"
 294      5F25D89D 
 294      36D41188 
 294      CF0B6C4E 
 294      7C9A171F 
 295 0ab1 6D33D8E3 		.ascii	"m3\330\343c\261\263:\177\347\212\256\025}[\234\020\237"
 295      63B1B33A 
 295      7FE78AAE 
 295      157D5B9C 
 295      109F
 296 0ac3 B894CE07 		.ascii	"\270\224\316\007Z\255\213\022\343\242\254\326)3\302"
 296      5AAD8B12 
 296      E3A2ACD6 
 296      2933C2
 297 0ad2 664C37B8 		.ascii	"fL7\270F\272\250%\221\011\317\275\373\263v\364\336\364"
 297      46BAA825 
 297      9109CFBD 
 297      FBB376F4 
 297      DEF4
 298 0ae4 FF018ED3 		.ascii	"\377\001\216\323/m"
 298      2F6D
 299              		.text
 300              		.section	.gnu.lto_.symtab.31c2113ff47f6914,"",%progbits
 301 0000 70616C52 		.ascii	"palReadBus\000"
 301      65616442 
 301      757300
 302 000b 00       		.ascii	"\000"
 303 000c 00       		.ascii	"\000"
 304 000d 00       		.ascii	"\000"
 305 000e 00000000 		.ascii	"\000\000\000\000\000\000\000\000"
 305      00000000 
 306 0016 0B010000 		.ascii	"\013\001\000\000"
 307 001a 70616C57 		.ascii	"palWriteBus\000"
 307      72697465 
 307      42757300 
 308 0026 00       		.ascii	"\000"
 309 0027 00       		.ascii	"\000"
 310 0028 00       		.ascii	"\000"
 311 0029 00000000 		.ascii	"\000\000\000\000\000\000\000\000"
 311      00000000 
 312 0031 10010000 		.ascii	"\020\001\000\000"
 313 0035 70616C53 		.ascii	"palSetBusMode\000"
 313      65744275 
 313      734D6F64 
 313      6500
 314 0043 00       		.ascii	"\000"
 315 0044 00       		.ascii	"\000"
 316 0045 00       		.ascii	"\000"
 317 0046 00000000 		.ascii	"\000\000\000\000\000\000\000\000"
 317      00000000 
 318 004e 18010000 		.ascii	"\030\001\000\000"
 319 0052 5F70616C 		.ascii	"_pal_lld_setgroupmode\000"
 319      5F6C6C64 
 319      5F736574 
ARM GAS  /tmp/ccjiJaP4.s 			page 24


 319      67726F75 
 319      706D6F64 
 320 0068 00       		.ascii	"\000"
 321 0069 02       		.ascii	"\002"
 322 006a 00       		.ascii	"\000"
 323 006b 00000000 		.ascii	"\000\000\000\000\000\000\000\000"
 323      00000000 
 324 0073 1E010000 		.ascii	"\036\001\000\000"
 325              		.text
 326              		.section	.gnu.lto_.opts,"",%progbits
 327 0000 272D666D 		.ascii	"'-fmath-errno' '-fsigned-zeros' '-ftrapping-math' '"
 327      6174682D 
 327      6572726E 
 327      6F272027 
 327      2D667369 
 328 0033 2D666E6F 		.ascii	"-fno-trapv' '-fno-openmp' '-fno-openacc' '-mcpu=cor"
 328      2D747261 
 328      70762720 
 328      272D666E 
 328      6F2D6F70 
 329 0066 7465782D 		.ascii	"tex-m4' '-mno-thumb-interwork' '-mthumb' '-ggdb' '-"
 329      6D342720 
 329      272D6D6E 
 329      6F2D7468 
 329      756D622D 
 330 0099 4F322720 		.ascii	"O2' '-fomit-frame-pointer' '-falign-functions=16' '"
 330      272D666F 
 330      6D69742D 
 330      6672616D 
 330      652D706F 
 331 00cc 2D666675 		.ascii	"-ffunction-sections' '-fdata-sections' '-fno-common"
 331      6E637469 
 331      6F6E2D73 
 331      65637469 
 331      6F6E7327 
 332 00ff 2720272D 		.ascii	"' '-flto'\000"
 332      666C746F 
 332      2700
 333              		.text
 334              		.comm	__gnu_lto_v1,1,1
 335              		.comm	__gnu_lto_slim,1,1
 336              		.ident	"GCC: (GNU Tools for ARM Embedded Processors 6-2017-q2-update) 6.3.1 20170215 (release) [AR
ARM GAS  /tmp/ccjiJaP4.s 			page 25


DEFINED SYMBOLS
                            *ABS*:0000000000000000 hal_pal.c
                            *COM*:0000000000000001 __gnu_lto_v1
                            *COM*:0000000000000001 __gnu_lto_slim

NO UNDEFINED SYMBOLS
