ARM GAS  /tmp/ccQvvnS9.s 			page 1


   1              		.cpu cortex-m4
   2              		.eabi_attribute 20, 1
   3              		.eabi_attribute 21, 1
   4              		.eabi_attribute 23, 3
   5              		.eabi_attribute 24, 1
   6              		.eabi_attribute 25, 1
   7              		.eabi_attribute 26, 1
   8              		.eabi_attribute 30, 2
   9              		.eabi_attribute 34, 1
  10              		.eabi_attribute 18, 4
  11              		.file	"nvic.c"
  12              		.text
  13              	.Ltext0:
  14              		.section	.gnu.lto_.profile.7222e230f2c6b57f,"",%progbits
  15 0000 789C6365 		.ascii	"x\234ce`b`a```d\220\022\003\000\000\312\000="
  15      60626061 
  15      60606064 
  15      90120300 
  15      00CA003D 
  16              		.text
  17              		.section	.gnu.lto_.icf.7222e230f2c6b57f,"",%progbits
  18 0000 789C6365 		.ascii	"x\234ce`b\220b@\000\026\206\027\337\372'q3~\336ur'\033"
  18      60629062 
  18      40001686 
  18      17DFFA27 
  18      71337EDE 
  19 0018 D385E635 		.ascii	"\323\205\3465\217\270\231;\356\375hab\000\000\253P\014"
  19      8FB8993B 
  19      EEFD6861 
  19      620000AB 
  19      500C
  20 002a 3B       		.ascii	";"
  21              		.text
  22              		.section	.gnu.lto_.jmpfuncs.7222e230f2c6b57f,"",%progbits
  23 0000 789C6365 		.ascii	"x\234ce`b\220b@\000\026\006&FF\346\372zF \250g\202\260"
  23      60629062 
  23      40001606 
  23      264646E6 
  23      FA7A4620 
  24 0018 99416C06 		.ascii	"\231Al\006\000)\250\003:"
  24      0029A803 
  24      3A
  25              		.text
  26              		.section	.gnu.lto_.inline.7222e230f2c6b57f,"",%progbits
  27 0000 789C4D8C 		.ascii	"x\234M\214\321\021\2000\014B!M\323\350\217#\324\011"
  27      D1118030 
  27      0C42214D 
  27      D3E88F23 
  27      D409
  28 0012 5CD2453A 		.ascii	"\\\322E:\222\2438\202\261\236U>\270\343\036\220!\330"
  28      92A33882 
  28      B19E553E 
  28      B8E31E90 
  28      21D8
  29 0024 F1498179 		.ascii	"\361I\201y\242pe\204\333\324\316\015\326\252@\216E\021"
  29      A2706584 
  29      DBD4CE0D 
ARM GAS  /tmp/ccQvvnS9.s 			page 2


  29      D6AA408E 
  29      4511
  30 0036 C9833808 		.ascii	"\311\2038\010/d\257$m\365\251\004\325~\"\310J\366\227"
  30      2F64AF24 
  30      6DF5A904 
  30      D57E22C8 
  30      4AF697
  31 0049 14BBDF41 		.ascii	"\024\273\337A(\241\330;\035pLq\001\226\277\015\245"
  31      28A1D83B 
  31      1D704C71 
  31      0196BF0D 
  31      A5
  32              		.text
  33              		.section	.gnu.lto_.pureconst.7222e230f2c6b57f,"",%progbits
  34 0000 789C6365 		.ascii	"x\234ce`b\340d```a\220b\224b\222b\226\002\000\002\321"
  34      6062E064 
  34      60606061 
  34      90629462 
  34      92629602 
  35 0017 0083     		.ascii	"\000\203"
  36              		.text
  37              		.section	.gnu.lto_nvicEnableVector.7222e230f2c6b57f,"",%progbits
  38 0000 789C9D53 		.ascii	"x\234\235S\317KTQ\024\276\337;3\363ft\234\326\221\244"
  38      CF4B5451 
  38      14BEDF3B 
  38      33F36674 
  38      9CD691A4 
  39 0014 8B40DC74 		.ascii	"\213@\334t\261\376\2022\212\026\022\324_`\032:\320\314"
  39      B1FE8232 
  39      8A1612D4 
  39      5F601A3A 
  39      D0CC
  40 0026 B331A49D 		.ascii	"\2631\244\235\327\031\033\311\242\244t&\243\341M`\371"
  40      D7191BC9 
  40      A2A47426 
  40      A3E14D60 
  40      F9
  41 0037 2B1D352B 		.ascii	"+\0355+\265\202a\020b\026\026E\273\240EF1\013\303\206"
  41      B5826110 
  41      62161645 
  41      BBA04546 
  41      310BC386 
  42 004b 162DD43A 		.ascii	"\026-\324:\367\275\201\202jQ\027\356\217s\316\367\235"
  42      F7BD8182 
  42      6A5117EE 
  42      8F73CEF7 
  42      9D
  43 005c 73BE7BDF 		.ascii	"s\276{\337\363\012C\034&!Z\204\020{x\202\004\214\241"
  43      F30A431C 
  43      26215A84 
  43      107B7882 
  43      048CA1
  44 006f 1742F4F9 		.ascii	"\027B\364\371\015@\037\224\037\242\327@/\256Q\232P\030"
  44      0D401F94 
  44      1FA2D740 
  44      2FAE519A 
  44      5018
ARM GAS  /tmp/ccQvvnS9.s 			page 3


  45 0081 F8B86C34 		.ascii	"\370\270l4\216+\036\371ty\267\232\310\303f\372(O=0\216"
  45      8E2B1EF9 
  45      7479B79A 
  45      C8C366FA 
  45      284F3D30 
  46 0096 4646BDEA 		.ascii	"FF\275\352\237\273MW\311&\300\303\346\227\265[\353!"
  46      9FBB4D57 
  46      C926C0C3 
  46      E697B55B 
  46      EB21
  47 00a8 6D1AA867 		.ascii	"m\032\250gs[\015\247Bt\014\202\317\243\205\221\2675"
  47      735B0DA7 
  47      42740C82 
  47      CFA38591 
  47      B735
  48 00ba 0D77958A 		.ascii	"\015w\225\212\253\374\3520\251}6\021\246@\234\020\223"
  48      ABFCEA30 
  48      A97D3611 
  48      A6409C10 
  48      93
  49 00cb A8C5046A 		.ascii	"\250\305\004j\005\273\004\246\321\300\360\351\370\247"
  49      05BB04A6 
  49      D1C0F0E9 
  49      F8A7
  50 00d9 0DA2E30E 		.ascii	"\015\242\343\016\365Rq{\335\254P?\214T\250\367\377@"
  50      F552717B 
  50      DDAC503F 
  50      8C54A8F7 
  50      FF40
  51 00eb 9D4183C6 		.ascii	"\235A\203\306\277\237\337\031\251\361y\334^1\013\037"
  51      BF9FDF19 
  51      A9F179DC 
  51      5E310B1F 
  52 00fb 78CFBD46 		.ascii	"x\317\275F^\355|\037P\3717\367\220>\032\0044\334`\242"
  52      5EED7C1F 
  52      50F937F7 
  52      903E1A04 
  52      34DC60A2 
  53 010f 87F4E285 		.ascii	"\207\364\342\205\256l\362\321\353\327K\200\027\237\020"
  53      AE6CF2D1 
  53      EBD74B80 
  53      179F10
  54 011e 839C435F 		.ascii	"\203\234C_\316e2\364N%\304\313\003\333\271*\2356CF\206"
  54      CE6532F4 
  54      4E25C4CB 
  54      03DBB92A 
  54      9D364346 
  55 0133 204A486C 		.ascii	" JHl&\341:\210}\277^\213\017\036\344\270\275\022\012"
  55      26E13A88 
  55      7DBF5E8B 
  55      0F1EE4B8 
  55      BD120A
  56 0146 A9629DC6 		.ascii	"\251b\235\306p4u\261\360\322\324Q\323\221\267x\347\363"
  56      703475B1 
  56      F0D2D451 
  56      D391B778 
  56      E7F3
ARM GAS  /tmp/ccQvvnS9.s 			page 4


  57 0158 B7A06BAA 		.ascii	"\267\240k\252BB\205\330u}\243\274\024\262\221\351\343"
  57      424285D8 
  57      757DA3BC 
  57      14B291E9 
  57      E3
  58 0169 DBCFEEB5 		.ascii	"\333\317\356\265\311\217y\3269\307\2114a\355\335\302"
  58      C98F79D6 
  58      39C78934 
  58      61EDDDC2 
  59 0179 D02E39A3 		.ascii	"\320.9\243\372\373T\275M\001,\300\306M\347]t\266\251"
  59      FAFB54BD 
  59      4D012CC0 
  59      C64DE75D 
  59      74B6A9
  60 018c AF13D494 		.ascii	"\257\023\324\224\323\301l\324\246*<\200\314\220\327"
  60      D3C16CD4 
  60      A62A3C80 
  60      CC90D7
  61 019b 79B34534 		.ascii	"y\263E4q\213\272\341r23\237\255\364lr\230\211\305\261"
  61      718BBAE1 
  61      7232339F 
  61      ADF46C72 
  61      9889C5B1 
  62 01af 95ADA0DB 		.ascii	"\225\255\240\333\263\027\017\235\236\023[\311\311\200"
  62      B3170F9D 
  62      9E135BC9 
  62      C980
  63 01bd 0BF2BBA0 		.ascii	"\013\362\273\240\033c\263\3135\032\344E\035\036\271"
  63      1B63B3CB 
  63      351AE445 
  63      1D1EB9
  64 01cc A0CD64D1 		.ascii	"\240\315d\321tA\001]\177\365y\322\357\246\001\036\243"
  64      7441015D 
  64      7FF579D2 
  64      EFA6011E 
  64      A3
  65 01dd 96A9AE7A 		.ascii	"\226\251\256zYQ\377/\332\252\261\344h\303\357\332zl"
  65      5951FF2F 
  65      DAAAB1E4 
  65      68C3EFDA 
  65      7A6C
  66 01ef 0A62596B 		.ascii	"\012bYk3\035m+Z[\300)U\032\\\257\376\257bO\234b\306"
  66      331D6D2B 
  66      5A5BC029 
  66      551A5CAF 
  66      FEAF624F 
  67 0206 5F8A3DFD 		.ascii	"_\212=\375Y\354\231[l\003\361l\356\212s\215\316O1\310"
  67      59EC995B 
  67      6C03F16C 
  67      EE8A738D 
  67      CE4F31C8 
  68 021a 8DF247C2 		.ascii	"\215\362G\302\011\216\310N+rF\266\037hj?xNv\305\254"
  68      098EC84E 
  68      2B7246B6 
  68      1F686A3F 
  68      784E76C5 
  69 022f 8E586B24 		.ascii	"\216Xk$\022\216v\310\346\316\360\351\360\211SRZ\335"
ARM GAS  /tmp/ccQvvnS9.s 			page 5


  69      128E76C8 
  69      E6CEF0E9 
  69      F0895352 
  69      5ADD
  70 0241 B2B3F5AC 		.ascii	"\262\263\365\254\354\262b\347\273e\233\025\211XQy\350"
  70      ECB262E7 
  70      BB659B15 
  70      89585179 
  70      E8
  71 0252 644B73CB 		.ascii	"dKs\313\005\031\355\011\267\355o\023\210z\272ba\353"
  71      0519ED09 
  71      B7ED6F13 
  71      887ABA62 
  71      61EB
  72 0264 07442720 		.ascii	"\007D' u"
  72      75
  73              		.text
  74              		.section	.gnu.lto_nvicDisableVector.7222e230f2c6b57f,"",%progbits
  75 0000 789C9592 		.ascii	"x\234\225\222Kk\023Q\024\307\357\177N\036S\333\304\255"
  75      4B6B1351 
  75      14C7EF7F 
  75      4E1E53DB 
  75      C4AD
  76 0012 60D02E84 		.ascii	"`\320.\204\322\215\227\350'\220\212\272)\202~\202\232"
  76      D28D97E8 
  76      27908ABA 
  76      29827E82 
  76      9A
  77 0023 96266032 		.ascii	"\226&`25\225\342\2567}L\241\242\026mS+\206\211\020i"
  77      3595E2AE 
  77      377D4CA1 
  77      A2166D53 
  77      2B868910 
  78 0038 DADAA68F 		.ascii	"\332\332\246\217\250\255\2530\010\0220\212\202+\301"
  78      A8ADAB30 
  78      0812308A 
  78      822BC1
  79 0047 8515A98B 		.ascii	"\205\025\251\213\212\226.\\\324\352\2713.\004W^\270"
  79      8A962E5C 
  79      D4EAB933 
  79      2E04575E 
  79      B8
  80 0058 8F73E777 		.ascii	"\217s\347w\316\377\234s'(\014\321c\010qN\010q\230'H"
  80      CEFF9C73 
  80      27280CD1 
  80      6308714E 
  80      08719827 
  81 006d C0987825 		.ascii	"\300\230x%D\3164\000}P&\304\240\201A\334\242i\202;\366"
  81      44CE3400 
  81      7D5026C4 
  81      A08141DC 
  81      A269823B 
  82 0082 79C3689F 		.ascii	"y\303h\237U<j\323\325\220\255F\0179$\304\014O=0\213"
  82      553C6AD3 
  82      D590AD46 
  82      0F3924C4 
  82      0C4F3D30 
ARM GAS  /tmp/ccQvvnS9.s 			page 6


  83 0097 76A6DE8C 		.ascii	"v\246\336\214,\337\247\233\344\020\020`\363{\343\336"
  83      2CDFA79B 
  83      E4101060 
  83      F37BE3DE 
  84 00a7 66549B06 		.ascii	"fT\233\006Z\331\374\251&\363Q:\013\301\347\031w\352"
  84      5AD9FCA9 
  84      26F3513A 
  84      0BC1E719 
  84      77EA
  85 00b9 7DA4EDA1 		.ascii	"}\244\355\241RC\252\366r\222\3241\207\010\363 \016\210"
  85      5243AAF6 
  85      7292D431 
  85      8708F320 
  85      0E88
  86 00cb 39C45046 		.ascii	"9\304PFL\360\225\300\002\3324\377qe\177*\022\012\370"
  86      4CF095C0 
  86      02DA34FF 
  86      71657F2A 
  86      120AF8
  87 00de 82788410 		.ascii	"\202x\204\020x\257\274EM\355\377\032S\265O%\274;c\002"
  87      78AFBC45 
  87      4DEDFF1A 
  87      53B54F25 
  87      BC3B6302 
  88 00f2 1A37D831 		.ascii	"\0327\3301@z\011\360\022\024b\234}tE\327\311\320;}\301"
  88      407A09F0 
  88      1214629C 
  88      7D7445D7 
  88      C9D03B7D 
  89 0107 F08EDD58 		.ascii	"\360\216\335X+B\307)\220Q \260B\275\364l\257E'\033D"
  89      2B42C729 
  89      905120B0 
  89      42BDF46C 
  89      AF45271B 
  90 011c 108B2CCF 		.ascii	"\020\213,\317\330\236=\327\344C\344CwJK\033\021\015"
  90      D89E3DD7 
  90      E443E443 
  90      774A4B1B 
  90      110D
  91 012e 0570144B 		.ascii	"\005p\024K>\364\315\256\207}H\327\\}\376\3026\3750@"
  91      3EF4CDAE 
  91      877D48D7 
  91      5C7DFEC2 
  91      36FD3040 
  92 0142 05317665 		.ascii	"\0051ve\310\315\327\245f\030\310\217\272\257\303\032"
  92      C8CDD7A5 
  92      6618C88F 
  92      BAAFC31A 
  93 0152 08798DA8 		.ascii	"\010y\215\250>\370\372\243\3057\225;\254\242|u{{g=\352"
  93      3EF8FAA3 
  93      C537953B 
  93      ACA27C75 
  93      7B7B673D 
  94 0167 A090E366 		.ascii	"\240\220\343f\027\2178\024\306\012wd\231\325\264C\343"
  94      178F3814 
  94      C60A7764 
  94      99D5B443 
ARM GAS  /tmp/ccQvvnS9.s 			page 7


  94      E3
  95 0178 C3EAC441 		.ascii	"\303\352\304A\271\250Fr\252\325!\023\253pp\327{\006"
  95      B9A84672 
  95      AAD52113 
  95      AB7070D7 
  95      7B06
  96 018a 1D6D7EB7 		.ascii	"\035m~\267L\361\212\376X\034p\250\011k\220\\\241\367"
  96      4CF18AFE 
  96      581C70A8 
  96      096B905C 
  96      A1F7
  97 019c 4455C439 		.ascii	"DU\3049E\235\314\356Vy3\374'\235\377\021;\200\307\236"
  97      459DCCEE 
  97      567933FC 
  97      279DFF11 
  97      3B80C79E 
  98 01b0 18FE15CB 		.ascii	"\030\376\025\3138\324\214'Z\014\236\330S\304\377\256"
  98      38D48C27 
  98      5A0C9ED8 
  98      53C4FFAE 
  99 01c0 B51902EB 		.ascii	"\265\031\002\353\034s\033C\305\205\033^\343\275\377"
  99      1C731B43 
  99      C5851B5E 
  99      E3BDFF
 100 01cf 669C717E 		.ascii	"f\234q~\022N\360\264LZ\351\036\331}\"\336}\362\212\354"
 100      124EF0B4 
 100      4C5AE91E 
 100      D97D22DE 
 100      7DF28AEC 
 101 01e3 CB5ABDD9 		.ascii	"\313Z\275\331\256t:\225\351\225\035\311\324\245\324"
 101      AE743A95 
 101      E9951DC9 
 101      D4A5D4
 102 01f2 F98B525A 		.ascii	"\371\213RZ\3752\331uY\366Y\331\253\3752a\245\323VF\236"
 102      FD32D975 
 102      59F659D9 
 102      ABFD3261 
 102      A5D35646 
 103 0207 BAD0D9D1 		.ascii	"\272\320\331\321yMf\006R\211\343\011\201\314o\313\017"
 103      794D6606 
 103      5289E309 
 103      81CC6FCB 
 103      0F
 104 0218 DB7A     		.ascii	"\333z"
 105              		.text
 106              		.section	.gnu.lto_nvicSetSystemHandlerPriority.7222e230f2c6b57f,"",%progbits
 107 0000 789C6D51 		.ascii	"x\234mQKkSQ\020\236\357N\036W\301\256\213v\321\205\020"
 107      4B6B5351 
 107      109EEF4E 
 107      1E57C1AE 
 107      8B76D185 
 108 0015 BAD043F4 		.ascii	"\272\320C\364\027H\004W\245`\177ALJ\023hrc*\342\256"
 108      17480457 
 108      A5607F41 
 108      4C4A1368 
 108      72632AE2 
 109 002a E7266D43 		.ascii	"\347&mC+\264EMS\305p\003E\252\2555\255\272\011\006\011"
ARM GAS  /tmp/ccQvvnS9.s 			page 8


 109      2BB4454D 
 109      53C57003 
 109      45AAAD35 
 109      ADBA0906 
 110 003f 59994515 		.ascii	"Y\231E\025]v\247\025%`\300G\267V\347\\#\270\360\300"
 110      5D76A715 
 110      2560C047 
 110      B756E75C 
 110      23B8F0C0 
 111 0053 79CCE39B 		.ascii	"y\314\343\233\363}3A\262\250\007\242q\":%\033L\260V"
 111      F37D3341 
 111      B2A807A2 
 111      71223A25 
 111      1B4CB056 
 112 0067 5E13B9B6 		.ascii	"^\023\271\266\005\230\207\266A3\026f\260\314\025F\273"
 112      059887B6 
 112      41331666 
 112      B0CC1546 
 112      BB
 113 0078 F4A9618D 		.ascii	"\364\251a\215lhY\255\312ah^\317\015zLtW\266Y\330\300"
 113      6C6859AD 
 113      CA61685E 
 113      CF0D7A4C 
 113      7457B659 
 114 008e 8864BD9D 		.ascii	"\210d\275\235\335\271\317K\3541\020\020\363\333\336"
 114      DDB9CF4B 
 114      EC311010 
 114      F3DBDE
 115 009d BD830163 		.ascii	"\275\203\001cZ\030\026\263x\373e\323\346K y\367t\307"
 115      5A1816B3 
 115      78FB65D3 
 115      E64B2079 
 115      F774C7
 116 00b0 0D451E68 		.ascii	"\015E\036h]\320\255\217e\326\247=fl\202\245 \036a\010"
 116      5DD0AD8F 
 116      65D6A73D 
 116      666C82A5 
 116      201E6108 
 117 00c4 0F3144E2 		.ascii	"\0171D\342\"l!\"\351[\205\317=\3461\037\272\320\371"
 117      226C2122 
 117      E95B85CF 
 117      3DE6311F 
 117      BAD0F9
 118 00d7 7910EE43 		.ascii	"y\020\356C\017+}\350\343\377@\267\0211\371\037v\217"
 118      0F2B7DE8 
 118      E3FF40B7 
 118      1131F91F 
 118      768F
 119 00e9 CA274281 		.ascii	"\312'B\201\365\277t\361\004!QN\365wh\351\243_%!0\270"
 119      F5BF74F1 
 119      0421514E 
 119      F57768E9 
 119      A35F2521 
 120 00ff FFC30E03 		.ascii	"\377\303\016\003\006a\0116\300\346\010\302|N\264( \323"
 120      06610936 
 120      C0E608C2 
 120      7C4EB428 
ARM GAS  /tmp/ccQvvnS9.s 			page 9


 120      20D3
 121 0111 909B6C99 		.ascii	"\220\233l\231\233\273(|/\3555\2320\205\252lU\031\324"
 121      9BBB287C 
 121      2FED359A 
 121      3085AA6C 
 121      5519D4
 122 0124 45F1EB7C 		.ascii	"E\361\353|\337\301\342\373\267\027A\004P\027N]\264W"
 122      DFC1E2FB 
 122      B7174104 
 122      50174E5D 
 122      B457
 123 0136 3B674C8E 		.ascii	";gL\216DW\347\332o\302&\032\3625\271\215\346\235\340"
 123      4457E7DA 
 123      6FC2261A 
 123      F235B98D 
 123      E69DE0
 124 0149 1F53EF17 		.ascii	"\037S\357\027\365\200\301\257\025\336\333\036\252\256"
 124      F580C1AF 
 124      15DEDB1E 
 124      AAAE
 125 0157 B4BC76D2 		.ascii	"\264\274v\322\3430vE\334\216\0242\200/\345W\233\307"
 125      E3307645 
 125      DC8E1432 
 125      802FE557 
 125      9BC7
 126 0169 D5B69E75 		.ascii	"\325\266\236u\365\260\3076\236\302\303\232?\014\011"
 126      F5B0C736 
 126      9EC2C39A 
 126      3F0C09
 127 0178 AEDFAAC6 		.ascii	"\256\337\252\306\242u\023\253e=>\206gPU\016\372sz\216"
 127      A27513AB 
 127      653D3E86 
 127      6750550E 
 127      FA737A8E 
 128 018c A83094D1 		.ascii	"\2500\224\321\027j/\226|\302\376\374\026E\203h\263\210"
 128      176A2F96 
 128      7CC2FEFC 
 128      16458368 
 128      B388
 129 019e 2EAA9493 		.ascii	".\252\224\223\231P\311s\321\344\371\253*\227w&\363\361"
 129      9950C973 
 129      D1E4F9AB 
 129      2A977726 
 129      F3F1
 130 01b0 4C269D9D 		.ascii	"L&\235\235T\261T\372Jzl\\)gZ\245\342S*\347\344\257M"
 130      54B154FA 
 130      4A7A6C5C 
 130      29675AA5 
 130      E2532AE7 
 131 01c7 AB8493C9 		.ascii	"\253\204\223\3118Yu\341\362hl\364\206\312^O'\316&(\234"
 131      385975E1 
 131      F2686CF4 
 131      86CA5E4F 
 131      27CE2628 
 132 01dc 8A679353 		.ascii	"\212g\223S\023\371@.\237v~\003FV\2679"
 132      13F9402E 
 132      9F767E03 
ARM GAS  /tmp/ccQvvnS9.s 			page 10


 132      4656B739 
 133              		.text
 134              		.section	.gnu.lto_nvicClearPending.7222e230f2c6b57f,"",%progbits
 135 0000 789C2D51 		.ascii	"x\234-Q\317OSA\020\236\357\315{mIh\275\232\330(\007"
 135      CF4F5341 
 135      109EEFCD 
 135      7B6D4968 
 135      BD9AD828 
 136 0015 13424CD8 		.ascii	"\023BL\330T\377\002\203\011\\\210\211\376\005X\014m"
 136      54FF0283 
 136      095C8889 
 136      FE05580C 
 136      6D
 137 0026 E2EBC362 		.ascii	"\342\353\303b\2107\266\005\332\010\211\020\205\"\306"
 137      8837B605 
 137      DA088910 
 137      8522C6
 138 0035 E6D558C3 		.ascii	"\346\325X\303\017\205\002z\020\2744\215\027\016h\360"
 138      0F85027A 
 138      10BC348D 
 138      170E68F0 
 139 0045 AAF1A089 		.ascii	"\252\361\240\211\211\007\2106\036<\000:\333\347&\273"
 139      89078836 
 139      1E3C003A 
 139      DBE726BB 
 140 0055 3BF3ED37 		.ascii	";\363\3557\337\314\3168d\321!\210\372\210\350\214l0"
 140      DFCCCE38 
 140      64D12188 
 140      FA88E88C 
 140      6C30
 141 0067 C19A7D4F 		.ascii	"\301\232}O\224\213X\2001t\0044fa\0143\274\300h\024\277"
 141      948B5880 
 141      31740434 
 141      66610C33 
 141      BCC06814 
 142 007c 6F5B5D4B 		.ascii	"o[]KZV}a'\\\320\223\247}&Z\224m\026\226\320%\254\375"
 142      5A567D61 
 142      275CD093 
 142      A77D265A 
 142      946D1696 
 143 0094 898D277C 		.ascii	"\211\215'|\237}\006lq\177\355=\376\0263\256\205\016"
 143      9F7D066C 
 143      717FED3D 
 143      FE1633AE 
 143      850E
 144 00a6 718FF55C 		.ascii	"q\217\365\\)\306\275 \261\027\033\363\237\242\235\317"
 144      29C6BD20 
 144      B1171BF3 
 144      9FA29DCF 
 145 00b6 B5CEEBFA 		.ascii	"\265\316\353\372\2739\326\347}f\254\202E\020+\210c\031"
 145      BB39D6E7 
 145      7D66AC82 
 145      45102B88 
 145      6319
 146 00c8 711288F0 		.ascii	"q\022\210\360\002\235\206\377u\363d>\032\262\203\204"
 146      029D86FF 
 146      75F3643E 
ARM GAS  /tmp/ccQvvnS9.s 			page 11


 146      1AB28384 
 147 00d8 788990D4 		.ascii	"x\211\220\324N\265\217\250\353\223\277E]\377\\\305~"
 147      4EB58FA8 
 147      EB93BF45 
 147      5DFF5CC5 
 147      7E
 148 00e9 6F043074 		.ascii	"o\0040tK\002m6\207-\207\343\030\213hJ\002\315\267\246"
 148      4B026D36 
 148      872D87E3 
 148      188B684A 
 148      02CDB7A6 
 149 00fd D93237FF 		.ascii	"\33127\377\300x\263p\374\266\002#Vf\253\314\2204\273"
 149      C078B370 
 149      FCB60223 
 149      5666ABCC 
 149      9034BB
 150 0110 D59DA376 		.ascii	"\325\235\243vS\261\003\007kR\203\320\216\012\367\332"
 150      53B10307 
 150      6B5283D0 
 150      8E0AF7DA 
 151 0120 021207A4 		.ascii	"\002\022\007\244\207\325\365\355\250!\3318\207\365\200"
 151      87D5F5ED 
 151      A821D938 
 151      87F580
 152 012f F4B3B012 		.ascii	"\364\263\260\022\016H6.\304\205*`\276Y\374\257\356\010"
 152      0E48362E 
 152      C4852A60 
 152      BE59FCAF 
 152      EE08
 153 0141 2C40A3B4 		.ascii	",@\243\264\333m\000\321(M6>\204\215F\250\325\216\327"
 153      DB6D00D1 
 153      284D363E 
 153      848D46A8 
 153      D58ED7
 154 0154 4F0FFFB4 		.ascii	"O\017\377\264\007\256n\214\353\230@\017\016\232ob>\312"
 154      07AE6E8C 
 154      EB98400F 
 154      0E9A6F62 
 154      3ECA
 155 0166 396979E5 		.ascii	"9iy\345\254\317alH_j\222\316\004\354}\331\232=\245\326"
 155      ACCF616C 
 155      485F6A92 
 155      CE04EC7D 
 155      D99A3DA5 
 156 017b F4444E77 		.ascii	"\364DNw\370\034\301&|<j\015\303\250\255\376^\346D\315"
 156      F81CC126 
 156      7C3C6A0D 
 156      C3A8ADFE 
 156      5EE644CD 
 157 018f 3C56467D 		.ascii	"<VF}n\303\026\224|\2615\250WHH=t\200|\345\331L\253\274"
 157      6EC31694 
 157      7CB135A8 
 157      5748483D 
 157      74807CE5 
 158 01a7 D600A718 		.ascii	"\326\000\247\030\246-\302\271\242R\236{S\015^L\014^"
 158      A62DC2B9 
 158      A2529E7B 
ARM GAS  /tmp/ccQvvnS9.s 			page 12


 158      530D5E4C 
 158      0C5E
 159 01b9 BAAD86B3 		.ascii	"\272\255\206\263\336Pv\300u\323\231!\325\223J\337H_"
 159      DE5076C0 
 159      75D39921 
 159      D5934ADF 
 159      485F
 160 01cb BDAE9437 		.ascii	"\275\256\2247\242R\003\267\324\260\227\2753\242\222"
 160      A25203B7 
 160      D4B097BD 
 160      33A292
 161 01da 9EEB7A19 		.ascii	"\236\353z\031u\371Z\177O\377]\225\031M'\273\223\204"
 161      75F95A7F 
 161      4FFF5D95 
 161      194D27BB 
 161      9384
 162 01ec CC3FF46F 		.ascii	"\314?\364o\263$"
 162      B324
 163              		.text
 164              		.section	.gnu.lto_.symbol_nodes.7222e230f2c6b57f,"",%progbits
 165 0000 789C6365 		.ascii	"x\234ce`b\360b\000\002\246>\246z\006\206\011\347\030"
 165      6062F062 
 165      0002A63E 
 165      A67A0686 
 165      09E718
 166 0013 1880D4AE 		.ascii	"\030\200\324\256\006G\240H?S=#\252\310\004\246z&T\221"
 166      0647A048 
 166      3F533D23 
 166      AAC804A6 
 166      7A265491 
 167 0027 894CF5CC 		.ascii	"\211L\365\314(\"\014\000\264\344\022\002"
 167      28220C00 
 167      B4E41202 
 168              		.text
 169              		.section	.gnu.lto_.refs.7222e230f2c6b57f,"",%progbits
 170 0000 789C6365 		.ascii	"x\234ce`b`d\000\002\000\000I\000\011"
 170      60626064 
 170      00020000 
 170      490009
 171              		.text
 172              		.section	.gnu.lto_.decls.7222e230f2c6b57f,"",%progbits
 173 0000 789CBD59 		.ascii	"x\234\275Y{P\224\327\025\337\373\335\005\226\345\241"
 173      7B5094D7 
 173      15DFFBDD 
 173      0596E5A1 
 174 0010 4526312D 		.ascii	"E&1-\351d\0343\322i\343\372H'\371\243\235JV\255L\307"
 174      E9641C33 
 174      D269E3FA 
 174      4827F9A3 
 174      9D4A56AD 
 175 0026 84598CD3 		.ascii	"\204Y\214\323?\332a\0207\221\216@\012\330\321L\323|"
 175      3FDA6110 
 175      37918E40 
 175      0AD8D14C 
 175      D37C
 176 0038 08286224 		.ascii	"\010(b$\240\370\340\245<DETD\020TD\027T\004\004\202"
 176      A0F8E0A5 
ARM GAS  /tmp/ccQvvnS9.s 			page 13


 176      3C444554 
 176      44105444 
 176      17540404 
 177 004d 20226F44 		.ascii	" \"oD@DD\036>\000\021z\356\343c?>w\235\374\321\3517"
 177      4044441E 
 177      3E00117A 
 177      EEE3633F 
 177      3E779DFC 
 178 0064 9EDD3DF7 		.ascii	"\236\335=\367\376\356\271\277{\316\275\347\236\017m"
 178      FEEEB9BF 
 178      7BCEBDE7 
 178      9E0F6D
 179 0073 5482EA8F 		.ascii	"T\202\352\217\357\251T\177\027T\252CH\245\232\206\307"
 179      EFA9547F 
 179      1754AA43 
 179      48A59A86 
 179      C7
 180 0084 46A5529D 		.ascii	"F\245R\235V\231\0375\310%\220+ &\220R\325\233\317\026"
 180      56991F35 
 180      C825902B 
 180      20269052 
 180      D59BCF16 
 181 0098 18EB04DF 		.ascii	"\030\353\004\337\353A\\@\\A\362@\334@\026\201|A\332"
 181      EB415C40 
 181      5C41F240 
 181      DC401681 
 181      7C41DA
 182 00ab 00330FA4 		.ascii	"\0003\017\244\005~7\203<\006\351\007\301 \002\264\333"
 182      057E3783 
 182      3C06E907 
 182      C12002B4 
 182      DB
 183 00bc 83D88120 		.ascii	"\203\330\201 >\237\362\371\016:\034-\314\241\264/\331"
 183      3E9FF2F9 
 183      0E3A1C2D 
 183      CCA1B42F 
 183      D9
 184 00cd 95E681A5 		.ascii	"\225\346\201\245\2514\210\315\201\370:\224O\030th\255"
 184      A93488CD 
 184      81F83A94 
 184      4F187468 
 184      AD
 185 00de F027B68D 		.ascii	"\360'\266\215\320\357\007\342\201\230Mb\347/\334\236"
 185      D0EF07E2 
 185      81984D62 
 185      E72FDC9E 
 186 00ee 89EBA168 		.ascii	"\211\353\241h\266\315H+6\011_/\013|\311p{n\323\222\217"
 186      B6CD482B 
 186      36095F2F 
 186      0B7CC970 
 186      7B6ED392 
 187 0103 0F6254B0 		.ascii	"\017bT\260\347z\261\320\216Z\021\254\011\315\245\255"
 187      E77AB1D0 
 187      8E5A11AC 
 187      09CDA5AD 
 188 0113 08B14F44 		.ascii	"\010\261OD\205\252\323\322\203\020m\207VA\305\015KM"
 188      85AAD3D2 
ARM GAS  /tmp/ccQvvnS9.s 			page 14


 188      83106D87 
 188      5641C50D 
 188      4B4D
 189 0125 481AC175 		.ascii	"H\032\301u\201\253\0027I\377\361\301Hf\221u\263\231"
 189      81AB0237 
 189      49FFF1C1 
 189      48669175 
 189      B399
 190 0137 A4877167 		.ascii	"\244\207qg?\3500i4\022\314\023 $\037 3\310h\363\376"
 190      3FE83069 
 190      3412CC13 
 190      20241F20 
 190      33C868F3 
 191 014c 197E2AF3 		.ascii	"\031~*\363\342\220\264\372\341\204\252^m\007j#\255\251"
 191      E290B4FA 
 191      E184AA5E 
 191      6D076A23 
 191      ADA9
 192 015e 2B106D4B 		.ascii	"+\020mK\272\323\225!`\010-\374\356\030?\261z\361)\221"
 192      BAD39521 
 192      60082DFC 
 192      EE183FB1 
 192      7AF12991 
 193 0172 3D9ADF9A 		.ascii	"=\232\337\232\335\326V\236\225\215c0Z\244Ed\3169\320"
 193      DDD6569E 
 193      958D6330 
 193      5AA44564 
 193      CE39D0
 194 0185 94337071 		.ascii	"\2243pq\334\2115\021D\335\217#G\355\260\033\375};\342"
 194      DC893511 
 194      44DD8F23 
 194      47EDB01B 
 194      FD7D3BE2 
 195 0199 6C3241BB 		.ascii	"l2A\273h\221\232\314Z\235\370\300\031TW-\372\340 \026"
 195      68919ACC 
 195      5A9DF8C0 
 195      1954572D 
 195      FAE02016 
 196 01ad 122A1B4B 		.ascii	"\022*\033K\325\310]{\214Lb\232~\266(n\247(\012(\027"
 196      D5C85D7B 
 196      8C4C629A 
 196      7EB6286E 
 196      A7280A28 
 197 01c2 69D16984 		.ascii	"i\321i\204\321I\264\230P^D\002\037%\212\333\305\330"
 197      D149B498 
 197      505E4402 
 197      1F258ADB 
 197      C5D8
 198 01d4 70D17E8D 		.ascii	"p\321~\215\012\345 7t\006\271\251\320Y\344N&%8t\012"
 198      0AE52037 
 198      7406B9A9 
 198      D059E44E 
 198      26253874 
 199 01e9 1AB3A111 		.ascii	"\032\263\241\021f\311:\032\227n\213\377F\010\010eWZ"
 199      66C93A1A 
 199      976E8BFF 
 199      46080865 
ARM GAS  /tmp/ccQvvnS9.s 			page 15


 199      575A
 200 01fb EEA991D6 		.ascii	"\356\251\221\326\335\342\370|\013\343\031\227\247\311"
 200      DDE2F87C 
 200      0BE31997 
 200      A7C9
 201 0209 0BCA2209 		.ascii	"\013\312\"\011\227<\340r\316\314\005\25017\224\216w"
 201      973CE072 
 201      CECC05A8 
 201      3137948E 
 201      77
 202 021a CC55939D 		.ascii	"\314U\223\235C\000\033\324\244):\263b\002\317\264\235"
 202      43001BD4 
 202      A4293AB3 
 202      6202CFB4 
 202      9D
 203 022b 47B4F1C6 		.ascii	"G\264\361\306\364K\323\034\346\000\201\370f\250*\305"
 203      F44BD31C 
 203      E60081F8 
 203      66A82AC5 
 204 023b 8139602E 		.ascii	"\2019`.\250\267n\2174:\316?@\235\034.\316\025\320\372"
 204      A8B76E8F 
 204      343ACE3F 
 204      409D1C2E 
 204      CE15D0FA 
 205 024f 77D00520 		.ascii	"w\320\005 R\010DT\350\"\232\017\237\005H\315\246\234"
 205      52084454 
 205      E8229A0F 
 205      9F0548CD 
 205      A69C
 206 0261 BC173660 		.ascii	"\274\0276`\273 UL\355\004_e-|xN\024\201\242\250&8\224"
 206      BB20554C 
 206      ED045F65 
 206      2D7C784E 
 206      1481A2A8 
 207 0278 65E6083F 		.ascii	"e\346\010?\341\363\004\352@\3508j\207\015p\011-\200"
 207      E1F304EA 
 207      40E8386A 
 207      870D7009 
 207      2D80
 208 028a E10DEDC5 		.ascii	"\341\015\355\305C\030\337A\310\012\375\353g\263_;[\345"
 208      4318DF41 
 208      C80AFDEB 
 208      67B35F3B 
 208      5BE5
 209 029c 524CB95C 		.ascii	"RL\271\\\226\270\0348\2273%p.u\357%\210\246\355\"\361"
 209      96B81C38 
 209      97332570 
 209      2E75EF25 
 209      88A6ED22 
 210 02b1 16A05091 		.ascii	"\026\240P\221\231I\221\222\311\025\312$w\354q8\306\275"
 210      99499192 
 210      C915CA24 
 210      77EC7138 
 210      C6BD
 211 02c3 8CC9B1C7 		.ascii	"\214\311\261\307\023\027\035%K\277\232\261D\326t\325"
 211      13171D25 
 211      4BBF9AB1 
ARM GAS  /tmp/ccQvvnS9.s 			page 16


 211      44D674D5 
 212 02d3 6CE9AAD2 		.ascii	"l\351\252\322\222\211Z*>~\320\023\207\263\035[t\241"
 212      92895A2A 
 212      3E7ED013 
 212      87B31D5B 
 212      74A1
 213 02e5 F9A5861B 		.ascii	"\371\245\206\033\352\177\177\026\245\022\263\241\022"
 213      EA7F7F16 
 213      A512B3A1 
 213      12
 214 02f2 A5A1526A 		.ascii	"\245\241Rj\350T\303\221\"G\026&\321\215l\324\222\235"
 214      E854C391 
 214      22471626 
 214      D18D6CD4 
 214      929D
 215 0304 F95C1FB2 		.ascii	"\371\\\037\262\003=\376\364\203B\304\364XW\320\373\032"
 215      033DFEF4 
 215      8342C4F4 
 215      5857D0FB 
 215      1A
 216 0315 8E273AB1 		.ascii	"\216':\2618\212i\010\032R&'#\3248\236Q\271\177w\352"
 216      388A6908 
 216      1A522627 
 216      23D4389E 
 216      51B97F77 
 217 032a 16DFF5E1 		.ascii	"\026\337\365\3416\344\024\024<\332\353\240\215\"\236"
 217      36E41414 
 217      3CDAEBA0 
 217      8D229E
 218 0339 A55B9074 		.ascii	"\245[\220tH\233P\205*\310\236B:7T\316\266\357hKI\252"
 218      489B5085 
 218      2AC89E42 
 218      3A3754CE 
 218      B6EF684B 
 219 034f D62596A2 		.ascii	"\326%\226\242E\361\0035\215Q\031\300oPx%r\221\006\021"
 219      45F10335 
 219      8D5119C0 
 219      6F507825 
 219      72910611 
 220 0363 74776677 		.ascii	"twfw\252=gn\013\372\216\270\256\014g\316\234\020\253"
 220      AA3D676E 
 220      0BFA8EB8 
 220      AE0C67CE 
 220      9C10AB
 221 0376 8DFB619F 		.ascii	"\215\373a\237\2323%\2075\2461\356O\3700\343y/w\337Y"
 221      9A332587 
 221      35A631EE 
 221      4FF830E3 
 221      792F77DF 
 222 038b 1B867D4A 		.ascii	"\033\206}J\260\303S\231\373m\255\362\254\225x\376\304"
 222      B0C35399 
 222      FB6DADF2 
 222      AC9578FE 
 222      C4
 223 039c 78E64476 		.ascii	"x\346Dvgi`\264\033d\002$K\003n,\015\344\233FO\253q\032"
 223      676960B4 
 223      1B640224 
ARM GAS  /tmp/ccQvvnS9.s 			page 17


 223      4B036E2C 
 223      0DE49B46 
 224 03b4 9D4928C8 		.ascii	"\235I(\310\357N\324\312N\372;\027Dq.j\200\205\325\233"
 224      EF4ED4CA 
 224      4EFA3B17 
 224      44712E6A 
 224      8085D59B 
 225 03c8 63E33673 		.ascii	"c\3436s\320\207\322E<_\205\226\273\241%pL\357\3001u"
 225      D087D245 
 225      3C5F8596 
 225      BBA12570 
 225      4CEFC031 
 226 03dd E3C7B40E 		.ascii	"\343\307\264\016\350\334\346\307\374\310\211\353N8\233"
 226      E8DCE6C7 
 226      FCC889EB 
 226      4E389B
 227 03ec 4D90B0BF 		.ascii	"M\220\260\277$\337yf\0028\276y\364\370\336\203\031\356"
 227      24DF7966 
 227      0238BE79 
 227      F4F8DE83 
 227      19EE
 228 03fe 9A676840 		.ascii	"\232gh@V\246h\264<\305h\317\345B[s(\020\265W\015\375"
 228      56A668B4 
 228      3CC568CF 
 228      E5425B73 
 228      2810B557 
 229 0414 55D4234D 		.ascii	"U\324#M4\024\265R(RO%\014\330\021\367\205\377<\353\035"
 229      3414B552 
 229      28524F25 
 229      0CD811F7 
 229      85FF3CEB 
 230 0429 6264BF9D 		.ascii	"bd\277\235\334z\363\333\254\027t\304\357\342[2\225\344"
 230      DC7AF3DB 
 230      AC1774C4 
 230      EFE25B32 
 230      95E4
 231 043b D24B6DC3 		.ascii	"\322Km\303&\007\246w\022\367\217\017\034j\320\360@;"
 231      2607A677 
 231      12F78F0F 
 231      1C6AD0F0 
 231      403B
 232 044d 837E6D34 		.ascii	"\203~m4y\330\021\347\261H\227\266\024G\361H\177\002"
 232      79D811E7 
 232      B14897B6 
 232      1447F148 
 232      7F02
 233 045f EAF6FEDC 		.ascii	"\352\366\376\334${\253\201\276/\005\272\223\361\214"
 233      247BAB81 
 233      BE2F05BA 
 233      93F18C
 234 046e EC4D6915 		.ascii	"\354Mi\025\224\033\262\035\340m\024\336Ey\336\227x\036"
 234      941BB21D 
 234      E06D14DE 
 234      4579DE97 
 234      781E
 235 0480 7C32FE4B 		.ascii	"|2\376K\276\037\345)\337\205\246|t\246\357j\262\226"
 235      BE1FE529 
ARM GAS  /tmp/ccQvvnS9.s 			page 18


 235      DF85A67C 
 235      74A6EF6A 
 235      B296
 236 0492 B32409F1 		.ascii	"\263$\011\361Z}R\266\035.f,\237EG\276\344\347\206\034"
 236      5A7D52B6 
 236      1D2E662C 
 236      9F4547BE 
 236      E4E7861C 
 237 04a6 BAC6B49E 		.ascii	"\272\306\264\2361\255U\226}\022\313\207\214etrz\212"
 237      31AD5596 
 237      7D12CB87 
 237      8C657472 
 237      7A8A
 238 04b8 AD92650F 		.ascii	"\255\222e\017\300\273)\374\021e\331'\261\214:\025s\015"
 238      C0BB29FC 
 238      1165D927 
 238      B18C3A15 
 238      730D
 239 04ca B358FD9C 		.ascii	"\263X\375\234[\001FT\244\026$\314:\226\375o\263\377"
 239      5B014654 
 239      A41624CC 
 239      3A96FD6F 
 239      B3FF
 240 04dc B2E0550B 		.ascii	"\262\340U\013_v*&\036/j\212\343\367@\247\374\330\272"
 240      5F762A26 
 240      1E2F6A8A 
 240      E3F740A7 
 240      FCD8BA
 241 04ef F2631BD6 		.ascii	"\362c\033\326wv'\306\245\314\017\243\007#wi\030\370"
 241      777627C6 
 241      A5CC0FA3 
 241      07237769 
 241      18F8
 242 0501 5D50CB93 		.ascii	"]P\313\223\222\177m\325\015\303\222\033\206\030\315"
 242      927F6DD5 
 242      0DC3921B 
 242      8618CD
 243 0510 2B352D17 		.ascii	"+5-\027\354\225n\030\004\370\023\012\037\2414\207%\232"
 243      EC956E18 
 243      04F8130A 
 243      1FA13487 
 243      259A
 244 0522 F9C5C399 		.ascii	"\371\305\303\231R\366 4{\262\2732\264\270\212\3218i"
 244      52F62034 
 244      7BB2BB32 
 244      B4B88AD1 
 244      3869
 245 0534 DA5DCEC3 		.ascii	"\332]\316\303\221Jb5\2354\224\342\210o\263N)\220.<\220"
 245      914A6235 
 245      9D3494E2 
 245      886FB34E 
 245      29902E3C 
 246 0549 3F3D2AC8 		.ascii	"?=*\310\025p\013\353|\335\021\033k\307G\222\275\331"
 246      15700BEB 
 246      7CDD111B 
 246      6BC74792 
 246      BDD9
ARM GAS  /tmp/ccQvvnS9.s 			page 19


 247 055b D1D490EB 		.ascii	"\321\324\220\353\210;YgAoE\2314\222t\356\312\351\332"
 247      883B5967 
 247      416F4599 
 247      349274EE 
 247      CAE9DA
 248 056e 6D831FF1 		.ascii	"m\203\037\361\324\331\3660\332\031\0172\345f\331\366"
 248      D4D9F630 
 248      DA190F32 
 248      E566D9F6 
 249 057e 7FE031F6 		.ascii	"\177\3401\366\373\326\203\210\337\261A\021$A\3378\232"
 249      FBD68388 
 249      DFB14111 
 249      2441DF38 
 249      9A
 250 058f 7B0433FF 		.ascii	"{\0043\377\245\322\355\237W\022\035>\007\277\246\340"
 250      A5D2ED9F 
 250      57121D3E 
 250      07BFA6E0 
 251 059f 39D7EE1F 		.ascii	"9\327\356\037O\322\240\205\374\231G>\334\027\246\213"
 251      4FD2A085 
 251      FC99473E 
 251      DC17A68B 
 252 05af 1161A2A9 		.ascii	"\021a\242\251\261\357\017\343w\"Dq\207#jA.\250\006\222"
 252      B1EF0FE3 
 252      77224471 
 252      87236A41 
 252      2EA80692 
 253 05c3 43B4306F 		.ascii	"C\2640o\346\330\241[\324MKI\261\312\006Tn\203\217\010"
 253      E6D8A15B 
 253      D44D4B49 
 253      B1CA0654 
 253      6E838F08 
 254 05d7 8C1E037A 		.ascii	"\214\036\003z\214\243\245\260\243\227\263\320\341\200"
 254      8CA3A5B0 
 254      A397B3D0 
 254      E180
 255 05e5 FE3681A2 		.ascii	"\3766\201\242\311\346\010\023\030zfg]\223\243I\236\032"
 255      C9E60813 
 255      187A6667 
 255      5D93A349 
 255      9E1A
 256 05f7 D9CA6C43 		.ascii	"\331\312lCT\320kn[\212\025\337W2t\33563\372\205\022"
 256      54D06B6E 
 256      5B8A15DF 
 256      573274DD 
 256      3633FA85 
 257 060c FD5CC9BB 		.ascii	"\375\\\311\273\177\253\231\367\224\222\267N\001\236"
 257      7FAB99F7 
 257      9492B74E 
 257      019E
 258 061a 90812795 		.ascii	"\220\201'\225\340WJ\323\3152\227<S\242G\315\3508\276"
 258      E0574AD3 
 258      CD32973C 
 258      53A247CD 
 258      E838BE
 259 062d 0B57A855 		.ascii	"\013W\250U\260I\334\340\232 ]\004\015\207\013\375(\270"
 259      B049DCE0 
ARM GAS  /tmp/ccQvvnS9.s 			page 20


 259      9A205D04 
 259      0D870BFD 
 259      28B8
 260 063f A39DC242 		.ascii	"\243\235\302B\024\011\022\005\022\003\022\016\262\003"
 260      14091205 
 260      1203120E 
 260      B203
 261 064d 6417C86E 		.ascii	"d\027\310n\220= \261 \333A~\000\211\020\026\322B\224"
 261      903D20B1 
 261      20DB417E 
 261      00891016 
 261      D24294
 262 0660 39A44BE6 		.ascii	"9\244K\346\220\247J\207\014(\335W\372-C\303\005\212"
 262      90A74A87 
 262      0C28DD57 
 262      FA2D43C3 
 262      058A
 263 0672 6E72B474 		.ascii	"nr\264t\255\242\353o\270O\266\306^\345\032\037\274a"
 263      ADA2EB6F 
 263      B84FB6C6 
 263      5EE51A1F 
 263      BC61
 264 0684 5BC66442 		.ascii	"[\306dB\311d\334\214f\327S\373\230K\230(\"\202R\361"
 264      C964DC8C 
 264      66D753FB 
 264      984B9828 
 264      228252F1 
 265 0698 ABC9BCA8 		.ascii	"\253\311\274\250\027\343\256{E\261|\011\311\253P\246"
 265      17E3AE7B 
 265      45B17C09 
 265      C9AB50A6 
 266 06a8 305B52B6 		.ascii	"0[R\266\205\327\225\031[\260\351\247\356v\\G\270\012"
 266      85D79519 
 266      5BB0E9A7 
 266      EE765C47 
 266      B80A
 267 06ba D32B30EC 		.ascii	"\323+0\354\362\221\032\007\344>\217\315qwB\003\205;"
 267      F2911A07 
 267      E43E8FCD 
 267      71774203 
 267      853B
 268 06cc DA0783E3 		.ascii	"\332\007\203\343\204\231\013\220\314h9.h/\204\343\177"
 268      84990B90 
 268      CC68392E 
 268      682F84E3 
 268      7F
 269 06dd 111A7256 		.ascii	"\021\032rVcrG\234\035\243gJn\312\302\234\262\342\005"
 269      6372479C 
 269      1DA3674A 
 269      6ECAC29C 
 269      B2E205
 270 06f0 47FA4202 		.ascii	"G\372B\002\337\244\364\252\276\331\312\263L\0249\310"
 270      DFA4F4AA 
 270      BED9CAB3 
 270      4C1439C8 
 271 0700 D38F9A32 		.ascii	"\323\217\2322xJ\032\242o*\223)\205\\w\225\245\026W\236"
 271      784A1AA2 
ARM GAS  /tmp/ccQvvnS9.s 			page 21


 271      6F2A9329 
 271      855C7795 
 271      A516579E 
 272 0714 5A267717 		.ascii	"Z&w\027'X\257Y\022\004\236\035\317\260\3548\036Q\330"
 272      2758AF59 
 272      12049E1D 
 272      CFB0EC38 
 272      1E51D8
 273 0727 8994D9F1 		.ascii	"\211\224\331\361\020\270\340\240@\340\211\202\2134\210"
 273      10B8E0A0 
 273      40E08982 
 273      8B3488
 274 0736 A0CFD735 		.ascii	"\240\317\3275\276\260\307w\251{Q\352T\\\272\203tcD\375"
 274      BEB0C777 
 274      A97B51EA 
 274      545CBA83 
 274      746344FD 
 275 074a 9C1B6357 		.ascii	"\234\033cWC\353\271Y\223%\013o\231\254\2767-\202\337"
 275      43EBB959 
 275      93250B6F 
 275      99ACBE37 
 275      2D82DF
 276 075d EFB52AD9 		.ascii	"\357\265*\331\253\202\013{U\220\262\246+\317\232Eeu"
 276      AB820B7B 
 276      5590B2A6 
 276      2BCF9A45 
 276      6575
 277 076f 1508B730 		.ascii	"\025\010\2670n\245#g\217\363\261$\213G%\214\324\316"
 277      6EA52367 
 277      8FF3B124 
 277      8B47258C 
 277      D4CE
 278 0781 B1EA930C 		.ascii	"\261\352\223\014\311'\351\002\245\3314v\243\331F\351"
 278      C927E902 
 278      A5D93476 
 278      A3D946E9 
 279 0791 9354A079 		.ascii	"\223T\240y\204\322<JifH4\333\363\022z\355\224\213\262"
 279      84D23C4A 
 279      69664834 
 279      DBF3127A 
 279      ED948BB2 
 280 07a5 8ADE7DE3 		.ascii	"\212\336}\343|\031\017n9\321{\247\362*\355p'c\275o\357"
 280      7C190F6E 
 280      39D17BA7 
 280      F22AED70 
 280      2763BD6F 
 281 07ba 58A50677 		.ascii	"X\245\006w3\245p0\273\320\211!MDO,zV\311+\026\215"
 281      33A57030 
 281      BBD08921 
 281      4D444F2C 
 281      7A56C92B 
 282 07d0 ACDB9577 		.ascii	"\254\333\225w\217f\017e\332\342>66\272\240\276]mu\275"
 282      8F660F65 
 282      DAE23E36 
 282      36BAA0BE 
 282      5D6D75BD 
 283 07e4 A7A5F52E 		.ascii	"\247\245\365.\241\313\335_\274\377\274\263r\271\331"
ARM GAS  /tmp/ccQvvnS9.s 			page 22


 283      A1CBDD5F 
 283      BCFFBCB3 
 283      72B9D9
 284 07f3 B0809374 		.ascii	"\260\200\223t\001g\350\002NK\0138\363|\364\222V\271"
 284      0167E802 
 284      4E4B0B38 
 284      F37CF492 
 284      56B9
 285 0805 5CABE813 		.ascii	"\\\253\350\023\275\3111<\016\237\202zh<\255\337\011"
 285      BDC9313C 
 285      0E9F827A 
 285      683CADDF 
 285      09
 286 0816 0F30924F 		.ascii	"\0170\222O\006's\234\3610S\212\012/\227\361\325-\001"
 286      0627739C 
 286      F130538A 
 286      0A2F97F1 
 286      D52D01
 287 0829 35FB5449 		.ascii	"5\373TI\215\003~\301\372&c\217\344\331\343I\246$\215"
 287      8D037EC1 
 287      FA26638F 
 287      E4D9E349 
 287      A6248D
 288 083c B63DE2BB 		.ascii	"\266=\342\273\337\235\004:\343\360^{\034\246\246}\323"
 288      DF9D043A 
 288      E3F05E7B 
 288      1CA6A67D 
 288      D3
 289 084d B1510976 		.ascii	"\261Q\011vx\007S\342k\3423\034\360n\246\014F\364t\362"
 289      780753E2 
 289      6BE2331C 
 289      F06EA60C 
 289      46F474F2 
 290 0861 BD331FD4 		.ascii	"\2753\037\324W}\361M\374\355\305QV\213\270\362Z\344"
 290      577DF14D 
 290      FCEDC551 
 290      568BB8F2 
 290      5AE4
 291 0873 CC8B9883 		.ascii	"\314\213\230\203\0168\216\015ml\212\270\310\261\016"
 291      0E388E0D 
 291      6D6C8AB8 
 291      C8B10E
 292 0882 A0C6DEEA 		.ascii	"\240\306\336\352\370\253U\317^\225<{\205\355\244\312"
 292      F8AB55CF 
 292      5E953C7B 
 292      85EDA4CA 
 293 0892 F2AA3D6A 		.ascii	"\362\252=je\271|\031\234UD\235e\242\316\272*9+#!|\302"
 293      65B97C19 
 293      9C55449D 
 293      65A2CEBA 
 293      2A392B23 
 294 08a9 4659FE5A 		.ascii	"FY\376ZE\027\327\265\256\300\373\031\307\3475\255\367"
 294      4517D7B5 
 294      AEC0FB19 
 294      C7E735AD 
 294      F7
 295 08ba 114E604A 		.ascii	"\021N`J\304\255\212\343v8\205)\003Y\325\345\2668\203"
ARM GAS  /tmp/ccQvvnS9.s 			page 23


 295      C4AD8AE3 
 295      76388529 
 295      0359D5E5 
 295      B63883
 296 08cd 29DDBD13 		.ascii	")\335\275\023\0270>\301\224c\003\351{\354\361i>\246"
 296      17303EC1 
 296      946303E9 
 296      7BECF169 
 296      3EA6
 297 08df 7BB086FB 		.ascii	"{\260\206\373\347\007r\230^\015\025\334\221<Bv[\377"
 297      E7077298 
 297      5E0D15DC 
 297      913C4276 
 297      5BFF
 298 08f1 F39E690D 		.ascii	"\363\236i\015\316\243\340w\007\362\3432\035g\027\023"
 298      CEA3E077 
 298      07F2E332 
 298      1D671713 
 299 0901 EC710761 		.ascii	"\354q\007a\227\305\340k\222\263\017-A%\202\013*\206"
 299      97C5E06B 
 299      92B30F2D 
 299      4125820B 
 299      2A86
 300 0913 745B0F09 		.ascii	"t[\017\011OZ\012\272$(\212\204\322\357\314EB\031G\317"
 300      4F5A0ABA 
 300      24288A84 
 300      D2EFCC45 
 300      421947CF 
 301 0927 24137A35 		.ascii	"$\023z5\347 \206\216\007\343\245\337\263\273%\023l\247"
 301      E720868E 
 301      07E3A5DF 
 301      B3BB2513 
 301      6CA7
 302 0939 71B474E0 		.ascii	"q\264t\340\320a\245\355\021\231\355\213J\333\254\244"
 302      D061A5ED 
 302      1199ED8B 
 302      4ADBACA4 
 303 0949 908CD37A 		.ascii	"\220\214\323z\345?f\370y%<On<\236\030\347hr\010N(\321"
 303      E53F66F8 
 303      79253C4F 
 303      6E3C9E18 
 303      E7687208 
 304 0960 C7945426 		.ascii	"\307\224T&dT.(\321\005Jt\245\014}C\211>iF\313/\257\012"
 304      64542E28 
 304      D1054A74 
 304      A50C7D43 
 304      893E6946 
 305 0978 704339ED 		.ascii	"pC9\355\252\3477W;\334\\w\3406\252\002\251\003i\001"
 305      AAE73757 
 305      3BDC5C77 
 305      E036AA02 
 305      A9036901 
 306 098c B90BD206 		.ascii	"\271\013\322\006r\013\244\006\3446H3\310O \255 \015"
 306      720BA406 
 306      E4364833 
 306      C84F20AD 
 306      200D
ARM GAS  /tmp/ccQvvnS9.s 			page 24


 307 099e 20F7413A 		.ascii	" \367A:@jA:A\252A\356\2014\2014\316\024\035\304\007"
 307      406A413A 
 307      41AA41EE 
 307      81348134 
 307      CE141DC4 
 308 09b3 13FF36FB 		.ascii	"\023\3776\373\340\246\305\340\311\026\325,s\3579%\370"
 308      E0A6C5E0 
 308      C916D52C 
 308      73EF3925 
 308      F8
 309 09c4 ACD205CD 		.ascii	"\254\322\005\3152\027\\S\242\217\274\201\376\336\214"
 309      32175C53 
 309      A28FBC81 
 309      FEDE8C
 310 09d3 AE54A2F7 		.ascii	"\256T\242\367\317\012\035)c\371.J\201]\224\304\321\322"
 310      CF0A1D29 
 310      63F92E4A 
 310      815D94C4 
 310      D1D2
 311 09e5 5DC4DF0D 		.ascii	"]\304\337\015\344\245&G\303\035E\013\323Y\350\003\202"
 311      E4A52647 
 311      C31D450B 
 311      D359E803 
 311      82
 312 09f6 721795CA 		.ascii	"r\027\225\312\226Yh9\322rx\235l\235\327-\207z\026\\"
 312      96596839 
 312      D272789D 
 312      6C9DD72D 
 312      877A165C 
 313 0a0a 663DDFF2 		.ascii	"f=\337\362\036\225\303\273d\326K-{\221\301Y\24148\311"
 313      1E95C3BB 
 313      64D64B2D 
 313      7B91C159 
 313      A13438C9 
 314 0a1e 8AB17A65 		.ascii	"\212\261ze1F\27468\305\213\261\034p\304)nLJ\377(Ky>"
 314      3146BC36 
 314      38C58BB1 
 314      1C70C429 
 314      6E4C4AFF 
 315 0a36 2664E7E3 		.ascii	"&d\347\343\270\345\3631\213\251la\271\226w\007\203C"
 315      B8E5F331 
 315      8BA96C61 
 315      B9967707 
 315      8343
 316 0a48 4AAAE9D8 		.ascii	"J\252\351\330_\243\306\027iJ\022\012\033\363\366;\243"
 316      5FA3C617 
 316      694A120A 
 316      1BF3F63B 
 316      A3
 317 0a59 79EE96CE 		.ascii	"y\356\226\316\002\352\206#\360\3778\016\314}\275\323"
 317      02EA8623 
 317      F0FF380E 
 317      CC7DBDD3 
 318 0a69 B6A4CE7C 		.ascii	"\266\244\316|\000\023v\231\353\314zZg\222?\024V\265"
 318      00137699 
 318      EBCC7A5A 
 318      67923F14 
ARM GAS  /tmp/ccQvvnS9.s 			page 25


 318      56B5
 319 0a7b 86DBC94B 		.ascii	"\206\333\311K\301\007\263J\301\036^\012\366\320R\260"
 319      C107B34A 
 319      C11E5E0A 
 319      F6D052B0 
 320 0a8b F440FAEB 		.ascii	"\364@\372\3539\270\224\345\350\364\276\352\012~E\276"
 320      39B894E5 
 320      E8F4BEEA 
 320      0A7E45BE 
 321 0a9b 4FFE7CB9 		.ascii	"O\376|\271o \006\261\024\335GRvZ\365\350\001-\256e\330"
 321      6F2006B1 
 321      14DD4752 
 321      765AF5E8 
 321      012DAE65 
 322 0ab0 0BC54F96 		.ascii	"\013\305O\2261(y7\274}8\261\013Y\275\264\036K\227V?"
 322      31287937 
 322      BC7D38B1 
 322      0B59BDB4 
 322      1E4B9756 
 323 0ac5 BBB41AC6 		.ascii	"\273\264\032\306\212'\034q\0235\244\356\314\030yl\213"
 323      8A271C71 
 323      1335A4EE 
 323      CC18796C 
 323      8B
 324 0ad6 DCDD10D2 		.ascii	"\334\335\020\322\202\034\223\376\376\255BO!\242\003"
 324      821C93FE 
 324      FEAD424F 
 324      21A203
 325 0ae5 0296FEFF 		.ascii	"\002\226\376\377 Q\004\363C\337\223fK\177Nz\002n\177"
 325      205104F3 
 325      43DF9366 
 325      4B7F4E7A 
 325      026E7F
 326 0af8 4AE71982 		.ascii	"J\347\031\202\250\014\302D\211\340#\322B^\253_\036\313"
 326      A80CC244 
 326      89E023D2 
 326      425EAB5F 
 326      1ECB
 327 0b0a D4C8EF3D 		.ascii	"\324\310\357=b\273\017p\017i\304\207\351\275\367X\272"
 327      62BB0F70 
 327      0F69C487 
 327      E9BDF758 
 327      BA
 328 0b1b F762ABD3 		.ascii	"\367b\253\323\330\237j\310\034Qo\235\203\270\273#\261"
 328      D89F6AC8 
 328      1C516F9D 
 328      83B8BB23 
 328      B1
 329 0b2c 4D2BB73D 		.ascii	"M+\267=\3626\333\355\371S\223N\037f\210\265&\321\364"
 329      F236DBED 
 329      F953934E 
 329      1F6688B5 
 329      26D1F4
 330 0b3f 2A6B49D2 		.ascii	"*kI\322v\223\030\276\002\215\302V\177\004\2414\241\005"
 330      769318BE 
 330      028DC256 
 330      7F04A134 
ARM GAS  /tmp/ccQvvnS9.s 			page 26


 330      A105
 331 0b51 B2A1BDD0 		.ascii	"\262\241\275\320\262NP\241g\302\207\252\271\201\377"
 331      B24E50A1 
 331      67C287AA 
 331      B981FF
 332 0b60 F2F75B15 		.ascii	"\362\367[\025\350\273a\263q\275\321/4(X\363\347\317"
 332      E8BB61B3 
 332      71BDD12F 
 332      342858F3 
 332      E7CF
 333 0b72 BFFC40BF 		.ascii	"\277\374@\277t\251J\353\343\263\305?0t\3712\237\320"
 333      74A94AEB 
 333      E3B3C53F 
 333      3074F932 
 333      9FD0
 334 0b84 8F755B42 		.ascii	"\217u[B\202u\276\301\001\037\005\006\005\032?2\372n"
 334      8275BEC1 
 334      011F0506 
 334      051A3F32 
 334      FA6E
 335 0b96 F0D7F907 		.ascii	"\360\327\371\007\372m\336\262\321\250\013\360\365\333"
 335      FA6DDEB2 
 335      D1A80BF0 
 335      F5DB
 336 0ba4 E41F68D4 		.ascii	"\344\037h\324\371l4~\345\273es\250O\350\266o\214!\213"
 336      F96C347E 
 336      E5BB6573 
 336      A84FE8B6 
 336      6F8C218B 
 337 0bb8 37A934D2 		.ascii	"7\2514\322\350\337\274et\310\266\020\235OH\350F\200"
 337      E8DFBC65 
 337      74C8B610 
 337      9D4F48E8 
 337      4680
 338 0bca C29095BA 		.ascii	"\302\220\225\272MA\001F\335\306eK7.\377\247\356\233"
 338      4D410146 
 338      DDC6654B 
 338      372EFFA7 
 338      EE9B
 339 0bdc E0A0AF83 		.ascii	"\340\240\257\203}\003\002\374\003\277\326\3517\371o"
 339      7D0302FC 
 339      03BFD6E9 
 339      37F96F
 340 0beb F0FFC25B 		.ascii	"\360\377\302[\247\013\012\321m\362\335\254\373&(84D"
 340      A70B0AD1 
 340      6DF2DDAC 
 340      FB262838 
 340      3444
 341 0bfd E7171410 		.ascii	"\347\027\024\020\020\024\250\3630\254\325\257\335\252"
 341      1014A8F3 
 341      30ACD5AF 
 341      DDAA
 342 0c0b 232B59EC 		.ascii	"#+Y\354\247\372\005\371^\351\037b^\222\033i\3616\206"
 342      A7FA05F9 
 342      5EE91F62 
 342      5E921B69 
 342      F13686
ARM GAS  /tmp/ccQvvnS9.s 			page 27


 343 0c1e 7A6F0B09 		.ascii	"zo\013\0115\006\254\361\015\334\270\331\030\354\025"
 343      3506ACF1 
 343      0DDCB8D9 
 343      18EC15
 344 0c2d EC1F14EC 		.ascii	"\354\037\024\354\037\272\215:@\277\331\350\033\354e"
 344      1FBA8D3A 
 344      40BFD9E8 
 344      1BEC65
 345 0c3c 0C041E5F 		.ascii	"\014\004\036_\333\033Vy\2572\254_\265\362\367\202\247"
 345      DB1B5679 
 345      AF32AC5F 
 345      B5F2F782 
 345      A7
 346 0c4d 973D73C2 		.ascii	"\227=s\302\247>\241v\374{\246\373c\265\247\307g\206"
 346      A73EA176 
 346      FC7BA6FB 
 346      63B5A7C7 
 346      6786
 347 0c5f 1975B9DA 		.ascii	"\031u\271\332S\357eV\227\251=\275\275\014\032\003\323"
 347      53EF6556 
 347      97A93DBD 
 347      BD0C1A03 
 347      D3
 348 0c70 9642E72A 		.ascii	"\226B\347*s\347\022\350\\eP{\257\3634x\376\254%\363"
 348      73E712E8 
 348      5C65507B 
 348      AFF33478 
 348      FEAC25F3 
 349 0c84 851AB786 		.ascii	"\205\032\267\206\352\364k\275=\275g\374\347\027\024"
 349      EAF46BBD 
 349      3DBD67FC 
 349      E71714
 350 0c93 6CF4F10B 		.ascii	"l\364\361\013\370\030\234g\377\371zO\275\317:\360>X"
 350      F8189C67 
 350      FFF97A4F 
 350      BDCF3AF0 
 350      3E58
 351 0ca5 F730A8D7 		.ascii	"\3670\250\327\256]m\300\036+\015x%|{\2556\250=V{\033"
 351      AE5D6DC0 
 351      1E2B0D78 
 351      257C7BAD 
 351      36A83D56 
 352 0cbb D49FADF6 		.ascii	"\324\237\255\3660\330@\027\000V\022}\015\371\320\303"
 352      30D84017 
 352      0056127D 
 352      0DF9D0C3 
 353 0ccb 878DF71A 		.ascii	"\207\215\367\032\275\267\001{\257\361\302z=|\353\015"
 353      BDB7017B 
 353      AFF1C27A 
 353      3D7CEB0D 
 354 0cdb 361E9E06 		.ascii	"6\036\236\006\275A\275~\335\027\006\240\017\010\275"
 354      BD41BD7E 
 354      DD1706A0 
 354      0F08BD
 355 0cea D7979E2B 		.ascii	"\327\227\236+\341\323Co\320x\353?\243s9\371\370|\265"
 355      E1D3436F 
 355      D078EB3F 
ARM GAS  /tmp/ccQvvnS9.s 			page 28


 355      A37339F9 
 355      F87CB5
 356 0cfd 25D0CFC7 		.ascii	"%\320\317\307g\361'K?]\246\2214\265\337&\337\340\377"
 356      67F1274B 
 356      3F5DA691 
 356      34B5DF26 
 356      DFE0FF
 357 0d10 0290C7D9 		.ascii	"\002\220\307\331z"
 357      7A
 358              		.text
 359              		.section	.gnu.lto_.symtab.7222e230f2c6b57f,"",%progbits
 360 0000 6E766963 		.ascii	"nvicEnableVector\000"
 360      456E6162 
 360      6C655665 
 360      63746F72 
 360      00
 361 0011 00       		.ascii	"\000"
 362 0012 00       		.ascii	"\000"
 363 0013 00       		.ascii	"\000"
 364 0014 00000000 		.ascii	"\000\000\000\000\000\000\000\000"
 364      00000000 
 365 001c BA000000 		.ascii	"\272\000\000\000"
 366 0020 6E766963 		.ascii	"nvicDisableVector\000"
 366      44697361 
 366      626C6556 
 366      6563746F 
 366      7200
 367 0032 00       		.ascii	"\000"
 368 0033 00       		.ascii	"\000"
 369 0034 00       		.ascii	"\000"
 370 0035 00000000 		.ascii	"\000\000\000\000\000\000\000\000"
 370      00000000 
 371 003d BE000000 		.ascii	"\276\000\000\000"
 372 0041 6E766963 		.ascii	"nvicSetSystemHandlerPriority\000"
 372      53657453 
 372      79737465 
 372      6D48616E 
 372      646C6572 
 373 005e 00       		.ascii	"\000"
 374 005f 00       		.ascii	"\000"
 375 0060 00       		.ascii	"\000"
 376 0061 00000000 		.ascii	"\000\000\000\000\000\000\000\000"
 376      00000000 
 377 0069 C0000000 		.ascii	"\300\000\000\000"
 378 006d 6E766963 		.ascii	"nvicClearPending\000"
 378      436C6561 
 378      7250656E 
 378      64696E67 
 378      00
 379 007e 00       		.ascii	"\000"
 380 007f 00       		.ascii	"\000"
 381 0080 00       		.ascii	"\000"
 382 0081 00000000 		.ascii	"\000\000\000\000\000\000\000\000"
 382      00000000 
 383 0089 C2000000 		.ascii	"\302\000\000\000"
 384              		.text
 385              		.section	.gnu.lto_.opts,"",%progbits
ARM GAS  /tmp/ccQvvnS9.s 			page 29


 386 0000 272D666D 		.ascii	"'-fmath-errno' '-fsigned-zeros' '-ftrapping-math' '"
 386      6174682D 
 386      6572726E 
 386      6F272027 
 386      2D667369 
 387 0033 2D666E6F 		.ascii	"-fno-trapv' '-fno-openmp' '-fno-openacc' '-mcpu=cor"
 387      2D747261 
 387      70762720 
 387      272D666E 
 387      6F2D6F70 
 388 0066 7465782D 		.ascii	"tex-m4' '-mno-thumb-interwork' '-mthumb' '-ggdb' '-"
 388      6D342720 
 388      272D6D6E 
 388      6F2D7468 
 388      756D622D 
 389 0099 4F322720 		.ascii	"O2' '-fomit-frame-pointer' '-falign-functions=16' '"
 389      272D666F 
 389      6D69742D 
 389      6672616D 
 389      652D706F 
 390 00cc 2D666675 		.ascii	"-ffunction-sections' '-fdata-sections' '-fno-common"
 390      6E637469 
 390      6F6E2D73 
 390      65637469 
 390      6F6E7327 
 391 00ff 2720272D 		.ascii	"' '-flto'\000"
 391      666C746F 
 391      2700
 392              		.text
 393              		.comm	__gnu_lto_v1,1,1
 394              		.comm	__gnu_lto_slim,1,1
 395              		.ident	"GCC: (GNU Tools for ARM Embedded Processors 6-2017-q2-update) 6.3.1 20170215 (release) [AR
ARM GAS  /tmp/ccQvvnS9.s 			page 30


DEFINED SYMBOLS
                            *ABS*:0000000000000000 nvic.c
                            *COM*:0000000000000001 __gnu_lto_v1
                            *COM*:0000000000000001 __gnu_lto_slim

NO UNDEFINED SYMBOLS
